0.750000,0.200000,0.324108
0.750000,0.200000,0.309618
0.750000,0.200000,0.299336
0.750000,0.200000,0.301423
0.750000,0.200000,0.303626
0.750000,0.200000,0.297607
0.750000,0.200000,0.288952
0.750000,0.200000,0.289173
0.750000,0.200000,0.286473
0.750000,0.200000,0.286473
0.750000,0.200000,0.286473
0.750000,0.200000,0.284127
0.750000,0.200000,0.283704
0.750000,0.200000,0.286248
0.750000,0.200000,0.286248
0.750000,0.200000,0.281016
0.750000,0.200000,0.281016
0.750000,0.200000,0.278087
0.750000,0.200000,0.278087
0.750000,0.200000,0.277936
0.750000,0.200000,0.277936
0.750000,0.200000,0.273743
0.750000,0.200000,0.273743
0.750000,0.200000,0.273743
0.750000,0.200000,0.267657
0.750000,0.200000,0.254348
0.750000,0.200000,0.254348
0.750000,0.200000,0.254348
0.750000,0.200000,0.254348
0.750000,0.200000,0.250090
0.750000,0.200000,0.259291
0.750000,0.200000,0.259291
0.750000,0.200000,0.264904
0.750000,0.200000,0.264904
0.750000,0.200000,0.269339
0.750000,0.200000,0.269339
0.750000,0.200000,0.272015
0.750000,0.200000,0.272015
0.750000,0.200000,0.279820
0.750000,0.200000,0.279820
0.750000,0.200000,0.279883
0.750000,0.200000,0.275073
0.750000,0.200000,0.275073
0.750000,0.200000,0.269964
0.750000,0.200000,0.269964
0.750000,0.200000,0.269964
0.750000,0.200000,0.266449
0.750000,0.200000,0.266449
0.750000,0.200000,0.268225
0.750000,0.200000,0.268225
0.750000,0.200000,0.262686
0.750000,0.200000,0.262686
0.750000,0.200000,0.261922
0.750000,0.200000,0.261922
0.750000,0.200000,0.261922
0.750000,0.200000,0.260484
0.750000,0.200000,0.258047
0.750000,0.200000,0.258047
0.750000,0.200000,0.258058
0.750000,0.200000,0.258058
0.750000,0.200000,0.257409
0.750000,0.200000,0.257409
0.750000,0.200000,0.257479
0.750000,0.200000,0.251722
0.750000,0.200000,0.251722
0.750000,0.200000,0.245536
0.750000,0.200000,0.236709
0.750000,0.200000,0.236709
0.750000,0.200000,0.231428
0.750000,0.200000,0.234425
0.750000,0.200000,0.239061
0.750000,0.200000,0.239061
0.750000,0.200000,0.249251
0.750000,0.200000,0.249251
0.750000,0.200000,0.234869
0.750000,0.200000,0.228930
0.750000,0.200000,0.228930
0.750000,0.200000,0.231106
0.750000,0.200000,0.231106
0.750000,0.200000,0.231106
0.750000,0.200000,0.235488
0.750000,0.200000,0.241960
0.750000,0.200000,0.241960
0.750000,0.200000,0.241960
0.750000,0.200000,0.233323
0.750000,0.200000,0.233323
0.750000,0.200000,0.228055
0.750000,0.200000,0.228055
0.750000,0.200000,0.225160
0.750000,0.200000,0.225160
0.750000,0.200000,0.228060
0.750000,0.200000,0.228060
0.750000,0.200000,0.226616
0.750000,0.200000,0.226616
0.750000,0.200000,0.226997
0.750000,0.200000,0.226997
0.750000,0.200000,0.214806
0.750000,0.200000,0.214806
0.750000,0.200000,0.214806
0.750000,0.200000,0.207351
0.750000,0.200000,0.206531
0.750000,0.200000,0.206531
0.750000,0.200000,0.211486
0.750000,0.200000,0.211486
0.750000,0.200000,0.214278
0.750000,0.200000,0.214278
0.750000,0.200000,0.198094
0.750000,0.200000,0.198094
0.750000,0.200000,0.187154
0.750000,0.200000,0.187154
0.750000,0.200000,0.182381
0.750000,0.200000,0.182084
0.750000,0.200000,0.186788
0.750000,0.200000,0.175916
0.750000,0.200000,0.175916
0.750000,0.200000,0.175916
0.750000,0.200000,0.175916
0.750000,0.200000,0.175916
0.750000,0.200000,0.175916
0.750000,0.200000,0.175916
0.750000,0.200000,0.175916
0.750000,0.200000,0.175916
0.750000,0.200000,0.175916
0.750000,0.200000,0.175916
0.750000,0.200000,0.175916
0.750000,0.200000,0.175916
0.750000,0.200000,0.175916
0.750000,0.200000,0.175916
0.750000,0.200000,0.175916
0.750000,0.200000,0.196954
0.750000,0.200000,0.173811
0.750000,0.200000,0.173811
0.750000,0.200000,0.173811
0.750000,0.200000,0.173811
0.750000,0.200000,0.157958
0.750000,0.200000,0.157958
0.750000,0.200000,0.166551
0.750000,0.200000,0.166551
0.750000,0.200000,0.167926
0.750000,0.200000,0.167926
0.750000,0.200000,0.152637
0.750000,0.200000,0.152637
0.750000,0.200000,0.143249
0.750000,0.200000,0.143249
0.750000,0.200000,0.136673
0.750000,0.200000,0.136673
0.750000,0.200000,0.139403
0.750000,0.200000,0.129951
0.750000,0.200000,0.129951
0.750000,0.200000,0.129951
0.750000,0.200000,0.134817
0.750000,0.200000,0.134817
0.750000,0.200000,0.127587
0.750000,0.200000,0.127587
0.750000,0.200000,0.116627
0.750000,0.200000,0.116627
0.750000,0.200000,0.112417
0.750000,0.200000,0.112417
0.750000,0.200000,0.120367
0.750000,0.200000,0.120367
0.750000,0.200000,0.110442
0.750000,0.200000,0.110442
0.750000,0.200000,0.106465
0.750000,0.200000,0.106465
0.750000,0.200000,0.086342
0.750000,0.200000,0.086342
0.750000,0.200000,0.093765
0.750000,0.200000,0.086756
0.750000,0.200000,0.086756
0.750000,0.200000,0.074015
0.750000,0.200000,0.074015
0.750000,0.200000,0.055349
0.750000,0.200000,0.081060
0.750000,0.200000,0.081060
0.750000,0.200000,0.096898
0.750000,0.200000,0.096898
0.750000,0.200000,0.115158
0.750000,0.200000,0.116129
0.750000,0.200000,0.116129
0.750000,0.200000,0.127802
0.750000,0.200000,0.127802
0.750000,0.200000,0.127802
0.750000,0.200000,0.138737
0.750000,0.200000,0.138737
0.750000,0.200000,0.179376
0.750000,0.200000,0.179376
0.750000,0.200000,0.179376
0.750000,0.200000,0.197165
0.750000,0.200000,0.191356
0.750000,0.200000,0.191356
0.750000,0.200000,0.173681
0.750000,0.200000,0.173681
0.750000,0.200000,0.173681
0.750000,0.200000,0.150055
0.750000,0.200000,0.150055
0.750000,0.200000,0.134367
0.750000,0.200000,0.134808
0.750000,0.200000,0.130522
0.750000,0.200000,0.130522
0.750000,0.200000,0.151239
0.750000,0.200000,0.140199
0.750000,0.200000,0.140199
0.750000,0.200000,0.136412
0.750000,0.200000,0.102981
0.750000,0.200000,0.102981
0.750000,0.200000,0.107136
0.750000,0.200000,0.107136
0.750000,0.200000,0.121969
0.750000,0.200000,0.121969
0.750000,0.200000,0.113903
0.750000,0.200000,0.113903
0.750000,0.200000,0.077216
0.750000,0.200000,0.077216
0.750000,0.200000,0.061831
0.750000,0.200000,0.061831
0.750000,0.200000,0.050237
0.750000,0.200000,0.050237
0.750000,0.200000,0.077100
0.750000,0.200000,0.077100
0.750000,0.200000,0.089102
0.750000,0.200000,0.089102
0.750000,0.200000,0.089102
0.750000,0.200000,0.166226
0.750000,0.200000,0.166226
0.750000,0.200000,0.309466
0.750000,0.200000,0.309466
0.750000,0.200000,0.366203
0.750000,0.200000,0.366203
0.750000,0.200000,0.418246
0.750000,0.200000,0.418246
0.750000,0.200000,0.452457
0.750000,0.200000,0.452457
0.750000,0.200000,0.452457
0.750000,0.200000,0.355587
0.750000,0.200000,0.355587
0.750000,0.200000,-0.046461
0.750000,0.200000,-0.046461
0.750000,0.200000,-0.350705
0.750000,0.200000,-0.350705
0.750000,0.200000,-0.350705
0.750000,0.200000,-0.350705
0.750000,0.200000,-1.205090
0.750000,0.200000,-1.205090
0.750000,0.200000,-2.602056
0.750000,0.200000,-2.602056
0.750000,0.200000,2.715468
0.750000,0.200000,2.715468
0.750000,0.200000,3.008112
0.750000,0.200000,3.008112
0.750000,0.200000,2.734712
0.750000,0.200000,2.734712
0.750000,0.200000,2.909834
0.750000,0.200000,-2.845867
0.750000,0.200000,-2.845867
0.750000,0.200000,-2.032326
0.750000,0.200000,-2.032326
0.750000,0.200000,-1.879554
0.750000,0.200000,-1.879554
0.750000,0.200000,-1.832233
0.750000,0.200000,-1.832233
0.750000,0.200000,-1.832233
0.750000,0.200000,-2.193719
0.750000,0.200000,-2.193719
0.750000,0.200000,-2.400284
0.750000,0.200000,-2.400284
0.750000,0.200000,-2.729821
0.750000,0.200000,-2.729821
0.750000,0.200000,-2.803356
0.750000,0.200000,-2.803356
0.750000,0.200000,-2.907014
0.750000,0.200000,-2.907014
0.750000,0.200000,-2.907014
0.750000,0.200000,-3.005852
0.750000,0.200000,-3.005852
0.750000,0.200000,-3.078697
0.750000,0.200000,-3.078697
0.750000,0.200000,-3.025833
0.750000,0.200000,-3.025833
0.750000,0.200000,-3.025833
0.750000,0.200000,-3.062801
0.750000,0.200000,-3.096643
0.750000,0.200000,-3.096643
0.750000,0.200000,-3.096643
0.750000,0.200000,3.033371
0.750000,0.200000,3.118364
0.750000,0.200000,3.139677
0.750000,0.200000,3.082163
0.750000,0.200000,3.082163
0.750000,0.200000,3.074587
0.750000,0.200000,3.074587
0.750000,0.200000,-3.132968
0.750000,0.200000,-3.132968
0.750000,0.200000,-2.933230
0.750000,0.200000,-2.933230
0.750000,0.200000,-2.933230
0.750000,0.200000,-2.915639
0.750000,0.200000,-2.915639
0.750000,0.200000,-2.839482
0.750000,0.200000,-2.839482
0.750000,0.200000,-2.869532
0.750000,0.200000,-2.869532
0.750000,0.200000,-2.990675
0.750000,0.200000,-2.990675
0.750000,0.200000,-2.990675
0.750000,0.200000,-3.068891
0.750000,0.200000,-3.068891
0.750000,0.200000,-3.065826
0.750000,0.200000,-3.065826
0.750000,0.200000,3.127814
0.750000,0.200000,-3.110500
0.750000,0.200000,-3.110500
0.750000,0.200000,-3.110500
0.750000,0.200000,-3.125475
0.750000,0.200000,-3.125475
0.750000,0.200000,-3.125475
0.750000,0.200000,-3.086964
0.750000,0.200000,-3.090782
0.750000,0.200000,-3.090782
0.750000,0.200000,-3.044192
0.750000,0.200000,-3.044192
0.750000,0.200000,-3.047174
0.750000,0.200000,-3.047174
0.750000,0.200000,-3.047174
0.750000,0.200000,-3.044832
0.750000,0.200000,-3.044832
0.750000,0.200000,-3.128118
0.750000,0.200000,-3.128118
0.750000,0.200000,-3.107290
0.750000,0.200000,-3.107290
0.750000,0.200000,-3.140762
0.750000,0.200000,-3.140762
0.750000,0.200000,3.123966
0.750000,0.200000,3.129976
0.750000,0.200000,3.124785
0.750000,0.200000,3.124785
0.750000,0.200000,3.057164
0.750000,0.200000,3.078248
0.750000,0.200000,3.078248
0.750000,0.200000,3.136303
0.750000,0.200000,-3.095379
0.750000,0.200000,-3.095379
0.750000,0.200000,-3.054138
0.750000,0.200000,-3.058768
0.750000,0.200000,-3.058768
0.750000,0.200000,-3.058106
0.750000,0.200000,-3.058106
0.750000,0.200000,-3.056879
0.750000,0.200000,-3.115846
0.750000,0.200000,-3.115846
0.750000,0.200000,3.123587
0.750000,0.200000,3.128001
0.750000,0.200000,3.128001
0.750000,0.200000,3.093949
0.750000,0.200000,3.078059
0.750000,0.200000,3.087128
0.750000,0.200000,3.133520
0.750000,0.200000,3.133520
0.750000,0.200000,3.133520
0.750000,0.200000,-3.140393
0.750000,0.200000,-3.140393
0.750000,0.200000,-3.090483
0.750000,0.200000,-3.090483
0.750000,0.200000,-3.047719
0.750000,0.200000,-3.047719
0.750000,0.200000,-3.024778
0.750000,0.200000,-3.024778
0.750000,0.200000,-3.006165
0.750000,0.200000,-3.006165
0.750000,0.200000,-3.026965
0.750000,0.200000,-3.026965
0.750000,0.200000,-3.026965
0.750000,0.200000,-3.054709
0.750000,0.200000,-3.054709
0.750000,0.200000,-3.098199
0.750000,0.200000,-3.098199
0.750000,0.200000,-3.108945
0.750000,0.200000,-3.108945
0.750000,0.200000,-3.097689
0.750000,0.200000,-3.097689
0.750000,0.200000,-3.102464
0.750000,0.200000,-3.102464
0.750000,0.200000,-3.102464
0.750000,0.200000,-3.124007
0.750000,0.200000,-3.124595
0.750000,0.200000,-3.124595
0.750000,0.200000,-3.120363
0.750000,0.200000,-3.120363
0.750000,0.200000,-3.120363
0.750000,0.200000,-3.132993
0.750000,0.200000,-3.132993
0.750000,0.200000,3.135022
0.750000,0.200000,3.135022
0.750000,0.200000,3.112569
0.750000,0.200000,3.112569
0.750000,0.200000,3.112569
0.750000,0.200000,3.117493
0.750000,0.200000,3.104504
0.750000,0.200000,3.104504
0.750000,0.200000,3.097589
0.750000,0.200000,3.097589
0.750000,0.200000,3.097589
0.750000,0.200000,3.097589
0.750000,0.200000,3.097589
0.750000,0.200000,3.097589
0.750000,0.200000,3.097589
0.750000,0.200000,3.097589
0.750000,0.200000,3.097589
0.750000,0.200000,3.097589
0.750000,0.200000,3.097589
0.750000,0.200000,3.097589
0.750000,0.200000,3.097589
0.750000,0.200000,3.097589
0.750000,0.200000,-3.083487
0.750000,0.200000,-3.063239
0.750000,0.200000,-3.063239
0.750000,0.200000,-3.076227
0.750000,0.200000,-3.076227
0.750000,0.200000,-3.076227
0.750000,0.200000,-3.076227
0.750000,0.200000,-3.129028
0.750000,0.200000,-3.129028
0.750000,0.200000,-3.141259
0.750000,0.200000,-3.141259
0.750000,0.200000,-3.141259
0.750000,0.200000,-3.117421
0.750000,0.200000,-3.117421
0.750000,0.200000,-3.126179
0.750000,0.200000,-3.126179
0.750000,0.200000,-3.134993
0.750000,0.200000,-3.134993
0.750000,0.200000,3.139904
0.750000,0.200000,3.139904
0.750000,0.200000,3.139904
0.750000,0.200000,3.126919
0.750000,0.200000,3.126919
0.750000,0.200000,3.123105
0.750000,0.200000,3.123105
0.750000,0.200000,3.123105
0.750000,0.200000,3.118941
0.750000,0.200000,3.080349
0.750000,0.200000,3.080349
0.750000,0.200000,3.092488
0.750000,0.200000,3.092488
0.750000,0.200000,3.107695
0.750000,0.200000,3.107695
0.750000,0.200000,3.115536
0.750000,0.200000,3.115536
0.750000,0.200000,3.130602
0.750000,0.200000,3.130602
0.750000,0.200000,3.132413
0.750000,0.200000,-3.135398
0.750000,0.200000,-3.135398
0.750000,0.200000,-3.136025
0.750000,0.200000,-3.136025
0.750000,0.200000,-3.132372
0.750000,0.200000,-3.132372
0.750000,0.200000,-3.138382
0.750000,0.200000,-3.138382
0.750000,0.200000,3.138068
0.750000,0.200000,3.138068
0.750000,0.200000,3.128307
0.750000,0.200000,3.128307
0.750000,0.200000,3.130137
0.750000,0.200000,3.130137
0.750000,0.200000,3.129494
0.750000,0.200000,3.123043
0.750000,0.200000,3.123043
0.750000,0.200000,3.123864
0.750000,0.200000,3.123864
0.750000,0.200000,3.135547
0.750000,0.200000,3.135547
0.750000,0.200000,-3.115025
0.750000,0.200000,-3.115025
0.750000,0.200000,-3.122882
0.750000,0.200000,-3.122882
0.750000,0.200000,-3.106778
0.750000,0.200000,-3.106778
0.750000,0.200000,-3.099874
0.750000,0.200000,-3.099874
0.750000,0.200000,-3.094295
0.750000,0.200000,-3.094295
0.750000,0.200000,-3.091456
0.750000,0.200000,-3.091456
0.750000,0.200000,-3.091456
0.750000,0.200000,-3.109759
0.750000,0.200000,-3.109759
0.750000,0.200000,-3.107960
0.750000,0.200000,-3.108474
0.750000,0.200000,-3.101976
0.750000,0.200000,-3.101976
0.750000,0.200000,-3.113050
0.750000,0.200000,-3.113050
0.750000,0.200000,-3.110892
0.750000,0.200000,-3.110892
0.750000,0.200000,-3.105423
0.750000,0.200000,-3.105423
0.750000,0.200000,-3.128691
0.750000,0.200000,3.138269
0.750000,0.200000,3.129986
0.750000,0.200000,3.124170
0.750000,0.200000,3.124170
0.750000,0.200000,3.126645
0.750000,0.200000,-3.140127
0.750000,0.200000,-3.140127
0.750000,0.200000,-3.120782
0.750000,0.200000,-3.112142
0.750000,0.200000,-3.112142
0.750000,0.200000,-3.112142
0.750000,0.200000,-3.110853
0.750000,0.200000,-3.110853
0.750000,0.200000,-3.109186
0.750000,0.200000,-3.109186
0.750000,0.200000,-3.112034
0.750000,0.200000,-3.112034
0.750000,0.200000,-3.119507
0.750000,0.200000,-3.119507
0.750000,0.200000,-3.119507
0.750000,0.200000,-3.116840
0.750000,0.200000,-3.116840
0.750000,0.200000,-3.121461
0.750000,0.200000,-3.121461
0.750000,0.200000,-3.117207
0.750000,0.200000,-3.117207
0.750000,0.200000,-3.120847
0.750000,0.200000,-3.120847
0.750000,0.200000,-3.128209
0.750000,0.200000,-3.128209
0.750000,0.200000,-3.128209
0.750000,0.200000,-3.131586
0.750000,0.200000,-3.131586
0.750000,0.200000,-3.131586
0.750000,0.200000,3.139490
0.750000,0.200000,3.131610
0.750000,0.200000,3.131610
0.750000,0.200000,3.122879
0.750000,0.200000,3.122879
0.750000,0.200000,3.129534
0.750000,0.200000,3.129534
0.750000,0.200000,3.129623
0.750000,0.200000,3.129623
0.750000,0.200000,-3.134636
0.750000,0.200000,-3.134636
0.750000,0.200000,-3.123723
0.750000,0.200000,-3.123723
0.750000,0.200000,-3.123723
0.750000,0.200000,-3.117677
0.750000,0.200000,-3.114916
0.750000,0.200000,-3.114916
0.750000,0.200000,-3.114916
0.750000,0.200000,-3.108846
0.750000,0.200000,-3.110512
0.750000,0.200000,-3.110512
0.750000,0.200000,-3.120716
0.750000,0.200000,-3.120716
0.750000,0.200000,-3.126900
0.750000,0.200000,-3.131992
0.750000,0.200000,-3.125368
0.750000,0.200000,-3.125368
0.750000,0.200000,-3.125069
0.750000,0.200000,-3.125069
0.750000,0.200000,-3.128878
0.750000,0.200000,-3.128878
0.750000,0.200000,-3.124549
0.750000,0.200000,-3.124549
0.750000,0.200000,-3.126204
0.750000,0.200000,-3.126204
0.750000,0.200000,-3.126204
0.750000,0.200000,-3.126827
0.750000,0.200000,-3.135635
0.750000,0.200000,-3.135635
0.750000,0.200000,-3.135635
0.750000,0.200000,-3.139704
0.750000,0.200000,-3.139704
0.750000,0.200000,-3.137130
0.750000,0.200000,-3.137130
0.750000,0.200000,-3.136647
0.750000,0.200000,-3.136647
0.750000,0.200000,-3.138037
0.750000,0.200000,3.140260
0.750000,0.200000,3.140260
0.750000,0.200000,3.138904
0.750000,0.200000,3.138904
0.750000,0.200000,3.136692
0.750000,0.200000,3.136692
0.750000,0.200000,3.132297
0.750000,0.200000,3.132297
0.750000,0.200000,3.131859
0.750000,0.200000,3.131859
0.750000,0.200000,3.136341
0.750000,0.200000,3.136341
0.750000,0.200000,-3.137439
0.750000,0.200000,-3.137439
0.750000,0.200000,-3.125584
0.750000,0.200000,-3.125584
0.750000,0.200000,-3.121365
0.750000,0.200000,-3.121365
0.750000,0.200000,-3.120136
0.750000,0.200000,-3.120136
0.750000,0.200000,-3.119928
0.750000,0.200000,-3.119928
0.750000,0.200000,-3.120361
0.750000,0.200000,-3.120361
0.750000,0.200000,-3.120644
0.750000,0.200000,-3.118458
0.750000,0.200000,-3.120430
0.750000,0.200000,-3.124821
0.750000,0.200000,-3.124821
0.750000,0.200000,-3.129858
0.750000,0.200000,-3.129858
0.750000,0.200000,-3.127488
0.750000,0.200000,-3.127488
0.750000,0.200000,-3.127488
0.750000,0.200000,-3.125852
0.750000,0.200000,-3.125852
0.750000,0.200000,-3.123965
0.750000,0.200000,-3.123965
0.750000,0.200000,-3.122915
0.750000,0.200000,-3.122451
0.750000,0.200000,-3.125023
0.750000,0.200000,-3.125023
0.750000,0.200000,-3.126604
0.750000,0.200000,-3.126604
0.750000,0.200000,-3.126604
0.750000,0.200000,-3.132740
0.750000,0.200000,-3.132430
0.750000,0.200000,-3.132430
0.750000,0.200000,-3.133008
0.750000,0.200000,-3.133008
0.750000,0.200000,-3.137153
0.750000,0.200000,-3.137153
0.750000,0.200000,-3.139831
0.750000,0.200000,-3.140348
0.750000,0.200000,-3.140348
0.750000,0.200000,3.137290
0.750000,0.200000,3.137290
0.750000,0.200000,3.135891
0.750000,0.200000,3.135891
0.750000,0.200000,3.135891
0.750000,0.200000,3.135891
0.750000,0.200000,3.130881
0.750000,0.200000,3.127688
0.750000,0.200000,3.127688
0.750000,0.200000,3.126203
0.750000,0.200000,3.126203
0.750000,0.200000,3.130470
0.750000,0.200000,3.130470
0.750000,0.200000,3.141355
0.750000,0.200000,3.141355
0.750000,0.200000,-3.131064
0.750000,0.200000,-3.131064
0.750000,0.200000,-3.127763
0.750000,0.200000,-3.127763
0.750000,0.200000,-3.130196
0.750000,0.200000,-3.130196
0.750000,0.200000,-3.129922
0.750000,0.200000,-3.129922
0.750000,0.200000,-3.129922
0.750000,0.200000,-3.124914
0.750000,0.200000,-3.126049
0.750000,0.200000,-3.126049
0.750000,0.200000,-3.129990
0.750000,0.200000,-3.129990
0.750000,0.200000,-3.133874
0.750000,0.200000,-3.133874
0.750000,0.200000,-3.132957
0.750000,0.200000,-3.132957
0.750000,0.200000,-3.132080
0.750000,0.200000,-3.132080
0.750000,0.200000,-3.131122
0.750000,0.200000,-3.131122
0.750000,0.200000,-3.132135
0.750000,0.200000,-3.132135
0.750000,0.200000,-3.133327
0.750000,0.200000,-3.133327
0.750000,0.200000,-3.139924
0.750000,0.200000,-3.139924
0.750000,0.200000,-3.139924
0.750000,0.200000,3.141483
0.750000,0.200000,-3.139707
0.750000,0.200000,-3.138882
0.750000,0.200000,-3.137323
0.750000,0.200000,-3.135391
0.750000,0.200000,-3.132138
0.750000,0.200000,-3.135223
0.750000,0.200000,-3.139748
0.750000,0.200000,-3.139748
0.750000,0.200000,-3.138393
0.750000,0.200000,-3.139417
0.750000,0.200000,-3.140176
0.750000,0.200000,-3.140176
0.750000,0.200000,3.140893
0.750000,0.200000,3.139013
0.750000,0.200000,3.139013
0.750000,0.200000,3.136189
0.750000,0.200000,3.137540
0.750000,0.200000,3.137540
0.750000,0.200000,3.136859
0.750000,0.200000,3.136859
0.750000,0.200000,3.138692
0.750000,0.200000,3.138692
0.750000,0.200000,-3.137461
0.750000,0.200000,-3.133693
0.750000,0.200000,-3.132074
0.750000,0.200000,-3.132074
0.750000,0.200000,-3.131666
0.750000,0.200000,-3.134608
0.750000,0.200000,-3.134608
0.750000,0.200000,-3.135712
0.750000,0.200000,-3.138722
0.750000,0.200000,-3.138722
0.750000,0.200000,-3.139341
0.750000,0.200000,-3.139341
0.750000,0.200000,-3.139160
0.750000,0.200000,-3.135511
0.750000,0.200000,-3.135511
0.750000,0.200000,-3.135692
0.750000,0.200000,-3.138253
0.750000,0.200000,-3.139824
0.750000,0.200000,3.139096
0.750000,0.200000,3.137467
0.750000,0.200000,3.135742
0.750000,0.200000,3.135742
0.750000,0.200000,3.134113
0.750000,0.200000,3.134113
0.750000,0.200000,3.135137
0.750000,0.200000,3.135137
0.750000,0.200000,3.135137
0.750000,0.200000,3.135646
0.750000,0.200000,3.136335
0.750000,0.200000,3.136335
0.750000,0.200000,3.140976
0.750000,0.200000,3.140976
0.750000,0.200000,-3.137276
0.750000,0.200000,-3.137276
0.750000,0.200000,-3.135198
0.750000,0.200000,-3.135198
0.750000,0.200000,-3.132817
0.750000,0.200000,-3.132817
0.750000,0.200000,-3.130608
0.750000,0.200000,-3.130608
0.750000,0.200000,-3.128250
0.750000,0.200000,-3.128250
0.750000,0.200000,-3.127110
0.750000,0.200000,-3.127110
0.750000,0.200000,-3.128793
0.750000,0.200000,-3.128793
0.750000,0.200000,-3.131602
0.750000,0.200000,-3.131602
0.750000,0.200000,-3.133683
0.750000,0.200000,-3.133751
0.750000,0.200000,-3.133751
0.750000,0.200000,-3.134479
0.750000,0.200000,-3.136359
0.750000,0.200000,-3.136359
0.750000,0.200000,-3.135981
0.750000,0.200000,-3.135981
0.750000,0.200000,-3.135584
0.750000,0.200000,-3.135584
0.750000,0.200000,-3.137933
0.750000,0.200000,-3.137933
0.750000,0.200000,-3.138234
0.750000,0.200000,-3.138234
0.750000,0.200000,-3.141304
0.750000,0.200000,-3.141304
0.750000,0.200000,3.138374
0.750000,0.200000,3.138477
0.750000,0.200000,3.138477
0.750000,0.200000,3.137943
0.750000,0.200000,3.137943
0.750000,0.200000,3.136404
0.750000,0.200000,3.136404
0.750000,0.200000,3.136568
0.750000,0.200000,3.136568
0.750000,0.200000,-3.139640
0.750000,0.200000,-3.139640
0.750000,0.200000,-3.136922
0.750000,0.200000,-3.136922
0.750000,0.200000,-3.134457
0.750000,0.200000,-3.134457
0.750000,0.200000,-3.135481
0.750000,0.200000,-3.135481
0.750000,0.200000,-3.133763
0.750000,0.200000,-3.135550
0.750000,0.200000,-3.135550
0.750000,0.200000,-3.134258
0.750000,0.200000,-3.134258
0.750000,0.200000,-3.132355
0.750000,0.200000,-3.132355
0.750000,0.200000,-3.132355
0.750000,0.200000,-3.135502
0.750000,0.200000,-3.135502
0.750000,0.200000,-3.136785
0.750000,0.200000,-3.136785
0.750000,0.200000,-3.138812
0.750000,0.200000,-3.138812
0.750000,0.200000,-3.141360
0.750000,0.200000,-3.141360
0.750000,0.200000,-3.140480
0.750000,0.200000,-3.140480
0.750000,0.200000,-3.140480
0.750000,0.200000,-3.140480
0.750000,0.200000,3.140300
0.750000,0.200000,3.137058
0.750000,0.200000,3.137058
0.750000,0.200000,3.135606
0.750000,0.200000,3.135606
0.750000,0.200000,3.133218
0.750000,0.200000,3.133218
0.750000,0.200000,3.132097
0.750000,0.200000,3.132097
0.750000,0.200000,3.136717
0.750000,0.200000,3.140323
0.750000,0.200000,-3.138469
0.750000,0.200000,-3.138469
0.750000,0.200000,-3.137735
0.750000,0.200000,-3.137735
0.750000,0.200000,-3.137735
0.750000,0.200000,-3.137750
0.750000,0.200000,-3.137332
0.750000,0.200000,-3.137332
0.750000,0.200000,-3.134822
0.750000,0.200000,-3.134822
0.750000,0.200000,-3.135213
0.750000,0.200000,-3.135213
0.750000,0.200000,-3.136077
0.750000,0.200000,-3.136077
0.750000,0.200000,-3.137577
0.750000,0.200000,-3.137577
0.750000,0.200000,-3.137577
0.750000,0.200000,-3.135448
0.750000,0.200000,-3.134898
0.750000,0.200000,-3.134898
0.750000,0.200000,-3.134531
0.750000,0.200000,-3.134531
0.750000,0.200000,-3.134531
0.750000,0.200000,-3.134531
0.750000,0.200000,-3.134531
0.750000,0.200000,-3.134531
0.750000,0.200000,-3.134531
0.750000,0.200000,-3.134531
0.750000,0.200000,-3.134531
0.750000,0.200000,-3.134531
0.750000,0.200000,-3.134531
0.750000,0.200000,-3.134531
0.750000,0.200000,-3.134531
0.750000,0.200000,-3.134531
0.750000,0.200000,-3.134531
0.750000,0.200000,-3.134531
0.750000,0.200000,-3.134531
0.750000,0.200000,-3.134531
0.750000,0.200000,-3.134531
0.750000,0.200000,-3.134531
0.750000,0.200000,-3.134531
0.750000,0.200000,-3.134531
0.750000,0.200000,-3.134531
0.750000,0.200000,-3.134531
0.750000,0.200000,-3.134531
0.750000,0.200000,3.141152
0.750000,0.200000,3.141152
0.750000,0.200000,-3.140398
0.750000,0.200000,-3.140398
0.750000,0.200000,-3.139108
0.750000,0.200000,-3.139108
0.750000,0.200000,-3.136368
0.750000,0.200000,-3.136368
0.750000,0.200000,-3.133606
0.750000,0.200000,-3.133606
0.750000,0.200000,-3.132386
0.750000,0.200000,-3.132386
0.750000,0.200000,-3.131836
0.750000,0.200000,-3.131904
0.750000,0.200000,-3.131904
0.750000,0.200000,-3.133204
0.750000,0.200000,-3.133204
0.750000,0.200000,-3.133673
0.750000,0.200000,-3.133673
0.750000,0.200000,-3.134671
0.750000,0.200000,-3.134671
0.750000,0.200000,-3.134671
0.750000,0.200000,-3.134183
0.750000,0.200000,-3.134633
0.750000,0.200000,-3.134633
0.750000,0.200000,-3.135735
0.750000,0.200000,-3.135735
0.750000,0.200000,-3.135735
0.750000,0.200000,-3.135735
0.750000,0.200000,-3.137570
0.750000,0.200000,-3.138725
0.750000,0.200000,-3.138725
0.750000,0.200000,-3.140031
0.750000,0.200000,-3.140031
0.750000,0.200000,-3.140031
0.750000,0.200000,-3.139150
0.750000,0.200000,-3.139255
0.750000,0.200000,-3.139255
0.750000,0.200000,-3.138404
0.750000,0.200000,-3.138404
0.750000,0.200000,-3.138404
0.750000,0.200000,-3.138264
0.750000,0.200000,-3.138264
0.750000,0.200000,-3.139088
0.750000,0.200000,-3.139088
0.750000,0.200000,-3.140278
0.750000,0.200000,3.140029
0.750000,0.200000,3.138307
0.750000,0.200000,3.138307
0.750000,0.200000,3.137361
0.750000,0.200000,3.137361
0.750000,0.200000,3.138463
0.750000,0.200000,3.138463
0.750000,0.200000,3.138463
0.750000,0.200000,3.137734
0.750000,0.200000,3.137635
0.750000,0.200000,3.137635
0.750000,0.200000,3.137635
0.750000,0.200000,3.139545
0.750000,0.200000,3.140655
0.750000,0.200000,3.140655
0.750000,0.200000,-3.140311
0.750000,0.200000,-3.140311
0.750000,0.200000,-3.140311
0.750000,0.200000,-3.138254
0.750000,0.200000,-3.138254
0.750000,0.200000,-3.137300
0.750000,0.200000,-3.137300
0.750000,0.200000,-3.137142
0.750000,0.200000,-3.137142
0.750000,0.200000,-3.137047
0.750000,0.200000,-3.137047
0.750000,0.200000,-3.137579
0.750000,0.200000,-3.137579
0.750000,0.200000,-3.136698
0.750000,0.200000,-3.136698
0.750000,0.200000,-3.136389
0.750000,0.200000,-3.136389
0.750000,0.200000,-3.136977
0.750000,0.200000,-3.136977
0.750000,0.200000,-3.136360
0.750000,0.200000,-3.136360
0.750000,0.200000,-3.136360
0.750000,0.200000,-3.138192
0.750000,0.200000,-3.138192
0.750000,0.200000,-3.137077
0.750000,0.200000,-3.137077
0.750000,0.200000,-3.136517
0.750000,0.200000,-3.136517
0.750000,0.200000,-3.136076
0.750000,0.200000,-3.136076
0.750000,0.200000,-3.136076
0.750000,0.200000,-3.136076
0.750000,0.200000,-3.135952
0.750000,0.200000,-3.136552
0.750000,0.200000,-3.136453
0.750000,0.200000,-3.136453
0.750000,0.200000,-3.135779
0.750000,0.200000,-3.135779
0.750000,0.200000,-3.136862
0.750000,0.200000,-3.136862
0.750000,0.200000,-3.137480
0.750000,0.200000,-3.137480
0.750000,0.200000,-3.137642
0.750000,0.200000,-3.137642
0.750000,0.200000,-3.138895
0.750000,0.200000,-3.138895
0.750000,0.200000,-3.138014
0.750000,0.200000,-3.135612
0.750000,0.200000,-3.135612
0.750000,0.200000,-3.137624
0.750000,0.200000,-3.138721
0.750000,0.200000,-3.138721
0.750000,0.200000,-3.140925
0.750000,0.200000,-3.140925
0.750000,0.200000,-3.139984
0.750000,0.200000,-3.140123
0.750000,0.200000,-3.140123
0.750000,0.200000,-3.138694
0.750000,0.200000,-3.138694
0.750000,0.200000,-3.138694
0.750000,0.200000,-3.139161
0.750000,0.200000,-3.139161
0.750000,0.200000,-3.140503
0.750000,0.200000,-3.140503
0.750000,0.200000,-3.140503
0.750000,0.200000,-3.140503
0.750000,0.200000,-3.140503
0.750000,0.200000,-3.140503
0.750000,0.200000,-3.140503
0.750000,0.200000,-3.140503
0.750000,0.200000,-3.140503
0.750000,0.200000,-3.140503
0.750000,0.200000,-3.140503
0.750000,0.200000,-3.140503
0.750000,0.200000,-3.140503
0.750000,0.200000,-3.140503
0.750000,0.200000,-3.140503
0.750000,0.200000,-3.140503
0.750000,0.200000,-3.140503
0.750000,0.200000,-3.140503
0.750000,0.200000,-3.140503
0.750000,0.200000,-3.140503
0.750000,0.200000,-3.140503
0.750000,0.200000,-3.140503
0.750000,0.200000,-3.140503
0.750000,0.200000,-3.140503
0.750000,0.200000,-3.140503
0.750000,0.200000,-3.138568
0.750000,0.200000,-3.138568
0.750000,0.200000,-3.138568
0.750000,0.200000,-3.138568
0.750000,0.200000,-3.138568
0.750000,0.200000,-3.138568
0.750000,0.200000,-3.138568
0.750000,0.200000,-3.138568
0.750000,0.200000,-3.138568
0.750000,0.200000,-3.138568
0.750000,0.200000,-3.138495
0.750000,0.200000,-3.138495
0.750000,0.200000,-3.139806
0.750000,0.200000,-3.134699
0.750000,0.200000,-3.133385
0.750000,0.200000,-3.133385
0.750000,0.200000,-3.131480
0.750000,0.200000,-3.133133
0.750000,0.200000,-3.133133
0.750000,0.200000,-3.134905
0.750000,0.200000,-3.134905
0.750000,0.200000,-3.135487
0.750000,0.200000,-3.135487
0.750000,0.200000,-3.135292
0.750000,0.200000,-3.134985
0.750000,0.200000,-3.134478
0.750000,0.200000,-3.134478
0.750000,0.200000,-3.133842
0.750000,0.200000,-3.133842
0.750000,0.200000,-3.135050
0.750000,0.200000,-3.136051
0.750000,0.200000,-3.136051
0.750000,0.200000,-3.137856
0.750000,0.200000,-3.137856
0.750000,0.200000,-3.137856
0.750000,0.200000,-3.137995
0.750000,0.200000,-3.137995
0.750000,0.200000,-3.139449
0.750000,0.200000,-3.139720
0.750000,0.200000,-3.139720
0.750000,0.200000,-3.140390
0.750000,0.200000,-3.141539
0.750000,0.200000,3.139826
0.750000,0.200000,3.138031
0.750000,0.200000,3.138474
0.750000,0.200000,3.138474
0.750000,0.200000,3.138178
0.750000,0.200000,3.137628
0.750000,0.200000,3.134930
0.750000,0.200000,3.135096
0.750000,0.200000,3.135231
0.750000,0.200000,3.135341
0.750000,0.200000,3.135354
0.750000,0.200000,3.135354
0.750000,0.200000,3.134245
0.750000,0.200000,3.133153
0.750000,0.200000,3.133153
0.750000,0.200000,3.132510
0.750000,0.200000,3.131990
0.750000,0.200000,3.131990
0.750000,0.200000,3.131767
0.750000,0.200000,3.131767
0.750000,0.200000,3.131402
0.750000,0.200000,3.131176
0.750000,0.200000,3.131176
0.750000,0.200000,3.130523
0.750000,0.200000,3.129860
0.750000,0.200000,3.129860
0.750000,0.200000,3.129711
0.750000,0.200000,3.129711
0.750000,0.200000,3.130244
0.750000,0.200000,3.129447
0.750000,0.200000,3.129447
0.750000,0.200000,3.129019
0.750000,0.200000,3.128916
0.750000,0.200000,3.129293
0.750000,0.200000,3.128998
0.750000,0.200000,3.128450
0.750000,0.200000,3.127519
0.750000,0.200000,3.127340
0.750000,0.200000,3.126941
0.750000,0.200000,3.126913
0.750000,0.200000,3.126148
0.750000,0.200000,3.126148
0.750000,0.200000,3.126148
0.750000,0.200000,3.125587
0.750000,0.200000,3.125422
0.750000,0.200000,3.125422
0.750000,0.200000,3.125436
0.750000,0.200000,3.125436
0.750000,0.200000,3.125243
0.750000,0.200000,3.125243
0.750000,0.200000,3.125243
0.750000,0.200000,3.124152
0.750000,0.200000,3.123451
0.750000,0.200000,3.123451
0.750000,0.200000,3.123451
0.750000,0.200000,3.122930
0.750000,0.200000,3.122930
0.750000,0.200000,3.122388
0.750000,0.200000,3.122388
0.750000,0.200000,3.122232
0.750000,0.200000,3.122232
0.750000,0.200000,3.122232
0.750000,0.200000,3.122401
0.750000,0.200000,3.122401
0.750000,0.200000,3.122527
0.750000,0.200000,3.122527
0.750000,0.200000,3.122529
0.750000,0.200000,3.122529
0.750000,0.200000,3.122415
0.750000,0.200000,3.122415
0.750000,0.200000,3.123365
0.750000,0.200000,3.123365
0.750000,0.200000,3.123581
0.750000,0.200000,3.123581
0.750000,0.200000,3.122308
0.750000,0.200000,3.122308
0.750000,0.200000,3.122220
0.750000,0.200000,3.122220
0.750000,0.200000,3.122207
0.750000,0.200000,3.122207
0.750000,0.200000,3.122207
0.750000,0.200000,3.122207
0.750000,0.200000,3.123282
0.750000,0.200000,3.123282
0.750000,0.200000,3.123282
0.750000,0.200000,3.123437
0.750000,0.200000,3.123707
0.750000,0.200000,3.123707
0.750000,0.200000,3.123950
0.750000,0.200000,3.123950
0.750000,0.200000,3.124194
0.750000,0.200000,3.124194
0.750000,0.200000,3.124246
0.750000,0.200000,3.124246
0.750000,0.200000,3.124529
0.750000,0.200000,3.124529
0.750000,0.200000,3.124604
0.750000,0.200000,3.124900
0.750000,0.200000,3.124900
0.750000,0.200000,3.125062
0.750000,0.200000,3.125062
0.750000,0.200000,3.124674
0.750000,0.200000,3.124674
0.750000,0.200000,3.124524
0.750000,0.200000,3.124524
0.750000,0.200000,3.123864
0.750000,0.200000,3.123864
0.750000,0.200000,3.124208
0.750000,0.200000,3.124178
0.750000,0.200000,3.124178
0.750000,0.200000,3.124788
0.750000,0.200000,3.124788
0.750000,0.200000,3.124473
0.750000,0.200000,3.124473
0.750000,0.200000,3.124473
0.750000,0.200000,3.124473
0.750000,0.200000,3.124473
0.750000,0.200000,3.124473
0.750000,0.200000,3.124473
0.750000,0.200000,3.124473
0.750000,0.200000,3.124473
0.750000,0.200000,3.126376
0.750000,0.200000,3.126113
0.750000,0.200000,3.126113
0.750000,0.200000,3.127561
0.750000,0.200000,3.127561
0.750000,0.200000,3.126205
0.750000,0.200000,3.126205
0.750000,0.200000,3.124548
0.750000,0.200000,3.124548
0.750000,0.200000,3.124850
0.750000,0.200000,3.124850
0.750000,0.200000,3.124850
0.750000,0.200000,3.124446
0.750000,0.200000,3.124446
0.750000,0.200000,3.125155
0.750000,0.200000,3.125155
0.750000,0.200000,3.125600
0.750000,0.200000,3.125600
0.750000,0.200000,3.125975
0.750000,0.200000,3.125975
0.750000,0.200000,3.123327
0.750000,0.200000,3.123327
0.750000,0.200000,3.122522
0.750000,0.200000,3.122522
0.750000,0.200000,3.122156
0.750000,0.200000,3.122156
0.750000,0.200000,3.122156
0.750000,0.200000,3.121805
0.750000,0.200000,3.121224
0.750000,0.200000,3.121224
0.750000,0.200000,3.120686
0.750000,0.200000,3.120686
0.750000,0.200000,3.120414
0.750000,0.200000,3.120185
0.750000,0.200000,3.119969
0.750000,0.200000,3.119517
0.750000,0.200000,3.119243
0.750000,0.200000,3.119073
0.750000,0.200000,3.118920
0.750000,0.200000,3.118647
0.750000,0.200000,3.118531
0.750000,0.200000,3.118561
0.750000,0.200000,3.118485
0.750000,0.200000,3.118439
0.750000,0.200000,3.118249
0.750000,0.200000,3.118249
0.750000,0.200000,3.117787
0.750000,0.200000,3.117812
0.750000,0.200000,3.117812
0.750000,0.200000,3.117581
0.750000,0.200000,3.117223
0.750000,0.200000,3.116909
0.750000,0.200000,3.116909
0.750000,0.200000,3.116909
0.750000,0.200000,3.116792
0.750000,0.200000,3.116792
0.750000,0.200000,3.116847
0.750000,0.200000,3.116764
0.750000,0.200000,3.116764
0.750000,0.200000,3.116289
0.750000,0.200000,3.116289
0.750000,0.200000,3.116178
0.750000,0.200000,3.116178
0.750000,0.200000,3.116207
0.750000,0.200000,3.116065
0.750000,0.200000,3.115844
0.750000,0.200000,3.115844
0.750000,0.200000,3.115811
0.750000,0.200000,3.116128
0.750000,0.200000,3.116128
0.750000,0.200000,3.116374
0.750000,0.200000,3.116374
