0.000000,0.000000,0.000000
0.000000,0.000000,0.000000
0.000000,0.000000,0.000000
0.000000,0.000000,0.000000
0.000000,0.000000,0.000000
0.000000,0.000000,0.000000
0.000000,0.000000,0.000000
0.000000,0.000000,0.000000
0.000000,0.000000,0.000000
0.000000,0.000000,0.000000
0.000000,0.000000,0.000000
0.000000,0.000000,0.000000
0.000000,0.000000,0.000000
0.000000,0.000000,0.000000
0.750000,-0.400000,-0.497324
0.750000,-0.400000,-0.497324
0.750000,-0.400000,-0.497306
0.750000,-0.400000,-0.497292
0.750000,-0.400000,-0.497684
0.750000,-0.400000,-0.497684
0.750000,-0.400000,-0.497684
0.750000,-0.400000,-0.497523
0.750000,-0.400000,-0.497221
0.750000,-0.400000,-0.497221
0.750000,-0.400000,-0.497221
0.750000,-0.400000,-0.497524
0.750000,-0.400000,-0.497524
0.750000,-0.400000,-0.497659
0.750000,-0.400000,-0.497659
0.750000,-0.400000,-0.497657
0.750000,-0.400000,-0.497908
0.750000,-0.400000,-0.497908
0.750000,-0.400000,-0.497537
0.750000,-0.400000,-0.497537
0.750000,-0.400000,-0.497757
0.750000,-0.400000,-0.497757
0.750000,-0.400000,-0.497757
0.750000,-0.400000,-0.496864
0.750000,-0.400000,-0.496864
0.750000,-0.400000,-0.496951
0.750000,-0.400000,-0.496951
0.750000,-0.400000,-0.496951
0.750000,-0.400000,-0.496951
0.750000,-0.400000,-0.496951
0.750000,-0.400000,-0.496633
0.750000,-0.400000,-0.496633
0.750000,-0.400000,-0.496633
0.750000,-0.400000,-0.497519
0.750000,-0.400000,-0.497519
0.750000,-0.400000,-0.497352
0.750000,-0.400000,-0.497352
0.750000,-0.400000,-0.497352
0.750000,-0.400000,-0.497686
0.750000,-0.400000,-0.497437
0.750000,-0.400000,-0.497437
0.750000,-0.400000,-0.497629
0.750000,-0.400000,-0.497629
0.750000,-0.400000,-0.497805
0.750000,-0.400000,-0.497805
0.750000,-0.400000,-0.497561
0.750000,-0.400000,-0.497561
0.750000,-0.400000,-0.497561
0.750000,-0.400000,-0.497561
0.750000,-0.400000,-0.497117
0.750000,-0.400000,-0.497117
0.750000,-0.400000,-0.498004
0.750000,-0.400000,-0.498346
0.750000,-0.400000,-0.497371
0.750000,-0.400000,-0.497371
0.750000,-0.400000,-0.498011
0.750000,-0.400000,-0.498011
0.750000,-0.400000,-0.497711
0.750000,-0.400000,-0.496940
0.750000,-0.400000,-0.496940
0.750000,-0.400000,-0.496940
0.750000,-0.400000,-0.496940
0.750000,-0.400000,-0.496954
0.750000,-0.400000,-0.496954
0.750000,-0.400000,-0.496954
0.750000,-0.400000,-0.496996
0.750000,-0.400000,-0.496996
0.750000,-0.400000,-0.496996
0.750000,-0.400000,-0.496976
0.750000,-0.400000,-0.497637
0.750000,-0.400000,-0.497637
0.750000,-0.400000,-0.497683
0.750000,-0.400000,-0.497683
0.750000,-0.400000,-0.497994
0.750000,-0.400000,-0.498109
0.750000,-0.400000,-0.498109
0.750000,-0.400000,-0.498109
0.750000,-0.400000,-0.497668
0.750000,-0.400000,-0.497462
0.750000,-0.400000,-0.497462
0.750000,-0.400000,-0.497270
0.750000,-0.400000,-0.497270
0.750000,-0.400000,-0.497110
0.750000,-0.400000,-0.497110
0.750000,-0.400000,-0.497110
0.750000,-0.400000,-0.497110
0.750000,-0.400000,-0.496719
0.750000,-0.400000,-0.496719
0.750000,-0.400000,-0.496198
0.750000,-0.400000,-0.496198
0.750000,-0.400000,-0.496198
0.750000,-0.400000,-0.496119
0.750000,-0.400000,-0.496119
0.750000,-0.400000,-0.496491
0.750000,-0.400000,-0.496491
0.750000,-0.400000,-0.496491
0.750000,-0.400000,-0.496640
0.750000,-0.400000,-0.496640
0.750000,-0.400000,-0.496950
0.750000,-0.400000,-0.496950
0.750000,-0.400000,-0.496950
0.750000,-0.400000,-0.496850
0.750000,-0.400000,-0.497478
0.750000,-0.400000,-0.497478
0.750000,-0.400000,-0.497478
0.750000,-0.400000,-0.497627
0.750000,-0.400000,-0.497627
0.750000,-0.400000,-0.497376
0.750000,-0.400000,-0.497376
0.750000,-0.400000,-0.497376
0.750000,-0.400000,-0.496447
0.750000,-0.400000,-0.496447
0.750000,-0.400000,-0.496958
0.750000,-0.400000,-0.496958
0.750000,-0.400000,-0.497214
0.750000,-0.400000,-0.497214
0.750000,-0.400000,-0.497214
0.750000,-0.400000,-0.497506
0.750000,-0.400000,-0.497506
0.750000,-0.400000,-0.497881
0.750000,-0.400000,-0.497881
0.750000,-0.400000,-0.497881
0.750000,-0.400000,-0.497881
0.750000,-0.400000,-0.497547
0.750000,-0.400000,-0.497314
0.750000,-0.400000,-0.497314
0.750000,-0.400000,-0.497725
0.750000,-0.400000,-0.497725
0.750000,-0.400000,-0.497034
0.750000,-0.400000,-0.496819
0.750000,-0.400000,-0.497230
0.750000,-0.400000,-0.497130
0.750000,-0.400000,-0.496551
0.750000,-0.400000,-0.496551
0.750000,-0.400000,-0.496857
0.750000,-0.400000,-0.496857
0.750000,-0.400000,-0.496165
0.750000,-0.400000,-0.496165
0.750000,-0.400000,-0.497199
0.750000,-0.400000,-0.497199
0.750000,-0.400000,-0.497003
0.750000,-0.400000,-0.497003
0.750000,-0.400000,-0.497003
0.750000,-0.400000,-0.497078
0.750000,-0.400000,-0.497078
0.750000,-0.400000,-0.496376
0.750000,-0.400000,-0.496109
0.750000,-0.400000,-0.496109
0.750000,-0.400000,-0.496109
0.750000,-0.400000,-0.496052
0.750000,-0.400000,-0.496305
0.750000,-0.400000,-0.495762
0.750000,-0.400000,-0.496441
0.750000,-0.400000,-0.496851
0.750000,-0.400000,-0.496851
0.750000,-0.400000,-0.496885
0.750000,-0.400000,-0.497255
0.750000,-0.400000,-0.498381
0.750000,-0.400000,-0.498381
0.750000,-0.400000,-0.498264
0.750000,-0.400000,-0.498264
0.750000,-0.400000,-0.497219
0.750000,-0.400000,-0.496993
0.750000,-0.400000,-0.496993
0.750000,-0.400000,-0.496830
0.750000,-0.400000,-0.496830
0.750000,-0.400000,-0.495902
0.750000,-0.400000,-0.495902
0.750000,-0.400000,-0.496011
0.750000,-0.400000,-0.496011
0.750000,-0.400000,-0.496747
0.750000,-0.400000,-0.496747
0.750000,-0.400000,-0.496747
0.750000,-0.400000,-0.496834
0.750000,-0.400000,-0.496166
0.750000,-0.400000,-0.496166
0.750000,-0.400000,-0.496166
0.750000,-0.400000,-0.496281
0.750000,-0.400000,-0.496281
0.750000,-0.400000,-0.496414
0.750000,-0.400000,-0.496414
0.750000,-0.400000,-0.496919
0.750000,-0.400000,-0.496919
0.750000,-0.400000,-0.496914
0.750000,-0.400000,-0.496358
0.750000,-0.400000,-0.496358
0.750000,-0.400000,-0.496358
0.750000,-0.400000,-0.496611
0.750000,-0.400000,-0.496611
0.750000,-0.400000,-0.497029
0.750000,-0.400000,-0.497029
0.750000,-0.400000,-0.497029
0.750000,-0.400000,-0.497218
0.750000,-0.400000,-0.497218
0.750000,-0.400000,-0.496503
0.750000,-0.400000,-0.496501
0.750000,-0.400000,-0.496501
0.750000,-0.400000,-0.496513
0.750000,-0.400000,-0.496513
0.750000,-0.400000,-0.496513
0.750000,-0.400000,-0.496513
0.750000,-0.400000,-0.496024
0.750000,-0.400000,-0.496549
0.750000,-0.400000,-0.496826
0.750000,-0.400000,-0.497373
0.750000,-0.400000,-0.497373
0.750000,-0.400000,-0.497490
0.750000,-0.400000,-0.498107
0.750000,-0.400000,-0.498107
0.750000,-0.400000,-0.497728
0.750000,-0.400000,-0.497432
0.750000,-0.400000,-0.497432
0.750000,-0.400000,-0.497778
0.750000,-0.400000,-0.497778
0.750000,-0.400000,-0.497487
0.750000,-0.400000,-0.497504
0.750000,-0.400000,-0.497504
0.750000,-0.400000,-0.497433
0.750000,-0.400000,-0.497433
0.750000,-0.400000,-0.497311
0.750000,-0.400000,-0.497311
0.750000,-0.400000,-0.497195
0.750000,-0.400000,-0.497195
0.750000,-0.400000,-0.496856
0.750000,-0.400000,-0.497501
0.750000,-0.400000,-0.497979
0.750000,-0.400000,-0.497104
0.750000,-0.400000,-0.497044
0.750000,-0.400000,-0.497044
0.750000,-0.400000,-0.497115
0.750000,-0.400000,-0.497188
0.750000,-0.400000,-0.497863
0.750000,-0.400000,-0.497123
0.750000,-0.400000,-0.497686
0.750000,-0.400000,-0.497686
0.750000,-0.400000,-0.497969
0.750000,-0.400000,-0.497300
0.750000,-0.400000,-0.497243
0.750000,-0.400000,-0.497243
0.750000,-0.400000,-0.497278
0.750000,-0.400000,-0.497888
0.750000,-0.400000,-0.497168
0.750000,-0.400000,-0.497068
0.750000,-0.400000,-0.497032
0.750000,-0.400000,-0.497000
0.750000,-0.400000,-0.497000
0.750000,-0.400000,-0.497264
0.750000,-0.400000,-0.497264
0.750000,-0.400000,-0.497755
0.750000,-0.400000,-0.497755
0.750000,-0.400000,-0.497755
0.750000,-0.400000,-0.497440
0.750000,-0.400000,-0.497440
0.750000,-0.400000,-0.497246
0.750000,-0.400000,-0.497246
0.750000,-0.400000,-0.497246
0.750000,-0.400000,-0.497246
0.750000,-0.400000,-0.497128
0.750000,-0.400000,-0.497290
0.750000,-0.400000,-0.497290
0.750000,-0.400000,-0.497818
0.750000,-0.400000,-0.497818
0.750000,-0.400000,-0.497648
0.750000,-0.400000,-0.497644
0.750000,-0.400000,-0.497644
0.750000,-0.400000,-0.497211
0.750000,-0.400000,-0.497211
0.750000,-0.400000,-0.497196
0.750000,-0.400000,-0.497196
0.750000,-0.400000,-0.497577
0.750000,-0.400000,-0.497578
0.750000,-0.400000,-0.497339
0.750000,-0.400000,-0.497339
0.750000,-0.400000,-0.497482
0.750000,-0.400000,-0.497482
0.750000,-0.400000,-0.497482
0.750000,-0.400000,-0.497664
0.750000,-0.400000,-0.497664
0.750000,-0.400000,-0.497422
0.750000,-0.400000,-0.497422
0.750000,-0.400000,-0.497580
0.750000,-0.400000,-0.497580
0.750000,-0.400000,-0.497580
0.750000,-0.400000,-0.497970
0.750000,-0.400000,-0.497970
0.750000,-0.400000,-0.497874
0.750000,-0.400000,-0.497874
0.750000,-0.400000,-0.497874
0.750000,-0.400000,-0.497585
0.750000,-0.400000,-0.497585
0.750000,-0.400000,-0.497199
0.750000,-0.400000,-0.497199
0.750000,-0.400000,-0.497199
0.750000,-0.400000,-0.497513
0.750000,-0.400000,-0.497513
0.750000,-0.400000,-0.497199
0.750000,-0.400000,-0.497199
0.750000,-0.400000,-0.497489
0.750000,-0.400000,-0.497489
0.750000,-0.400000,-0.497476
0.750000,-0.400000,-0.497127
0.750000,-0.400000,-0.497127
0.750000,-0.400000,-0.497051
0.750000,-0.400000,-0.497268
0.750000,-0.400000,-0.497268
0.750000,-0.400000,-0.495817
0.750000,-0.400000,-0.495817
0.750000,-0.400000,-0.495697
0.750000,-0.400000,-0.496196
0.750000,-0.400000,-0.496842
0.750000,-0.400000,-0.496842
0.750000,-0.400000,-0.497647
0.750000,-0.400000,-0.497647
0.750000,-0.400000,-0.497647
0.750000,-0.400000,-0.497627
0.750000,-0.400000,-0.497627
0.750000,-0.400000,-0.497713
0.750000,-0.400000,-0.497713
0.750000,-0.400000,-0.497385
0.750000,-0.400000,-0.497385
0.750000,-0.400000,-0.497384
0.750000,-0.400000,-0.497647
0.750000,-0.400000,-0.497647
0.750000,-0.400000,-0.498575
0.750000,-0.400000,-0.498190
0.750000,-0.400000,-0.497740
0.750000,-0.400000,-0.498168
0.750000,-0.400000,-0.498168
0.750000,-0.400000,-0.498099
0.750000,-0.400000,-0.497492
0.750000,-0.400000,-0.497175
0.750000,-0.400000,-0.496679
0.750000,-0.400000,-0.496679
0.750000,-0.400000,-0.496364
0.750000,-0.400000,-0.496364
0.750000,-0.400000,-0.496364
0.750000,-0.400000,-0.496857
0.750000,-0.400000,-0.496857
0.750000,-0.400000,-0.496923
0.750000,-0.400000,-0.496923
0.750000,-0.400000,-0.496923
0.750000,-0.400000,-0.496896
0.750000,-0.400000,-0.496896
0.750000,-0.400000,-0.497090
0.750000,-0.400000,-0.497090
0.750000,-0.400000,-0.497090
0.750000,-0.400000,-0.497090
0.750000,-0.400000,-0.497535
0.750000,-0.400000,-0.497749
0.750000,-0.400000,-0.497749
0.750000,-0.400000,-0.497749
0.750000,-0.400000,-0.497521
0.750000,-0.400000,-0.497521
0.750000,-0.400000,-0.496955
0.750000,-0.400000,-0.496955
0.750000,-0.400000,-0.496955
0.750000,-0.400000,-0.496874
0.750000,-0.400000,-0.496874
0.750000,-0.400000,-0.496496
0.750000,-0.400000,-0.496496
0.750000,-0.400000,-0.496474
0.750000,-0.400000,-0.496676
0.750000,-0.400000,-0.496676
0.750000,-0.400000,-0.496297
0.750000,-0.400000,-0.496297
0.750000,-0.400000,-0.496086
0.750000,-0.400000,-0.496086
0.750000,-0.400000,-0.496086
0.750000,-0.400000,-0.496086
0.750000,-0.400000,-0.496811
0.750000,-0.400000,-0.496811
0.750000,-0.400000,-0.496811
0.750000,-0.400000,-0.496811
0.750000,-0.400000,-0.497086
0.750000,-0.400000,-0.497086
0.750000,-0.400000,-0.496796
0.750000,-0.400000,-0.496796
0.750000,-0.400000,-0.497097
0.750000,-0.400000,-0.497097
0.750000,-0.400000,-0.497091
0.750000,-0.400000,-0.497091
0.750000,-0.400000,-0.497321
0.750000,-0.400000,-0.497321
0.750000,-0.400000,-0.497321
0.750000,-0.400000,-0.497507
0.750000,-0.400000,-0.497507
0.750000,-0.400000,-0.497369
0.750000,-0.400000,-0.497369
0.750000,-0.400000,-0.497369
0.750000,-0.400000,-0.497369
0.750000,-0.400000,-0.497369
0.750000,-0.400000,-0.497369
0.750000,-0.400000,-0.497347
0.750000,-0.400000,-0.497347
0.750000,-0.400000,-0.496812
0.750000,-0.400000,-0.496812
0.750000,-0.400000,-0.496309
0.750000,-0.400000,-0.496309
0.750000,-0.400000,-0.496219
0.750000,-0.400000,-0.496219
0.750000,-0.400000,-0.496482
0.750000,-0.400000,-0.496482
0.750000,-0.400000,-0.496482
0.750000,-0.400000,-0.497021
0.750000,-0.400000,-0.497021
0.750000,-0.400000,-0.496186
0.750000,-0.400000,-0.496186
0.750000,-0.400000,-0.496186
0.750000,-0.400000,-0.496157
0.750000,-0.400000,-0.496157
0.750000,-0.400000,-0.496337
0.750000,-0.400000,-0.496337
0.750000,-0.400000,-0.496337
0.750000,-0.400000,-0.496746
0.750000,-0.400000,-0.496746
0.750000,-0.400000,-0.496679
0.750000,-0.400000,-0.496679
0.750000,-0.400000,-0.496963
0.750000,-0.400000,-0.496963
0.750000,-0.400000,-0.496963
0.750000,-0.400000,-0.496892
0.750000,-0.400000,-0.496892
0.750000,-0.400000,-0.496817
0.750000,-0.400000,-0.496817
0.750000,-0.400000,-0.497145
0.750000,-0.400000,-0.497145
0.750000,-0.400000,-0.497145
0.750000,-0.400000,-0.497062
0.750000,-0.400000,-0.497062
0.750000,-0.400000,-0.497584
0.750000,-0.400000,-0.497584
0.750000,-0.400000,-0.497689
0.750000,-0.400000,-0.497689
0.750000,-0.400000,-0.497787
0.750000,-0.400000,-0.497787
0.750000,-0.400000,-0.497787
0.750000,-0.400000,-0.497879
0.750000,-0.400000,-0.497621
0.750000,-0.400000,-0.497621
0.750000,-0.400000,-0.497510
0.750000,-0.400000,-0.497510
0.750000,-0.400000,-0.497510
0.750000,-0.400000,-0.497652
0.750000,-0.400000,-0.497652
0.750000,-0.400000,-0.497704
0.750000,-0.400000,-0.497704
0.750000,-0.400000,-0.497391
0.750000,-0.400000,-0.497391
0.750000,-0.400000,-0.497848
0.750000,-0.400000,-0.497848
0.750000,-0.400000,-0.497848
0.750000,-0.400000,-0.497654
0.750000,-0.400000,-0.497654
0.750000,-0.400000,-0.497654
0.750000,-0.400000,-0.497341
0.750000,-0.400000,-0.497341
0.750000,-0.400000,-0.497041
0.750000,-0.400000,-0.497041
0.750000,-0.400000,-0.497175
0.750000,-0.400000,-0.497175
0.750000,-0.400000,-0.497175
0.750000,-0.400000,-0.496799
0.750000,-0.400000,-0.496799
0.750000,-0.400000,-0.497255
0.750000,-0.400000,-0.497255
0.750000,-0.400000,-0.497284
0.750000,-0.400000,-0.497284
0.750000,-0.400000,-0.496908
0.750000,-0.400000,-0.496707
0.750000,-0.400000,-0.496707
0.750000,-0.400000,-0.496707
0.750000,-0.400000,-0.497177
0.750000,-0.400000,-0.497177
0.750000,-0.400000,-0.497177
0.750000,-0.400000,-0.497177
0.750000,-0.400000,-0.497299
0.750000,-0.400000,-0.497299
0.750000,-0.400000,-0.497299
0.750000,-0.400000,-0.496790
0.750000,-0.400000,-0.496790
0.750000,-0.400000,-0.497131
0.750000,-0.400000,-0.497131
0.750000,-0.400000,-0.497713
0.750000,-0.400000,-0.497574
0.750000,-0.400000,-0.497574
0.750000,-0.400000,-0.497487
0.750000,-0.400000,-0.497347
0.750000,-0.400000,-0.497835
0.750000,-0.400000,-0.497835
0.750000,-0.400000,-0.497475
0.750000,-0.400000,-0.497475
0.750000,-0.400000,-0.497475
0.750000,-0.400000,-0.497096
0.750000,-0.400000,-0.496946
0.750000,-0.400000,-0.496946
0.750000,-0.400000,-0.497181
0.750000,-0.400000,-0.497181
0.750000,-0.400000,-0.496471
0.750000,-0.400000,-0.496471
0.750000,-0.400000,-0.496865
0.750000,-0.400000,-0.496865
0.750000,-0.400000,-0.497283
0.750000,-0.400000,-0.497283
0.750000,-0.400000,-0.497283
0.750000,-0.400000,-0.497265
0.750000,-0.400000,-0.497265
0.750000,-0.400000,-0.497276
0.750000,-0.400000,-0.497276
0.750000,-0.400000,-0.496755
0.750000,-0.400000,-0.496755
0.750000,-0.400000,-0.496784
0.750000,-0.400000,-0.496784
0.750000,-0.400000,-0.497608
0.750000,-0.400000,-0.497509
0.750000,-0.400000,-0.497509
0.750000,-0.400000,-0.498039
0.750000,-0.400000,-0.498097
0.750000,-0.400000,-0.498669
0.750000,-0.400000,-0.498669
0.750000,-0.400000,-0.498669
0.750000,-0.400000,-0.498519
0.750000,-0.400000,-0.498519
0.750000,-0.400000,-0.498656
0.750000,-0.400000,-0.498382
0.750000,-0.400000,-0.498382
0.750000,-0.400000,-0.498382
0.750000,-0.400000,-0.497204
0.750000,-0.400000,-0.496910
0.750000,-0.400000,-0.496910
0.750000,-0.400000,-0.496910
0.750000,-0.400000,-0.497182
0.750000,-0.400000,-0.496728
0.750000,-0.400000,-0.496728
0.750000,-0.400000,-0.497120
0.750000,-0.400000,-0.497120
0.750000,-0.400000,-0.497205
0.750000,-0.400000,-0.497205
0.750000,-0.400000,-0.497617
0.750000,-0.400000,-0.497617
0.750000,-0.400000,-0.497407
0.750000,-0.400000,-0.497407
0.750000,-0.400000,-0.497407
0.750000,-0.400000,-0.497261
0.750000,-0.400000,-0.497261
0.750000,-0.400000,-0.497261
0.750000,-0.400000,-0.497249
0.750000,-0.400000,-0.497249
0.750000,-0.400000,-0.497502
0.750000,-0.400000,-0.497502
0.750000,-0.400000,-0.497389
0.750000,-0.400000,-0.497389
0.750000,-0.400000,-0.497389
0.750000,-0.400000,-0.497017
0.750000,-0.400000,-0.497075
0.750000,-0.400000,-0.497397
0.750000,-0.400000,-0.497054
0.750000,-0.400000,-0.497234
0.750000,-0.400000,-0.497234
0.750000,-0.400000,-0.497095
0.750000,-0.400000,-0.497529
0.750000,-0.400000,-0.497556
0.750000,-0.400000,-0.497556
0.750000,-0.400000,-0.497540
0.750000,-0.400000,-0.497540
0.750000,-0.400000,-0.496582
0.750000,-0.400000,-0.495903
0.750000,-0.400000,-0.495903
0.750000,-0.400000,-0.496892
0.750000,-0.400000,-0.496892
0.750000,-0.400000,-0.496054
0.750000,-0.400000,-0.496054
0.750000,-0.400000,-0.496214
0.750000,-0.400000,-0.496214
0.750000,-0.400000,-0.496214
0.750000,-0.400000,-0.496168
0.750000,-0.400000,-0.495970
0.750000,-0.400000,-0.495876
0.750000,-0.400000,-0.495876
0.750000,-0.400000,-0.496499
0.750000,-0.400000,-0.496741
0.750000,-0.400000,-0.496741
0.750000,-0.400000,-0.497261
0.750000,-0.400000,-0.497261
0.750000,-0.400000,-0.497539
0.750000,-0.400000,-0.497539
0.750000,-0.400000,-0.497758
0.750000,-0.400000,-0.497870
0.750000,-0.400000,-0.497870
0.750000,-0.400000,-0.497250
0.750000,-0.400000,-0.497250
0.750000,-0.400000,-0.497410
0.750000,-0.400000,-0.497410
0.750000,-0.400000,-0.497410
0.750000,-0.400000,-0.497057
0.750000,-0.400000,-0.497325
0.750000,-0.400000,-0.497325
0.750000,-0.400000,-0.497073
0.750000,-0.400000,-0.497073
0.750000,-0.400000,-0.497287
0.750000,-0.400000,-0.497287
0.750000,-0.400000,-0.496828
0.750000,-0.400000,-0.496828
0.750000,-0.400000,-0.497264
0.750000,-0.400000,-0.496962
0.750000,-0.400000,-0.496962
0.750000,-0.400000,-0.497140
0.750000,-0.400000,-0.497140
0.750000,-0.400000,-0.497140
0.750000,-0.400000,-0.496582
0.750000,-0.400000,-0.497365
0.750000,-0.400000,-0.497365
0.750000,-0.400000,-0.497678
0.750000,-0.400000,-0.497678
0.750000,-0.400000,-0.497211
0.750000,-0.400000,-0.497211
0.750000,-0.400000,-0.497550
0.750000,-0.400000,-0.497550
0.750000,-0.400000,-0.497550
0.750000,-0.400000,-0.497743
0.750000,-0.400000,-0.497743
0.750000,-0.400000,-0.497230
0.750000,-0.400000,-0.497230
0.750000,-0.400000,-0.496627
0.750000,-0.400000,-0.496627
0.750000,-0.400000,-0.496627
0.750000,-0.400000,-0.496256
0.750000,-0.400000,-0.496256
0.750000,-0.400000,-0.496256
0.750000,-0.400000,-0.496760
0.750000,-0.400000,-0.497604
0.750000,-0.400000,-0.497604
0.750000,-0.400000,-0.497309
0.750000,-0.400000,-0.497309
0.750000,-0.400000,-0.497061
0.750000,-0.400000,-0.497061
0.750000,-0.400000,-0.496824
0.750000,-0.400000,-0.496870
0.750000,-0.400000,-0.496870
0.750000,-0.400000,-0.498061
0.750000,-0.400000,-0.498001
0.750000,-0.400000,-0.498001
0.750000,-0.400000,-0.497656
0.750000,-0.400000,-0.497656
0.750000,-0.400000,-0.496952
0.750000,-0.400000,-0.496952
0.750000,-0.400000,-0.496718
0.750000,-0.400000,-0.496718
0.750000,-0.400000,-0.497138
0.750000,-0.400000,-0.497138
0.750000,-0.400000,-0.497069
0.750000,-0.400000,-0.497069
0.750000,-0.400000,-0.497069
0.750000,-0.400000,-0.497194
0.750000,-0.400000,-0.497194
0.750000,-0.400000,-0.497376
0.750000,-0.400000,-0.497376
0.750000,-0.400000,-0.497376
0.750000,-0.400000,-0.496903
0.750000,-0.400000,-0.496903
0.750000,-0.400000,-0.496903
0.750000,-0.400000,-0.496903
0.750000,-0.400000,-0.497095
0.750000,-0.400000,-0.496845
0.750000,-0.400000,-0.496845
0.750000,-0.400000,-0.497087
0.750000,-0.400000,-0.497087
0.750000,-0.400000,-0.497087
0.750000,-0.400000,-0.497334
0.750000,-0.400000,-0.497334
0.750000,-0.400000,-0.497334
0.750000,-0.400000,-0.497000
0.750000,-0.400000,-0.497000
0.750000,-0.400000,-0.497232
0.750000,-0.400000,-0.497232
0.750000,-0.400000,-0.497248
0.750000,-0.400000,-0.497248
0.750000,-0.400000,-0.497248
0.750000,-0.400000,-0.496601
0.750000,-0.400000,-0.496601
0.750000,-0.400000,-0.497405
0.750000,-0.400000,-0.497405
0.750000,-0.400000,-0.497397
0.750000,-0.400000,-0.497397
0.750000,-0.400000,-0.497464
0.750000,-0.400000,-0.497456
0.750000,-0.400000,-0.497456
0.750000,-0.400000,-0.497008
0.750000,-0.400000,-0.497008
0.750000,-0.400000,-0.496991
0.750000,-0.400000,-0.497499
0.750000,-0.400000,-0.497499
0.750000,-0.400000,-0.497794
0.750000,-0.400000,-0.497794
0.750000,-0.400000,-0.497794
0.750000,-0.400000,-0.497178
0.750000,-0.400000,-0.497178
0.750000,-0.400000,-0.497512
0.750000,-0.400000,-0.497512
0.750000,-0.400000,-0.497512
0.750000,-0.400000,-0.497600
0.750000,-0.400000,-0.497600
0.750000,-0.400000,-0.497693
0.750000,-0.400000,-0.497693
0.750000,-0.400000,-0.497693
0.750000,-0.400000,-0.497693
0.750000,-0.400000,-0.497761
0.750000,-0.400000,-0.497401
0.750000,-0.400000,-0.497401
0.750000,-0.400000,-0.497019
0.750000,-0.400000,-0.497019
0.750000,-0.400000,-0.497019
0.750000,-0.400000,-0.497432
0.750000,-0.400000,-0.497432
0.750000,-0.400000,-0.497309
0.750000,-0.400000,-0.497309
0.750000,-0.400000,-0.497253
0.750000,-0.400000,-0.497253
0.750000,-0.400000,-0.496855
0.750000,-0.400000,-0.496855
0.750000,-0.400000,-0.496855
0.750000,-0.400000,-0.496640
0.750000,-0.400000,-0.496640
0.750000,-0.400000,-0.496686
0.750000,-0.400000,-0.496686
0.750000,-0.400000,-0.497104
0.750000,-0.400000,-0.497104
0.750000,-0.400000,-0.497104
0.750000,-0.400000,-0.497269
0.750000,-0.400000,-0.497269
0.750000,-0.400000,-0.497269
0.750000,-0.400000,-0.497042
0.750000,-0.400000,-0.497042
0.750000,-0.400000,-0.496254
0.750000,-0.400000,-0.496254
0.750000,-0.400000,-0.496254
0.750000,-0.400000,-0.496921
0.750000,-0.400000,-0.496921
0.750000,-0.400000,-0.497142
0.750000,-0.400000,-0.497142
0.750000,-0.400000,-0.496927
0.750000,-0.400000,-0.496927
0.750000,-0.400000,-0.497189
0.750000,-0.400000,-0.497189
0.750000,-0.400000,-0.497189
0.750000,-0.400000,-0.497685
0.750000,-0.400000,-0.497685
0.750000,-0.400000,-0.497281
0.750000,-0.400000,-0.497281
0.750000,-0.400000,-0.497281
0.750000,-0.400000,-0.497274
0.750000,-0.400000,-0.497221
0.750000,-0.400000,-0.497213
0.750000,-0.400000,-0.497213
0.750000,-0.400000,-0.497395
0.750000,-0.400000,-0.497395
0.750000,-0.400000,-0.497474
0.750000,-0.400000,-0.497474
0.750000,-0.400000,-0.497474
0.750000,-0.400000,-0.497844
0.750000,-0.400000,-0.497844
0.750000,-0.400000,-0.498078
0.750000,-0.400000,-0.498078
0.750000,-0.400000,-0.498078
0.750000,-0.400000,-0.498267
0.750000,-0.400000,-0.498267
0.750000,-0.400000,-0.497581
0.750000,-0.400000,-0.497581
0.750000,-0.400000,-0.497581
0.750000,-0.400000,-0.497705
0.750000,-0.400000,-0.497705
0.750000,-0.400000,-0.497705
0.750000,-0.400000,-0.497303
0.750000,-0.400000,-0.496770
0.750000,-0.400000,-0.496770
0.750000,-0.400000,-0.496770
0.750000,-0.400000,-0.496177
0.750000,-0.400000,-0.496177
0.750000,-0.400000,-0.496601
0.750000,-0.400000,-0.496601
0.750000,-0.400000,-0.496575
0.750000,-0.400000,-0.497219
0.750000,-0.400000,-0.497219
0.750000,-0.400000,-0.497654
0.750000,-0.400000,-0.497654
0.750000,-0.400000,-0.497289
0.750000,-0.400000,-0.497289
0.750000,-0.400000,-0.497289
0.750000,-0.400000,-0.497510
0.750000,-0.400000,-0.497510
0.750000,-0.400000,-0.497655
0.750000,-0.400000,-0.497655
0.750000,-0.400000,-0.497655
0.750000,-0.400000,-0.497655
0.750000,-0.400000,-0.497769
0.750000,-0.400000,-0.497769
0.750000,-0.400000,-0.497769
0.750000,-0.400000,-0.497597
0.750000,-0.400000,-0.497597
0.750000,-0.400000,-0.497599
0.750000,-0.400000,-0.497599
0.750000,-0.400000,-0.496682
0.750000,-0.400000,-0.496682
0.750000,-0.400000,-0.497090
0.750000,-0.400000,-0.497090
0.750000,-0.400000,-0.497731
0.750000,-0.400000,-0.497731
0.750000,-0.400000,-0.498085
0.750000,-0.400000,-0.498085
0.750000,-0.400000,-0.497450
0.750000,-0.400000,-0.497450
0.750000,-0.400000,-0.497615
0.750000,-0.400000,-0.497615
0.750000,-0.400000,-0.497122
0.750000,-0.400000,-0.497122
0.750000,-0.400000,-0.497358
0.750000,-0.400000,-0.497358
0.750000,-0.400000,-0.497518
0.750000,-0.400000,-0.497518
0.750000,-0.400000,-0.496996
0.750000,-0.400000,-0.496996
0.750000,-0.400000,-0.497173
0.750000,-0.400000,-0.496657
0.750000,-0.400000,-0.497040
0.750000,-0.400000,-0.497040
0.750000,-0.400000,-0.497040
0.750000,-0.400000,-0.497671
0.750000,-0.400000,-0.497671
0.750000,-0.400000,-0.497729
0.750000,-0.400000,-0.497794
0.750000,-0.400000,-0.497229
0.750000,-0.400000,-0.497229
0.750000,-0.400000,-0.497582
0.750000,-0.400000,-0.497582
0.750000,-0.400000,-0.497582
0.750000,-0.400000,-0.497276
0.750000,-0.400000,-0.497276
0.750000,-0.400000,-0.497415
0.750000,-0.400000,-0.497415
0.750000,-0.400000,-0.497695
0.750000,-0.400000,-0.497695
0.750000,-0.400000,-0.497725
0.750000,-0.400000,-0.497725
0.750000,-0.400000,-0.497725
0.750000,-0.400000,-0.497383
0.750000,-0.400000,-0.497492
0.750000,-0.400000,-0.497492
0.750000,-0.400000,-0.497600
0.750000,-0.400000,-0.497600
0.750000,-0.400000,-0.497945
0.750000,-0.400000,-0.497945
0.750000,-0.400000,-0.497945
0.750000,-0.400000,-0.497135
0.750000,-0.400000,-0.497662
0.750000,-0.400000,-0.497879
0.750000,-0.400000,-0.498027
0.750000,-0.400000,-0.498278
0.750000,-0.400000,-0.498278
0.750000,-0.400000,-0.498168
0.750000,-0.400000,-0.498064
0.750000,-0.400000,-0.498250
0.750000,-0.400000,-0.498250
0.750000,-0.400000,-0.497620
0.750000,-0.400000,-0.497124
0.750000,-0.400000,-0.497124
0.750000,-0.400000,-0.497124
0.750000,-0.400000,-0.497124
0.750000,-0.400000,-0.497146
0.750000,-0.400000,-0.497146
0.750000,-0.400000,-0.497146
0.750000,-0.400000,-0.496877
0.750000,-0.400000,-0.496877
0.750000,-0.400000,-0.496877
0.750000,-0.400000,-0.496621
0.750000,-0.400000,-0.496621
0.750000,-0.400000,-0.495906
0.750000,-0.400000,-0.495414
0.750000,-0.400000,-0.496024
0.750000,-0.400000,-0.496807
0.750000,-0.400000,-0.496164
0.750000,-0.400000,-0.497422
0.750000,-0.400000,-0.497800
0.750000,-0.400000,-0.497800
0.750000,-0.400000,-0.497376
0.750000,-0.400000,-0.497376
0.750000,-0.400000,-0.497685
0.750000,-0.400000,-0.497685
0.750000,-0.400000,-0.497281
0.750000,-0.400000,-0.497281
0.750000,-0.400000,-0.497556
0.750000,-0.400000,-0.497556
0.750000,-0.400000,-0.497556
0.750000,-0.400000,-0.497485
0.750000,-0.400000,-0.497485
0.750000,-0.400000,-0.497031
0.750000,-0.400000,-0.497031
0.750000,-0.400000,-0.497003
0.750000,-0.400000,-0.497003
0.750000,-0.400000,-0.496980
0.750000,-0.400000,-0.497278
0.750000,-0.400000,-0.497278
0.750000,-0.400000,-0.497609
0.750000,-0.400000,-0.497609
0.750000,-0.400000,-0.497942
0.750000,-0.400000,-0.497942
0.750000,-0.400000,-0.497982
0.750000,-0.400000,-0.497982
0.750000,-0.400000,-0.497982
0.750000,-0.400000,-0.497337
0.750000,-0.400000,-0.497337
0.750000,-0.400000,-0.497313
0.750000,-0.400000,-0.497243
0.750000,-0.400000,-0.497189
0.750000,-0.400000,-0.497189
0.750000,-0.400000,-0.497286
0.750000,-0.400000,-0.497286
0.750000,-0.400000,-0.496315
0.750000,-0.400000,-0.496315
0.750000,-0.400000,-0.496817
0.750000,-0.400000,-0.496817
0.750000,-0.400000,-0.496081
0.750000,-0.400000,-0.496081
0.750000,-0.400000,-0.497251
0.750000,-0.400000,-0.497251
0.750000,-0.400000,-0.497251
0.750000,-0.400000,-0.497591
0.750000,-0.400000,-0.497591
0.750000,-0.400000,-0.497340
0.750000,-0.400000,-0.497340
0.750000,-0.400000,-0.496522
0.750000,-0.400000,-0.496522
0.750000,-0.400000,-0.496522
0.750000,-0.400000,-0.496092
0.750000,-0.400000,-0.496092
0.750000,-0.400000,-0.496536
0.750000,-0.400000,-0.496536
0.750000,-0.400000,-0.497139
0.750000,-0.400000,-0.497139
0.750000,-0.400000,-0.497139
0.750000,-0.400000,-0.497356
0.750000,-0.400000,-0.497356
0.750000,-0.400000,-0.497485
0.750000,-0.400000,-0.497485
0.750000,-0.400000,-0.497485
0.750000,-0.400000,-0.497788
0.750000,-0.400000,-0.497788
0.750000,-0.400000,-0.497788
0.750000,-0.400000,-0.497788
0.750000,-0.400000,-0.496517
0.750000,-0.400000,-0.496866
0.750000,-0.400000,-0.496866
0.750000,-0.400000,-0.497144
0.750000,-0.400000,-0.497144
0.750000,-0.400000,-0.496977
0.750000,-0.400000,-0.496977
0.750000,-0.400000,-0.496832
0.750000,-0.400000,-0.496403
0.750000,-0.400000,-0.496403
0.750000,-0.400000,-0.496806
0.750000,-0.400000,-0.496806
0.750000,-0.400000,-0.496809
0.750000,-0.400000,-0.497487
0.750000,-0.400000,-0.497824
0.750000,-0.400000,-0.497824
0.750000,-0.400000,-0.496730
0.750000,-0.400000,-0.497125
0.750000,-0.400000,-0.497523
0.750000,-0.400000,-0.497523
0.750000,-0.400000,-0.497523
0.750000,-0.400000,-0.497827
0.750000,-0.400000,-0.497599
0.750000,-0.400000,-0.497599
0.750000,-0.400000,-0.496824
0.750000,-0.400000,-0.496824
0.750000,-0.400000,-0.496824
0.750000,-0.400000,-0.496953
0.750000,-0.400000,-0.496953
0.750000,-0.400000,-0.497196
0.750000,-0.400000,-0.497196
0.750000,-0.400000,-0.497196
0.750000,-0.400000,-0.497196
0.750000,-0.400000,-0.497196
0.750000,-0.400000,-0.497398
0.750000,-0.400000,-0.497051
0.750000,-0.400000,-0.497051
0.750000,-0.400000,-0.497261
0.750000,-0.400000,-0.497490
0.750000,-0.400000,-0.497573
0.750000,-0.400000,-0.496989
0.750000,-0.400000,-0.497467
0.750000,-0.400000,-0.497670
0.750000,-0.400000,-0.497162
0.750000,-0.400000,-0.497162
0.750000,-0.400000,-0.497351
0.750000,-0.400000,-0.497538
0.750000,-0.400000,-0.497538
0.750000,-0.400000,-0.497706
0.750000,-0.400000,-0.497706
0.750000,-0.400000,-0.496796
0.750000,-0.400000,-0.496959
0.750000,-0.400000,-0.497032
0.750000,-0.400000,-0.496243
0.750000,-0.400000,-0.496243
0.750000,-0.400000,-0.496851
0.750000,-0.400000,-0.496152
0.750000,-0.400000,-0.496152
0.750000,-0.400000,-0.496036
0.750000,-0.400000,-0.495998
0.750000,-0.400000,-0.496596
0.750000,-0.400000,-0.496596
0.750000,-0.400000,-0.497039
0.750000,-0.400000,-0.497039
0.750000,-0.400000,-0.496727
0.750000,-0.400000,-0.496727
0.750000,-0.400000,-0.497118
0.750000,-0.400000,-0.497118
0.750000,-0.400000,-0.497420
0.750000,-0.400000,-0.497662
0.750000,-0.400000,-0.497662
0.750000,-0.400000,-0.496920
0.750000,-0.400000,-0.496920
0.750000,-0.400000,-0.497281
0.750000,-0.400000,-0.497350
0.750000,-0.400000,-0.497350
0.750000,-0.400000,-0.496950
0.750000,-0.400000,-0.496945
0.750000,-0.400000,-0.497262
0.750000,-0.400000,-0.497424
0.750000,-0.400000,-0.497424
0.750000,-0.400000,-0.497249
0.750000,-0.400000,-0.497092
0.750000,-0.400000,-0.497344
0.750000,-0.400000,-0.497576
0.750000,-0.400000,-0.497781
0.750000,-0.400000,-0.497962
0.750000,-0.400000,-0.498284
0.750000,-0.400000,-0.498262
0.750000,-0.400000,-0.499120
0.750000,-0.400000,-0.498541
0.750000,-0.400000,-0.498541
0.750000,-0.400000,-0.498641
0.750000,-0.400000,-0.497624
0.750000,-0.400000,-0.497482
0.750000,-0.400000,-0.497482
0.750000,-0.400000,-0.497533
0.750000,-0.400000,-0.496949
0.750000,-0.400000,-0.497198
0.750000,-0.400000,-0.497678
0.750000,-0.400000,-0.498135
0.750000,-0.400000,-0.497336
0.750000,-0.400000,-0.497095
0.750000,-0.400000,-0.497531
0.750000,-0.400000,-0.497816
0.750000,-0.400000,-0.497757
0.750000,-0.400000,-0.497754
0.750000,-0.400000,-0.497560
0.750000,-0.400000,-0.497124
0.750000,-0.400000,-0.497124
0.750000,-0.400000,-0.496751
0.750000,-0.400000,-0.496751
0.750000,-0.400000,-0.496751
0.750000,-0.400000,-0.497308
0.750000,-0.400000,-0.497308
0.750000,-0.400000,-0.497337
0.750000,-0.400000,-0.497337
0.750000,-0.400000,-0.497306
0.750000,-0.400000,-0.497306
0.750000,-0.400000,-0.497306
0.750000,-0.400000,-0.497310
0.750000,-0.400000,-0.497310
0.750000,-0.400000,-0.497606
0.750000,-0.400000,-0.497606
0.750000,-0.400000,-0.497896
0.750000,-0.400000,-0.497896
0.750000,-0.400000,-0.497955
0.750000,-0.400000,-0.497955
0.750000,-0.400000,-0.497265
0.750000,-0.400000,-0.497265
0.750000,-0.400000,-0.497265
0.750000,-0.400000,-0.497330
0.750000,-0.400000,-0.497330
0.750000,-0.400000,-0.497258
0.750000,-0.400000,-0.497258
0.750000,-0.400000,-0.497167
0.750000,-0.400000,-0.497167
0.750000,-0.400000,-0.497029
0.750000,-0.400000,-0.497029
0.750000,-0.400000,-0.497029
0.750000,-0.400000,-0.496882
0.750000,-0.400000,-0.496882
0.750000,-0.400000,-0.496833
0.750000,-0.400000,-0.496833
0.750000,-0.400000,-0.496419
0.750000,-0.400000,-0.496419
0.750000,-0.400000,-0.496419
0.750000,-0.400000,-0.496491
0.750000,-0.400000,-0.496491
0.750000,-0.400000,-0.496982
0.750000,-0.400000,-0.496982
0.750000,-0.400000,-0.496982
0.750000,-0.400000,-0.497125
0.750000,-0.400000,-0.496716
0.750000,-0.400000,-0.496716
0.750000,-0.400000,-0.496716
0.750000,-0.400000,-0.495861
0.750000,-0.400000,-0.495861
0.750000,-0.400000,-0.496338
0.750000,-0.400000,-0.496338
0.750000,-0.400000,-0.496777
0.750000,-0.400000,-0.496777
0.750000,-0.400000,-0.496777
0.750000,-0.400000,-0.497023
0.750000,-0.400000,-0.497023
0.750000,-0.400000,-0.497323
0.750000,-0.400000,-0.497323
0.750000,-0.400000,-0.497121
0.750000,-0.400000,-0.497121
0.750000,-0.400000,-0.496836
0.750000,-0.400000,-0.496836
0.750000,-0.400000,-0.496836
0.750000,-0.400000,-0.497050
0.750000,-0.400000,-0.497050
0.750000,-0.400000,-0.497050
0.750000,-0.400000,-0.496862
0.750000,-0.400000,-0.496993
0.750000,-0.400000,-0.496993
0.750000,-0.400000,-0.496993
0.750000,-0.400000,-0.497046
0.750000,-0.400000,-0.497046
0.750000,-0.400000,-0.496901
0.750000,-0.400000,-0.496901
0.750000,-0.400000,-0.496901
0.750000,-0.400000,-0.497007
0.750000,-0.400000,-0.497141
0.750000,-0.400000,-0.497141
0.750000,-0.400000,-0.496641
0.750000,-0.400000,-0.496641
0.750000,-0.400000,-0.496610
0.750000,-0.400000,-0.496610
0.750000,-0.400000,-0.496610
0.750000,-0.400000,-0.496610
0.750000,-0.400000,-0.496965
0.750000,-0.400000,-0.496965
0.750000,-0.400000,-0.496965
0.750000,-0.400000,-0.496588
0.750000,-0.400000,-0.496588
0.750000,-0.400000,-0.496850
0.750000,-0.400000,-0.496850
0.750000,-0.400000,-0.497758
0.750000,-0.400000,-0.497758
0.750000,-0.400000,-0.497758
0.750000,-0.400000,-0.497758
0.750000,-0.400000,-0.496924
0.750000,-0.400000,-0.497025
0.750000,-0.400000,-0.497025
0.750000,-0.400000,-0.497038
0.750000,-0.400000,-0.497038
0.750000,-0.400000,-0.497139
0.750000,-0.400000,-0.497139
0.750000,-0.400000,-0.497139
0.750000,-0.400000,-0.496361
0.750000,-0.400000,-0.496361
0.750000,-0.400000,-0.496089
0.750000,-0.400000,-0.496089
0.750000,-0.400000,-0.496089
0.750000,-0.400000,-0.495675
0.750000,-0.400000,-0.495675
0.750000,-0.400000,-0.496203
0.750000,-0.400000,-0.496203
0.750000,-0.400000,-0.496203
0.750000,-0.400000,-0.496050
0.750000,-0.400000,-0.496050
0.750000,-0.400000,-0.496626
0.750000,-0.400000,-0.496626
0.750000,-0.400000,-0.496626
0.750000,-0.400000,-0.496812
0.750000,-0.400000,-0.496812
0.750000,-0.400000,-0.496716
0.750000,-0.400000,-0.496716
0.750000,-0.400000,-0.496976
0.750000,-0.400000,-0.496976
0.750000,-0.400000,-0.496976
0.750000,-0.400000,-0.497215
0.750000,-0.400000,-0.497385
0.750000,-0.400000,-0.497385
0.750000,-0.400000,-0.497385
0.750000,-0.400000,-0.496152
0.750000,-0.400000,-0.496152
0.750000,-0.400000,-0.496152
0.750000,-0.400000,-0.496089
0.750000,-0.400000,-0.496089
0.750000,-0.400000,-0.496278
0.750000,-0.400000,-0.496278
0.750000,-0.400000,-0.496278
0.750000,-0.400000,-0.496825
0.750000,-0.400000,-0.496825
0.750000,-0.400000,-0.496503
0.750000,-0.400000,-0.496503
0.750000,-0.400000,-0.496685
0.750000,-0.400000,-0.496685
0.750000,-0.400000,-0.496113
0.750000,-0.400000,-0.496113
0.750000,-0.400000,-0.496113
0.750000,-0.400000,-0.496266
0.750000,-0.400000,-0.496266
0.750000,-0.400000,-0.496394
0.750000,-0.400000,-0.496394
0.750000,-0.400000,-0.496394
0.750000,-0.400000,-0.496438
0.750000,-0.400000,-0.497529
0.750000,-0.400000,-0.497529
0.750000,-0.400000,-0.497586
0.750000,-0.400000,-0.497593
0.750000,-0.400000,-0.497593
0.750000,-0.400000,-0.497188
0.750000,-0.400000,-0.497188
0.750000,-0.400000,-0.497421
0.750000,-0.400000,-0.497421
0.750000,-0.400000,-0.497682
0.750000,-0.400000,-0.497613
0.750000,-0.400000,-0.497613
0.750000,-0.400000,-0.497421
0.750000,-0.400000,-0.497421
0.750000,-0.400000,-0.497421
0.750000,-0.400000,-0.497634
0.750000,-0.400000,-0.497634
0.750000,-0.400000,-0.497634
0.750000,-0.400000,-0.497863
0.750000,-0.400000,-0.497863
0.750000,-0.400000,-0.498428
0.750000,-0.400000,-0.498428
0.750000,-0.400000,-0.498428
0.750000,-0.400000,-0.498550
0.750000,-0.400000,-0.498550
0.750000,-0.400000,-0.498550
0.750000,-0.400000,-0.498101
0.750000,-0.400000,-0.498210
0.750000,-0.400000,-0.498210
0.750000,-0.400000,-0.498210
0.750000,-0.400000,-0.498397
0.750000,-0.400000,-0.498397
0.750000,-0.400000,-0.498364
0.750000,-0.400000,-0.498364
0.750000,-0.400000,-0.497149
0.750000,-0.400000,-0.497149
0.750000,-0.400000,-0.496025
0.750000,-0.400000,-0.496025
0.750000,-0.400000,-0.496025
0.750000,-0.400000,-0.495983
0.750000,-0.400000,-0.495983
0.750000,-0.400000,-0.496525
0.750000,-0.400000,-0.496525
0.750000,-0.400000,-0.496525
0.750000,-0.400000,-0.496352
0.750000,-0.400000,-0.496352
0.750000,-0.400000,-0.496352
0.750000,-0.400000,-0.496352
0.750000,-0.400000,-0.496214
0.750000,-0.400000,-0.497147
0.750000,-0.400000,-0.497147
0.750000,-0.400000,-0.497147
0.750000,-0.400000,-0.497788
0.750000,-0.400000,-0.497788
0.750000,-0.400000,-0.498325
0.750000,-0.400000,-0.498578
0.750000,-0.400000,-0.498578
0.750000,-0.400000,-0.498712
0.750000,-0.400000,-0.498712
0.750000,-0.400000,-0.498482
0.750000,-0.400000,-0.498482
0.750000,-0.400000,-0.498482
0.750000,-0.400000,-0.498506
0.750000,-0.400000,-0.498506
0.750000,-0.400000,-0.498524
0.750000,-0.400000,-0.498524
0.750000,-0.400000,-0.498524
0.750000,-0.400000,-0.498524
0.750000,-0.400000,-0.498221
0.750000,-0.400000,-0.498221
0.750000,-0.400000,-0.497665
0.750000,-0.400000,-0.497665
0.750000,-0.400000,-0.497534
0.750000,-0.400000,-0.497534
0.750000,-0.400000,-0.498137
0.750000,-0.400000,-0.497819
0.750000,-0.400000,-0.497819
0.750000,-0.400000,-0.497353
0.750000,-0.400000,-0.497748
0.750000,-0.400000,-0.497972
0.750000,-0.400000,-0.497972
0.750000,-0.400000,-0.498147
0.750000,-0.400000,-0.498147
0.750000,-0.400000,-0.498133
0.750000,-0.400000,-0.498114
0.750000,-0.400000,-0.498114
0.750000,-0.400000,-0.497875
0.750000,-0.400000,-0.497875
0.750000,-0.400000,-0.497390
0.750000,-0.400000,-0.497390
0.750000,-0.400000,-0.497390
0.750000,-0.400000,-0.497760
0.750000,-0.400000,-0.497760
0.750000,-0.400000,-0.497760
0.750000,-0.400000,-0.497855
0.750000,-0.400000,-0.497855
0.750000,-0.400000,-0.497930
0.750000,-0.400000,-0.497930
0.750000,-0.400000,-0.497930
0.750000,-0.400000,-0.497988
0.750000,-0.400000,-0.497988
0.750000,-0.400000,-0.498020
0.750000,-0.400000,-0.498020
0.750000,-0.400000,-0.496839
0.750000,-0.400000,-0.496609
0.750000,-0.400000,-0.496609
0.750000,-0.400000,-0.496609
0.750000,-0.400000,-0.497071
0.750000,-0.400000,-0.497071
0.750000,-0.400000,-0.497422
0.750000,-0.400000,-0.497518
0.750000,-0.400000,-0.497518
0.750000,-0.400000,-0.497950
0.750000,-0.400000,-0.497950
0.750000,-0.400000,-0.497950
0.750000,-0.400000,-0.497964
0.750000,-0.400000,-0.497964
0.750000,-0.400000,-0.497738
0.750000,-0.400000,-0.497738
0.750000,-0.400000,-0.497853
0.750000,-0.400000,-0.497727
0.750000,-0.400000,-0.497388
0.750000,-0.400000,-0.497147
0.750000,-0.400000,-0.497324
0.750000,-0.400000,-0.497741
0.750000,-0.400000,-0.497741
0.750000,-0.400000,-0.497341
0.750000,-0.400000,-0.497341
0.750000,-0.400000,-0.497529
0.750000,-0.400000,-0.497434
0.750000,-0.400000,-0.497434
0.750000,-0.400000,-0.497434
0.750000,-0.400000,-0.497434
0.750000,-0.400000,-0.497296
0.750000,-0.400000,-0.497276
0.750000,-0.400000,-0.497276
0.750000,-0.400000,-0.497276
0.750000,-0.400000,-0.497812
0.750000,-0.400000,-0.497812
0.750000,-0.400000,-0.497915
0.750000,-0.400000,-0.497643
0.750000,-0.400000,-0.497643
0.750000,-0.400000,-0.497643
0.750000,-0.400000,-0.497901
0.750000,-0.400000,-0.497901
0.750000,-0.400000,-0.497552
0.750000,-0.400000,-0.497552
0.750000,-0.400000,-0.497925
0.750000,-0.400000,-0.497925
0.750000,-0.400000,-0.497530
0.750000,-0.400000,-0.497530
0.750000,-0.400000,-0.497530
0.750000,-0.400000,-0.497137
0.750000,-0.400000,-0.496198
0.750000,-0.400000,-0.496198
0.750000,-0.400000,-0.496198
0.750000,-0.400000,-0.496195
0.750000,-0.400000,-0.496195
0.750000,-0.400000,-0.496195
0.750000,-0.400000,-0.496514
0.750000,-0.400000,-0.497036
0.750000,-0.400000,-0.497036
0.750000,-0.400000,-0.497193
0.750000,-0.400000,-0.497193
0.750000,-0.400000,-0.496387
0.750000,-0.400000,-0.496387
0.750000,-0.400000,-0.496438
0.750000,-0.400000,-0.496552
0.750000,-0.400000,-0.496552
0.750000,-0.400000,-0.496445
0.750000,-0.400000,-0.496445
0.750000,-0.400000,-0.496445
0.750000,-0.400000,-0.496698
0.750000,-0.400000,-0.496698
0.750000,-0.400000,-0.497039
0.750000,-0.400000,-0.497039
0.750000,-0.400000,-0.496999
0.750000,-0.400000,-0.496999
0.750000,-0.400000,-0.496999
0.750000,-0.400000,-0.496788
0.750000,-0.400000,-0.496788
0.750000,-0.400000,-0.496763
0.750000,-0.400000,-0.496763
0.750000,-0.400000,-0.496894
0.750000,-0.400000,-0.496894
0.750000,-0.400000,-0.496894
0.750000,-0.400000,-0.496731
0.750000,-0.400000,-0.496731
0.750000,-0.400000,-0.496057
0.750000,-0.400000,-0.496057
0.750000,-0.400000,-0.495782
0.750000,-0.400000,-0.495782
0.750000,-0.400000,-0.495630
0.750000,-0.400000,-0.495630
0.750000,-0.400000,-0.495588
0.750000,-0.400000,-0.495588
0.750000,-0.400000,-0.496467
0.750000,-0.400000,-0.496467
0.750000,-0.400000,-0.496804
0.750000,-0.400000,-0.496804
0.750000,-0.400000,-0.496414
0.750000,-0.400000,-0.496414
0.750000,-0.400000,-0.496835
0.750000,-0.400000,-0.497161
0.750000,-0.400000,-0.497161
0.750000,-0.400000,-0.497204
0.750000,-0.400000,-0.497204
0.750000,-0.400000,-0.497204
0.750000,-0.400000,-0.497345
0.750000,-0.400000,-0.497345
0.750000,-0.400000,-0.497347
0.750000,-0.400000,-0.497347
0.750000,-0.400000,-0.497422
0.750000,-0.400000,-0.497422
0.750000,-0.400000,-0.497135
0.750000,-0.400000,-0.497135
0.750000,-0.400000,-0.496049
0.750000,-0.400000,-0.496252
0.750000,-0.400000,-0.496717
0.750000,-0.400000,-0.496717
0.750000,-0.400000,-0.497002
0.750000,-0.400000,-0.497006
0.750000,-0.400000,-0.497006
0.750000,-0.400000,-0.497195
0.750000,-0.400000,-0.497195
0.750000,-0.400000,-0.497382
