1.000000,0.100000,0.091494
1.000000,0.100000,0.091001
1.000000,0.100000,0.091208
1.000000,0.100000,0.091276
1.000000,0.100000,0.091277
1.000000,0.100000,0.091162
1.000000,0.100000,0.091162
1.000000,0.100000,0.091333
1.000000,0.100000,0.091280
1.000000,0.100000,0.091038
1.000000,0.100000,0.090916
1.000000,0.100000,0.090673
1.000000,0.100000,0.090386
1.000000,0.100000,0.090386
1.000000,0.100000,0.088803
1.000000,0.100000,0.088479
1.000000,0.100000,0.088353
1.000000,0.100000,0.088697
1.000000,0.100000,0.088646
1.000000,0.100000,0.088540
1.000000,0.100000,0.088162
1.000000,0.100000,0.088162
1.000000,0.100000,0.088031
1.000000,0.100000,0.088031
1.000000,0.100000,0.088084
1.000000,0.100000,0.088084
1.000000,0.100000,0.088495
1.000000,0.100000,0.088495
1.000000,0.100000,0.088464
1.000000,0.100000,0.088464
1.000000,0.100000,0.088604
1.000000,0.100000,0.088718
1.000000,0.100000,0.088718
1.000000,0.100000,0.088950
1.000000,0.100000,0.088950
1.000000,0.100000,0.089104
1.000000,0.100000,0.089104
1.000000,0.100000,0.089263
1.000000,0.100000,0.089263
1.000000,0.100000,0.089263
1.000000,0.100000,0.089263
1.000000,0.100000,0.089263
1.000000,0.100000,0.089263
1.000000,0.100000,0.089263
1.000000,0.100000,0.089263
1.000000,0.100000,0.089263
1.000000,0.100000,0.089263
1.000000,0.100000,0.089263
1.000000,0.100000,0.089263
1.000000,0.100000,0.089263
1.000000,0.100000,0.089263
1.000000,0.100000,0.089263
1.000000,0.100000,0.090038
1.000000,0.100000,0.090038
1.000000,0.100000,0.090132
1.000000,0.100000,0.090132
1.000000,0.100000,0.090195
1.000000,0.100000,0.090195
1.000000,0.100000,0.090226
1.000000,0.100000,0.090226
1.000000,0.100000,0.090199
1.000000,0.100000,0.090199
1.000000,0.100000,0.090443
1.000000,0.100000,0.090443
1.000000,0.100000,0.090409
1.000000,0.100000,0.090117
1.000000,0.100000,0.090117
1.000000,0.100000,0.089880
1.000000,0.100000,0.089880
1.000000,0.100000,0.089726
1.000000,0.100000,0.089830
1.000000,0.100000,0.089830
1.000000,0.100000,0.089702
1.000000,0.100000,0.089702
1.000000,0.100000,0.089406
1.000000,0.100000,0.089406
1.000000,0.100000,0.088825
1.000000,0.100000,0.088521
1.000000,0.100000,0.088356
1.000000,0.100000,0.088165
1.000000,0.100000,0.088165
1.000000,0.100000,0.088142
1.000000,0.100000,0.088112
1.000000,0.100000,0.087782
1.000000,0.100000,0.087782
1.000000,0.100000,0.087782
1.000000,0.100000,0.087076
1.000000,0.100000,0.086606
1.000000,0.100000,0.086606
1.000000,0.100000,0.086164
1.000000,0.100000,0.086164
1.000000,0.100000,0.086287
1.000000,0.100000,0.086287
1.000000,0.100000,0.086579
1.000000,0.100000,0.086579
1.000000,0.100000,0.086800
1.000000,0.100000,0.086800
1.000000,0.100000,0.086844
1.000000,0.100000,0.086844
1.000000,0.100000,0.087183
1.000000,0.100000,0.087183
1.000000,0.100000,0.087765
1.000000,0.100000,0.087765
1.000000,0.100000,0.088048
1.000000,0.100000,0.088048
1.000000,0.100000,0.088349
1.000000,0.100000,0.088349
1.000000,0.100000,0.088692
1.000000,0.100000,0.088811
1.000000,0.100000,0.088596
1.000000,0.100000,0.088549
1.000000,0.100000,0.088612
1.000000,0.100000,0.088612
1.000000,0.100000,0.088618
1.000000,0.100000,0.088618
1.000000,0.100000,0.088771
1.000000,0.100000,0.088771
1.000000,0.100000,0.088771
1.000000,0.100000,0.088771
1.000000,0.100000,0.088709
1.000000,0.100000,0.088709
1.000000,0.100000,0.088703
1.000000,0.100000,0.088703
1.000000,0.100000,0.088703
1.000000,0.100000,0.088774
1.000000,0.100000,0.088774
1.000000,0.100000,0.088390
1.000000,0.100000,0.088390
1.000000,0.100000,0.088434
1.000000,0.100000,0.088380
1.000000,0.100000,0.088380
1.000000,0.100000,0.088394
1.000000,0.100000,0.088394
1.000000,0.100000,0.088222
1.000000,0.100000,0.088222
1.000000,0.100000,0.088316
1.000000,0.100000,0.088316
1.000000,0.100000,0.088047
1.000000,0.100000,0.088047
1.000000,0.100000,0.087809
1.000000,0.100000,0.087675
1.000000,0.100000,0.087675
1.000000,0.100000,0.086999
1.000000,0.100000,0.086999
1.000000,0.100000,0.086356
1.000000,0.100000,0.085935
1.000000,0.100000,0.085935
1.000000,0.100000,0.085396
1.000000,0.100000,0.085396
1.000000,0.100000,0.085331
1.000000,0.100000,0.085331
1.000000,0.100000,0.085540
1.000000,0.100000,0.085540
1.000000,0.100000,0.086274
1.000000,0.100000,0.086274
1.000000,0.100000,0.086800
1.000000,0.100000,0.086800
1.000000,0.100000,0.087344
1.000000,0.100000,0.087344
1.000000,0.100000,0.087344
1.000000,0.100000,0.087762
1.000000,0.100000,0.088136
1.000000,0.100000,0.088136
1.000000,0.100000,0.088136
1.000000,0.100000,0.087763
1.000000,0.100000,0.087706
1.000000,0.100000,0.087302
1.000000,0.100000,0.087278
1.000000,0.100000,0.087387
1.000000,0.100000,0.087221
1.000000,0.100000,0.086741
1.000000,0.100000,0.086741
1.000000,0.100000,0.086306
1.000000,0.100000,0.085379
1.000000,0.100000,0.085379
1.000000,0.100000,0.084836
1.000000,0.100000,0.084836
1.000000,0.100000,0.084836
1.000000,0.100000,0.084093
1.000000,0.100000,0.084093
1.000000,0.100000,0.084093
1.000000,0.100000,0.084430
1.000000,0.100000,0.085071
1.000000,0.100000,0.085071
1.000000,0.100000,0.085976
1.000000,0.100000,0.085976
1.000000,0.100000,0.086751
1.000000,0.100000,0.086751
1.000000,0.100000,0.086971
1.000000,0.100000,0.086971
1.000000,0.100000,0.087319
1.000000,0.100000,0.087319
1.000000,0.100000,0.087490
1.000000,0.100000,0.087490
1.000000,0.100000,0.087047
1.000000,0.100000,0.087047
1.000000,0.100000,0.086367
1.000000,0.100000,0.086367
1.000000,0.100000,0.086367
1.000000,0.100000,0.086367
1.000000,0.100000,0.086296
1.000000,0.100000,0.086055
1.000000,0.100000,0.085734
1.000000,0.100000,0.085734
1.000000,0.100000,0.085734
1.000000,0.100000,0.085811
1.000000,0.100000,0.085811
1.000000,0.100000,0.086149
1.000000,0.100000,0.086149
1.000000,0.100000,0.086173
1.000000,0.100000,0.086144
1.000000,0.100000,0.085795
1.000000,0.100000,0.085795
1.000000,0.100000,0.085360
1.000000,0.100000,0.085360
1.000000,0.100000,0.084984
1.000000,0.100000,0.084984
1.000000,0.100000,0.084984
1.000000,0.100000,0.084984
1.000000,0.100000,0.084198
1.000000,0.100000,0.084198
1.000000,0.100000,0.083946
1.000000,0.100000,0.083946
1.000000,0.100000,0.083667
1.000000,0.100000,0.083667
1.000000,0.100000,0.083759
1.000000,0.100000,0.084778
1.000000,0.100000,0.085386
1.000000,0.100000,0.085386
1.000000,0.100000,0.085777
1.000000,0.100000,0.085942
1.000000,0.100000,0.085942
1.000000,0.100000,0.085865
1.000000,0.100000,0.085865
1.000000,0.100000,0.084785
1.000000,0.100000,0.084785
1.000000,0.100000,0.084206
1.000000,0.100000,0.084206
1.000000,0.100000,0.084206
1.000000,0.100000,0.084206
1.000000,0.100000,0.083080
1.000000,0.100000,0.083080
1.000000,0.100000,0.083308
1.000000,0.100000,0.083308
1.000000,0.100000,0.083383
1.000000,0.100000,0.083383
1.000000,0.100000,0.083800
1.000000,0.100000,0.083803
1.000000,0.100000,0.083803
1.000000,0.100000,0.084375
1.000000,0.100000,0.084375
1.000000,0.100000,0.084477
1.000000,0.100000,0.084191
1.000000,0.100000,0.084191
1.000000,0.100000,0.083702
1.000000,0.100000,0.083702
1.000000,0.100000,0.083533
1.000000,0.100000,0.083533
1.000000,0.100000,0.083533
1.000000,0.100000,0.083012
1.000000,0.100000,0.082603
1.000000,0.100000,0.082603
1.000000,0.100000,0.082603
1.000000,0.100000,0.082788
1.000000,0.100000,0.082788
1.000000,0.100000,0.083012
1.000000,0.100000,0.083012
1.000000,0.100000,0.083131
1.000000,0.100000,0.083131
1.000000,0.100000,0.083131
1.000000,0.100000,0.083002
1.000000,0.100000,0.082222
1.000000,0.100000,0.082222
1.000000,0.100000,0.082307
1.000000,0.100000,0.082307
1.000000,0.100000,0.082386
1.000000,0.100000,0.082386
1.000000,0.100000,0.082794
1.000000,0.100000,0.082794
1.000000,0.100000,0.082326
1.000000,0.100000,0.082326
1.000000,0.100000,0.081071
1.000000,0.100000,0.081071
1.000000,0.100000,0.080940
1.000000,0.100000,0.080482
1.000000,0.100000,0.080482
1.000000,0.100000,0.080482
1.000000,0.100000,0.079931
1.000000,0.100000,0.079901
1.000000,0.100000,0.079901
1.000000,0.100000,0.078752
1.000000,0.100000,0.078752
1.000000,0.100000,0.079168
1.000000,0.100000,0.079168
1.000000,0.100000,0.079643
1.000000,0.100000,0.079623
1.000000,0.100000,0.079623
1.000000,0.100000,0.078970
1.000000,0.100000,0.078970
1.000000,0.100000,0.078184
1.000000,0.100000,0.078184
1.000000,0.100000,0.078184
1.000000,0.100000,0.076957
1.000000,0.100000,0.076347
1.000000,0.100000,0.076347
1.000000,0.100000,0.076347
1.000000,0.100000,0.076347
1.000000,0.100000,0.074910
1.000000,0.100000,0.074910
1.000000,0.100000,0.073444
1.000000,0.100000,0.073444
1.000000,0.100000,0.072510
1.000000,0.100000,0.072510
1.000000,0.100000,0.072404
1.000000,0.100000,0.072404
1.000000,0.100000,0.072404
1.000000,0.100000,0.071502
1.000000,0.100000,0.071502
1.000000,0.100000,0.070878
1.000000,0.100000,0.070878
1.000000,0.100000,0.071068
1.000000,0.100000,0.071068
1.000000,0.100000,0.069911
1.000000,0.100000,0.069911
1.000000,0.100000,0.069845
1.000000,0.100000,0.069845
1.000000,0.100000,0.068473
1.000000,0.100000,0.068473
1.000000,0.100000,0.067269
1.000000,0.100000,0.067269
1.000000,0.100000,0.067269
1.000000,0.100000,0.066816
1.000000,0.100000,0.065206
1.000000,0.100000,0.065206
1.000000,0.100000,0.063749
1.000000,0.100000,0.063665
1.000000,0.100000,0.062873
1.000000,0.100000,0.061845
1.000000,0.100000,0.060314
1.000000,0.100000,0.059760
1.000000,0.100000,0.059760
1.000000,0.100000,0.059274
1.000000,0.100000,0.057952
1.000000,0.100000,0.055810
1.000000,0.100000,0.054392
1.000000,0.100000,0.053407
1.000000,0.100000,0.052480
1.000000,0.100000,0.052480
1.000000,0.100000,0.051105
1.000000,0.100000,0.051105
1.000000,0.100000,0.049187
1.000000,0.100000,0.049187
1.000000,0.100000,0.047649
1.000000,0.100000,0.047649
1.000000,0.100000,0.047649
1.000000,0.100000,0.046864
1.000000,0.100000,0.045348
1.000000,0.100000,0.045348
1.000000,0.100000,0.045348
1.000000,0.100000,0.043661
1.000000,0.100000,0.043661
1.000000,0.100000,0.042886
1.000000,0.100000,0.042886
1.000000,0.100000,0.041398
1.000000,0.100000,0.041398
1.000000,0.100000,0.039598
1.000000,0.100000,0.039598
1.000000,0.100000,0.038380
1.000000,0.100000,0.038380
1.000000,0.100000,0.036803
1.000000,0.100000,0.036803
1.000000,0.100000,0.036803
1.000000,0.100000,0.037195
1.000000,0.100000,0.037195
1.000000,0.100000,0.039154
1.000000,0.100000,0.038340
1.000000,0.100000,0.035991
1.000000,0.100000,0.035991
1.000000,0.100000,0.034686
1.000000,0.100000,0.034686
1.000000,0.100000,0.034511
1.000000,0.100000,0.034511
1.000000,0.100000,0.034184
1.000000,0.100000,0.034184
1.000000,0.100000,0.034184
1.000000,0.100000,0.034184
1.000000,0.100000,0.034150
1.000000,0.100000,0.034150
1.000000,0.100000,0.034179
1.000000,0.100000,0.034179
1.000000,0.100000,0.034179
1.000000,0.100000,0.034445
1.000000,0.100000,0.034704
1.000000,0.100000,0.034704
1.000000,0.100000,0.034704
1.000000,0.100000,0.034713
1.000000,0.100000,0.034713
1.000000,0.100000,0.035190
1.000000,0.100000,0.035390
1.000000,0.100000,0.035390
1.000000,0.100000,0.035412
1.000000,0.100000,0.035412
1.000000,0.100000,0.035395
1.000000,0.100000,0.035412
1.000000,0.100000,0.035509
1.000000,0.100000,0.035509
1.000000,0.100000,0.036147
1.000000,0.100000,0.036147
1.000000,0.100000,0.036451
1.000000,0.100000,0.036451
1.000000,0.100000,0.036529
1.000000,0.100000,0.036529
1.000000,0.100000,0.036705
1.000000,0.100000,0.036705
1.000000,0.100000,0.036705
1.000000,0.100000,0.036669
1.000000,0.100000,0.036196
1.000000,0.100000,0.036196
1.000000,0.100000,0.036413
1.000000,0.100000,0.036413
1.000000,0.100000,0.036311
1.000000,0.100000,0.036135
1.000000,0.100000,0.036135
1.000000,0.100000,0.036135
1.000000,0.100000,0.035582
1.000000,0.100000,0.035582
1.000000,0.100000,0.035619
1.000000,0.100000,0.035619
1.000000,0.100000,0.035569
1.000000,0.100000,0.035569
1.000000,0.100000,0.035237
1.000000,0.100000,0.035237
1.000000,0.100000,0.035078
1.000000,0.100000,0.035078
1.000000,0.100000,0.035078
1.000000,0.100000,0.035411
1.000000,0.100000,0.035411
1.000000,0.100000,0.036321
1.000000,0.100000,0.036321
1.000000,0.100000,0.037003
1.000000,0.100000,0.037003
1.000000,0.100000,0.037261
1.000000,0.100000,0.037261
1.000000,0.100000,0.037876
1.000000,0.100000,0.037876
1.000000,0.100000,0.037876
1.000000,0.100000,0.037648
1.000000,0.100000,0.037648
1.000000,0.100000,0.037648
1.000000,0.100000,0.037699
1.000000,0.100000,0.036964
1.000000,0.100000,0.036964
1.000000,0.100000,0.036979
1.000000,0.100000,0.036596
1.000000,0.100000,0.036596
1.000000,0.100000,0.036269
1.000000,0.100000,0.036269
1.000000,0.100000,0.035879
1.000000,0.100000,0.035879
1.000000,0.100000,0.036120
1.000000,0.100000,0.036120
1.000000,0.100000,0.036104
1.000000,0.100000,0.036104
1.000000,0.100000,0.036141
1.000000,0.100000,0.036141
1.000000,0.100000,0.036113
1.000000,0.100000,0.036113
1.000000,0.100000,0.036422
1.000000,0.100000,0.036422
1.000000,0.100000,0.036422
1.000000,0.100000,0.036388
1.000000,0.100000,0.036388
1.000000,0.100000,0.036456
1.000000,0.100000,0.036456
1.000000,0.100000,0.036478
1.000000,0.100000,0.036478
1.000000,0.100000,0.036790
1.000000,0.100000,0.036790
1.000000,0.100000,0.036531
1.000000,0.100000,0.036531
1.000000,0.100000,0.036397
1.000000,0.100000,0.036397
1.000000,0.100000,0.036397
1.000000,0.100000,0.036397
1.000000,0.100000,0.036383
1.000000,0.100000,0.036349
1.000000,0.100000,0.036349
1.000000,0.100000,0.036946
1.000000,0.100000,0.036946
1.000000,0.100000,0.037312
1.000000,0.100000,0.037327
1.000000,0.100000,0.037327
1.000000,0.100000,0.037669
1.000000,0.100000,0.037669
1.000000,0.100000,0.037627
1.000000,0.100000,0.037627
1.000000,0.100000,0.037627
1.000000,0.100000,0.037595
1.000000,0.100000,0.036938
1.000000,0.100000,0.036941
1.000000,0.100000,0.036941
1.000000,0.100000,0.036860
1.000000,0.100000,0.037114
1.000000,0.100000,0.037114
1.000000,0.100000,0.037413
1.000000,0.100000,0.037413
1.000000,0.100000,0.037244
1.000000,0.100000,0.037244
1.000000,0.100000,0.036979
1.000000,0.100000,0.036979
1.000000,0.100000,0.036562
1.000000,0.100000,0.036562
1.000000,0.100000,0.036562
1.000000,0.100000,0.036562
1.000000,0.100000,0.036584
1.000000,0.100000,0.036584
1.000000,0.100000,0.036342
1.000000,0.100000,0.036342
1.000000,0.100000,0.036291
1.000000,0.100000,0.036291
1.000000,0.100000,0.036420
1.000000,0.100000,0.036420
1.000000,0.100000,0.036691
1.000000,0.100000,0.036691
1.000000,0.100000,0.037055
1.000000,0.100000,0.037055
1.000000,0.100000,0.037055
1.000000,0.100000,0.036375
1.000000,0.100000,0.036375
1.000000,0.100000,0.036094
1.000000,0.100000,0.036094
1.000000,0.100000,0.035922
1.000000,0.100000,0.035922
1.000000,0.100000,0.035718
1.000000,0.100000,0.035718
1.000000,0.100000,0.035362
1.000000,0.100000,0.035362
1.000000,0.100000,0.035362
1.000000,0.100000,0.035027
1.000000,0.100000,0.035027
1.000000,0.100000,0.035176
1.000000,0.100000,0.035176
1.000000,0.100000,0.035205
1.000000,0.100000,0.035205
1.000000,0.100000,0.035455
1.000000,0.100000,0.035455
1.000000,0.100000,0.035455
1.000000,0.100000,0.035545
1.000000,0.100000,0.035674
1.000000,0.100000,0.035674
1.000000,0.100000,0.035674
1.000000,0.100000,0.036144
1.000000,0.100000,0.036144
1.000000,0.100000,0.036430
1.000000,0.100000,0.036469
1.000000,0.100000,0.036469
1.000000,0.100000,0.036735
1.000000,0.100000,0.036735
1.000000,0.100000,0.036717
1.000000,0.100000,0.036717
1.000000,0.100000,0.036786
1.000000,0.100000,0.037145
1.000000,0.100000,0.037590
1.000000,0.100000,0.037884
1.000000,0.100000,0.037884
1.000000,0.100000,0.037448
1.000000,0.100000,0.037448
1.000000,0.100000,0.037448
1.000000,0.100000,0.037370
1.000000,0.100000,0.037209
1.000000,0.100000,0.037209
1.000000,0.100000,0.037030
1.000000,0.100000,0.037030
1.000000,0.100000,0.037030
1.000000,0.100000,0.036848
1.000000,0.100000,0.036848
1.000000,0.100000,0.036778
1.000000,0.100000,0.036778
1.000000,0.100000,0.036883
1.000000,0.100000,0.036883
1.000000,0.100000,0.036916
1.000000,0.100000,0.036916
1.000000,0.100000,0.036851
1.000000,0.100000,0.036851
1.000000,0.100000,0.036253
1.000000,0.100000,0.036253
1.000000,0.100000,0.035738
1.000000,0.100000,0.035165
1.000000,0.100000,0.035165
1.000000,0.100000,0.035063
1.000000,0.100000,0.035063
1.000000,0.100000,0.035125
1.000000,0.100000,0.035125
1.000000,0.100000,0.035439
1.000000,0.100000,0.035760
1.000000,0.100000,0.035760
1.000000,0.100000,0.035774
1.000000,0.100000,0.035774
1.000000,0.100000,0.035503
1.000000,0.100000,0.035503
1.000000,0.100000,0.035503
1.000000,0.100000,0.035262
1.000000,0.100000,0.035262
1.000000,0.100000,0.034982
1.000000,0.100000,0.034982
1.000000,0.100000,0.036081
1.000000,0.100000,0.036081
1.000000,0.100000,0.036081
1.000000,0.100000,0.037248
1.000000,0.100000,0.037248
1.000000,0.100000,0.037831
1.000000,0.100000,0.037831
1.000000,0.100000,0.038107
1.000000,0.100000,0.038107
1.000000,0.100000,0.038055
1.000000,0.100000,0.038055
1.000000,0.100000,0.037474
1.000000,0.100000,0.037474
1.000000,0.100000,0.037514
1.000000,0.100000,0.037514
1.000000,0.100000,0.037454
1.000000,0.100000,0.037454
1.000000,0.100000,0.037454
1.000000,0.100000,0.037454
1.000000,0.100000,0.037723
1.000000,0.100000,0.037723
1.000000,0.100000,0.037723
1.000000,0.100000,0.037744
1.000000,0.100000,0.037744
1.000000,0.100000,0.037874
1.000000,0.100000,0.037874
1.000000,0.100000,0.037752
1.000000,0.100000,0.037752
1.000000,0.100000,0.037679
1.000000,0.100000,0.037679
1.000000,0.100000,0.037649
1.000000,0.100000,0.037649
1.000000,0.100000,0.037554
1.000000,0.100000,0.037554
1.000000,0.100000,0.037599
1.000000,0.100000,0.037616
1.000000,0.100000,0.037616
1.000000,0.100000,0.037616
1.000000,0.100000,0.037721
1.000000,0.100000,0.037581
1.000000,0.100000,0.037581
1.000000,0.100000,0.037385
1.000000,0.100000,0.037385
1.000000,0.100000,0.037225
1.000000,0.100000,0.037225
1.000000,0.100000,0.037440
1.000000,0.100000,0.037440
1.000000,0.100000,0.037439
1.000000,0.100000,0.037439
1.000000,0.100000,0.037383
1.000000,0.100000,0.037383
1.000000,0.100000,0.036897
1.000000,0.100000,0.036897
1.000000,0.100000,0.036747
1.000000,0.100000,0.036747
1.000000,0.100000,0.036640
1.000000,0.100000,0.036640
1.000000,0.100000,0.036640
1.000000,0.100000,0.036253
1.000000,0.100000,0.036253
1.000000,0.100000,0.036317
1.000000,0.100000,0.036317
1.000000,0.100000,0.036555
1.000000,0.100000,0.036555
1.000000,0.100000,0.036644
1.000000,0.100000,0.036644
1.000000,0.100000,0.036652
1.000000,0.100000,0.036652
1.000000,0.100000,0.036746
1.000000,0.100000,0.036746
1.000000,0.100000,0.036742
1.000000,0.100000,0.036805
1.000000,0.100000,0.036805
1.000000,0.100000,0.037090
1.000000,0.100000,0.037090
1.000000,0.100000,0.037090
1.000000,0.100000,0.037054
1.000000,0.100000,0.036970
1.000000,0.100000,0.036970
1.000000,0.100000,0.036970
1.000000,0.100000,0.036988
1.000000,0.100000,0.036988
1.000000,0.100000,0.036837
1.000000,0.100000,0.036837
1.000000,0.100000,0.036752
1.000000,0.100000,0.036752
1.000000,0.100000,0.036864
1.000000,0.100000,0.036864
1.000000,0.100000,0.037096
1.000000,0.100000,0.037096
1.000000,0.100000,0.037585
1.000000,0.100000,0.037585
1.000000,0.100000,0.037622
1.000000,0.100000,0.037622
1.000000,0.100000,0.037813
1.000000,0.100000,0.037688
1.000000,0.100000,0.037299
1.000000,0.100000,0.037299
1.000000,0.100000,0.036745
1.000000,0.100000,0.036745
1.000000,0.100000,0.035739
1.000000,0.100000,0.035739
1.000000,0.100000,0.035542
1.000000,0.100000,0.035542
1.000000,0.100000,0.035542
1.000000,0.100000,0.035542
1.000000,0.100000,0.035542
1.000000,0.100000,0.035484
1.000000,0.100000,0.035484
1.000000,0.100000,0.035337
1.000000,0.100000,0.035337
1.000000,0.100000,0.035337
1.000000,0.100000,0.035337
1.000000,0.100000,0.035183
1.000000,0.100000,0.035183
1.000000,0.100000,0.035541
1.000000,0.100000,0.035541
1.000000,0.100000,0.035813
1.000000,0.100000,0.035813
1.000000,0.100000,0.036123
1.000000,0.100000,0.036719
1.000000,0.100000,0.036719
1.000000,0.100000,0.036719
1.000000,0.100000,0.036686
1.000000,0.100000,0.036731
1.000000,0.100000,0.036711
1.000000,0.100000,0.036711
1.000000,0.100000,0.036821
1.000000,0.100000,0.036821
1.000000,0.100000,0.036821
1.000000,0.100000,0.036821
1.000000,0.100000,0.036821
1.000000,0.100000,0.036455
1.000000,0.100000,0.036455
1.000000,0.100000,0.036299
1.000000,0.100000,0.036268
1.000000,0.100000,0.036268
1.000000,0.100000,0.036588
1.000000,0.100000,0.036588
1.000000,0.100000,0.037006
1.000000,0.100000,0.037006
1.000000,0.100000,0.037377
1.000000,0.100000,0.037659
1.000000,0.100000,0.037659
1.000000,0.100000,0.037596
1.000000,0.100000,0.037596
1.000000,0.100000,0.038254
1.000000,0.100000,0.038254
1.000000,0.100000,0.038756
1.000000,0.100000,0.038756
1.000000,0.100000,0.038486
1.000000,0.100000,0.038597
1.000000,0.100000,0.038694
1.000000,0.100000,0.039039
1.000000,0.100000,0.040230
1.000000,0.100000,0.040230
1.000000,0.100000,0.040073
1.000000,0.100000,0.040073
1.000000,0.100000,0.039940
1.000000,0.100000,0.039940
1.000000,0.100000,0.039940
1.000000,0.100000,0.039987
1.000000,0.100000,0.040100
1.000000,0.100000,0.040100
1.000000,0.100000,0.039065
1.000000,0.100000,0.039065
1.000000,0.100000,0.039783
1.000000,0.100000,0.039783
1.000000,0.100000,0.040281
1.000000,0.100000,0.040281
1.000000,0.100000,0.041086
1.000000,0.100000,0.041086
1.000000,0.100000,0.041403
1.000000,0.100000,0.041403
1.000000,0.100000,0.041784
1.000000,0.100000,0.041784
1.000000,0.100000,0.041784
1.000000,0.100000,0.041468
1.000000,0.100000,0.041348
1.000000,0.100000,0.041348
1.000000,0.100000,0.041348
1.000000,0.100000,0.041734
1.000000,0.100000,0.042716
1.000000,0.100000,0.042716
1.000000,0.100000,0.042716
1.000000,0.100000,0.043446
1.000000,0.100000,0.043446
1.000000,0.100000,0.043211
1.000000,0.100000,0.043273
1.000000,0.100000,0.043273
1.000000,0.100000,0.043273
1.000000,0.100000,0.043366
1.000000,0.100000,0.043366
1.000000,0.100000,0.043840
1.000000,0.100000,0.043840
1.000000,0.100000,0.044532
1.000000,0.100000,0.044532
1.000000,0.100000,0.044349
1.000000,0.100000,0.044349
1.000000,0.100000,0.044349
1.000000,0.100000,0.043998
1.000000,0.100000,0.044261
1.000000,0.100000,0.044261
1.000000,0.100000,0.044261
1.000000,0.100000,0.043593
1.000000,0.100000,0.044166
1.000000,0.100000,0.044166
1.000000,0.100000,0.044573
1.000000,0.100000,0.044573
1.000000,0.100000,0.044691
1.000000,0.100000,0.044691
1.000000,0.100000,0.044728
1.000000,0.100000,0.044310
1.000000,0.100000,0.044006
1.000000,0.100000,0.044006
1.000000,0.100000,0.043527
1.000000,0.100000,0.043527
1.000000,0.100000,0.043527
1.000000,0.100000,0.043527
1.000000,0.100000,0.043282
1.000000,0.100000,0.043282
1.000000,0.100000,0.042986
1.000000,0.100000,0.042986
1.000000,0.100000,0.043677
1.000000,0.100000,0.043677
1.000000,0.100000,0.044601
1.000000,0.100000,0.044780
1.000000,0.100000,0.044780
1.000000,0.100000,0.045224
1.000000,0.100000,0.045224
1.000000,0.100000,0.046291
1.000000,0.100000,0.046291
1.000000,0.100000,0.045647
1.000000,0.100000,0.043491
1.000000,0.100000,0.043491
1.000000,0.100000,0.042855
1.000000,0.100000,0.042855
1.000000,0.100000,0.042813
1.000000,0.100000,0.042813
1.000000,0.100000,0.043298
1.000000,0.100000,0.043616
1.000000,0.100000,0.044338
1.000000,0.100000,0.044338
1.000000,0.100000,0.045109
1.000000,0.100000,0.045201
1.000000,0.100000,0.045201
1.000000,0.100000,0.045851
1.000000,0.100000,0.045857
1.000000,0.100000,0.045857
1.000000,0.100000,0.045209
1.000000,0.100000,0.045209
1.000000,0.100000,0.045438
1.000000,0.100000,0.045438
1.000000,0.100000,0.045288
1.000000,0.100000,0.045231
1.000000,0.100000,0.044961
1.000000,0.100000,0.044486
1.000000,0.100000,0.044064
1.000000,0.100000,0.044064
1.000000,0.100000,0.043353
1.000000,0.100000,0.042877
1.000000,0.100000,0.042877
1.000000,0.100000,0.044061
1.000000,0.100000,0.045668
1.000000,0.100000,0.045408
1.000000,0.100000,0.045408
1.000000,0.100000,0.045397
1.000000,0.100000,0.045492
1.000000,0.100000,0.045492
1.000000,0.100000,0.046028
1.000000,0.100000,0.043304
1.000000,0.100000,0.043304
1.000000,0.100000,0.043534
1.000000,0.100000,0.043534
1.000000,0.100000,0.043705
1.000000,0.100000,0.043705
1.000000,0.100000,0.043705
1.000000,0.100000,0.045598
1.000000,0.100000,0.045598
1.000000,0.100000,0.045598
1.000000,0.100000,0.047630
1.000000,0.100000,0.047630
1.000000,0.100000,0.049333
1.000000,0.100000,0.049333
1.000000,0.100000,0.050735
1.000000,0.100000,0.050735
1.000000,0.100000,0.050352
1.000000,0.100000,0.050352
1.000000,0.100000,0.049767
1.000000,0.100000,0.049767
1.000000,0.100000,0.050650
1.000000,0.100000,0.050650
1.000000,0.100000,0.051469
1.000000,0.100000,0.051469
1.000000,0.100000,0.051469
1.000000,0.100000,0.051469
1.000000,0.100000,0.051469
1.000000,0.100000,0.051469
1.000000,0.100000,0.051469
1.000000,0.100000,0.051469
1.000000,0.100000,0.051469
1.000000,0.100000,0.051469
1.000000,0.100000,0.051469
1.000000,0.100000,0.051469
1.000000,0.100000,0.051469
1.000000,0.100000,0.051469
1.000000,0.100000,0.051469
1.000000,0.100000,0.051469
1.000000,0.100000,0.051469
1.000000,0.100000,0.051469
1.000000,0.100000,0.058156
1.000000,0.100000,0.055274
1.000000,0.100000,0.055274
1.000000,0.100000,0.054497
1.000000,0.100000,0.054497
1.000000,0.100000,0.054563
1.000000,0.100000,0.054563
1.000000,0.100000,0.054504
1.000000,0.100000,0.054504
1.000000,0.100000,0.054157
1.000000,0.100000,0.054157
1.000000,0.100000,0.054143
1.000000,0.100000,0.054143
1.000000,0.100000,0.054952
1.000000,0.100000,0.054952
1.000000,0.100000,0.055908
1.000000,0.100000,0.056407
1.000000,0.100000,0.056407
1.000000,0.100000,0.056887
1.000000,0.100000,0.056887
1.000000,0.100000,0.056887
1.000000,0.100000,0.056506
1.000000,0.100000,0.056506
1.000000,0.100000,0.054421
1.000000,0.100000,0.053545
1.000000,0.100000,0.053545
1.000000,0.100000,0.053771
1.000000,0.100000,0.053771
1.000000,0.100000,0.055675
1.000000,0.100000,0.055680
1.000000,0.100000,0.055680
1.000000,0.100000,0.055803
1.000000,0.100000,0.055803
1.000000,0.100000,0.056412
1.000000,0.100000,0.055849
1.000000,0.100000,0.055849
1.000000,0.100000,0.056272
1.000000,0.100000,0.057002
1.000000,0.100000,0.057002
1.000000,0.100000,0.057387
1.000000,0.100000,0.057387
1.000000,0.100000,0.056959
1.000000,0.100000,0.056959
1.000000,0.100000,0.056959
1.000000,0.100000,0.057126
1.000000,0.100000,0.057126
1.000000,0.100000,0.056829
1.000000,0.100000,0.056829
1.000000,0.100000,0.056836
1.000000,0.100000,0.056836
1.000000,0.100000,0.057789
1.000000,0.100000,0.057789
1.000000,0.100000,0.057167
1.000000,0.100000,0.057167
1.000000,0.100000,0.057167
1.000000,0.100000,0.057167
1.000000,0.100000,0.057622
1.000000,0.100000,0.057622
1.000000,0.100000,0.056820
1.000000,0.100000,0.056820
1.000000,0.100000,0.057224
1.000000,0.100000,0.057224
1.000000,0.100000,0.057421
1.000000,0.100000,0.057421
1.000000,0.100000,0.057604
1.000000,0.100000,0.057604
1.000000,0.100000,0.057604
1.000000,0.100000,0.058171
1.000000,0.100000,0.059393
1.000000,0.100000,0.059393
1.000000,0.100000,0.059680
1.000000,0.100000,0.059680
1.000000,0.100000,0.059680
1.000000,0.100000,0.060314
1.000000,0.100000,0.060967
1.000000,0.100000,0.061089
1.000000,0.100000,0.061806
1.000000,0.100000,0.061806
1.000000,0.100000,0.062680
1.000000,0.100000,0.062680
1.000000,0.100000,0.062269
1.000000,0.100000,0.062269
1.000000,0.100000,0.060675
1.000000,0.100000,0.057726
1.000000,0.100000,0.055470
1.000000,0.100000,0.054904
1.000000,0.100000,0.054904
1.000000,0.100000,0.052565
1.000000,0.100000,0.052565
1.000000,0.100000,0.054652
1.000000,0.100000,0.055074
1.000000,0.100000,0.055074
1.000000,0.100000,0.054902
1.000000,0.100000,0.052606
1.000000,0.100000,0.052751
1.000000,0.100000,0.052751
1.000000,0.100000,0.052021
1.000000,0.100000,0.051941
1.000000,0.100000,0.051534
1.000000,0.100000,0.050727
1.000000,0.100000,0.052065
1.000000,0.100000,0.051904
1.000000,0.100000,0.051416
1.000000,0.100000,0.051105
1.000000,0.100000,0.051105
1.000000,0.100000,0.050121
1.000000,0.100000,0.051399
1.000000,0.100000,0.051399
1.000000,0.100000,0.050402
1.000000,0.100000,0.050402
1.000000,0.100000,0.050607
1.000000,0.100000,0.049304
1.000000,0.100000,0.049304
1.000000,0.100000,0.047403
1.000000,0.100000,0.046837
1.000000,0.100000,0.045941
1.000000,0.100000,0.045941
1.000000,0.100000,0.043891
1.000000,0.100000,0.043891
1.000000,0.100000,0.042843
1.000000,0.100000,0.041395
1.000000,0.100000,0.041395
1.000000,0.100000,0.040694
1.000000,0.100000,0.040694
1.000000,0.100000,0.038975
1.000000,0.100000,0.039446
1.000000,0.100000,0.038571
1.000000,0.100000,0.038571
1.000000,0.100000,0.037028
1.000000,0.100000,0.037028
1.000000,0.100000,0.038169
1.000000,0.100000,0.037983
1.000000,0.100000,0.037983
1.000000,0.100000,0.037519
1.000000,0.100000,0.037519
1.000000,0.100000,0.035348
1.000000,0.100000,0.035328
1.000000,0.100000,0.035328
1.000000,0.100000,0.035486
1.000000,0.100000,0.033609
1.000000,0.100000,0.030257
1.000000,0.100000,0.030160
1.000000,0.100000,0.028594
1.000000,0.100000,0.026651
1.000000,0.100000,0.023523
1.000000,0.100000,0.023523
1.000000,0.100000,0.023523
1.000000,0.100000,0.025010
1.000000,0.100000,0.024949
1.000000,0.100000,0.024531
1.000000,0.100000,0.024246
1.000000,0.100000,0.023927
1.000000,0.100000,0.025829
1.000000,0.100000,0.025829
1.000000,0.100000,0.025215
1.000000,0.100000,0.025215
1.000000,0.100000,0.025546
1.000000,0.100000,0.025660
1.000000,0.100000,0.025660
1.000000,0.100000,0.025660
1.000000,0.100000,0.024059
1.000000,0.100000,0.023986
1.000000,0.100000,0.024045
1.000000,0.100000,0.023199
1.000000,0.100000,0.023199
1.000000,0.100000,0.022497
1.000000,0.100000,0.020696
1.000000,0.100000,0.020696
1.000000,0.100000,0.020696
1.000000,0.100000,0.018420
1.000000,0.100000,0.018420
1.000000,0.100000,0.017271
1.000000,0.100000,0.017271
1.000000,0.100000,0.016839
1.000000,0.100000,0.016839
1.000000,0.100000,0.015876
1.000000,0.100000,0.015876
1.000000,0.100000,0.014416
1.000000,0.100000,0.014416
1.000000,0.100000,0.015166
1.000000,0.100000,0.015166
1.000000,0.100000,0.015731
1.000000,0.100000,0.015731
1.000000,0.100000,0.015590
1.000000,0.100000,0.015590
1.000000,0.100000,0.015598
1.000000,0.100000,0.015598
1.000000,0.100000,0.015598
1.000000,0.100000,0.015503
1.000000,0.100000,0.015503
1.000000,0.100000,0.016181
1.000000,0.100000,0.016181
1.000000,0.100000,0.016915
1.000000,0.100000,0.016915
1.000000,0.100000,0.017739
1.000000,0.100000,0.017739
1.000000,0.100000,0.019286
1.000000,0.100000,0.019286
1.000000,0.100000,0.021593
1.000000,0.100000,0.021593
1.000000,0.100000,0.022909
1.000000,0.100000,0.022909
1.000000,0.100000,0.022644
1.000000,0.100000,0.022644
1.000000,0.100000,0.022644
1.000000,0.100000,0.023198
1.000000,0.100000,0.023685
1.000000,0.100000,0.023685
1.000000,0.100000,0.025476
1.000000,0.100000,0.026805
1.000000,0.100000,0.026805
1.000000,0.100000,0.026805
1.000000,0.100000,0.026090
1.000000,0.100000,0.026090
1.000000,0.100000,0.024134
1.000000,0.100000,0.022403
1.000000,0.100000,0.022403
1.000000,0.100000,0.023097
1.000000,0.100000,0.023097
1.000000,0.100000,0.024900
1.000000,0.100000,0.024900
1.000000,0.100000,0.024900
1.000000,0.100000,0.025200
1.000000,0.100000,0.025200
1.000000,0.100000,0.025857
1.000000,0.100000,0.025857
1.000000,0.100000,0.024847
1.000000,0.100000,0.024847
1.000000,0.100000,0.025487
1.000000,0.100000,0.025487
1.000000,0.100000,0.026382
1.000000,0.100000,0.026382
1.000000,0.100000,0.026382
1.000000,0.100000,0.026382
1.000000,0.100000,0.026398
1.000000,0.100000,0.026431
1.000000,0.100000,0.026431
1.000000,0.100000,0.026646
1.000000,0.100000,0.026646
1.000000,0.100000,0.026525
1.000000,0.100000,0.026525
1.000000,0.100000,0.027544
1.000000,0.100000,0.027544
1.000000,0.100000,0.027695
1.000000,0.100000,0.027695
1.000000,0.100000,0.027844
1.000000,0.100000,0.027844
1.000000,0.100000,0.027627
1.000000,0.100000,0.027627
1.000000,0.100000,0.026764
1.000000,0.100000,0.026764
1.000000,0.100000,0.026764
1.000000,0.100000,0.026764
1.000000,0.100000,0.024628
1.000000,0.100000,0.023289
1.000000,0.100000,0.023289
1.000000,0.100000,0.023212
1.000000,0.100000,0.023212
1.000000,0.100000,0.023479
1.000000,0.100000,0.023047
1.000000,0.100000,0.023047
1.000000,0.100000,0.021908
1.000000,0.100000,0.021908
1.000000,0.100000,0.022941
1.000000,0.100000,0.022941
1.000000,0.100000,0.023625
1.000000,0.100000,0.023625
1.000000,0.100000,0.022152
1.000000,0.100000,0.022152
1.000000,0.100000,0.022152
1.000000,0.100000,0.020905
1.000000,0.100000,0.020905
1.000000,0.100000,0.020905
1.000000,0.100000,0.020905
1.000000,0.100000,0.023990
1.000000,0.100000,0.023990
1.000000,0.100000,0.023456
1.000000,0.100000,0.023456
1.000000,0.100000,0.024091
1.000000,0.100000,0.024091
1.000000,0.100000,0.023761
1.000000,0.100000,0.023761
1.000000,0.100000,0.024378
1.000000,0.100000,0.024378
1.000000,0.100000,0.024893
1.000000,0.100000,0.024893
1.000000,0.100000,0.024893
1.000000,0.100000,0.024709
1.000000,0.100000,0.024709
1.000000,0.100000,0.024321
1.000000,0.100000,0.024321
1.000000,0.100000,0.023349
1.000000,0.100000,0.023349
1.000000,0.100000,0.022730
1.000000,0.100000,0.022730
1.000000,0.100000,0.021621
1.000000,0.100000,0.021621
1.000000,0.100000,0.022822
1.000000,0.100000,0.022822
1.000000,0.100000,0.023586
1.000000,0.100000,0.023586
1.000000,0.100000,0.024124
1.000000,0.100000,0.024124
1.000000,0.100000,0.024134
1.000000,0.100000,0.024216
1.000000,0.100000,0.024216
1.000000,0.100000,0.024840
1.000000,0.100000,0.024840
1.000000,0.100000,0.024692
1.000000,0.100000,0.024692
1.000000,0.100000,0.025723
1.000000,0.100000,0.025723
1.000000,0.100000,0.025723
1.000000,0.100000,0.025627
1.000000,0.100000,0.025791
1.000000,0.100000,0.025791
1.000000,0.100000,0.025818
1.000000,0.100000,0.025818
1.000000,0.100000,0.025995
1.000000,0.100000,0.025995
1.000000,0.100000,0.025995
1.000000,0.100000,0.026793
1.000000,0.100000,0.026793
1.000000,0.100000,0.027226
1.000000,0.100000,0.027226
1.000000,0.100000,0.026698
1.000000,0.100000,0.026698
1.000000,0.100000,0.026581
1.000000,0.100000,0.026581
1.000000,0.100000,0.026406
1.000000,0.100000,0.026406
1.000000,0.100000,0.026325
1.000000,0.100000,0.026274
1.000000,0.100000,0.028348
1.000000,0.100000,0.028348
1.000000,0.100000,0.029521
1.000000,0.100000,0.029521
1.000000,0.100000,0.030193
1.000000,0.100000,0.030193
1.000000,0.100000,0.030210
1.000000,0.100000,0.031019
1.000000,0.100000,0.031019
1.000000,0.100000,0.031130
1.000000,0.100000,0.031130
1.000000,0.100000,0.032008
1.000000,0.100000,0.032008
1.000000,0.100000,0.031332
1.000000,0.100000,0.030850
1.000000,0.100000,0.030850
1.000000,0.100000,0.030850
1.000000,0.100000,0.030850
1.000000,0.100000,0.029514
1.000000,0.100000,0.029584
1.000000,0.100000,0.029584
1.000000,0.100000,0.029860
1.000000,0.100000,0.029860
1.000000,0.100000,0.029887
1.000000,0.100000,0.029887
1.000000,0.100000,0.031034
1.000000,0.100000,0.031034
1.000000,0.100000,0.030850
1.000000,0.100000,0.032343
1.000000,0.100000,0.032343
1.000000,0.100000,0.032615
1.000000,0.100000,0.033341
1.000000,0.100000,0.033341
1.000000,0.100000,0.032712
1.000000,0.100000,0.032712
1.000000,0.100000,0.032712
1.000000,0.100000,0.032712
1.000000,0.100000,0.034225
1.000000,0.100000,0.034225
1.000000,0.100000,0.034760
1.000000,0.100000,0.034760
1.000000,0.100000,0.033365
1.000000,0.100000,0.033365
1.000000,0.100000,0.031436
1.000000,0.100000,0.031436
1.000000,0.100000,0.031730
1.000000,0.100000,0.031730
1.000000,0.100000,0.032625
1.000000,0.100000,0.032625
1.000000,0.100000,0.030380
1.000000,0.100000,0.030380
1.000000,0.100000,0.030380
1.000000,0.100000,0.030427
1.000000,0.100000,0.030427
1.000000,0.100000,0.030427
1.000000,0.100000,0.030427
1.000000,0.100000,0.030143
1.000000,0.100000,0.030746
1.000000,0.100000,0.030889
1.000000,0.100000,0.030944
1.000000,0.100000,0.030944
1.000000,0.100000,0.030944
1.000000,0.100000,0.028141
1.000000,0.100000,0.028141
1.000000,0.100000,0.028690
1.000000,0.100000,0.028690
1.000000,0.100000,0.028802
1.000000,0.100000,0.028802
1.000000,0.100000,0.030915
1.000000,0.100000,0.030915
1.000000,0.100000,0.031315
1.000000,0.100000,0.031315
1.000000,0.100000,0.031315
1.000000,0.100000,0.030997
1.000000,0.100000,0.030997
1.000000,0.100000,0.031320
1.000000,0.100000,0.031320
1.000000,0.100000,0.032881
1.000000,0.100000,0.033062
1.000000,0.100000,0.033077
1.000000,0.100000,0.033087
1.000000,0.100000,0.032767
1.000000,0.100000,0.032767
1.000000,0.100000,0.031819
1.000000,0.100000,0.031819
1.000000,0.100000,0.030833
1.000000,0.100000,0.030833
1.000000,0.100000,0.030177
1.000000,0.100000,0.030177
1.000000,0.100000,0.028578
1.000000,0.100000,0.028578
1.000000,0.100000,0.029461
1.000000,0.100000,0.029461
1.000000,0.100000,0.030416
1.000000,0.100000,0.030416
1.000000,0.100000,0.030416
1.000000,0.100000,0.030840
1.000000,0.100000,0.030840
1.000000,0.100000,0.029633
1.000000,0.100000,0.029633
1.000000,0.100000,0.030226
1.000000,0.100000,0.030226
1.000000,0.100000,0.033036
1.000000,0.100000,0.033036
1.000000,0.100000,0.036032
1.000000,0.100000,0.036032
1.000000,0.100000,0.037605
1.000000,0.100000,0.037605
1.000000,0.100000,0.037678
1.000000,0.100000,0.037678
1.000000,0.100000,0.038041
1.000000,0.100000,0.038041
1.000000,0.100000,0.038041
1.000000,0.100000,0.037417
1.000000,0.100000,0.037877
1.000000,0.100000,0.035327
1.000000,0.100000,0.030843
1.000000,0.100000,0.028059
1.000000,0.100000,0.028059
1.000000,0.100000,0.026296
1.000000,0.100000,0.026296
1.000000,0.100000,0.026593
1.000000,0.100000,0.026593
1.000000,0.100000,0.026593
1.000000,0.100000,0.026760
1.000000,0.100000,0.023791
1.000000,0.100000,0.023791
1.000000,0.100000,0.023791
1.000000,0.100000,0.022822
1.000000,0.100000,0.022822
1.000000,0.100000,0.025132
1.000000,0.100000,0.025132
1.000000,0.100000,0.026382
1.000000,0.100000,0.026382
1.000000,0.100000,0.027586
1.000000,0.100000,0.027586
1.000000,0.100000,0.026030
1.000000,0.100000,0.026030
1.000000,0.100000,0.028599
1.000000,0.100000,0.028599
1.000000,0.100000,0.030113
1.000000,0.100000,0.030113
1.000000,0.100000,0.031734
1.000000,0.100000,0.031734
1.000000,0.100000,0.031734
1.000000,0.100000,0.033037
1.000000,0.100000,0.033037
1.000000,0.100000,0.033037
1.000000,0.100000,0.033037
1.000000,0.100000,0.033088
1.000000,0.100000,0.033088
1.000000,0.100000,0.034739
1.000000,0.100000,0.034739
1.000000,0.100000,0.034739
1.000000,0.100000,0.034797
1.000000,0.100000,0.034797
1.000000,0.100000,0.030552
1.000000,0.100000,0.030552
1.000000,0.100000,0.028189
1.000000,0.100000,0.028189
1.000000,0.100000,0.026263
1.000000,0.100000,0.026263
1.000000,0.100000,0.024041
1.000000,0.100000,0.024041
1.000000,0.100000,0.025070
1.000000,0.100000,0.025070
1.000000,0.100000,0.025070
1.000000,0.100000,0.024709
1.000000,0.100000,0.025344
1.000000,0.100000,0.025344
1.000000,0.100000,0.026735
1.000000,0.100000,0.026735
1.000000,0.100000,0.026894
1.000000,0.100000,0.026894
1.000000,0.100000,0.026894
1.000000,0.100000,0.026894
1.000000,0.100000,0.024602
1.000000,0.100000,0.024602
1.000000,0.100000,0.023089
1.000000,0.100000,0.023089
1.000000,0.100000,0.023134
1.000000,0.100000,0.023134
1.000000,0.100000,0.023765
1.000000,0.100000,0.023765
1.000000,0.100000,0.025681
1.000000,0.100000,0.025681
1.000000,0.100000,0.025669
1.000000,0.100000,0.024954
1.000000,0.100000,0.024954
1.000000,0.100000,0.024853
1.000000,0.100000,0.024853
1.000000,0.100000,0.027465
1.000000,0.100000,0.027465
1.000000,0.100000,0.027616
1.000000,0.100000,0.026834
1.000000,0.100000,0.027780
1.000000,0.100000,0.029359
1.000000,0.100000,0.029397
1.000000,0.100000,0.029800
1.000000,0.100000,0.029800
1.000000,0.100000,0.030598
1.000000,0.100000,0.030598
1.000000,0.100000,0.030830
1.000000,0.100000,0.030830
1.000000,0.100000,0.031244
1.000000,0.100000,0.031244
1.000000,0.100000,0.028531
1.000000,0.100000,0.028531
1.000000,0.100000,0.029356
1.000000,0.100000,0.029356
1.000000,0.100000,0.028273
1.000000,0.100000,0.028273
1.000000,0.100000,0.025107
1.000000,0.100000,0.025107
1.000000,0.100000,0.023301
1.000000,0.100000,0.023301
1.000000,0.100000,0.019209
1.000000,0.100000,0.019209
1.000000,0.100000,0.020049
1.000000,0.100000,0.020049
1.000000,0.100000,0.020049
1.000000,0.100000,0.020049
1.000000,0.100000,0.020049
1.000000,0.100000,0.020049
1.000000,0.100000,0.020049
1.000000,0.100000,0.020049
1.000000,0.100000,0.020049
1.000000,0.100000,0.020049
1.000000,0.100000,0.020420
1.000000,0.100000,0.020420
1.000000,0.100000,0.020420
1.000000,0.100000,0.022716
1.000000,0.100000,0.022716
1.000000,0.100000,0.022716
1.000000,0.100000,0.020867
1.000000,0.100000,0.020867
1.000000,0.100000,0.020867
1.000000,0.100000,0.020867
1.000000,0.100000,0.020867
1.000000,0.100000,0.020867
1.000000,0.100000,0.020867
1.000000,0.100000,0.020867
1.000000,0.100000,0.016955
1.000000,0.100000,0.016955
1.000000,0.100000,0.015908
1.000000,0.100000,0.015908
1.000000,0.100000,0.015520
1.000000,0.100000,0.015520
1.000000,0.100000,0.015520
1.000000,0.100000,0.015520
1.000000,0.100000,0.015520
1.000000,0.100000,0.015520
1.000000,0.100000,0.015520
1.000000,0.100000,0.015520
1.000000,0.100000,0.015520
1.000000,0.100000,0.015520
1.000000,0.100000,0.015520
1.000000,0.100000,0.015520
1.000000,0.100000,0.015520
1.000000,0.100000,0.011947
1.000000,0.100000,0.011947
1.000000,0.100000,0.011947
1.000000,0.100000,0.011947
1.000000,0.100000,0.011947
1.000000,0.100000,0.011947
1.000000,0.100000,0.011947
1.000000,0.100000,0.011947
1.000000,0.100000,0.011947
1.000000,0.100000,0.011947
1.000000,0.100000,0.011947
1.000000,0.100000,0.011947
1.000000,0.100000,0.011947
1.000000,0.100000,0.011947
1.000000,0.100000,0.011947
1.000000,0.100000,0.011947
1.000000,0.100000,0.011947
1.000000,0.100000,0.011947
1.000000,0.100000,0.011947
1.000000,0.100000,0.011947
1.000000,0.100000,0.011947
1.000000,0.100000,0.011947
1.000000,0.100000,0.011947
1.000000,0.100000,0.004792
1.000000,0.100000,0.004792
1.000000,0.100000,0.004792
1.000000,0.100000,0.004792
1.000000,0.100000,0.004792
1.000000,0.100000,0.004792
1.000000,0.100000,0.004792
1.000000,0.100000,0.004792
1.000000,0.100000,0.004792
1.000000,0.100000,0.004792
1.000000,0.100000,0.004792
1.000000,0.100000,0.004792
1.000000,0.100000,0.004792
1.000000,0.100000,0.004792
1.000000,0.100000,0.004792
1.000000,0.100000,0.004792
1.000000,0.100000,-0.002919
1.000000,0.100000,-0.003096
1.000000,0.100000,-0.003096
1.000000,0.100000,-0.003096
1.000000,0.100000,-0.003096
1.000000,0.100000,-0.003096
1.000000,0.100000,-0.003096
1.000000,0.100000,-0.003096
1.000000,0.100000,-0.003096
1.000000,0.100000,-0.003096
1.000000,0.100000,-0.003096
1.000000,0.100000,-0.003096
1.000000,0.100000,-0.007449
1.000000,0.100000,-0.007449
1.000000,0.100000,-0.008835
1.000000,0.100000,-0.008835
1.000000,0.100000,-0.008835
1.000000,0.100000,-0.008835
1.000000,0.100000,-0.008835
1.000000,0.100000,-0.008835
1.000000,0.100000,-0.008835
1.000000,0.100000,-0.008835
1.000000,0.100000,-0.008835
1.000000,0.100000,-0.009690
1.000000,0.100000,-0.009690
1.000000,0.100000,-0.009690
1.000000,0.100000,-0.009690
1.000000,0.100000,-0.012496
1.000000,0.100000,-0.012496
1.000000,0.100000,-0.012496
1.000000,0.100000,-0.012496
1.000000,0.100000,-0.012496
1.000000,0.100000,-0.012496
1.000000,0.100000,-0.012496
1.000000,0.100000,-0.012496
1.000000,0.100000,-0.012496
1.000000,0.100000,-0.012496
1.000000,0.100000,-0.012496
1.000000,0.100000,-0.012496
1.000000,0.100000,-0.012496
1.000000,0.100000,-0.012496
1.000000,0.100000,-0.012496
1.000000,0.100000,-0.012496
1.000000,0.100000,-0.012496
1.000000,0.100000,-0.012496
1.000000,0.100000,-0.012496
1.000000,0.100000,-0.012496
1.000000,0.100000,-0.010268
1.000000,0.100000,-0.010268
1.000000,0.100000,-0.010268
1.000000,0.100000,-0.010268
1.000000,0.100000,-0.010268
1.000000,0.100000,-0.010268
1.000000,0.100000,-0.010268
1.000000,0.100000,-0.010268
1.000000,0.100000,-0.010268
1.000000,0.100000,-0.010268
1.000000,0.100000,-0.010268
1.000000,0.100000,-0.010268
1.000000,0.100000,-0.010268
1.000000,0.100000,-0.006954
1.000000,0.100000,-0.006833
1.000000,0.100000,-0.006833
1.000000,0.100000,-0.006833
1.000000,0.100000,-0.006833
1.000000,0.100000,-0.006833
1.000000,0.100000,-0.006833
1.000000,0.100000,-0.006833
1.000000,0.100000,-0.006229
1.000000,0.100000,-0.006229
1.000000,0.100000,-0.005733
1.000000,0.100000,-0.005733
1.000000,0.100000,-0.007141
1.000000,0.100000,-0.007141
1.000000,0.100000,-0.007141
1.000000,0.100000,-0.007141
1.000000,0.100000,-0.007141
1.000000,0.100000,-0.007141
1.000000,0.100000,-0.007141
1.000000,0.100000,-0.007141
1.000000,0.100000,-0.007141
1.000000,0.100000,-0.007141
1.000000,0.100000,-0.007141
1.000000,0.100000,-0.011280
1.000000,0.100000,-0.016113
1.000000,0.100000,-0.016113
1.000000,0.100000,-0.016113
1.000000,0.100000,-0.016113
1.000000,0.100000,-0.016113
1.000000,0.100000,-0.016113
1.000000,0.100000,-0.016113
1.000000,0.100000,-0.016113
1.000000,0.100000,-0.015321
1.000000,0.100000,-0.015321
1.000000,0.100000,-0.015321
1.000000,0.100000,-0.015321
1.000000,0.100000,-0.015321
1.000000,0.100000,-0.010633
1.000000,0.100000,-0.010633
1.000000,0.100000,-0.009833
1.000000,0.100000,-0.009833
1.000000,0.100000,-0.009833
1.000000,0.100000,-0.009833
1.000000,0.100000,-0.009833
1.000000,0.100000,-0.009833
1.000000,0.100000,-0.009833
1.000000,0.100000,-0.009833
1.000000,0.100000,-0.009833
1.000000,0.100000,-0.009833
1.000000,0.100000,-0.009833
1.000000,0.100000,-0.009833
1.000000,0.100000,-0.009833
1.000000,0.100000,-0.005867
1.000000,0.100000,-0.005867
1.000000,0.100000,-0.005867
1.000000,0.100000,-0.004253
1.000000,0.100000,-0.004253
1.000000,0.100000,-0.004253
1.000000,0.100000,-0.004253
1.000000,0.100000,-0.004253
1.000000,0.100000,-0.004253
1.000000,0.100000,-0.004253
1.000000,0.100000,-0.004253
1.000000,0.100000,-0.004253
1.000000,0.100000,-0.004253
1.000000,0.100000,-0.004253
1.000000,0.100000,-0.004253
1.000000,0.100000,-0.004253
1.000000,0.100000,-0.000896
1.000000,0.100000,0.001045
1.000000,0.100000,0.001045
1.000000,0.100000,-0.000120
1.000000,0.100000,-0.000120
1.000000,0.100000,-0.001648
1.000000,0.100000,-0.001648
1.000000,0.100000,-0.001986
1.000000,0.100000,-0.002145
1.000000,0.100000,-0.002145
1.000000,0.100000,-0.002373
1.000000,0.100000,-0.002373
1.000000,0.100000,-0.002663
1.000000,0.100000,-0.002663
1.000000,0.100000,-0.002781
1.000000,0.100000,-0.002781
1.000000,0.100000,-0.003182
1.000000,0.100000,-0.003182
1.000000,0.100000,-0.003182
1.000000,0.100000,-0.003182
1.000000,0.100000,-0.006358
1.000000,0.100000,-0.006358
1.000000,0.100000,-0.006020
1.000000,0.100000,-0.006020
1.000000,0.100000,-0.006785
1.000000,0.100000,-0.006785
1.000000,0.100000,-0.006949
1.000000,0.100000,-0.006949
1.000000,0.100000,-0.008572
1.000000,0.100000,-0.008572
1.000000,0.100000,-0.007151
1.000000,0.100000,-0.007151
1.000000,0.100000,-0.001227
1.000000,0.100000,-0.001227
1.000000,0.100000,0.000441
1.000000,0.100000,0.000441
1.000000,0.100000,0.000441
1.000000,0.100000,0.000441
1.000000,0.100000,0.000441
1.000000,0.100000,0.002971
1.000000,0.100000,0.002971
1.000000,0.100000,0.002006
1.000000,0.100000,0.002006
1.000000,0.100000,0.000648
1.000000,0.100000,0.000648
1.000000,0.100000,0.000830
1.000000,0.100000,0.000830
1.000000,0.100000,0.000830
1.000000,0.100000,0.000979
1.000000,0.100000,0.000979
1.000000,0.100000,0.001596
1.000000,0.100000,0.001538
1.000000,0.100000,0.002080
1.000000,0.100000,0.002080
1.000000,0.100000,0.003175
1.000000,0.100000,0.003175
1.000000,0.100000,0.003814
1.000000,0.100000,0.003814
1.000000,0.100000,0.004491
1.000000,0.100000,0.004491
1.000000,0.100000,0.004769
1.000000,0.100000,0.004769
1.000000,0.100000,0.005892
1.000000,0.100000,0.005892
1.000000,0.100000,0.006607
1.000000,0.100000,0.006607
1.000000,0.100000,0.006499
1.000000,0.100000,0.006499
1.000000,0.100000,0.006499
1.000000,0.100000,0.006267
1.000000,0.100000,0.006267
1.000000,0.100000,0.004735
1.000000,0.100000,0.004735
1.000000,0.100000,0.005020
1.000000,0.100000,0.005020
1.000000,0.100000,0.003917
1.000000,0.100000,0.003917
1.000000,0.100000,0.003917
1.000000,0.100000,0.003757
1.000000,0.100000,0.003757
1.000000,0.100000,0.003904
1.000000,0.100000,0.003904
1.000000,0.100000,0.002616
1.000000,0.100000,0.002616
1.000000,0.100000,0.002616
1.000000,0.100000,0.001040
1.000000,0.100000,-0.001472
1.000000,0.100000,-0.001472
1.000000,0.100000,-0.003049
1.000000,0.100000,-0.003049
1.000000,0.100000,-0.004478
1.000000,0.100000,-0.004478
1.000000,0.100000,-0.005261
1.000000,0.100000,-0.005261
1.000000,0.100000,-0.005261
1.000000,0.100000,-0.005910
1.000000,0.100000,-0.005910
1.000000,0.100000,-0.002803
1.000000,0.100000,-0.001685
1.000000,0.100000,-0.001731
1.000000,0.100000,-0.001731
1.000000,0.100000,-0.000937
1.000000,0.100000,0.000786
1.000000,0.100000,0.000786
1.000000,0.100000,0.000829
1.000000,0.100000,0.000829
1.000000,0.100000,0.000669
1.000000,0.100000,0.000339
1.000000,0.100000,0.002208
1.000000,0.100000,0.002221
1.000000,0.100000,0.002275
1.000000,0.100000,0.002275
1.000000,0.100000,0.002275
1.000000,0.100000,0.002275
1.000000,0.100000,0.003763
1.000000,0.100000,0.004230
1.000000,0.100000,0.006093
1.000000,0.100000,0.006093
1.000000,0.100000,0.006093
1.000000,0.100000,0.007085
1.000000,0.100000,0.007085
1.000000,0.100000,0.008304
1.000000,0.100000,0.008304
1.000000,0.100000,0.006579
1.000000,0.100000,0.006579
1.000000,0.100000,0.006579
1.000000,0.100000,0.004965
1.000000,0.100000,0.004965
1.000000,0.100000,0.003592
1.000000,0.100000,0.003592
1.000000,0.100000,0.002042
1.000000,0.100000,0.002042
1.000000,0.100000,0.002042
1.000000,0.100000,0.002042
1.000000,0.100000,-0.000153
1.000000,0.100000,-0.000153
1.000000,0.100000,-0.000890
1.000000,0.100000,-0.000890
1.000000,0.100000,-0.001946
1.000000,0.100000,-0.001946
1.000000,0.100000,-0.001767
1.000000,0.100000,-0.001767
1.000000,0.100000,-0.001767
1.000000,0.100000,-0.000773
1.000000,0.100000,-0.000773
1.000000,0.100000,0.005989
1.000000,0.100000,0.005989
1.000000,0.100000,0.008400
1.000000,0.100000,0.008400
1.000000,0.100000,0.008400
1.000000,0.100000,0.008094
1.000000,0.100000,0.007902
1.000000,0.100000,0.007902
1.000000,0.100000,0.007336
1.000000,0.100000,0.007336
1.000000,0.100000,0.004907
1.000000,0.100000,0.004907
1.000000,0.100000,0.003878
1.000000,0.100000,0.003878
1.000000,0.100000,0.003210
1.000000,0.100000,0.003210
1.000000,0.100000,0.003524
1.000000,0.100000,0.003524
1.000000,0.100000,0.003077
1.000000,0.100000,0.002337
1.000000,0.100000,0.002337
1.000000,0.100000,0.001504
1.000000,0.100000,0.001504
1.000000,0.100000,0.001400
1.000000,0.100000,0.001400
1.000000,0.100000,0.001127
1.000000,0.100000,0.001127
1.000000,0.100000,0.001130
1.000000,0.100000,0.001130
1.000000,0.100000,0.001130
1.000000,0.100000,0.002494
1.000000,0.100000,0.002494
1.000000,0.100000,0.003106
1.000000,0.100000,0.003106
1.000000,0.100000,0.003775
1.000000,0.100000,0.003775
1.000000,0.100000,0.005432
1.000000,0.100000,0.006035
1.000000,0.100000,0.006035
1.000000,0.100000,0.005812
1.000000,0.100000,0.005812
1.000000,0.100000,0.006384
1.000000,0.100000,0.006384
1.000000,0.100000,0.006384
1.000000,0.100000,0.007091
1.000000,0.100000,0.006417
1.000000,0.100000,0.004380
1.000000,0.100000,0.003210
1.000000,0.100000,0.001236
1.000000,0.100000,0.001236
1.000000,0.100000,0.001236
1.000000,0.100000,-0.000402
1.000000,0.100000,-0.000402
1.000000,0.100000,-0.001635
1.000000,0.100000,-0.001635
1.000000,0.100000,-0.002430
1.000000,0.100000,-0.002430
1.000000,0.100000,-0.002430
1.000000,0.100000,-0.002491
1.000000,0.100000,-0.002491
1.000000,0.100000,-0.002491
1.000000,0.100000,-0.002745
1.000000,0.100000,-0.001787
1.000000,0.100000,-0.001787
1.000000,0.100000,0.001984
1.000000,0.100000,0.001984
1.000000,0.100000,0.001984
1.000000,0.100000,0.002481
1.000000,0.100000,0.003116
1.000000,0.100000,0.003865
1.000000,0.100000,0.003946
1.000000,0.100000,0.003946
1.000000,0.100000,0.004977
1.000000,0.100000,0.005564
1.000000,0.100000,0.005564
1.000000,0.100000,0.005564
1.000000,0.100000,0.007917
1.000000,0.100000,0.007917
1.000000,0.100000,0.007917
1.000000,0.100000,0.009081
1.000000,0.100000,0.009081
1.000000,0.100000,0.011578
1.000000,0.100000,0.011578
1.000000,0.100000,0.015363
1.000000,0.100000,0.015363
1.000000,0.100000,0.016190
1.000000,0.100000,0.016190
1.000000,0.100000,0.017219
1.000000,0.100000,0.017219
1.000000,0.100000,0.017219
1.000000,0.100000,0.017871
1.000000,0.100000,0.016930
1.000000,0.100000,0.016930
1.000000,0.100000,0.016930
1.000000,0.100000,0.016930
1.000000,0.100000,0.013150
1.000000,0.100000,0.015595
1.000000,0.100000,0.015595
1.000000,0.100000,0.015595
1.000000,0.100000,0.013729
1.000000,0.100000,0.013729
1.000000,0.100000,0.014959
1.000000,0.100000,0.014959
1.000000,0.100000,0.014580
1.000000,0.100000,0.014580
1.000000,0.100000,0.015674
1.000000,0.100000,0.015674
1.000000,0.100000,0.015674
1.000000,0.100000,0.018940
1.000000,0.100000,0.018940
1.000000,0.100000,0.018409
1.000000,0.100000,0.018409
1.000000,0.100000,0.019289
1.000000,0.100000,0.019289
1.000000,0.100000,0.020329
1.000000,0.100000,0.022313
1.000000,0.100000,0.022313
1.000000,0.100000,0.023826
1.000000,0.100000,0.023826
1.000000,0.100000,0.022773
1.000000,0.100000,0.022773
1.000000,0.100000,0.025006
1.000000,0.100000,0.025006
1.000000,0.100000,0.017708
1.000000,0.100000,0.017708
1.000000,0.100000,0.020037
1.000000,0.100000,0.020037
1.000000,0.100000,0.020037
1.000000,0.100000,0.019468
1.000000,0.100000,0.019599
1.000000,0.100000,0.018865
1.000000,0.100000,0.018865
1.000000,0.100000,0.018900
1.000000,0.100000,0.021958
1.000000,0.100000,0.021958
1.000000,0.100000,0.021958
1.000000,0.100000,0.023522
1.000000,0.100000,0.023614
1.000000,0.100000,0.024438
1.000000,0.100000,0.024438
1.000000,0.100000,0.024922
1.000000,0.100000,0.024922
1.000000,0.100000,0.024327
1.000000,0.100000,0.024327
1.000000,0.100000,0.031257
1.000000,0.100000,0.031257
1.000000,0.100000,0.032450
1.000000,0.100000,0.032450
1.000000,0.100000,0.030608
1.000000,0.100000,0.030608
1.000000,0.100000,0.030608
1.000000,0.100000,0.028872
1.000000,0.100000,0.028872
1.000000,0.100000,0.031519
1.000000,0.100000,0.031519
1.000000,0.100000,0.032962
1.000000,0.100000,0.032962
1.000000,0.100000,0.032617
1.000000,0.100000,0.032617
1.000000,0.100000,0.034488
1.000000,0.100000,0.034488
1.000000,0.100000,0.032222
1.000000,0.100000,0.028453
1.000000,0.100000,0.028453
1.000000,0.100000,0.025435
1.000000,0.100000,0.025435
1.000000,0.100000,0.030174
1.000000,0.100000,0.030174
1.000000,0.100000,0.030174
1.000000,0.100000,0.034943
1.000000,0.100000,0.034943
1.000000,0.100000,0.037414
1.000000,0.100000,0.037414
1.000000,0.100000,0.039091
1.000000,0.100000,0.039091
1.000000,0.100000,0.037823
1.000000,0.100000,0.037823
1.000000,0.100000,0.037721
1.000000,0.100000,0.037721
1.000000,0.100000,0.038794
1.000000,0.100000,0.038794
1.000000,0.100000,0.042303
1.000000,0.100000,0.045155
1.000000,0.100000,0.045155
1.000000,0.100000,0.044233
1.000000,0.100000,0.044233
1.000000,0.100000,0.044795
1.000000,0.100000,0.044795
1.000000,0.100000,0.046455
1.000000,0.100000,0.046455
1.000000,0.100000,0.039840
1.000000,0.100000,0.039840
1.000000,0.100000,0.041327
1.000000,0.100000,0.041321
1.000000,0.100000,0.044327
1.000000,0.100000,0.044379
1.000000,0.100000,0.044001
1.000000,0.100000,0.041802
1.000000,0.100000,0.041802
1.000000,0.100000,0.038561
1.000000,0.100000,0.038561
1.000000,0.100000,0.041351
1.000000,0.100000,0.041351
1.000000,0.100000,0.041351
1.000000,0.100000,0.041986
1.000000,0.100000,0.041986
1.000000,0.100000,0.044134
1.000000,0.100000,0.047804
1.000000,0.100000,0.047804
1.000000,0.100000,0.047804
1.000000,0.100000,0.049810
1.000000,0.100000,0.049810
1.000000,0.100000,0.049324
1.000000,0.100000,0.049324
1.000000,0.100000,0.049049
1.000000,0.100000,0.049049
1.000000,0.100000,0.049333
1.000000,0.100000,0.047801
1.000000,0.100000,0.047801
1.000000,0.100000,0.047801
1.000000,0.100000,0.042586
1.000000,0.100000,0.042435
1.000000,0.100000,0.042435
1.000000,0.100000,0.045588
1.000000,0.100000,0.045588
1.000000,0.100000,0.043153
1.000000,0.100000,0.043153
1.000000,0.100000,0.042006
1.000000,0.100000,0.042006
1.000000,0.100000,0.044466
1.000000,0.100000,0.044466
1.000000,0.100000,0.047113
1.000000,0.100000,0.047113
1.000000,0.100000,0.043509
1.000000,0.100000,0.043509
1.000000,0.100000,0.041068
1.000000,0.100000,0.041068
1.000000,0.100000,0.041068
1.000000,0.100000,0.041882
1.000000,0.100000,0.040970
1.000000,0.100000,0.043996
1.000000,0.100000,0.044853
1.000000,0.100000,0.053598
1.000000,0.100000,0.053598
1.000000,0.100000,0.057770
1.000000,0.100000,0.057770
1.000000,0.100000,0.062237
1.000000,0.100000,0.062237
1.000000,0.100000,0.062237
1.000000,0.100000,0.062013
1.000000,0.100000,0.061230
1.000000,0.100000,0.061230
1.000000,0.100000,0.061230
1.000000,0.100000,0.060020
1.000000,0.100000,0.060020
1.000000,0.100000,0.058958
1.000000,0.100000,0.058958
1.000000,0.100000,0.061101
1.000000,0.100000,0.061101
1.000000,0.100000,0.060460
1.000000,0.100000,0.060460
1.000000,0.100000,0.059705
1.000000,0.100000,0.059705
1.000000,0.100000,0.059813
1.000000,0.100000,0.059813
1.000000,0.100000,0.060071
1.000000,0.100000,0.060071
1.000000,0.100000,0.059327
1.000000,0.100000,0.059327
1.000000,0.100000,0.062092
1.000000,0.100000,0.062092
1.000000,0.100000,0.062092
1.000000,0.100000,0.060084
1.000000,0.100000,0.062265
1.000000,0.100000,0.062265
1.000000,0.100000,0.063030
1.000000,0.100000,0.063030
1.000000,0.100000,0.063076
1.000000,0.100000,0.063076
1.000000,0.100000,0.062658
1.000000,0.100000,0.062658
1.000000,0.100000,0.064882
1.000000,0.100000,0.064882
1.000000,0.100000,0.066123
1.000000,0.100000,0.066123
1.000000,0.100000,0.068280
1.000000,0.100000,0.068492
1.000000,0.100000,0.068492
1.000000,0.100000,0.070744
1.000000,0.100000,0.070744
1.000000,0.100000,0.070744
1.000000,0.100000,0.074206
1.000000,0.100000,0.074206
1.000000,0.100000,0.078108
1.000000,0.100000,0.078108
1.000000,0.100000,0.081716
1.000000,0.100000,0.081716
1.000000,0.100000,0.084750
1.000000,0.100000,0.084750
1.000000,0.100000,0.084125
1.000000,0.100000,0.086655
1.000000,0.100000,0.086655
1.000000,0.100000,0.080478
1.000000,0.100000,0.077260
1.000000,0.100000,0.077260
1.000000,0.100000,0.075698
1.000000,0.100000,0.075657
1.000000,0.100000,0.074002
1.000000,0.100000,0.073004
1.000000,0.100000,0.073004
1.000000,0.100000,0.074071
1.000000,0.100000,0.074173
1.000000,0.100000,0.075317
1.000000,0.100000,0.076360
1.000000,0.100000,0.076360
1.000000,0.100000,0.078315
1.000000,0.100000,0.078921
1.000000,0.100000,0.078921
1.000000,0.100000,0.077523
1.000000,0.100000,0.077523
1.000000,0.100000,0.077523
1.000000,0.100000,0.075349
1.000000,0.100000,0.072765
1.000000,0.100000,0.073599
1.000000,0.100000,0.078547
1.000000,0.100000,0.078547
1.000000,0.100000,0.082167
1.000000,0.100000,0.082167
1.000000,0.100000,0.079214
1.000000,0.100000,0.079214
1.000000,0.100000,0.078696
1.000000,0.100000,0.078696
1.000000,0.100000,0.078919
1.000000,0.100000,0.078919
1.000000,0.100000,0.078271
1.000000,0.100000,0.078271
1.000000,0.100000,0.078271
1.000000,0.100000,0.076937
1.000000,0.100000,0.076937
1.000000,0.100000,0.072167
1.000000,0.100000,0.072167
1.000000,0.100000,0.072170
1.000000,0.100000,0.072170
1.000000,0.100000,0.073544
1.000000,0.100000,0.073544
1.000000,0.100000,0.072145
1.000000,0.100000,0.072145
1.000000,0.100000,0.074394
1.000000,0.100000,0.074394
1.000000,0.100000,0.073221
1.000000,0.100000,0.073221
1.000000,0.100000,0.072597
1.000000,0.100000,0.072597
1.000000,0.100000,0.073071
1.000000,0.100000,0.073071
1.000000,0.100000,0.074446
1.000000,0.100000,0.074446
1.000000,0.100000,0.074503
1.000000,0.100000,0.074503
1.000000,0.100000,0.075789
1.000000,0.100000,0.075789
1.000000,0.100000,0.073904
1.000000,0.100000,0.073904
1.000000,0.100000,0.072726
1.000000,0.100000,0.072726
1.000000,0.100000,0.072785
1.000000,0.100000,0.072785
1.000000,0.100000,0.071955
1.000000,0.100000,0.071955
1.000000,0.100000,0.072527
1.000000,0.100000,0.076960
1.000000,0.100000,0.076960
1.000000,0.100000,0.076475
1.000000,0.100000,0.076475
1.000000,0.100000,0.074752
1.000000,0.100000,0.074752
1.000000,0.100000,0.075925
1.000000,0.100000,0.075925
1.000000,0.100000,0.077164
1.000000,0.100000,0.077164
1.000000,0.100000,0.077164
1.000000,0.100000,0.075263
1.000000,0.100000,0.075263
1.000000,0.100000,0.073433
1.000000,0.100000,0.073433
1.000000,0.100000,0.073754
1.000000,0.100000,0.073754
1.000000,0.100000,0.074983
1.000000,0.100000,0.074983
1.000000,0.100000,0.075400
1.000000,0.100000,0.075400
1.000000,0.100000,0.075400
1.000000,0.100000,0.070274
1.000000,0.100000,0.062440
1.000000,0.100000,0.062203
1.000000,0.100000,0.061613
1.000000,0.100000,0.061613
1.000000,0.100000,0.063649
1.000000,0.100000,0.063514
1.000000,0.100000,0.063514
1.000000,0.100000,0.063514
1.000000,0.100000,0.073680
1.000000,0.100000,0.087118
1.000000,0.100000,0.087118
1.000000,0.100000,0.096761
1.000000,0.100000,0.096761
1.000000,0.100000,0.096761
1.000000,0.100000,0.091979
1.000000,0.100000,0.091979
1.000000,0.100000,0.089573
1.000000,0.100000,0.089573
1.000000,0.100000,0.084912
1.000000,0.100000,0.084912
1.000000,0.100000,0.085244
1.000000,0.100000,0.085244
1.000000,0.100000,0.078433
1.000000,0.100000,0.078433
1.000000,0.100000,0.074320
1.000000,0.100000,0.074320
1.000000,0.100000,0.070852
1.000000,0.100000,0.070852
1.000000,0.100000,0.074193
1.000000,0.100000,0.074193
1.000000,0.100000,0.077127
1.000000,0.100000,0.077127
1.000000,0.100000,0.077127
1.000000,0.100000,0.077127
1.000000,0.100000,0.079590
1.000000,0.100000,0.079590
1.000000,0.100000,0.077533
1.000000,0.100000,0.077533
1.000000,0.100000,0.073176
1.000000,0.100000,0.087888
1.000000,0.100000,0.091523
1.000000,0.100000,0.093962
1.000000,0.100000,0.097420
1.000000,0.100000,0.097420
1.000000,0.100000,0.095414
1.000000,0.100000,0.095414
1.000000,0.100000,0.091533
1.000000,0.100000,0.091533
1.000000,0.100000,0.091801
1.000000,0.100000,0.091801
1.000000,0.100000,0.090599
1.000000,0.100000,0.090599
1.000000,0.100000,0.078093
1.000000,0.100000,0.078093
1.000000,0.100000,0.093582
1.000000,0.100000,0.093582
1.000000,0.100000,0.095331
1.000000,0.100000,0.095331
1.000000,0.100000,0.100330
1.000000,0.100000,0.100330
1.000000,0.100000,0.100330
1.000000,0.100000,0.093075
1.000000,0.100000,0.093075
1.000000,0.100000,0.085578
1.000000,0.100000,0.085527
1.000000,0.100000,0.085527
1.000000,0.100000,0.085527
1.000000,0.100000,0.088456
1.000000,0.100000,0.092672
1.000000,0.100000,0.092672
1.000000,0.100000,0.094165
1.000000,0.100000,0.094165
1.000000,0.100000,0.094165
1.000000,0.100000,0.094255
1.000000,0.100000,0.094255
1.000000,0.100000,0.089531
1.000000,0.100000,0.089531
1.000000,0.100000,0.095706
1.000000,0.100000,0.095706
1.000000,0.100000,0.102783
1.000000,0.100000,0.102783
1.000000,0.100000,0.108817
1.000000,0.100000,0.108817
1.000000,0.100000,0.106405
1.000000,0.100000,0.106931
1.000000,0.100000,0.106931
1.000000,0.100000,0.106432
1.000000,0.100000,0.106432
1.000000,0.100000,0.107130
1.000000,0.100000,0.107130
1.000000,0.100000,0.105270
1.000000,0.100000,0.105270
1.000000,0.100000,0.105905
1.000000,0.100000,0.105905
1.000000,0.100000,0.096764
1.000000,0.100000,0.095011
1.000000,0.100000,0.095011
1.000000,0.100000,0.094819
1.000000,0.100000,0.097041
1.000000,0.100000,0.097041
1.000000,0.100000,0.085784
1.000000,0.100000,0.085784
1.000000,0.100000,0.085055
1.000000,0.100000,0.085055
1.000000,0.100000,0.084164
1.000000,0.100000,0.084638
1.000000,0.100000,0.084638
1.000000,0.100000,0.082315
1.000000,0.100000,0.082315
1.000000,0.100000,0.081817
1.000000,0.100000,0.081817
1.000000,0.100000,0.079553
1.000000,0.100000,0.079553
1.000000,0.100000,0.079553
1.000000,0.100000,0.079526
1.000000,0.100000,0.080056
1.000000,0.100000,0.081884
1.000000,0.100000,0.081884
1.000000,0.100000,0.082778
1.000000,0.100000,0.082778
1.000000,0.100000,0.078427
1.000000,0.100000,0.078427
1.000000,0.100000,0.079302
1.000000,0.100000,0.080002
1.000000,0.100000,0.080002
1.000000,0.100000,0.076182
1.000000,0.100000,0.076182
1.000000,0.100000,0.075949
1.000000,0.100000,0.075949
1.000000,0.100000,0.068518
1.000000,0.100000,0.068518
1.000000,0.100000,0.068518
1.000000,0.100000,0.068289
1.000000,0.100000,0.068289
1.000000,0.100000,0.067642
1.000000,0.100000,0.067642
1.000000,0.100000,0.066365
1.000000,0.100000,0.066365
1.000000,0.100000,0.067273
1.000000,0.100000,0.067273
1.000000,0.100000,0.067273
1.000000,0.100000,0.065341
1.000000,0.100000,0.065341
1.000000,0.100000,0.065175
1.000000,0.100000,0.065175
1.000000,0.100000,0.065168
1.000000,0.100000,0.065168
1.000000,0.100000,0.064888
1.000000,0.100000,0.065275
1.000000,0.100000,0.063781
1.000000,0.100000,0.063781
1.000000,0.100000,0.062007
1.000000,0.100000,0.063568
1.000000,0.100000,0.063568
1.000000,0.100000,0.066163
1.000000,0.100000,0.068560
1.000000,0.100000,0.068560
1.000000,0.100000,0.071127
1.000000,0.100000,0.068739
1.000000,0.100000,0.068748
1.000000,0.100000,0.069188
1.000000,0.100000,0.069188
1.000000,0.100000,0.068159
1.000000,0.100000,0.068159
1.000000,0.100000,0.067122
1.000000,0.100000,0.067122
1.000000,0.100000,0.064425
1.000000,0.100000,0.062131
1.000000,0.100000,0.065165
1.000000,0.100000,0.065165
1.000000,0.100000,0.067957
1.000000,0.100000,0.067957
1.000000,0.100000,0.067957
1.000000,0.100000,0.069845
1.000000,0.100000,0.069845
1.000000,0.100000,0.071412
1.000000,0.100000,0.068204
1.000000,0.100000,0.069369
1.000000,0.100000,0.069369
1.000000,0.100000,0.067523
1.000000,0.100000,0.067523
1.000000,0.100000,0.068727
1.000000,0.100000,0.068727
1.000000,0.100000,0.071372
1.000000,0.100000,0.071372
1.000000,0.100000,0.068935
1.000000,0.100000,0.068935
1.000000,0.100000,0.072822
1.000000,0.100000,0.072822
1.000000,0.100000,0.072822
1.000000,0.100000,0.072822
1.000000,0.100000,0.072822
1.000000,0.100000,0.079889
1.000000,0.100000,0.079889
1.000000,0.100000,0.082509
1.000000,0.100000,0.082509
1.000000,0.100000,0.075862
1.000000,0.100000,0.075862
1.000000,0.100000,0.077297
1.000000,0.100000,0.077297
1.000000,0.100000,0.073424
1.000000,0.100000,0.073424
1.000000,0.100000,0.073617
1.000000,0.100000,0.073617
1.000000,0.100000,0.074596
1.000000,0.100000,0.074596
1.000000,0.100000,0.074596
1.000000,0.100000,0.073532
1.000000,0.100000,0.073532
1.000000,0.100000,0.062972
1.000000,0.100000,0.062972
1.000000,0.100000,0.062972
1.000000,0.100000,0.067356
1.000000,0.100000,0.067925
1.000000,0.100000,0.067925
1.000000,0.100000,0.065777
1.000000,0.100000,0.065777
1.000000,0.100000,0.061920
1.000000,0.100000,0.061920
1.000000,0.100000,0.054853
1.000000,0.100000,0.054853
1.000000,0.100000,0.052850
1.000000,0.100000,0.052850
1.000000,0.100000,0.052850
1.000000,0.100000,0.046767
1.000000,0.100000,0.046767
1.000000,0.100000,0.050348
1.000000,0.100000,0.050348
1.000000,0.100000,0.057398
1.000000,0.100000,0.057398
1.000000,0.100000,0.057398
1.000000,0.100000,0.056764
1.000000,0.100000,0.048769
1.000000,0.100000,0.048769
1.000000,0.100000,0.046000
1.000000,0.100000,0.046000
1.000000,0.100000,0.046864
1.000000,0.100000,0.046864
1.000000,0.100000,0.038731
1.000000,0.100000,0.038731
1.000000,0.100000,0.043000
1.000000,0.100000,0.043000
1.000000,0.100000,0.049837
1.000000,0.100000,0.049837
1.000000,0.100000,0.049837
1.000000,0.100000,0.053477
1.000000,0.100000,0.053477
1.000000,0.100000,0.052268
1.000000,0.100000,0.052268
1.000000,0.100000,0.052268
1.000000,0.100000,0.051789
1.000000,0.100000,0.053248
1.000000,0.100000,0.053248
1.000000,0.100000,0.053201
1.000000,0.100000,0.058511
1.000000,0.100000,0.058511
1.000000,0.100000,0.058511
1.000000,0.100000,0.058511
1.000000,0.100000,0.060741
1.000000,0.100000,0.058368
1.000000,0.100000,0.058368
1.000000,0.100000,0.058564
1.000000,0.100000,0.058564
1.000000,0.100000,0.058145
1.000000,0.100000,0.058145
1.000000,0.100000,0.057163
1.000000,0.100000,0.057163
1.000000,0.100000,0.057163
1.000000,0.100000,0.057163
1.000000,0.100000,0.049413
1.000000,0.100000,0.049413
1.000000,0.100000,0.049127
1.000000,0.100000,0.049127
1.000000,0.100000,0.047220
1.000000,0.100000,0.047220
1.000000,0.100000,0.050158
1.000000,0.100000,0.050158
1.000000,0.100000,0.052494
1.000000,0.100000,0.052494
1.000000,0.100000,0.048674
1.000000,0.100000,0.048674
1.000000,0.100000,0.049232
1.000000,0.100000,0.049232
1.000000,0.100000,0.049232
1.000000,0.100000,0.049232
1.000000,0.100000,0.051130
1.000000,0.100000,0.051130
1.000000,0.100000,0.048200
1.000000,0.100000,0.048200
1.000000,0.100000,0.045340
1.000000,0.100000,0.044390
1.000000,0.100000,0.044390
1.000000,0.100000,0.049479
1.000000,0.100000,0.049479
1.000000,0.100000,0.049885
1.000000,0.100000,0.049885
1.000000,0.100000,0.047782
1.000000,0.100000,0.042604
1.000000,0.100000,0.042604
1.000000,0.100000,0.041579
1.000000,0.100000,0.041579
1.000000,0.100000,0.041013
1.000000,0.100000,0.041013
1.000000,0.100000,0.041013
1.000000,0.100000,0.041074
1.000000,0.100000,0.042841
1.000000,0.100000,0.042841
1.000000,0.100000,0.038584
1.000000,0.100000,0.038584
1.000000,0.100000,0.038847
1.000000,0.100000,0.038847
1.000000,0.100000,0.041575
1.000000,0.100000,0.041426
1.000000,0.100000,0.041426
1.000000,0.100000,0.042165
1.000000,0.100000,0.040760
1.000000,0.100000,0.040760
1.000000,0.100000,0.040304
1.000000,0.100000,0.040304
1.000000,0.100000,0.039597
1.000000,0.100000,0.039597
1.000000,0.100000,0.041218
1.000000,0.100000,0.041218
1.000000,0.100000,0.038253
1.000000,0.100000,0.038253
1.000000,0.100000,0.040890
1.000000,0.100000,0.040890
1.000000,0.100000,0.040890
1.000000,0.100000,0.042519
1.000000,0.100000,0.042519
1.000000,0.100000,0.042505
1.000000,0.100000,0.042505
1.000000,0.100000,0.044052
1.000000,0.100000,0.044052
1.000000,0.100000,0.040244
1.000000,0.100000,0.040244
1.000000,0.100000,0.038561
1.000000,0.100000,0.038561
1.000000,0.100000,0.038561
1.000000,0.100000,0.036863
1.000000,0.100000,0.037044
1.000000,0.100000,0.037044
1.000000,0.100000,0.033389
1.000000,0.100000,0.033389
1.000000,0.100000,0.033515
1.000000,0.100000,0.033515
1.000000,0.100000,0.033229
1.000000,0.100000,0.033229
1.000000,0.100000,0.031085
1.000000,0.100000,0.031085
1.000000,0.100000,0.031085
1.000000,0.100000,0.029947
1.000000,0.100000,0.028892
1.000000,0.100000,0.028892
1.000000,0.100000,0.028784
1.000000,0.100000,0.028784
1.000000,0.100000,0.028784
1.000000,0.100000,0.028784
1.000000,0.100000,0.026866
1.000000,0.100000,0.025296
1.000000,0.100000,0.025296
1.000000,0.100000,0.024743
1.000000,0.100000,0.024743
1.000000,0.100000,0.023655
1.000000,0.100000,0.023686
1.000000,0.100000,0.023686
1.000000,0.100000,0.023999
1.000000,0.100000,0.023999
1.000000,0.100000,0.021634
1.000000,0.100000,0.021634
1.000000,0.100000,0.022175
1.000000,0.100000,0.022175
1.000000,0.100000,0.020193
1.000000,0.100000,0.020193
1.000000,0.100000,0.018873
1.000000,0.100000,0.018873
1.000000,0.100000,0.018873
1.000000,0.100000,0.018873
1.000000,0.100000,0.018873
1.000000,0.100000,0.014626
1.000000,0.100000,0.014626
1.000000,0.100000,0.014529
1.000000,0.100000,0.014669
1.000000,0.100000,0.014669
1.000000,0.100000,0.014669
1.000000,0.100000,0.015967
1.000000,0.100000,0.017096
1.000000,0.100000,0.017096
1.000000,0.100000,0.015586
1.000000,0.100000,0.015586
1.000000,0.100000,0.014038
1.000000,0.100000,0.014038
1.000000,0.100000,0.014212
1.000000,0.100000,0.014212
1.000000,0.100000,0.013168
1.000000,0.100000,0.013168
1.000000,0.100000,0.013168
1.000000,0.100000,0.014364
1.000000,0.100000,0.014364
1.000000,0.100000,0.016196
1.000000,0.100000,0.016196
1.000000,0.100000,0.016196
1.000000,0.100000,0.015002
1.000000,0.100000,0.015002
1.000000,0.100000,0.013417
1.000000,0.100000,0.013417
1.000000,0.100000,0.013213
1.000000,0.100000,0.013213
1.000000,0.100000,0.013230
1.000000,0.100000,0.013230
1.000000,0.100000,0.009791
1.000000,0.100000,0.009791
1.000000,0.100000,0.009791
1.000000,0.100000,0.006894
1.000000,0.100000,0.006894
1.000000,0.100000,0.007699
1.000000,0.100000,0.007699
1.000000,0.100000,0.007699
1.000000,0.100000,0.008512
1.000000,0.100000,0.009233
1.000000,0.100000,0.009233
1.000000,0.100000,0.010587
1.000000,0.100000,0.010587
1.000000,0.100000,0.009430
1.000000,0.100000,0.009430
1.000000,0.100000,0.005493
1.000000,0.100000,0.005493
1.000000,0.100000,0.003687
1.000000,0.100000,0.003687
1.000000,0.100000,0.003687
1.000000,0.100000,0.001973
1.000000,0.100000,0.001973
1.000000,0.100000,0.001405
1.000000,0.100000,0.001405
1.000000,0.100000,0.000790
1.000000,0.100000,0.000790
1.000000,0.100000,0.000790
1.000000,0.100000,0.001808
1.000000,0.100000,0.001747
1.000000,0.100000,0.001747
1.000000,0.100000,0.003697
1.000000,0.100000,0.003697
1.000000,0.100000,0.003697
1.000000,0.100000,-0.000058
1.000000,0.100000,-0.000058
1.000000,0.100000,-0.000186
1.000000,0.100000,-0.000186
1.000000,0.100000,-0.001316
1.000000,0.100000,-0.001316
1.000000,0.100000,-0.002182
1.000000,0.100000,-0.002182
1.000000,0.100000,-0.002065
1.000000,0.100000,-0.002065
1.000000,0.100000,-0.000270
1.000000,0.100000,-0.000270
1.000000,0.100000,0.000797
1.000000,0.100000,0.000797
1.000000,0.100000,0.002433
1.000000,0.100000,0.002433
1.000000,0.100000,0.001288
1.000000,0.100000,0.001288
1.000000,0.100000,0.000394
1.000000,0.100000,0.000394
1.000000,0.100000,0.000394
1.000000,0.100000,-0.002055
1.000000,0.100000,-0.002055
1.000000,0.100000,-0.002276
1.000000,0.100000,-0.002276
1.000000,0.100000,-0.003819
1.000000,0.100000,-0.003819
1.000000,0.100000,-0.003561
1.000000,0.100000,-0.003561
1.000000,0.100000,-0.004838
1.000000,0.100000,-0.004838
1.000000,0.100000,-0.004838
1.000000,0.100000,-0.004838
1.000000,0.100000,-0.002443
1.000000,0.100000,-0.002443
1.000000,0.100000,-0.001944
1.000000,0.100000,-0.001944
1.000000,0.100000,-0.001944
1.000000,0.100000,-0.001532
1.000000,0.100000,-0.001532
1.000000,0.100000,-0.000643
1.000000,0.100000,-0.000643
1.000000,0.100000,-0.002290
1.000000,0.100000,-0.002290
1.000000,0.100000,-0.001221
1.000000,0.100000,-0.001221
1.000000,0.100000,-0.001069
1.000000,0.100000,-0.001069
1.000000,0.100000,-0.000592
1.000000,0.100000,-0.000592
1.000000,0.100000,-0.001104
1.000000,0.100000,-0.001104
1.000000,0.100000,-0.000923
1.000000,0.100000,-0.000923
1.000000,0.100000,-0.000923
1.000000,0.100000,-0.002264
1.000000,0.100000,-0.002264
1.000000,0.100000,-0.001362
1.000000,0.100000,-0.001362
1.000000,0.100000,-0.001362
1.000000,0.100000,-0.004457
1.000000,0.100000,-0.004457
1.000000,0.100000,-0.002751
1.000000,0.100000,-0.002751
1.000000,0.100000,-0.000912
1.000000,0.100000,-0.000912
1.000000,0.100000,0.000792
1.000000,0.100000,0.000792
1.000000,0.100000,0.002419
1.000000,0.100000,0.002419
1.000000,0.100000,0.003771
1.000000,0.100000,0.003771
1.000000,0.100000,0.004143
1.000000,0.100000,0.004143
1.000000,0.100000,0.004910
1.000000,0.100000,0.004910
1.000000,0.100000,0.004614
1.000000,0.100000,0.004614
1.000000,0.100000,0.004070
1.000000,0.100000,0.004070
1.000000,0.100000,0.005302
1.000000,0.100000,0.005302
1.000000,0.100000,0.005270
1.000000,0.100000,0.004372
1.000000,0.100000,0.004372
1.000000,0.100000,0.004372
1.000000,0.100000,0.005026
1.000000,0.100000,0.005895
1.000000,0.100000,0.005895
1.000000,0.100000,0.005895
1.000000,0.100000,0.005704
1.000000,0.100000,0.005704
1.000000,0.100000,0.003361
1.000000,0.100000,0.003648
1.000000,0.100000,0.003648
1.000000,0.100000,0.004924
1.000000,0.100000,0.004924
1.000000,0.100000,0.005498
1.000000,0.100000,0.005498
1.000000,0.100000,0.002946
1.000000,0.100000,0.006555
1.000000,0.100000,0.006555
1.000000,0.100000,0.009176
1.000000,0.100000,0.009176
1.000000,0.100000,0.009806
1.000000,0.100000,0.009806
1.000000,0.100000,0.009806
1.000000,0.100000,0.010564
1.000000,0.100000,0.011489
1.000000,0.100000,0.011489
1.000000,0.100000,0.012914
1.000000,0.100000,0.012914
1.000000,0.100000,0.015316
1.000000,0.100000,0.015316
1.000000,0.100000,0.016625
1.000000,0.100000,0.016625
1.000000,0.100000,0.015935
1.000000,0.100000,0.015935
1.000000,0.100000,0.015935
1.000000,0.100000,0.019936
1.000000,0.100000,0.019936
1.000000,0.100000,0.017929
1.000000,0.100000,0.017929
1.000000,0.100000,0.018661
1.000000,0.100000,0.018880
1.000000,0.100000,0.018880
1.000000,0.100000,0.018880
1.000000,0.100000,0.019373
1.000000,0.100000,0.021647
1.000000,0.100000,0.021647
1.000000,0.100000,0.021963
1.000000,0.100000,0.021963
1.000000,0.100000,0.022283
1.000000,0.100000,0.022283
1.000000,0.100000,0.022670
1.000000,0.100000,0.022670
1.000000,0.100000,0.025052
1.000000,0.100000,0.025966
1.000000,0.100000,0.025966
1.000000,0.100000,0.027586
1.000000,0.100000,0.027586
1.000000,0.100000,0.023532
1.000000,0.100000,0.023532
1.000000,0.100000,0.023263
1.000000,0.100000,0.023263
1.000000,0.100000,0.024780
1.000000,0.100000,0.024780
1.000000,0.100000,0.026269
1.000000,0.100000,0.027641
1.000000,0.100000,0.026587
1.000000,0.100000,0.026587
1.000000,0.100000,0.026527
1.000000,0.100000,0.026527
1.000000,0.100000,0.027795
1.000000,0.100000,0.027795
1.000000,0.100000,0.028479
1.000000,0.100000,0.028479
1.000000,0.100000,0.030586
1.000000,0.100000,0.030586
1.000000,0.100000,0.030586
1.000000,0.100000,0.030586
1.000000,0.100000,0.030586
1.000000,0.100000,0.030245
1.000000,0.100000,0.028959
1.000000,0.100000,0.028959
1.000000,0.100000,0.026794
1.000000,0.100000,0.026794
1.000000,0.100000,0.026924
1.000000,0.100000,0.026924
1.000000,0.100000,0.026301
1.000000,0.100000,0.026301
1.000000,0.100000,0.027246
1.000000,0.100000,0.027246
1.000000,0.100000,0.027675
1.000000,0.100000,0.027700
1.000000,0.100000,0.027700
1.000000,0.100000,0.027856
1.000000,0.100000,0.025033
1.000000,0.100000,0.024120
1.000000,0.100000,0.024120
1.000000,0.100000,0.023862
1.000000,0.100000,0.023489
1.000000,0.100000,0.023489
1.000000,0.100000,0.024100
1.000000,0.100000,0.024100
1.000000,0.100000,0.022382
1.000000,0.100000,0.022382
1.000000,0.100000,0.024141
1.000000,0.100000,0.024643
1.000000,0.100000,0.026084
1.000000,0.100000,0.026084
1.000000,0.100000,0.032487
1.000000,0.100000,0.026573
1.000000,0.100000,0.023445
1.000000,0.100000,0.023445
1.000000,0.100000,0.023445
1.000000,0.100000,0.023720
1.000000,0.100000,0.023720
1.000000,0.100000,0.025515
1.000000,0.100000,0.025515
1.000000,0.100000,0.022910
1.000000,0.100000,0.022910
1.000000,0.100000,0.018886
1.000000,0.100000,0.018886
1.000000,0.100000,0.018211
1.000000,0.100000,0.018211
1.000000,0.100000,0.018211
1.000000,0.100000,0.014594
1.000000,0.100000,0.014594
1.000000,0.100000,0.014594
1.000000,0.100000,0.015285
1.000000,0.100000,0.017417
1.000000,0.100000,0.017417
1.000000,0.100000,0.016177
1.000000,0.100000,0.016177
1.000000,0.100000,0.017401
1.000000,0.100000,0.017401
1.000000,0.100000,0.017050
1.000000,0.100000,0.017050
1.000000,0.100000,0.018086
1.000000,0.100000,0.018086
1.000000,0.100000,0.018806
1.000000,0.100000,0.018806
1.000000,0.100000,0.016316
1.000000,0.100000,0.016316
1.000000,0.100000,0.015874
1.000000,0.100000,0.015874
1.000000,0.100000,0.015874
1.000000,0.100000,0.015874
1.000000,0.100000,0.015874
1.000000,0.100000,0.017141
1.000000,0.100000,0.017141
1.000000,0.100000,0.016659
1.000000,0.100000,0.016659
1.000000,0.100000,0.017384
1.000000,0.100000,0.017384
1.000000,0.100000,0.016295
1.000000,0.100000,0.017184
1.000000,0.100000,0.017184
1.000000,0.100000,0.015912
1.000000,0.100000,0.015912
1.000000,0.100000,0.016225
1.000000,0.100000,0.016225
1.000000,0.100000,0.016626
1.000000,0.100000,0.016708
1.000000,0.100000,0.016708
1.000000,0.100000,0.016785
1.000000,0.100000,0.016785
1.000000,0.100000,0.016785
1.000000,0.100000,0.015026
1.000000,0.100000,0.015026
1.000000,0.100000,0.014489
1.000000,0.100000,0.014489
1.000000,0.100000,0.013519
1.000000,0.100000,0.013519
1.000000,0.100000,0.012728
1.000000,0.100000,0.012728
1.000000,0.100000,0.012728
1.000000,0.100000,0.012761
1.000000,0.100000,0.012761
1.000000,0.100000,0.012409
1.000000,0.100000,0.012409
1.000000,0.100000,0.012409
1.000000,0.100000,0.012409
1.000000,0.100000,0.012409
1.000000,0.100000,0.012300
1.000000,0.100000,0.012009
1.000000,0.100000,0.012009
1.000000,0.100000,0.011893
1.000000,0.100000,0.011893
1.000000,0.100000,0.010666
1.000000,0.100000,0.010561
1.000000,0.100000,0.010561
1.000000,0.100000,0.009809
1.000000,0.100000,0.009809
1.000000,0.100000,0.009937
1.000000,0.100000,0.010388
1.000000,0.100000,0.010388
1.000000,0.100000,0.011251
1.000000,0.100000,0.011251
1.000000,0.100000,0.009081
1.000000,0.100000,0.009081
1.000000,0.100000,0.008358
1.000000,0.100000,0.008358
1.000000,0.100000,0.008358
1.000000,0.100000,0.010111
1.000000,0.100000,0.010111
1.000000,0.100000,0.008907
1.000000,0.100000,0.008907
1.000000,0.100000,0.007493
1.000000,0.100000,0.007493
1.000000,0.100000,0.005948
1.000000,0.100000,0.005948
1.000000,0.100000,0.005948
1.000000,0.100000,0.007178
1.000000,0.100000,0.007178
1.000000,0.100000,0.009480
1.000000,0.100000,0.009480
1.000000,0.100000,0.009260
1.000000,0.100000,0.009260
1.000000,0.100000,0.009488
1.000000,0.100000,0.009488
1.000000,0.100000,0.007864
1.000000,0.100000,0.008571
1.000000,0.100000,0.008571
1.000000,0.100000,0.008820
1.000000,0.100000,0.008820
1.000000,0.100000,0.009239
1.000000,0.100000,0.008798
1.000000,0.100000,0.006037
1.000000,0.100000,0.006090
1.000000,0.100000,0.005371
1.000000,0.100000,0.005371
1.000000,0.100000,0.005199
1.000000,0.100000,0.005199
1.000000,0.100000,0.007348
1.000000,0.100000,0.007348
1.000000,0.100000,0.007348
1.000000,0.100000,0.007348
1.000000,0.100000,0.007026
1.000000,0.100000,0.007525
1.000000,0.100000,0.007866
1.000000,0.100000,0.008029
1.000000,0.100000,0.008029
1.000000,0.100000,0.008692
1.000000,0.100000,0.008692
1.000000,0.100000,0.008972
1.000000,0.100000,0.008972
1.000000,0.100000,0.009079
1.000000,0.100000,0.009079
1.000000,0.100000,0.009238
1.000000,0.100000,0.008835
1.000000,0.100000,0.008835
1.000000,0.100000,0.010584
1.000000,0.100000,0.010584
1.000000,0.100000,0.011009
1.000000,0.100000,0.009221
1.000000,0.100000,0.009287
1.000000,0.100000,0.008107
1.000000,0.100000,0.006746
1.000000,0.100000,0.006071
1.000000,0.100000,0.005287
1.000000,0.100000,0.006219
1.000000,0.100000,0.008274
1.000000,0.100000,0.008631
1.000000,0.100000,0.008631
1.000000,0.100000,0.008766
1.000000,0.100000,0.007930
1.000000,0.100000,0.007930
1.000000,0.100000,0.007926
1.000000,0.100000,0.008047
1.000000,0.100000,0.008135
1.000000,0.100000,0.008135
1.000000,0.100000,0.007410
1.000000,0.100000,0.007410
1.000000,0.100000,0.007067
1.000000,0.100000,0.007067
1.000000,0.100000,0.007695
1.000000,0.100000,0.007695
1.000000,0.100000,0.007944
1.000000,0.100000,0.007944
1.000000,0.100000,0.006694
1.000000,0.100000,0.006999
1.000000,0.100000,0.006999
1.000000,0.100000,0.006117
1.000000,0.100000,0.006117
1.000000,0.100000,0.006117
1.000000,0.100000,0.005855
1.000000,0.100000,0.005855
1.000000,0.100000,0.006412
1.000000,0.100000,0.005779
1.000000,0.100000,0.005779
1.000000,0.100000,0.006586
1.000000,0.100000,0.004281
1.000000,0.100000,0.004281
1.000000,0.100000,0.003737
1.000000,0.100000,0.003737
1.000000,0.100000,0.004010
1.000000,0.100000,0.004010
1.000000,0.100000,0.004242
1.000000,0.100000,0.004242
1.000000,0.100000,0.004242
1.000000,0.100000,0.004796
1.000000,0.100000,0.004796
1.000000,0.100000,0.002089
1.000000,0.100000,0.002089
1.000000,0.100000,0.002139
1.000000,0.100000,0.002076
1.000000,0.100000,0.002076
1.000000,0.100000,0.003030
1.000000,0.100000,0.003030
1.000000,0.100000,0.002650
1.000000,0.100000,0.002650
1.000000,0.100000,0.003980
1.000000,0.100000,0.003980
1.000000,0.100000,0.003980
1.000000,0.100000,0.004542
1.000000,0.100000,0.005355
1.000000,0.100000,0.005355
1.000000,0.100000,0.005611
1.000000,0.100000,0.005778
1.000000,0.100000,0.006680
1.000000,0.100000,0.006680
1.000000,0.100000,0.006954
1.000000,0.100000,0.006954
1.000000,0.100000,0.004904
1.000000,0.100000,0.004904
1.000000,0.100000,0.004355
1.000000,0.100000,0.004355
1.000000,0.100000,0.002641
1.000000,0.100000,0.002641
1.000000,0.100000,0.003435
1.000000,0.100000,0.003435
1.000000,0.100000,0.003435
1.000000,0.100000,0.003435
1.000000,0.100000,0.003597
1.000000,0.100000,0.003017
1.000000,0.100000,0.003017
1.000000,0.100000,0.003083
1.000000,0.100000,0.003083
1.000000,0.100000,0.003499
1.000000,0.100000,0.003499
1.000000,0.100000,0.004085
1.000000,0.100000,0.004240
1.000000,0.100000,0.003121
1.000000,0.100000,0.003121
1.000000,0.100000,0.004116
1.000000,0.100000,0.004116
1.000000,0.100000,0.004462
1.000000,0.100000,0.004462
1.000000,0.100000,0.005218
1.000000,0.100000,0.005218
1.000000,0.100000,0.005218
1.000000,0.100000,0.005218
1.000000,0.100000,0.002722
1.000000,0.100000,0.002722
1.000000,0.100000,0.002558
1.000000,0.100000,0.002558
1.000000,0.100000,0.001086
1.000000,0.100000,0.001086
1.000000,0.100000,0.000312
1.000000,0.100000,0.000312
1.000000,0.100000,0.001437
1.000000,0.100000,0.001437
1.000000,0.100000,0.001437
1.000000,0.100000,0.001717
1.000000,0.100000,0.001717
1.000000,0.100000,0.001752
1.000000,0.100000,0.001752
1.000000,0.100000,0.002630
1.000000,0.100000,0.002630
1.000000,0.100000,0.002630
1.000000,0.100000,0.003327
1.000000,0.100000,0.003327
1.000000,0.100000,0.003564
1.000000,0.100000,0.003564
1.000000,0.100000,0.003065
1.000000,0.100000,0.003065
1.000000,0.100000,0.003180
1.000000,0.100000,0.003180
1.000000,0.100000,0.003622
1.000000,0.100000,0.003622
1.000000,0.100000,0.005276
1.000000,0.100000,0.005753
1.000000,0.100000,0.005753
1.000000,0.100000,0.005335
1.000000,0.100000,0.005335
1.000000,0.100000,0.004736
1.000000,0.100000,0.004736
1.000000,0.100000,0.003847
1.000000,0.100000,0.003847
1.000000,0.100000,0.003847
1.000000,0.100000,0.003847
1.000000,0.100000,0.003596
1.000000,0.100000,0.003560
1.000000,0.100000,0.003560
1.000000,0.100000,0.003210
1.000000,0.100000,0.003210
1.000000,0.100000,0.003413
1.000000,0.100000,0.003413
1.000000,0.100000,0.004244
1.000000,0.100000,0.004244
1.000000,0.100000,0.004607
1.000000,0.100000,0.004785
1.000000,0.100000,0.003721
1.000000,0.100000,0.003853
1.000000,0.100000,0.004617
1.000000,0.100000,0.005954
1.000000,0.100000,0.005391
1.000000,0.100000,0.005687
1.000000,0.100000,0.003638
1.000000,0.100000,0.003789
1.000000,0.100000,0.003703
1.000000,0.100000,0.005356
1.000000,0.100000,0.006128
1.000000,0.100000,0.006128
1.000000,0.100000,0.005879
1.000000,0.100000,0.005879
1.000000,0.100000,0.005598
1.000000,0.100000,0.004894
1.000000,0.100000,0.004894
1.000000,0.100000,0.003803
1.000000,0.100000,0.003803
1.000000,0.100000,0.003803
1.000000,0.100000,0.003544
1.000000,0.100000,0.003544
1.000000,0.100000,0.001831
1.000000,0.100000,0.001831
1.000000,0.100000,0.001433
1.000000,0.100000,0.001433
1.000000,0.100000,0.001433
1.000000,0.100000,0.000445
1.000000,0.100000,0.000445
1.000000,0.100000,0.000718
1.000000,0.100000,0.000718
1.000000,0.100000,0.001096
1.000000,0.100000,0.001096
1.000000,0.100000,0.001096
1.000000,0.100000,0.000466
1.000000,0.100000,0.000331
1.000000,0.100000,0.000331
1.000000,0.100000,0.001077
1.000000,0.100000,0.001077
1.000000,0.100000,0.001877
1.000000,0.100000,0.001877
1.000000,0.100000,0.002678
1.000000,0.100000,0.002678
1.000000,0.100000,0.000439
1.000000,0.100000,-0.000454
1.000000,0.100000,-0.000335
1.000000,0.100000,-0.000207
1.000000,0.100000,0.000093
1.000000,0.100000,0.000093
1.000000,0.100000,0.000812
1.000000,0.100000,0.000812
1.000000,0.100000,0.000812
1.000000,0.100000,0.000812
1.000000,0.100000,0.002716
1.000000,0.100000,0.002716
1.000000,0.100000,0.003063
1.000000,0.100000,0.003063
1.000000,0.100000,0.001426
1.000000,0.100000,0.001426
1.000000,0.100000,0.001953
1.000000,0.100000,0.001953
1.000000,0.100000,0.001813
1.000000,0.100000,0.001813
1.000000,0.100000,-0.000412
1.000000,0.100000,-0.000412
1.000000,0.100000,-0.000620
1.000000,0.100000,-0.000620
1.000000,0.100000,-0.001159
1.000000,0.100000,-0.001159
1.000000,0.100000,-0.000184
1.000000,0.100000,-0.000184
1.000000,0.100000,-0.000319
1.000000,0.100000,-0.000319
1.000000,0.100000,-0.000605
1.000000,0.100000,-0.000605
1.000000,0.100000,-0.000170
1.000000,0.100000,-0.000170
1.000000,0.100000,-0.000134
1.000000,0.100000,0.000573
1.000000,0.100000,0.000573
1.000000,0.100000,0.000360
1.000000,0.100000,0.000722
1.000000,0.100000,0.000722
1.000000,0.100000,-0.000100
1.000000,0.100000,-0.000782
1.000000,0.100000,-0.000782
1.000000,0.100000,-0.001131
1.000000,0.100000,-0.001131
1.000000,0.100000,-0.000152
1.000000,0.100000,-0.000152
1.000000,0.100000,-0.000806
1.000000,0.100000,-0.000806
1.000000,0.100000,-0.000711
1.000000,0.100000,-0.000711
1.000000,0.100000,-0.000711
1.000000,0.100000,-0.000251
1.000000,0.100000,-0.000251
1.000000,0.100000,0.000448
1.000000,0.100000,0.000448
1.000000,0.100000,-0.000106
1.000000,0.100000,-0.001424
1.000000,0.100000,-0.001424
1.000000,0.100000,-0.001536
1.000000,0.100000,-0.001536
1.000000,0.100000,-0.002155
1.000000,0.100000,-0.002155
1.000000,0.100000,-0.002181
1.000000,0.100000,-0.002181
1.000000,0.100000,-0.001663
1.000000,0.100000,-0.000979
1.000000,0.100000,-0.000846
1.000000,0.100000,-0.000671
1.000000,0.100000,-0.000500
1.000000,0.100000,-0.000500
1.000000,0.100000,-0.001367
1.000000,0.100000,-0.001390
1.000000,0.100000,-0.001390
1.000000,0.100000,-0.001654
1.000000,0.100000,-0.001654
1.000000,0.100000,-0.001654
1.000000,0.100000,-0.000817
1.000000,0.100000,0.000689
1.000000,0.100000,0.000689
1.000000,0.100000,0.001414
1.000000,0.100000,0.001414
1.000000,0.100000,0.002553
1.000000,0.100000,0.002553
1.000000,0.100000,0.002060
1.000000,0.100000,0.002060
1.000000,0.100000,0.002663
1.000000,0.100000,0.002663
1.000000,0.100000,0.002226
1.000000,0.100000,0.002226
1.000000,0.100000,0.001518
1.000000,0.100000,0.001518
1.000000,0.100000,0.001258
1.000000,0.100000,0.001258
1.000000,0.100000,0.001258
1.000000,0.100000,0.001258
1.000000,0.100000,0.001258
1.000000,0.100000,-0.001099
1.000000,0.100000,-0.001099
1.000000,0.100000,-0.001086
1.000000,0.100000,-0.001086
1.000000,0.100000,-0.001086
1.000000,0.100000,-0.002179
1.000000,0.100000,-0.002179
1.000000,0.100000,-0.001733
1.000000,0.100000,-0.001080
1.000000,0.100000,-0.001080
1.000000,0.100000,-0.000905
1.000000,0.100000,-0.000905
1.000000,0.100000,-0.000093
1.000000,0.100000,-0.000093
1.000000,0.100000,-0.000093
1.000000,0.100000,-0.000093
1.000000,0.100000,-0.000093
1.000000,0.100000,0.002050
1.000000,0.100000,0.002279
1.000000,0.100000,0.002485
1.000000,0.100000,0.000525
1.000000,0.100000,0.000525
1.000000,0.100000,-0.000094
1.000000,0.100000,-0.000404
1.000000,0.100000,-0.000404
1.000000,0.100000,-0.000693
1.000000,0.100000,-0.000693
1.000000,0.100000,-0.000961
1.000000,0.100000,-0.000961
1.000000,0.100000,-0.001887
1.000000,0.100000,-0.001887
1.000000,0.100000,-0.002318
1.000000,0.100000,-0.002318
1.000000,0.100000,-0.002318
1.000000,0.100000,-0.002500
1.000000,0.100000,-0.002500
1.000000,0.100000,-0.002154
1.000000,0.100000,-0.002154
1.000000,0.100000,-0.001800
1.000000,0.100000,-0.003114
1.000000,0.100000,-0.003114
1.000000,0.100000,-0.003114
1.000000,0.100000,-0.002257
1.000000,0.100000,-0.002257
1.000000,0.100000,-0.002141
1.000000,0.100000,-0.002141
1.000000,0.100000,-0.001757
1.000000,0.100000,-0.001757
1.000000,0.100000,-0.001874
1.000000,0.100000,-0.001874
1.000000,0.100000,-0.003212
1.000000,0.100000,-0.003212
1.000000,0.100000,-0.004027
1.000000,0.100000,-0.003514
1.000000,0.100000,-0.003231
1.000000,0.100000,-0.003231
1.000000,0.100000,-0.002869
1.000000,0.100000,-0.004403
1.000000,0.100000,-0.004317
1.000000,0.100000,-0.004648
1.000000,0.100000,-0.004735
1.000000,0.100000,-0.004735
1.000000,0.100000,-0.004775
1.000000,0.100000,-0.005469
1.000000,0.100000,-0.005469
1.000000,0.100000,-0.008113
1.000000,0.100000,-0.008113
1.000000,0.100000,-0.009105
1.000000,0.100000,-0.009105
1.000000,0.100000,-0.009119
1.000000,0.100000,-0.009119
1.000000,0.100000,-0.008691
1.000000,0.100000,-0.008691
1.000000,0.100000,-0.008582
1.000000,0.100000,-0.008582
1.000000,0.100000,-0.006291
1.000000,0.100000,-0.006291
1.000000,0.100000,-0.005916
1.000000,0.100000,-0.005916
1.000000,0.100000,-0.005916
1.000000,0.100000,-0.005807
1.000000,0.100000,-0.006625
1.000000,0.100000,-0.006625
1.000000,0.100000,-0.007710
1.000000,0.100000,-0.007710
1.000000,0.100000,-0.007710
1.000000,0.100000,-0.007750
1.000000,0.100000,-0.007750
1.000000,0.100000,-0.007737
1.000000,0.100000,-0.007737
1.000000,0.100000,-0.007748
1.000000,0.100000,-0.007748
1.000000,0.100000,-0.008248
1.000000,0.100000,-0.008146
1.000000,0.100000,-0.009186
1.000000,0.100000,-0.008643
1.000000,0.100000,-0.008879
1.000000,0.100000,-0.008879
1.000000,0.100000,-0.008879
1.000000,0.100000,-0.010933
1.000000,0.100000,-0.010897
1.000000,0.100000,-0.010897
1.000000,0.100000,-0.012136
1.000000,0.100000,-0.012136
1.000000,0.100000,-0.011018
1.000000,0.100000,-0.011018
1.000000,0.100000,-0.011018
1.000000,0.100000,-0.011916
1.000000,0.100000,-0.011916
1.000000,0.100000,-0.011598
1.000000,0.100000,-0.011598
1.000000,0.100000,-0.011949
1.000000,0.100000,-0.011949
1.000000,0.100000,-0.010259
1.000000,0.100000,-0.010259
1.000000,0.100000,-0.008829
1.000000,0.100000,-0.008829
1.000000,0.100000,-0.010047
1.000000,0.100000,-0.010047
1.000000,0.100000,-0.010203
1.000000,0.100000,-0.010203
1.000000,0.100000,-0.010203
1.000000,0.100000,-0.009623
1.000000,0.100000,-0.009623
1.000000,0.100000,-0.009611
1.000000,0.100000,-0.009611
1.000000,0.100000,-0.009190
1.000000,0.100000,-0.009756
1.000000,0.100000,-0.009347
1.000000,0.100000,-0.009794
1.000000,0.100000,-0.009794
1.000000,0.100000,-0.010030
1.000000,0.100000,-0.010030
1.000000,0.100000,-0.009794
1.000000,0.100000,-0.009623
1.000000,0.100000,-0.009623
1.000000,0.100000,-0.011832
1.000000,0.100000,-0.011132
1.000000,0.100000,-0.011132
1.000000,0.100000,-0.010408
1.000000,0.100000,-0.010408
1.000000,0.100000,-0.010571
1.000000,0.100000,-0.010571
1.000000,0.100000,-0.009981
1.000000,0.100000,-0.009981
1.000000,0.100000,-0.010838
1.000000,0.100000,-0.010838
1.000000,0.100000,-0.010676
1.000000,0.100000,-0.010676
1.000000,0.100000,-0.009165
1.000000,0.100000,-0.009165
1.000000,0.100000,-0.008419
1.000000,0.100000,-0.008419
1.000000,0.100000,-0.005298
1.000000,0.100000,-0.005298
1.000000,0.100000,-0.003882
1.000000,0.100000,-0.003882
1.000000,0.100000,-0.004936
1.000000,0.100000,-0.004936
1.000000,0.100000,-0.004745
1.000000,0.100000,-0.004379
1.000000,0.100000,-0.003831
1.000000,0.100000,-0.003831
1.000000,0.100000,-0.003760
1.000000,0.100000,-0.003760
1.000000,0.100000,-0.003760
1.000000,0.100000,-0.003688
1.000000,0.100000,-0.003688
1.000000,0.100000,-0.003666
1.000000,0.100000,-0.003666
1.000000,0.100000,-0.002927
1.000000,0.100000,-0.004484
1.000000,0.100000,-0.004484
1.000000,0.100000,-0.004484
1.000000,0.100000,-0.004564
1.000000,0.100000,-0.005513
1.000000,0.100000,-0.005513
1.000000,0.100000,-0.007624
1.000000,0.100000,-0.007624
1.000000,0.100000,-0.007438
1.000000,0.100000,-0.007438
1.000000,0.100000,-0.006989
1.000000,0.100000,-0.006989
1.000000,0.100000,-0.006432
1.000000,0.100000,-0.006432
1.000000,0.100000,-0.005868
1.000000,0.100000,-0.005433
1.000000,0.100000,-0.004930
1.000000,0.100000,-0.004930
1.000000,0.100000,-0.004930
1.000000,0.100000,-0.004756
1.000000,0.100000,-0.004490
1.000000,0.100000,-0.004490
1.000000,0.100000,-0.004154
1.000000,0.100000,-0.004154
1.000000,0.100000,-0.004338
1.000000,0.100000,-0.004338
1.000000,0.100000,-0.004338
1.000000,0.100000,-0.004438
1.000000,0.100000,-0.004438
1.000000,0.100000,-0.005492
1.000000,0.100000,-0.005492
1.000000,0.100000,-0.005467
1.000000,0.100000,-0.005467
1.000000,0.100000,-0.006894
1.000000,0.100000,-0.006894
1.000000,0.100000,-0.006865
1.000000,0.100000,-0.007825
1.000000,0.100000,-0.007825
1.000000,0.100000,-0.007825
1.000000,0.100000,-0.005771
1.000000,0.100000,-0.005771
1.000000,0.100000,-0.005777
1.000000,0.100000,-0.005777
1.000000,0.100000,-0.003524
1.000000,0.100000,-0.003524
1.000000,0.100000,-0.003373
1.000000,0.100000,-0.003373
1.000000,0.100000,-0.003131
1.000000,0.100000,-0.003131
1.000000,0.100000,-0.003301
1.000000,0.100000,-0.003301
1.000000,0.100000,-0.005264
1.000000,0.100000,-0.005264
1.000000,0.100000,-0.005945
1.000000,0.100000,-0.005945
1.000000,0.100000,-0.007730
1.000000,0.100000,-0.007730
1.000000,0.100000,-0.008477
1.000000,0.100000,-0.008477
1.000000,0.100000,-0.007170
1.000000,0.100000,-0.007170
1.000000,0.100000,-0.006112
1.000000,0.100000,-0.007281
1.000000,0.100000,-0.007281
1.000000,0.100000,-0.006764
1.000000,0.100000,-0.006764
1.000000,0.100000,-0.008538
1.000000,0.100000,-0.008538
1.000000,0.100000,-0.006198
1.000000,0.100000,-0.006198
1.000000,0.100000,-0.005294
1.000000,0.100000,-0.005294
1.000000,0.100000,-0.005294
1.000000,0.100000,-0.006971
1.000000,0.100000,-0.006971
1.000000,0.100000,-0.006407
1.000000,0.100000,-0.006407
1.000000,0.100000,-0.006620
1.000000,0.100000,-0.006620
1.000000,0.100000,-0.006301
1.000000,0.100000,-0.006301
1.000000,0.100000,-0.007290
1.000000,0.100000,-0.007290
1.000000,0.100000,-0.007639
1.000000,0.100000,-0.007639
1.000000,0.100000,-0.008815
1.000000,0.100000,-0.008815
1.000000,0.100000,-0.008806
1.000000,0.100000,-0.008806
1.000000,0.100000,-0.007672
1.000000,0.100000,-0.007672
1.000000,0.100000,-0.007061
1.000000,0.100000,-0.007061
1.000000,0.100000,-0.006375
1.000000,0.100000,-0.004633
1.000000,0.100000,-0.004633
1.000000,0.100000,-0.005341
1.000000,0.100000,-0.005341
1.000000,0.100000,-0.004268
1.000000,0.100000,-0.004268
1.000000,0.100000,-0.004185
1.000000,0.100000,-0.004185
1.000000,0.100000,-0.007390
1.000000,0.100000,-0.007390
1.000000,0.100000,-0.007390
1.000000,0.100000,-0.008614
1.000000,0.100000,-0.008614
1.000000,0.100000,-0.008914
1.000000,0.100000,-0.008914
1.000000,0.100000,-0.008788
1.000000,0.100000,-0.008788
1.000000,0.100000,-0.008788
1.000000,0.100000,-0.008788
1.000000,0.100000,-0.011429
1.000000,0.100000,-0.011429
1.000000,0.100000,-0.011882
1.000000,0.100000,-0.011878
1.000000,0.100000,-0.011878
1.000000,0.100000,-0.012045
1.000000,0.100000,-0.012045
1.000000,0.100000,-0.010554
1.000000,0.100000,-0.010554
1.000000,0.100000,-0.010764
1.000000,0.100000,-0.010764
1.000000,0.100000,-0.009665
1.000000,0.100000,-0.009665
