0.750000,0.200000,0.016473
0.750000,0.200000,0.015587
0.750000,0.200000,0.015664
0.750000,0.200000,0.015605
0.750000,0.200000,0.015683
0.750000,0.200000,0.016121
0.750000,0.200000,0.015893
0.750000,0.200000,0.015893
0.750000,0.200000,0.015997
0.750000,0.200000,0.015997
0.750000,0.200000,0.015606
0.750000,0.200000,0.015748
0.750000,0.200000,0.015843
0.750000,0.200000,0.015843
0.750000,0.200000,0.015995
0.750000,0.200000,0.015995
0.750000,0.200000,0.016081
0.750000,0.200000,0.016081
0.750000,0.200000,0.015499
0.750000,0.200000,0.015665
0.750000,0.200000,0.015665
0.750000,0.200000,0.015990
0.750000,0.200000,0.015990
0.750000,0.200000,0.015990
0.750000,0.200000,0.016219
0.750000,0.200000,0.016166
0.750000,0.200000,0.016166
0.750000,0.200000,0.016159
0.750000,0.200000,0.016159
0.750000,0.200000,0.016033
0.750000,0.200000,0.016033
0.750000,0.200000,0.015758
0.750000,0.200000,0.015758
0.750000,0.200000,0.015993
0.750000,0.200000,0.015993
0.750000,0.200000,0.015727
0.750000,0.200000,0.015640
0.750000,0.200000,0.015640
0.750000,0.200000,0.015698
0.750000,0.200000,0.015698
0.750000,0.200000,0.015732
0.750000,0.200000,0.015489
0.750000,0.200000,0.015489
0.750000,0.200000,0.015523
0.750000,0.200000,0.015523
0.750000,0.200000,0.015523
0.750000,0.200000,0.015241
0.750000,0.200000,0.015241
0.750000,0.200000,0.015244
0.750000,0.200000,0.015244
0.750000,0.200000,0.015366
0.750000,0.200000,0.015366
0.750000,0.200000,0.015539
0.750000,0.200000,0.015539
0.750000,0.200000,0.015660
0.750000,0.200000,0.015660
0.750000,0.200000,0.015903
0.750000,0.200000,0.015903
0.750000,0.200000,0.015645
0.750000,0.200000,0.015645
0.750000,0.200000,0.015645
0.750000,0.200000,0.015859
0.750000,0.200000,0.015859
0.750000,0.200000,0.015615
0.750000,0.200000,0.015615
0.750000,0.200000,0.015818
0.750000,0.200000,0.015581
0.750000,0.200000,0.016102
0.750000,0.200000,0.016027
0.750000,0.200000,0.016027
0.750000,0.200000,0.015574
0.750000,0.200000,0.015171
0.750000,0.200000,0.015171
0.750000,0.200000,0.015378
0.750000,0.200000,0.015378
0.750000,0.200000,0.015469
0.750000,0.200000,0.015469
0.750000,0.200000,0.015208
0.750000,0.200000,0.015208
0.750000,0.200000,0.015026
0.750000,0.200000,0.015026
0.750000,0.200000,0.014989
0.750000,0.200000,0.014989
0.750000,0.200000,0.015050
0.750000,0.200000,0.015050
0.750000,0.200000,0.015119
0.750000,0.200000,0.015119
0.750000,0.200000,0.015364
0.750000,0.200000,0.015364
0.750000,0.200000,0.015733
0.750000,0.200000,0.015733
0.750000,0.200000,0.015422
0.750000,0.200000,0.015422
0.750000,0.200000,0.015422
0.750000,0.200000,0.015689
0.750000,0.200000,0.015086
0.750000,0.200000,0.015086
0.750000,0.200000,0.014536
0.750000,0.200000,0.014536
0.750000,0.200000,0.014793
0.750000,0.200000,0.014793
0.750000,0.200000,0.014793
0.750000,0.200000,0.015056
0.750000,0.200000,0.015056
0.750000,0.200000,0.015188
0.750000,0.200000,0.015188
0.750000,0.200000,0.014917
0.750000,0.200000,0.014917
0.750000,0.200000,0.015041
0.750000,0.200000,0.015041
0.750000,0.200000,0.014976
0.750000,0.200000,0.014976
0.750000,0.200000,0.015209
0.750000,0.200000,0.015209
0.750000,0.200000,0.015305
0.750000,0.200000,0.016082
0.750000,0.200000,0.016238
0.750000,0.200000,0.016238
0.750000,0.200000,0.016107
0.750000,0.200000,0.016107
0.750000,0.200000,0.016218
0.750000,0.200000,0.016173
0.750000,0.200000,0.016173
0.750000,0.200000,0.015254
0.750000,0.200000,0.015254
0.750000,0.200000,0.015254
0.750000,0.200000,0.014902
0.750000,0.200000,0.014902
0.750000,0.200000,0.014902
0.750000,0.200000,0.014902
0.750000,0.200000,0.014902
0.750000,0.200000,0.014902
0.750000,0.200000,0.014902
0.750000,0.200000,0.014902
0.750000,0.200000,0.014902
0.750000,0.200000,0.014902
0.750000,0.200000,0.014902
0.750000,0.200000,0.014902
0.750000,0.200000,0.014902
0.750000,0.200000,0.014902
0.750000,0.200000,0.014902
0.750000,0.200000,0.014902
0.750000,0.200000,0.014902
0.750000,0.200000,0.014902
0.750000,0.200000,0.014902
0.750000,0.200000,0.014902
0.750000,0.200000,0.014902
0.750000,0.200000,0.014902
0.750000,0.200000,0.014902
0.750000,0.200000,0.014902
0.750000,0.200000,0.014902
0.750000,0.200000,0.014902
0.750000,0.200000,0.014902
0.750000,0.200000,0.013394
0.750000,0.200000,0.013394
0.750000,0.200000,0.013394
0.750000,0.200000,0.013394
0.750000,0.200000,0.013394
0.750000,0.200000,0.013394
0.750000,0.200000,0.013394
0.750000,0.200000,0.013394
0.750000,0.200000,0.013394
0.750000,0.200000,0.013394
0.750000,0.200000,0.013394
0.750000,0.200000,0.013394
0.750000,0.200000,0.013394
0.750000,0.200000,0.013394
0.750000,0.200000,0.013394
0.750000,0.200000,0.015010
0.750000,0.200000,0.015010
0.750000,0.200000,0.015010
0.750000,0.200000,0.015010
0.750000,0.200000,0.015010
0.750000,0.200000,0.015010
0.750000,0.200000,0.015010
0.750000,0.200000,0.015010
0.750000,0.200000,0.014454
0.750000,0.200000,0.014425
0.750000,0.200000,0.014272
0.750000,0.200000,0.014272
0.750000,0.200000,0.014203
0.750000,0.200000,0.014203
0.750000,0.200000,0.014199
0.750000,0.200000,0.014199
0.750000,0.200000,0.014136
0.750000,0.200000,0.014136
0.750000,0.200000,0.014085
0.750000,0.200000,0.014085
0.750000,0.200000,0.014045
0.750000,0.200000,0.014045
0.750000,0.200000,0.014045
0.750000,0.200000,0.013886
0.750000,0.200000,0.013886
0.750000,0.200000,0.014169
0.750000,0.200000,0.014169
0.750000,0.200000,0.014178
0.750000,0.200000,0.014181
0.750000,0.200000,0.014144
0.750000,0.200000,0.014144
0.750000,0.200000,0.014144
0.750000,0.200000,0.014131
0.750000,0.200000,0.014196
0.750000,0.200000,0.014210
0.750000,0.200000,0.014210
0.750000,0.200000,0.014336
0.750000,0.200000,0.014336
0.750000,0.200000,0.014200
0.750000,0.200000,0.014200
0.750000,0.200000,0.014007
0.750000,0.200000,0.014007
0.750000,0.200000,0.014037
0.750000,0.200000,0.014037
0.750000,0.200000,0.014026
0.750000,0.200000,0.013845
0.750000,0.200000,0.013690
0.750000,0.200000,0.013690
0.750000,0.200000,0.013789
0.750000,0.200000,0.013789
0.750000,0.200000,0.013787
0.750000,0.200000,0.013787
0.750000,0.200000,0.013787
0.750000,0.200000,0.013993
0.750000,0.200000,0.013993
0.750000,0.200000,0.013967
0.750000,0.200000,0.013967
0.750000,0.200000,0.014046
0.750000,0.200000,0.014046
0.750000,0.200000,0.014480
0.750000,0.200000,0.014480
0.750000,0.200000,0.014415
0.750000,0.200000,0.014415
0.750000,0.200000,0.014302
0.750000,0.200000,0.014302
0.750000,0.200000,0.014346
0.750000,0.200000,0.014346
0.750000,0.200000,0.014346
0.750000,0.200000,0.014346
0.750000,0.200000,0.014339
0.750000,0.200000,0.014339
0.750000,0.200000,0.014351
0.750000,0.200000,0.014351
0.750000,0.200000,0.014275
0.750000,0.200000,0.014275
0.750000,0.200000,0.014205
0.750000,0.200000,0.014205
0.750000,0.200000,0.014243
0.750000,0.200000,0.014148
0.750000,0.200000,0.014169
0.750000,0.200000,0.014168
0.750000,0.200000,0.014168
0.750000,0.200000,0.014213
0.750000,0.200000,0.014213
0.750000,0.200000,0.014179
0.750000,0.200000,0.014179
0.750000,0.200000,0.014180
0.750000,0.200000,0.014321
0.750000,0.200000,0.014321
0.750000,0.200000,0.014535
0.750000,0.200000,0.014535
0.750000,0.200000,0.014324
0.750000,0.200000,0.014324
0.750000,0.200000,0.014157
0.750000,0.200000,0.014157
0.750000,0.200000,0.014296
0.750000,0.200000,0.014321
0.750000,0.200000,0.014321
0.750000,0.200000,0.014341
0.750000,0.200000,0.014341
0.750000,0.200000,0.014180
0.750000,0.200000,0.014180
0.750000,0.200000,0.014177
0.750000,0.200000,0.014177
0.750000,0.200000,0.014235
0.750000,0.200000,0.014235
0.750000,0.200000,0.014180
0.750000,0.200000,0.014180
0.750000,0.200000,0.014133
0.750000,0.200000,0.014133
0.750000,0.200000,0.014163
0.750000,0.200000,0.014163
0.750000,0.200000,0.014194
0.750000,0.200000,0.014194
0.750000,0.200000,0.014107
0.750000,0.200000,0.014052
0.750000,0.200000,0.014052
0.750000,0.200000,0.014052
0.750000,0.200000,0.014440
0.750000,0.200000,0.014440
0.750000,0.200000,0.014603
0.750000,0.200000,0.014715
0.750000,0.200000,0.014715
0.750000,0.200000,0.014419
0.750000,0.200000,0.014419
0.750000,0.200000,0.014419
0.750000,0.200000,0.014235
0.750000,0.200000,0.014235
0.750000,0.200000,0.014252
0.750000,0.200000,0.014252
0.750000,0.200000,0.014279
0.750000,0.200000,0.014279
0.750000,0.200000,0.014301
0.750000,0.200000,0.014301
0.750000,0.200000,0.014415
0.750000,0.200000,0.014415
0.750000,0.200000,0.014415
0.750000,0.200000,0.014586
0.750000,0.200000,0.014636
0.750000,0.200000,0.014636
0.750000,0.200000,0.014778
0.750000,0.200000,0.014778
0.750000,0.200000,0.014729
0.750000,0.200000,0.014729
0.750000,0.200000,0.014524
0.750000,0.200000,0.014524
0.750000,0.200000,0.014616
0.750000,0.200000,0.014616
0.750000,0.200000,0.014895
0.750000,0.200000,0.014895
0.750000,0.200000,0.014918
0.750000,0.200000,0.014918
0.750000,0.200000,0.014907
0.750000,0.200000,0.014907
0.750000,0.200000,0.014907
0.750000,0.200000,0.014811
0.750000,0.200000,0.014625
0.750000,0.200000,0.014625
0.750000,0.200000,0.014529
0.750000,0.200000,0.014485
0.750000,0.200000,0.014485
0.750000,0.200000,0.014325
0.750000,0.200000,0.014325
0.750000,0.200000,0.014536
0.750000,0.200000,0.014536
0.750000,0.200000,0.014552
0.750000,0.200000,0.014570
0.750000,0.200000,0.014570
0.750000,0.200000,0.014570
0.750000,0.200000,0.014567
0.750000,0.200000,0.014589
0.750000,0.200000,0.014513
0.750000,0.200000,0.014513
0.750000,0.200000,0.014503
0.750000,0.200000,0.014503
0.750000,0.200000,0.014687
0.750000,0.200000,0.014610
0.750000,0.200000,0.014439
0.750000,0.200000,0.014523
0.750000,0.200000,0.014523
0.750000,0.200000,0.014751
0.750000,0.200000,0.014880
0.750000,0.200000,0.014880
0.750000,0.200000,0.014869
0.750000,0.200000,0.014869
0.750000,0.200000,0.014715
0.750000,0.200000,0.014715
0.750000,0.200000,0.014763
0.750000,0.200000,0.014763
0.750000,0.200000,0.014744
0.750000,0.200000,0.014744
0.750000,0.200000,0.014805
0.750000,0.200000,0.014805
0.750000,0.200000,0.014801
0.750000,0.200000,0.014801
0.750000,0.200000,0.014758
0.750000,0.200000,0.014758
0.750000,0.200000,0.014928
0.750000,0.200000,0.014928
0.750000,0.200000,0.014856
0.750000,0.200000,0.014856
0.750000,0.200000,0.014879
0.750000,0.200000,0.014879
0.750000,0.200000,0.014593
0.750000,0.200000,0.014593
0.750000,0.200000,0.014414
0.750000,0.200000,0.014414
0.750000,0.200000,0.014414
0.750000,0.200000,0.014182
0.750000,0.200000,0.014182
0.750000,0.200000,0.014163
0.750000,0.200000,0.014163
0.750000,0.200000,0.014279
0.750000,0.200000,0.014279
0.750000,0.200000,0.014316
0.750000,0.200000,0.014316
0.750000,0.200000,0.014328
0.750000,0.200000,0.014328
0.750000,0.200000,0.014458
0.750000,0.200000,0.014458
0.750000,0.200000,0.014458
0.750000,0.200000,0.014556
0.750000,0.200000,0.014542
0.750000,0.200000,0.014542
0.750000,0.200000,0.014389
0.750000,0.200000,0.014389
0.750000,0.200000,0.014466
0.750000,0.200000,0.014466
0.750000,0.200000,0.014510
0.750000,0.200000,0.014510
0.750000,0.200000,0.014510
0.750000,0.200000,0.014565
0.750000,0.200000,0.014565
0.750000,0.200000,0.014800
0.750000,0.200000,0.014800
0.750000,0.200000,0.014746
0.750000,0.200000,0.014746
0.750000,0.200000,0.014736
0.750000,0.200000,0.014736
0.750000,0.200000,0.014647
0.750000,0.200000,0.014647
0.750000,0.200000,0.014631
0.750000,0.200000,0.014631
