0.000000,0.000000
0.000000,-0.016701
0.000000,-0.016676
0.000000,-0.016654
0.000000,-0.016711
0.000000,-0.016669
0.000000,-0.016669
0.000000,-0.016684
0.000000,-0.016684
0.000000,-0.016684
0.000000,-0.016686
0.000000,-0.016680
0.000000,-0.016682
0.000000,-0.016639
0.000000,-0.016687
0.000000,-0.016687
0.000000,-0.016667
0.000000,-0.016667
0.000000,-0.016667
0.000000,-0.016634
0.000000,-0.016593
0.000000,-0.016593
0.000000,-0.016593
0.000000,-0.016593
0.000000,-0.016593
0.000000,-0.016577
0.000000,-0.016610
0.000000,-0.016610
0.000000,-0.016605
0.000000,-0.016545
0.000000,-0.016564
0.000000,-0.016564
0.000000,-0.016542
0.000000,-0.016487
0.000000,-0.016452
0.000000,-0.016452
0.000000,-0.016467
0.000000,-0.016477
0.000000,-0.016477
0.000000,-0.016494
0.000000,-0.016494
0.000000,-0.016494
0.000000,-0.016621
0.000000,-0.016716
0.000000,-0.016700
0.000000,-0.016700
0.000000,-0.016585
0.000000,-0.016585
0.000000,-0.016593
0.000000,-0.016593
0.000000,-0.016593
0.000000,-0.016565
0.000000,-0.016565
0.000000,-0.016440
0.000000,-0.016440
0.000000,-0.016367
0.000000,-0.016367
0.000000,-0.016367
0.000000,-0.016280
0.000000,-0.016280
0.000000,-0.016236
0.000000,-0.016236
0.000000,-0.016101
0.000000,-0.016101
0.000000,-0.015973
0.000000,-0.015973
0.000000,-0.015908
0.000000,-0.015908
0.000000,-0.015920
0.000000,-0.015920
0.000000,-0.015920
0.000000,-0.015920
0.000000,-0.015918
0.000000,-0.015918
0.000000,-0.015918
0.000000,-0.015844
0.000000,-0.015844
0.000000,-0.015844
0.000000,-0.015854
0.000000,-0.015854
0.000000,-0.015896
0.000000,-0.015896
0.000000,-0.015888
0.000000,-0.015888
0.000000,-0.015823
0.000000,-0.015823
0.000000,-0.015823
0.000000,-0.015817
0.000000,-0.015817
0.000000,-0.015764
0.000000,-0.015764
0.000000,-0.015797
0.000000,-0.015797
0.000000,-0.015831
0.000000,-0.015831
0.000000,-0.015831
0.000000,-0.015859
0.000000,-0.015859
0.000000,-0.015904
0.000000,-0.015904
0.000000,-0.015944
0.000000,-0.015944
0.000000,-0.015944
0.000000,-0.016001
0.000000,-0.016066
0.000000,-0.016076
0.000000,-0.016076
0.000000,-0.016076
0.000000,-0.016076
0.000000,-0.015999
0.000000,-0.016055
0.000000,-0.016102
0.000000,-0.016095
0.000000,-0.016106
0.000000,-0.016039
0.000000,-0.015981
0.000000,-0.015981
0.000000,-0.015924
0.000000,-0.015924
0.000000,-0.015878
0.000000,-0.015878
0.000000,-0.015878
0.000000,-0.015919
0.000000,-0.015880
0.000000,-0.015880
0.000000,-0.015846
0.000000,-0.015846
0.000000,-0.015854
0.000000,-0.015854
0.000000,-0.015854
0.000000,-0.015871
0.000000,-0.015871
0.000000,-0.015871
0.000000,-0.015890
0.000000,-0.015881
0.000000,-0.015881
0.000000,-0.015766
0.000000,-0.015766
0.000000,-0.015748
0.000000,-0.015748
0.000000,-0.015748
0.000000,-0.015695
0.000000,-0.015682
0.000000,-0.015682
0.000000,-0.015685
0.000000,-0.015622
0.000000,-0.015622
0.000000,-0.015540
0.000000,-0.015540
0.000000,-0.015510
0.000000,-0.015510
0.000000,-0.015504
0.000000,-0.015504
0.000000,-0.015571
0.000000,-0.015571
0.000000,-0.015621
0.000000,-0.015661
0.000000,-0.015654
0.000000,-0.015590
0.000000,-0.015590
0.000000,-0.015590
0.000000,-0.015373
0.000000,-0.015284
0.000000,-0.015284
0.000000,-0.015241
0.000000,-0.015241
0.000000,-0.015119
0.000000,-0.015119
0.000000,-0.015125
0.000000,-0.015178
0.000000,-0.015178
0.000000,-0.015178
0.000000,-0.015135
0.000000,-0.015109
0.000000,-0.015103
0.000000,-0.015103
0.000000,-0.015215
0.000000,-0.015215
0.000000,-0.015199
0.000000,-0.015199
0.000000,-0.015184
0.000000,-0.015184
0.000000,-0.015116
0.000000,-0.015116
0.000000,-0.015116
0.000000,-0.015113
0.000000,-0.015113
0.000000,-0.015084
0.000000,-0.015084
0.000000,-0.015084
0.000000,-0.015088
0.000000,-0.015088
0.000000,-0.015088
0.000000,-0.015055
0.000000,-0.015055
0.000000,-0.015008
0.000000,-0.015008
0.000000,-0.014973
0.000000,-0.014973
0.000000,-0.014967
0.000000,-0.014981
0.000000,-0.014932
0.000000,-0.014855
0.000000,-0.014845
0.000000,-0.014845
0.000000,-0.014824
0.000000,-0.014825
0.000000,-0.014800
0.000000,-0.014800
0.000000,-0.014760
0.000000,-0.014760
0.000000,-0.014790
0.000000,-0.014790
0.000000,-0.014790
0.000000,-0.014734
0.000000,-0.014643
0.000000,-0.014658
0.000000,-0.014750
0.000000,-0.014750
0.000000,-0.014770
0.000000,-0.014777
0.000000,-0.014777
0.000000,-0.014751
0.000000,-0.014723
0.000000,-0.014723
0.000000,-0.014691
0.000000,-0.014691
0.000000,-0.014622
0.000000,-0.014622
0.000000,-0.014516
0.000000,-0.014516
0.000000,-0.014470
0.000000,-0.014470
0.000000,-0.014383
0.000000,-0.014383
0.000000,-0.014383
0.000000,-0.014383
0.000000,-0.014274
0.000000,-0.014274
0.000000,-0.014201
0.000000,-0.014146
0.000000,-0.014146
0.000000,-0.014131
0.000000,-0.014131
0.000000,-0.014177
0.000000,-0.014177
0.000000,-0.014177
0.000000,-0.014165
0.000000,-0.014175
0.000000,-0.014175
0.000000,-0.014175
0.000000,-0.014175
0.000000,-0.014165
0.000000,-0.014118
0.000000,-0.014118
0.000000,-0.014118
0.000000,-0.014040
0.000000,-0.014040
0.000000,-0.014016
0.000000,-0.014016
0.000000,-0.014003
0.000000,-0.014003
0.000000,-0.014077
0.000000,-0.014077
0.000000,-0.014079
0.000000,-0.014035
0.000000,-0.014035
0.000000,-0.014011
0.000000,-0.014045
0.000000,-0.014045
0.000000,-0.014084
0.000000,-0.014084
0.000000,-0.014016
0.000000,-0.014016
0.000000,-0.014016
0.000000,-0.014016
0.000000,-0.014021
0.000000,-0.014021
0.000000,-0.013924
0.000000,-0.013924
0.000000,-0.013924
0.000000,-0.013922
0.000000,-0.013922
0.000000,-0.013952
0.000000,-0.013952
0.000000,-0.013952
0.000000,-0.013881
0.000000,-0.013881
0.000000,-0.013729
0.000000,-0.013729
0.000000,-0.013693
0.000000,-0.013693
0.000000,-0.013715
0.000000,-0.013715
0.000000,-0.013672
0.000000,-0.013672
0.000000,-0.013611
0.000000,-0.013611
0.000000,-0.013611
0.000000,-0.013609
0.000000,-0.013609
0.000000,-0.013477
0.000000,-0.013477
0.000000,-0.013462
0.000000,-0.013462
0.000000,-0.013457
0.000000,-0.013457
0.000000,-0.013519
0.000000,-0.013519
0.000000,-0.013519
0.000000,-0.013519
0.000000,-0.013519
0.000000,-0.013534
0.000000,-0.013534
0.000000,-0.013523
0.000000,-0.013523
0.000000,-0.013503
0.000000,-0.013503
0.000000,-0.013462
0.000000,-0.013462
0.000000,-0.013379
0.000000,-0.013379
0.000000,-0.013278
0.000000,-0.013164
0.000000,-0.013164
0.000000,-0.013114
0.000000,-0.013114
0.000000,-0.013114
0.000000,-0.013139
0.000000,-0.013112
0.000000,-0.013112
0.000000,-0.013062
0.000000,-0.013051
0.000000,-0.013025
0.000000,-0.013055
0.000000,-0.013055
0.000000,-0.013087
0.000000,-0.013142
0.000000,-0.013138
0.000000,-0.013138
0.000000,-0.013138
0.000000,-0.013113
0.000000,-0.013113
0.000000,-0.013075
0.000000,-0.013075
0.000000,-0.013017
0.000000,-0.013024
0.000000,-0.013024
0.000000,-0.013004
0.000000,-0.012934
0.000000,-0.012934
0.000000,-0.012888
0.000000,-0.012856
0.000000,-0.012856
0.000000,-0.012856
0.000000,-0.012856
0.000000,-0.012856
0.000000,-0.012818
0.000000,-0.012818
0.000000,-0.012869
0.000000,-0.012869
0.000000,-0.012872
0.000000,-0.012881
0.000000,-0.012881
0.000000,-0.012867
0.000000,-0.012867
0.000000,-0.012784
0.000000,-0.012784
0.000000,-0.012728
0.000000,-0.012728
0.000000,-0.012728
0.000000,-0.012734
0.000000,-0.012734
0.000000,-0.012629
0.000000,-0.012629
0.000000,-0.012629
0.000000,-0.012629
0.000000,-0.012629
0.000000,-0.012591
0.000000,-0.012591
0.150019,0.000000
0.150019,0.000000
0.150026,0.000000
0.150026,0.000000
0.149992,0.000000
0.149992,0.000000
0.149931,0.000000
0.149931,0.000000
0.149931,0.000000
0.149866,0.000000
0.149866,0.000000
0.149365,0.000000
0.149012,0.000000
0.148555,0.000000
0.148445,0.000000
0.148240,0.000000
0.148272,0.000000
0.148345,0.000000
0.148272,0.000000
0.148272,0.000000
0.148035,0.000000
0.148035,0.000000
0.147716,0.000000
0.147716,0.000000
0.147375,0.000000
0.146960,0.000000
0.146960,0.000000
0.146082,0.000000
0.146082,0.000000
0.145431,0.000000
0.145431,0.000000
0.144519,0.000000
0.143601,0.000000
0.143601,0.000000
0.142881,0.000000
0.142881,0.000000
0.142336,0.000000
0.142336,0.000000
0.141837,0.000000
0.141837,0.000000
0.141837,0.000000
0.141837,0.000000
0.140819,0.000000
0.140819,0.000000
0.140290,0.000000
0.139874,0.000000
0.139553,0.000000
0.139180,0.000000
0.139180,0.000000
0.139180,0.000000
0.138780,0.000000
0.138780,0.000000
0.138382,0.000000
0.138382,0.000000
0.137797,0.000000
0.137797,0.000000
0.137797,0.000000
0.137797,0.000000
0.136811,0.000000
0.136811,0.000000
0.136425,0.000000
0.136425,0.000000
0.135941,0.000000
0.135941,0.000000
0.135450,0.000000
0.135450,0.000000
0.135100,0.000000
0.135100,0.000000
0.134569,0.000000
0.134569,0.000000
0.134194,0.000000
0.134194,0.000000
0.133834,0.000000
0.133348,0.000000
0.133348,0.000000
0.132767,0.000000
0.132218,0.000000
0.132218,0.000000
0.131815,0.000000
0.131355,0.000000
0.131020,0.000000
0.130549,0.000000
0.130154,0.000000
0.129694,0.000000
0.129636,0.000000
0.129250,0.000000
0.128669,0.000000
0.128287,0.000000
0.128287,0.000000
0.127817,0.000000
0.127363,0.000000
0.126966,0.000000
0.126966,0.000000
0.126697,0.000000
0.126697,0.000000
0.126329,0.000000
0.126329,0.000000
0.125936,0.000000
0.125936,0.000000
0.125936,0.000000
0.125577,0.000000
0.125577,0.000000
0.125091,0.000000
0.125091,0.000000
0.124592,0.000000
0.124592,0.000000
0.124592,0.000000
0.124178,0.000000
0.124178,0.000000
0.123683,0.000000
0.123683,0.000000
0.123156,0.000000
0.123156,0.000000
0.122701,0.000000
0.122701,0.000000
0.122394,0.000000
0.122025,0.000000
0.122025,0.000000
0.121636,0.000000
0.121636,0.000000
0.121636,0.000000
0.120685,0.000000
0.120685,0.000000
0.120166,0.000000
0.120166,0.000000
0.119677,0.000000
0.119677,0.000000
0.119287,0.000000
0.119287,0.000000
0.118860,0.000000
0.118860,0.000000
0.118466,0.000000
0.118466,0.000000
0.118466,0.000000
0.118010,0.000000
0.118010,0.000000
0.117559,0.000000
0.117559,0.000000
0.117559,0.000000
0.117133,0.000000
0.116690,0.000000
0.116690,0.000000
0.116270,0.000000
0.116270,0.000000
0.115840,0.000000
0.115840,0.000000
0.115840,0.000000
0.115340,0.000000
0.115340,0.000000
0.114917,0.000000
0.114917,0.000000
0.114476,0.000000
0.114476,0.000000
0.114034,0.000000
0.114034,0.000000
0.114034,0.000000
0.113685,0.000000
0.113685,0.000000
0.113685,0.000000
0.113685,0.000000
0.112851,0.000000
0.112851,0.000000
0.112459,0.000000
0.112459,0.000000
0.112089,0.000000
0.112089,0.000000
0.111722,0.000000
0.111722,0.000000
0.111308,0.000000
0.111308,0.000000
0.110902,0.000000
0.110584,0.000000
0.110584,0.000000
0.110148,0.000000
0.110148,0.000000
0.109693,0.000000
0.109693,0.000000
0.109300,0.000000
0.109300,0.000000
0.108953,0.000000
0.000000,0.012511
0.000000,0.012511
0.000000,0.012634
0.000000,0.012634
0.000000,0.012737
0.000000,0.012737
0.000000,0.012902
0.000000,0.012902
0.000000,0.012935
0.000000,0.013278
0.000000,0.013278
0.000000,0.013539
0.000000,0.013539
0.000000,0.013789
0.000000,0.013789
0.000000,0.013789
0.000000,0.013716
0.000000,0.013716
0.000000,0.013716
0.000000,0.013488
0.000000,0.013558
0.000000,0.013558
0.000000,0.013704
0.000000,0.013704
0.000000,0.013660
0.000000,0.013660
0.000000,0.013523
0.000000,0.013523
0.000000,0.013548
0.000000,0.013548
0.000000,0.013497
0.000000,0.013497
0.000000,0.013462
0.000000,0.013462
0.000000,0.013472
0.000000,0.013472
0.000000,0.013472
0.000000,0.013472
0.000000,0.013477
0.000000,0.013427
0.000000,0.013427
0.000000,0.013427
0.000000,0.013424
0.000000,0.013424
0.000000,0.013411
0.000000,0.013411
0.000000,0.013397
0.000000,0.013397
0.000000,0.013397
0.000000,0.013431
0.000000,0.013431
0.000000,0.013399
0.000000,0.013399
0.000000,0.013376
0.000000,0.013376
0.000000,0.013376
0.000000,0.013362
0.000000,0.013362
0.000000,0.013362
0.000000,0.013346
0.000000,0.013258
0.000000,0.013258
0.000000,0.013235
0.000000,0.013235
0.000000,0.013230
0.000000,0.013230
0.000000,0.013216
0.000000,0.013216
0.000000,0.013130
0.000000,0.013130
0.000000,0.013130
0.000000,0.012949
0.000000,0.012949
0.000000,0.012776
0.000000,0.012776
0.000000,0.012776
0.000000,0.012651
0.000000,0.012651
0.000000,0.012651
0.000000,0.012651
0.000000,0.012703
0.000000,0.012703
0.000000,0.012703
0.000000,0.012637
0.000000,0.012637
0.000000,0.012598
0.000000,0.012598
0.000000,0.012577
0.000000,0.012577
0.000000,0.012561
0.000000,0.012561
0.000000,0.012570
0.000000,0.012570
0.000000,0.012570
0.000000,0.012515
0.000000,0.012515
0.107662,0.000000
0.107662,0.000000
0.107642,0.000000
0.107642,0.000000
0.107642,0.000000
0.107618,0.000000
0.107618,0.000000
0.000000,0.012585
0.000000,0.012585
0.107540,0.000000
0.107540,0.000000
0.107456,0.000000
0.107151,0.000000
0.107151,0.000000
0.106822,0.000000
0.106822,0.000000
0.106674,0.000000
0.106458,0.000000
0.106458,0.000000
0.106240,0.000000
0.106240,0.000000
0.105884,0.000000
0.105454,0.000000
0.104918,0.000000
0.104918,0.000000
0.000000,0.012643
0.000000,0.012643
0.000000,0.012807
0.000000,0.012986
0.000000,0.012986
0.000000,0.013248
0.000000,0.013248
0.000000,0.013177
0.000000,0.013177
0.000000,0.013177
0.000000,0.013288
0.000000,0.013288
0.000000,0.013288
0.000000,0.013113
0.000000,0.013084
0.000000,0.013033
0.000000,0.013033
0.000000,0.012969
0.000000,0.012969
0.000000,0.012856
0.000000,0.012856
0.000000,0.012654
0.000000,0.012654
0.000000,0.012604
0.000000,0.012604
0.000000,0.012604
0.000000,0.012602
0.000000,0.012602
0.103254,0.000000
0.103254,0.000000
0.103302,0.000000
0.103302,0.000000
0.103302,0.000000
0.103409,0.000000
0.103427,0.000000
0.103427,0.000000
0.103439,0.000000
0.103388,0.000000
0.103133,0.000000
0.000000,0.012595
0.000000,0.012595
0.000000,0.012644
0.000000,0.012644
0.000000,0.012644
0.000000,0.012628
0.000000,0.012628
0.000000,0.012634
0.000000,0.012634
0.000000,0.012634
0.000000,0.012634
0.000000,0.013022
0.000000,0.013022
0.000000,0.012999
0.000000,0.012999
0.000000,0.012999
0.000000,0.012581
0.000000,0.012581
0.101116,0.000000
0.101116,0.000000
0.101212,0.000000
0.000000,0.012904
0.000000,0.012904
0.000000,0.012975
0.000000,0.012975
0.000000,0.012975
0.000000,0.013030
0.000000,0.013030
0.000000,0.013030
0.000000,0.013030
0.000000,0.013030
0.000000,0.012918
0.000000,0.012918
0.000000,0.013140
0.000000,0.013140
0.000000,0.013097
0.000000,0.013097
0.000000,0.013024
0.000000,0.013024
0.000000,0.013024
0.000000,0.012848
0.000000,0.012848
0.000000,0.012729
0.000000,0.012729
0.000000,0.012902
0.000000,0.012902
0.000000,0.012973
0.000000,0.012973
0.000000,0.012934
0.000000,0.012934
0.000000,0.012829
0.000000,0.012829
0.000000,0.012792
0.000000,0.012792
0.000000,0.012795
0.000000,0.012844
0.000000,0.012844
0.000000,0.012893
0.000000,0.012893
0.000000,0.012721
0.000000,0.012721
0.000000,0.012662
0.000000,0.012662
0.000000,0.012662
0.000000,0.012782
0.000000,0.012782
0.000000,0.012834
0.000000,0.012834
0.000000,0.012834
0.000000,0.012762
0.000000,0.012708
0.000000,0.012708
0.000000,0.012538
0.000000,0.012538
0.000000,0.012526
0.100368,0.000000
0.100368,0.000000
0.100402,0.000000
0.100402,0.000000
0.100466,0.000000
0.100466,0.000000
0.100442,0.000000
0.100424,0.000000
0.100424,0.000000
0.100377,0.000000
0.100377,0.000000
0.100377,0.000000
0.100243,0.000000
0.100015,0.000000
0.099591,0.000000
0.099021,0.000000
0.099021,0.000000
0.098434,0.000000
0.098434,0.000000
0.097825,0.000000
0.097825,0.000000
0.097390,0.000000
0.097390,0.000000
0.096912,0.000000
0.096503,0.000000
0.000000,0.012567
0.000000,0.012567
0.000000,0.012702
0.000000,0.012702
0.000000,0.012859
0.000000,0.012859
0.000000,0.012850
0.000000,0.012850
0.000000,0.012850
0.000000,0.012826
0.000000,0.012826
0.000000,0.012877
0.000000,0.012877
0.000000,0.012877
0.000000,0.012877
0.000000,0.012786
0.094640,0.000000
0.094640,0.000000
0.094764,0.000000
0.094764,0.000000
0.094764,0.000000
0.095001,0.000000
0.000000,0.012527
0.000000,0.012527
0.000000,0.012588
0.000000,0.012588
0.094869,0.000000
0.094869,0.000000
0.094551,0.000000
0.094551,0.000000
0.094194,0.000000
0.094194,0.000000
0.093953,0.000000
0.093881,0.000000
0.093881,0.000000
0.093902,0.000000
0.093902,0.000000
0.093902,0.000000
0.093902,0.000000
0.093698,0.000000
0.093698,0.000000
0.093698,0.000000
0.093318,0.000000
0.093318,0.000000
0.092741,0.000000
0.092741,0.000000
0.092741,0.000000
0.092741,0.000000
0.092741,0.000000
0.091478,0.000000
0.091478,0.000000
0.000000,0.012525
0.000000,0.012706
0.000000,0.012706
0.000000,0.012884
0.000000,0.012884
0.000000,0.012916
0.000000,0.012916
0.000000,0.012784
0.000000,0.012784
0.000000,0.012725
0.000000,0.012725
0.000000,0.012723
0.000000,0.012847
0.000000,0.012847
0.000000,0.012759
0.000000,0.012759
0.000000,0.012704
0.000000,0.012704
0.000000,0.012514
0.000000,0.012514
0.089893,0.000000
0.089893,0.000000
0.089833,0.000000
0.089833,0.000000
0.000000,0.012537
0.000000,0.012537
0.000000,0.012597
0.000000,0.012597
0.000000,0.012597
0.000000,0.012597
0.089485,0.000000
0.089330,0.000000
0.089330,0.000000
0.000000,0.012556
0.000000,0.012556
0.000000,0.012894
0.000000,0.012894
0.000000,0.013024
0.000000,0.013024
0.000000,0.013024
0.000000,0.012812
0.000000,0.012812
0.000000,0.012737
0.000000,0.012737
0.000000,0.012737
0.000000,0.012722
0.088934,0.000000
0.000000,0.012506
0.000000,0.012506
0.089023,0.000000
0.089023,0.000000
0.089033,0.000000
0.089054,0.000000
0.089090,0.000000
0.089090,0.000000
0.089027,0.000000
0.089027,0.000000
0.088931,0.000000
0.088931,0.000000
0.088865,0.000000
0.088865,0.000000
0.088865,0.000000
0.088865,0.000000
0.088865,0.000000
0.000000,0.012650
0.000000,0.012776
0.000000,0.012886
0.000000,0.012886
0.000000,0.013115
0.000000,0.013131
0.000000,0.013131
0.000000,0.013068
0.000000,0.013068
0.000000,0.013175
0.000000,0.013175
0.000000,0.013081
0.000000,0.013081
0.000000,0.013031
0.000000,0.013031
0.000000,0.013031
0.000000,0.013031
0.000000,0.013031
0.000000,0.013030
0.000000,0.013030
0.000000,0.012750
0.000000,0.012750
0.000000,0.012611
0.000000,0.012611
0.000000,0.012626
0.000000,0.012626
0.000000,0.012674
0.000000,0.012674
0.000000,0.012674
0.000000,0.012742
0.000000,0.012847
0.000000,0.012823
0.000000,0.012823
0.000000,0.012823
0.000000,0.012823
0.000000,0.013074
0.000000,0.013048
0.000000,0.013048
0.000000,0.013073
0.000000,0.013073
0.000000,0.013200
0.000000,0.013200
0.000000,0.013125
0.000000,0.013125
0.000000,0.013043
0.000000,0.013076
0.000000,0.013076
0.000000,0.013088
0.000000,0.013088
0.000000,0.013092
0.000000,0.013142
0.000000,0.013142
0.000000,0.013124
0.000000,0.013124
0.000000,0.013084
0.000000,0.013084
0.000000,0.013084
0.000000,0.013084
0.000000,0.013152
0.000000,0.013133
0.000000,0.013055
0.000000,0.013055
0.000000,0.012949
0.000000,0.012949
0.000000,0.012972
0.000000,0.012843
0.000000,0.012843
0.000000,0.012876
0.000000,0.012815
0.000000,0.012815
0.000000,0.012783
0.000000,0.012783
0.000000,0.012942
0.000000,0.012942
0.000000,0.012901
0.000000,0.012781
0.000000,0.012781
0.000000,0.012849
0.000000,0.012849
0.000000,0.012849
0.000000,0.012971
0.000000,0.012971
0.000000,0.012847
0.000000,0.012847
0.000000,0.012823
0.000000,0.012823
0.000000,0.012789
0.000000,0.012772
0.000000,0.012772
0.000000,0.012736
0.000000,0.012736
0.000000,0.012668
0.000000,0.012614
0.000000,0.012614
0.000000,0.012541
0.000000,0.012622
0.000000,0.012622
0.000000,0.012535
0.000000,0.012604
0.000000,0.012604
0.000000,0.012599
0.000000,0.012556
0.000000,0.012529
0.000000,0.012529
0.086523,0.000000
0.086525,0.000000
0.086526,0.000000
0.086495,0.000000
0.086340,0.000000
0.086340,0.000000
0.086158,0.000000
0.085850,0.000000
0.085276,0.000000
0.085276,0.000000
0.084649,0.000000
0.084649,0.000000
0.084531,0.000000
0.084531,0.000000
0.083441,0.000000
0.082917,0.000000
0.082917,0.000000
0.082499,0.000000
0.082185,0.000000
0.081743,0.000000
0.081743,0.000000
0.081743,0.000000
0.081318,0.000000
0.000000,0.012584
0.000000,0.012587
0.000000,0.012609
0.000000,0.012727
0.000000,0.012727
0.000000,0.013502
0.000000,0.013662
0.000000,0.013662
0.000000,0.013597
0.000000,0.013460
0.000000,0.013460
0.000000,0.013058
0.000000,0.013058
0.000000,0.012769
0.000000,0.012769
0.000000,0.012774
0.000000,0.012625
0.000000,0.012937
0.000000,0.013080
0.000000,0.013204
0.000000,0.013204
0.000000,0.012893
0.000000,0.012676
0.000000,0.012545
0.000000,0.012545
0.000000,0.012625
0.000000,0.012625
0.000000,0.012741
0.000000,0.012741
0.000000,0.012903
0.000000,0.012903
0.000000,0.012903
0.000000,0.012945
0.000000,0.012945
0.000000,0.012945
0.000000,0.012945
0.000000,0.012849
0.000000,0.012849
0.000000,0.012845
0.000000,0.012873
0.000000,0.012873
0.000000,0.012831
0.000000,0.012831
0.000000,0.012991
0.000000,0.012991
0.000000,0.013024
0.000000,0.013024
0.000000,0.013024
0.000000,0.013024
0.000000,0.012899
0.000000,0.012891
0.000000,0.012891
0.000000,0.012955
0.000000,0.012955
0.000000,0.012873
0.000000,0.012731
0.000000,0.012731
0.000000,0.012794
0.000000,0.012823
0.000000,0.012816
0.000000,0.012816
0.000000,0.012781
0.000000,0.012781
0.000000,0.012722
0.000000,0.012722
0.000000,0.012860
0.000000,0.012860
0.000000,0.012863
0.000000,0.012863
0.000000,0.012777
0.000000,0.012777
0.000000,0.012701
0.000000,0.012701
0.000000,0.012701
0.000000,0.012743
0.000000,0.012743
0.000000,0.012839
0.000000,0.012839
0.000000,0.012827
0.000000,0.012827
0.000000,0.012761
0.000000,0.012761
0.000000,0.012761
0.000000,0.012753
0.000000,0.012753
0.000000,0.012753
0.000000,0.012738
0.000000,0.012706
0.000000,0.012706
0.000000,0.012745
0.000000,0.012745
0.000000,0.012641
0.000000,0.012641
0.000000,0.012520
0.000000,0.012520
0.000000,0.012671
0.000000,0.012671
0.000000,0.012671
0.000000,0.012669
0.000000,0.012669
0.000000,0.012624
0.000000,0.012624
0.079693,0.000000
0.079693,0.000000
0.079692,0.000000
0.079692,0.000000
0.079756,0.000000
0.079756,0.000000
0.079739,0.000000
0.079739,0.000000
0.079684,0.000000
0.079684,0.000000
0.079564,0.000000
0.079546,0.000000
0.000000,0.012782
0.000000,0.012782
0.000000,0.012782
0.000000,0.012773
0.000000,0.012817
0.000000,0.012817
0.000000,0.012885
0.000000,0.012885
0.000000,0.012683
0.000000,0.012683
0.000000,0.012683
0.076877,0.000000
0.076877,0.000000
0.077018,0.000000
0.077018,0.000000
0.077313,0.000000
0.077313,0.000000
0.077313,0.000000
0.077481,0.000000
0.077481,0.000000
0.077658,0.000000
0.077658,0.000000
0.077727,0.000000
0.077727,0.000000
0.077570,0.000000
0.077570,0.000000
0.077191,0.000000
0.076720,0.000000
0.076720,0.000000
0.076720,0.000000
0.076087,0.000000
0.000000,0.012695
0.000000,0.012695
0.000000,0.012695
0.000000,0.013083
0.000000,0.013083
0.000000,0.013083
0.000000,0.013268
0.000000,0.013456
0.000000,0.013456
0.000000,0.013456
0.000000,0.013171
0.000000,0.013171
0.000000,0.012763
0.000000,0.012763
0.000000,0.012655
0.000000,0.012655
0.000000,0.012655
0.000000,0.012749
0.000000,0.012749
0.000000,0.012754
0.000000,0.012661
0.000000,0.012819
0.000000,0.012819
0.000000,0.012620
0.000000,0.012620
0.000000,0.012513
0.000000,0.012800
0.000000,0.013108
0.000000,0.013066
0.000000,0.013066
0.000000,0.013092
0.000000,0.013092
0.000000,0.013092
0.000000,0.012950
0.000000,0.012950
0.000000,0.012950
0.000000,0.012950
0.000000,0.012950
0.000000,0.013018
0.000000,0.013018
0.000000,0.013063
0.000000,0.013063
0.000000,0.012997
0.000000,0.012997
0.000000,0.012997
0.000000,0.012930
0.000000,0.012930
0.000000,0.013127
0.000000,0.013127
0.000000,0.013137
0.000000,0.013137
0.000000,0.013233
0.000000,0.013233
0.000000,0.013003
0.000000,0.013003
0.000000,0.013012
0.000000,0.013012
0.000000,0.013012
0.000000,0.013023
0.000000,0.013023
0.000000,0.013102
0.000000,0.013102
0.000000,0.013102
0.000000,0.013014
0.000000,0.013014
0.000000,0.013026
0.000000,0.013026
0.000000,0.013026
0.000000,0.013067
0.000000,0.013067
0.000000,0.013017
0.000000,0.013017
0.000000,0.013017
0.000000,0.013156
0.000000,0.013156
0.000000,0.013156
0.000000,0.013212
0.000000,0.012969
0.000000,0.012969
0.000000,0.012969
0.000000,0.012864
0.000000,0.012864
0.000000,0.012730
0.000000,0.012730
0.000000,0.012699
0.000000,0.012699
0.000000,0.012656
0.000000,0.012656
0.000000,0.012679
0.000000,0.012679
0.000000,0.012635
0.000000,0.012635
0.000000,0.012685
0.000000,0.012685
0.000000,0.012685
0.000000,0.012834
0.000000,0.012834
0.000000,0.012743
0.000000,0.012743
0.000000,0.012743
0.000000,0.012743
0.000000,0.012743
0.000000,0.012743
0.000000,0.012743
0.000000,0.012743
0.000000,0.012743
0.000000,0.012743
0.000000,0.012743
0.000000,0.012743
0.000000,0.012743
0.000000,0.012743
0.000000,0.012743
0.000000,0.012743
0.000000,0.012743
0.000000,0.012743
0.000000,0.012743
0.000000,0.012743
0.000000,0.012743
0.000000,0.013105
0.000000,0.012966
0.000000,0.012966
0.000000,0.012966
0.000000,0.012966
0.000000,0.012897
0.000000,0.012897
0.000000,0.012843
0.000000,0.012843
0.000000,0.012829
0.000000,0.012829
0.000000,0.012662
0.000000,0.012662
0.000000,0.012504
0.000000,0.012520
0.000000,0.012520
0.073827,0.000000
0.073827,0.000000
0.073872,0.000000
0.073872,0.000000
0.073872,0.000000
0.073872,0.000000
0.000000,0.012599
0.073830,0.000000
0.073830,0.000000
0.073830,0.000000
0.073830,0.000000
0.073830,0.000000
0.073830,0.000000
0.073830,0.000000
0.073830,0.000000
0.073830,0.000000
0.073830,0.000000
0.073830,0.000000
0.072835,0.000000
0.072835,0.000000
0.072835,0.000000
0.072835,0.000000
0.072835,0.000000
0.072835,0.000000
0.072835,0.000000
0.072421,0.000000
0.072262,0.000000
0.072262,0.000000
0.072262,0.000000
0.072262,0.000000
0.072262,0.000000
0.072262,0.000000
0.072262,0.000000
0.072262,0.000000
0.072262,0.000000
0.072262,0.000000
0.000000,0.012706
0.000000,0.012728
0.000000,0.012728
0.000000,0.012627
0.000000,0.012627
0.000000,0.012627
0.000000,0.012627
0.000000,0.012627
0.000000,0.012627
0.000000,0.012627
0.000000,0.012627
0.000000,0.012627
0.000000,0.012627
0.000000,0.012627
0.000000,0.012627
0.000000,0.012627
0.000000,0.012627
0.068498,0.000000
0.068498,0.000000
0.068549,0.000000
0.068549,0.000000
0.068547,0.000000
0.000000,0.012659
0.000000,0.012659
0.000000,0.012659
0.000000,0.012659
0.000000,0.012659
0.000000,0.012659
0.000000,0.012659
0.000000,0.012659
0.000000,0.012659
0.000000,0.012659
0.000000,0.012659
0.000000,0.012659
0.000000,0.012659
0.000000,0.012588
0.000000,0.012507
0.000000,0.012507
0.000000,0.012595
0.000000,0.012595
0.000000,0.012795
0.000000,0.012795
0.000000,0.012795
0.000000,0.012795
0.000000,0.012795
0.000000,0.012795
0.000000,0.012795
0.000000,0.012795
0.000000,0.012795
0.000000,0.012795
0.067319,0.000000
0.067319,0.000000
0.067319,0.000000
0.067319,0.000000
0.000000,0.012553
0.000000,0.012553
0.000000,0.012553
0.000000,0.012553
0.000000,0.012553
0.000000,0.012553
0.000000,0.012553
0.000000,0.012553
0.000000,0.012553
0.000000,0.012553
0.000000,0.012553
0.000000,0.012553
0.000000,0.012553
0.000000,0.012553
0.000000,0.012553
0.000000,0.012553
0.000000,0.012602
0.000000,0.012602
0.000000,0.012602
0.000000,0.012602
0.000000,0.012602
0.000000,0.012602
0.000000,0.012602
0.000000,0.012602
0.000000,0.012602
0.000000,0.012602
0.000000,0.012602
0.000000,0.012602
0.066791,0.000000
0.066791,0.000000
0.066791,0.000000
0.066791,0.000000
0.066791,0.000000
0.066791,0.000000
0.066791,0.000000
0.066791,0.000000
0.066791,0.000000
0.066791,0.000000
0.066791,0.000000
0.066791,0.000000
0.066791,0.000000
0.066791,0.000000
0.066791,0.000000
0.000000,0.013517
0.000000,0.013517
0.000000,0.013517
0.000000,0.013517
0.000000,0.013517
0.000000,0.013517
0.000000,0.013517
0.000000,0.013517
0.000000,0.013517
0.000000,0.013517
0.000000,0.013517
0.000000,0.013517
0.000000,0.013517
0.000000,0.013517
0.000000,0.013517
0.000000,0.013517
0.000000,0.013517
0.000000,0.012553
0.000000,0.012553
0.000000,0.012553
0.000000,0.012553
0.000000,0.012553
0.000000,0.012553
0.000000,0.012553
0.000000,0.012553
0.000000,0.012553
0.000000,0.012553
0.000000,0.012553
0.000000,0.012553
0.000000,0.012553
0.000000,0.012553
0.000000,0.013032
0.000000,0.013032
0.000000,0.013032
0.000000,0.013032
0.000000,0.013032
0.000000,0.013032
0.000000,0.013546
0.000000,0.013546
0.000000,0.013546
0.000000,0.013546
0.000000,0.013546
0.000000,0.013546
0.000000,0.013574
0.000000,0.013574
0.000000,0.013574
0.000000,0.013574
0.000000,0.013574
0.000000,0.013574
0.000000,0.013574
0.000000,0.013574
0.000000,0.013574
0.000000,0.013574
0.000000,0.013574
0.000000,0.013574
0.000000,0.013574
0.000000,0.013574
0.000000,0.013574
0.000000,0.013574
0.000000,0.013574
0.000000,0.013382
0.000000,0.013382
0.000000,0.013382
0.000000,0.013382
0.000000,0.013382
0.000000,0.013382
0.000000,0.013405
0.000000,0.013405
0.000000,0.013405
0.000000,0.013405
0.000000,0.013405
0.000000,0.013405
0.000000,0.013405
0.000000,0.013405
0.000000,0.013405
0.000000,0.013405
0.000000,0.013097
0.000000,0.013097
0.000000,0.013097
0.000000,0.013097
0.000000,0.013097
0.000000,0.013097
0.000000,0.013097
0.000000,0.013100
0.000000,0.013138
0.000000,0.013138
0.000000,0.013063
0.000000,0.013063
0.000000,0.013105
0.000000,0.013105
0.000000,0.013013
0.000000,0.013013
0.000000,0.012891
0.000000,0.012891
0.000000,0.012771
0.000000,0.012771
0.000000,0.012771
0.000000,0.012642
0.000000,0.012642
0.000000,0.012701
0.000000,0.012701
0.000000,0.012679
0.000000,0.012679
0.000000,0.012657
0.000000,0.012657
0.000000,0.012769
0.000000,0.012769
0.000000,0.012735
0.000000,0.012735
0.000000,0.012622
0.000000,0.012622
0.000000,0.012637
0.000000,0.012637
0.000000,0.012655
0.000000,0.012655
0.000000,0.012621
0.000000,0.012621
0.000000,0.012555
0.000000,0.012555
0.000000,0.012630
0.000000,0.012630
0.000000,0.012575
0.000000,0.012575
0.064252,0.000000
0.064252,0.000000
0.064227,0.000000
0.064227,0.000000
0.000000,0.012508
0.000000,0.012508
0.000000,0.012516
0.000000,0.012516
0.000000,0.012516
0.000000,0.012584
0.000000,0.012584
0.064151,0.000000
0.064151,0.000000
0.064057,0.000000
0.064057,0.000000
0.063877,0.000000
0.063877,0.000000
0.063782,0.000000
0.063782,0.000000
0.063734,0.000000
0.063734,0.000000
0.063770,0.000000
0.063770,0.000000
0.063770,0.000000
0.063688,0.000000
0.063366,0.000000
0.062973,0.000000
0.062459,0.000000
0.062459,0.000000
0.061918,0.000000
0.061918,0.000000
0.061249,0.000000
0.061249,0.000000
0.060616,0.000000
0.060616,0.000000
0.060616,0.000000
0.060048,0.000000
0.060048,0.000000
0.059565,0.000000
0.059565,0.000000
0.059565,0.000000
0.059182,0.000000
0.059182,0.000000
0.000000,0.012503
0.000000,0.012503
0.000000,0.012962
0.000000,0.012962
0.000000,0.013076
0.000000,0.013076
0.000000,0.012895
0.000000,0.012895
0.057219,0.000000
0.057177,0.000000
0.057177,0.000000
0.057001,0.000000
0.057001,0.000000
0.056952,0.000000
0.056952,0.000000
0.056952,0.000000
0.057142,0.000000
0.057142,0.000000
0.057142,0.000000
0.057303,0.000000
0.057219,0.000000
0.057219,0.000000
0.056956,0.000000
0.056956,0.000000
0.000000,0.012898
0.000000,0.012898
0.000000,0.012890
0.000000,0.012890
0.000000,0.013115
0.000000,0.013115
0.000000,0.013115
0.000000,0.013310
0.000000,0.013310
0.000000,0.013174
0.000000,0.012513
0.000000,0.012513
0.054046,0.000000
0.054308,0.000000
0.054308,0.000000
0.054499,0.000000
0.054499,0.000000
0.054472,0.000000
0.054472,0.000000
0.054472,0.000000
0.054267,0.000000
0.054267,0.000000
0.000000,0.012765
0.000000,0.012765
0.000000,0.012837
0.000000,0.012846
0.000000,0.012846
0.000000,0.012700
0.000000,0.012700
0.000000,0.013093
0.000000,0.013093
0.000000,0.013694
0.000000,0.013694
0.000000,0.013732
0.000000,0.013732
0.000000,0.013732
0.000000,0.013374
0.000000,0.013374
0.000000,0.013711
0.000000,0.013711
0.000000,0.013752
0.000000,0.013752
0.000000,0.013394
0.000000,0.013394
0.000000,0.013394
0.000000,0.013370
0.000000,0.013370
0.000000,0.013440
0.000000,0.013440
0.000000,0.013780
0.000000,0.013780
0.000000,0.013780
0.000000,0.014116
0.000000,0.014116
0.000000,0.013766
0.000000,0.013766
0.000000,0.013122
0.000000,0.013122
0.000000,0.012941
0.000000,0.012941
0.000000,0.012954
0.000000,0.012954
0.000000,0.013046
0.000000,0.013046
0.000000,0.013055
0.000000,0.013055
0.000000,0.013051
0.000000,0.013030
0.000000,0.013030
0.000000,0.013030
0.000000,0.013255
0.000000,0.012996
0.000000,0.012996
0.000000,0.012866
0.000000,0.012866
0.000000,0.012945
0.000000,0.012945
0.000000,0.012713
0.000000,0.012713
0.000000,0.012713
0.000000,0.012757
0.000000,0.012757
0.000000,0.012943
0.000000,0.012943
0.000000,0.012969
0.000000,0.012969
0.000000,0.012969
0.000000,0.012985
0.000000,0.012985
0.000000,0.012823
0.000000,0.012823
0.000000,0.012716
0.000000,0.012716
0.000000,0.012716
0.000000,0.012975
0.000000,0.012975
0.000000,0.012910
0.000000,0.012910
0.000000,0.012785
0.000000,0.012785
0.000000,0.012785
0.000000,0.012843
0.000000,0.012843
0.000000,0.012975
0.000000,0.013092
0.000000,0.013169
0.000000,0.013169
0.000000,0.013182
0.000000,0.013182
0.000000,0.013196
0.000000,0.013196
0.000000,0.013041
0.000000,0.013041
0.000000,0.013094
0.000000,0.013094
0.000000,0.013205
0.000000,0.013205
0.000000,0.013351
0.000000,0.013351
0.000000,0.013351
0.000000,0.013227
0.000000,0.013227
0.000000,0.013329
0.000000,0.013329
0.000000,0.013219
0.000000,0.013219
0.000000,0.013219
0.000000,0.013219
0.000000,0.013219
0.000000,0.013219
0.000000,0.013219
0.000000,0.013219
0.000000,0.013219
0.000000,0.013219
0.000000,0.013219
0.000000,0.013219
0.000000,0.013219
0.000000,0.013219
0.000000,0.013219
0.000000,0.013219
0.000000,0.013219
0.000000,0.013219
0.000000,0.013109
0.000000,0.013109
0.000000,0.012932
0.000000,0.012932
0.000000,0.012794
0.000000,0.012794
0.000000,0.012824
0.000000,0.012824
0.000000,0.012747
0.000000,0.012747
0.000000,0.012747
0.000000,0.012742
0.000000,0.012720
0.000000,0.012720
0.000000,0.012720
0.000000,0.012684
0.000000,0.012684
0.000000,0.012659
0.000000,0.012659
0.000000,0.012677
0.000000,0.012608
0.000000,0.012608
0.000000,0.012720
0.000000,0.012720
0.000000,0.012575
0.000000,0.012575
0.000000,0.012575
0.000000,0.012708
0.000000,0.012708
0.000000,0.012621
0.000000,0.012621
0.000000,0.012621
0.000000,0.012806
0.000000,0.012806
0.000000,0.012762
0.000000,0.012762
0.000000,0.012655
0.000000,0.012655
0.000000,0.012655
0.000000,0.012741
0.000000,0.012741
0.000000,0.012613
0.000000,0.012613
0.051701,0.000000
0.051701,0.000000
0.051701,0.000000
0.051701,0.000000
0.051750,0.000000
0.051812,0.000000
0.051812,0.000000
0.051734,0.000000
0.051734,0.000000
0.051650,0.000000
0.051650,0.000000
0.051489,0.000000
0.051489,0.000000
0.051489,0.000000
0.000000,0.012782
0.000000,0.012782
0.000000,0.013300
0.000000,0.013300
0.000000,0.013630
0.000000,0.013630
0.000000,0.013630
0.000000,0.013041
0.000000,0.013041
0.000000,0.013285
0.000000,0.013285
0.000000,0.012893
0.000000,0.012893
0.000000,0.012893
0.000000,0.012800
0.000000,0.012800
0.000000,0.012860
0.000000,0.012860
0.000000,0.012898
0.000000,0.012898
0.000000,0.012898
0.000000,0.012761
0.000000,0.012761
0.049495,0.000000
0.049495,0.000000
0.049456,0.000000
0.049456,0.000000
0.049456,0.000000
0.049456,0.000000
0.049456,0.000000
0.049456,0.000000
0.049456,0.000000
0.000000,0.012577
0.000000,0.012647
0.000000,0.012969
0.000000,0.013299
0.000000,0.013299
0.000000,0.013545
0.000000,0.013545
0.000000,0.012813
0.000000,0.012813
0.000000,0.012813
0.000000,0.012640
0.000000,0.012763
0.000000,0.012763
0.000000,0.012842
0.000000,0.012842
0.048517,0.000000
0.048523,0.000000
0.048523,0.000000
0.048549,0.000000
0.048549,0.000000
0.048514,0.000000
0.048514,0.000000
0.048514,0.000000
0.048580,0.000000
0.048580,0.000000
0.048535,0.000000
0.048535,0.000000
0.048488,0.000000
0.048488,0.000000
0.048298,0.000000
0.000000,0.013445
0.000000,0.013445
0.000000,0.013733
0.000000,0.013733
0.000000,0.013733
0.000000,0.013446
0.000000,0.013436
0.000000,0.013248
0.000000,0.012851
0.000000,0.012834
0.000000,0.012834
0.000000,0.013258
0.000000,0.013258
0.000000,0.012823
0.000000,0.012823
0.000000,0.013324
0.000000,0.013039
0.000000,0.013039
0.000000,0.012695
0.000000,0.012695
0.046775,0.000000
0.046775,0.000000
0.046743,0.000000
0.000000,0.012893
0.000000,0.012893
0.000000,0.012814
0.000000,0.012814
0.000000,0.012814
0.000000,0.012971
0.000000,0.012971
0.000000,0.012963
0.000000,0.012963
0.000000,0.013160
0.000000,0.013160
0.000000,0.012994
0.000000,0.012994
0.000000,0.013295
0.000000,0.013295
0.000000,0.012928
0.000000,0.012928
0.000000,0.012928
0.000000,0.012928
0.000000,0.012800
0.000000,0.012589
0.000000,0.012589
0.000000,0.012542
0.000000,0.012542
0.000000,0.012542
0.000000,0.012512
0.000000,0.012512
0.000000,0.012512
0.000000,0.012581
0.046020,0.000000
0.046020,0.000000
0.046051,0.000000
0.046051,0.000000
0.046051,0.000000
0.046051,0.000000
0.046016,0.000000
0.045911,0.000000
0.045911,0.000000
0.045648,0.000000
0.045417,0.000000
0.044912,0.000000
0.044912,0.000000
0.044374,0.000000
0.044374,0.000000
0.044374,0.000000
0.043835,0.000000
0.043835,0.000000
0.043276,0.000000
0.043276,0.000000
0.042865,0.000000
0.042865,0.000000
0.042459,0.000000
0.042459,0.000000
0.042459,0.000000
0.042459,0.000000
0.042459,0.000000
0.042459,0.000000
0.000000,0.014013
0.000000,0.014013
0.000000,0.013945
0.000000,0.013945
0.000000,0.013719
0.000000,0.013329
0.000000,0.013329
0.000000,0.012967
0.000000,0.012967
0.000000,0.013083
0.000000,0.013083
0.000000,0.012613
0.000000,0.012613
0.000000,0.012613
0.041081,0.000000
0.041081,0.000000
0.041066,0.000000
0.041066,0.000000
0.041056,0.000000
0.041056,0.000000
0.041063,0.000000
0.041063,0.000000
0.000000,0.013001
0.000000,0.013001
0.000000,0.013001
0.000000,0.013199
0.000000,0.013199
0.000000,0.014013
0.000000,0.014013
0.000000,0.014032
0.000000,0.014032
0.000000,0.014032
0.000000,0.014268
0.000000,0.014268
0.000000,0.014461
0.000000,0.014461
0.000000,0.014461
0.000000,0.013910
0.000000,0.014033
0.000000,0.014033
0.000000,0.013945
0.000000,0.013945
0.000000,0.013851
0.000000,0.013851
0.000000,0.013371
0.000000,0.013473
0.000000,0.013473
0.000000,0.014060
0.000000,0.014138
0.000000,0.014081
0.000000,0.014081
0.000000,0.013957
0.000000,0.014007
0.000000,0.014007
0.000000,0.014068
0.000000,0.014068
0.000000,0.014076
0.000000,0.013981
0.000000,0.014036
0.000000,0.014131
0.000000,0.014131
0.000000,0.014294
0.000000,0.014294
0.000000,0.014294
0.000000,0.014177
0.000000,0.014177
0.000000,0.014177
0.000000,0.013845
0.000000,0.013845
0.000000,0.013845
0.000000,0.013885
0.000000,0.013885
0.000000,0.014050
0.000000,0.014050
0.000000,0.014223
0.000000,0.014223
0.000000,0.013988
0.000000,0.013988
0.000000,0.013785
0.000000,0.013948
0.000000,0.013948
0.000000,0.013931
0.000000,0.013931
0.000000,0.013931
0.000000,0.013931
0.000000,0.013931
0.000000,0.013940
0.000000,0.013940
0.000000,0.013856
0.000000,0.013856
0.000000,0.013611
0.000000,0.013611
0.000000,0.013424
0.000000,0.013424
0.000000,0.012975
0.000000,0.012975
0.000000,0.012975
0.000000,0.013122
0.000000,0.013122
0.000000,0.013003
0.000000,0.013003
0.000000,0.012895
0.000000,0.012895
0.000000,0.012756
0.000000,0.012756
0.000000,0.012764
0.000000,0.012764
0.000000,0.012876
0.000000,0.012876
0.000000,0.012784
0.000000,0.012784
0.000000,0.012672
0.000000,0.012672
0.000000,0.012722
0.000000,0.012722
0.000000,0.012722
0.000000,0.012679
0.000000,0.012679
0.000000,0.012772
0.000000,0.012772
0.000000,0.012548
0.000000,0.012548
0.000000,0.012558
0.000000,0.012558
0.000000,0.012558
0.000000,0.012558
0.000000,0.012558
0.039616,0.000000
0.039616,0.000000
0.039584,0.000000
0.039584,0.000000
0.039537,0.000000
0.039537,0.000000
0.039386,0.000000
0.039386,0.000000
0.039386,0.000000
0.000000,0.012897
0.000000,0.012897
0.000000,0.013375
0.000000,0.013375
0.000000,0.013719
0.000000,0.013719
0.000000,0.013814
0.000000,0.013814
0.000000,0.013814
0.000000,0.013018
0.000000,0.012540
0.000000,0.012540
0.038047,0.000000
0.038047,0.000000
0.038047,0.000000
0.038306,0.000000
0.038306,0.000000
0.038371,0.000000
0.038371,0.000000
0.038371,0.000000
0.038354,0.000000
0.038354,0.000000
0.038376,0.000000
0.038376,0.000000
0.038376,0.000000
0.038289,0.000000
0.038289,0.000000
0.000000,0.012635
0.000000,0.012635
0.000000,0.012635
0.000000,0.012635
0.000000,0.013029
0.000000,0.013110
0.000000,0.013110
0.000000,0.013625
0.000000,0.013625
0.000000,0.013625
0.000000,0.014126
0.000000,0.014126
0.000000,0.013669
0.000000,0.013669
0.000000,0.013562
0.000000,0.013562
0.000000,0.013709
0.000000,0.013709
0.000000,0.013399
0.000000,0.013399
0.000000,0.013006
0.000000,0.013006
0.000000,0.013006
0.000000,0.013006
0.000000,0.013585
0.000000,0.013585
0.000000,0.013585
0.000000,0.013950
0.000000,0.013950
0.000000,0.013784
0.000000,0.013784
0.000000,0.013413
0.000000,0.013413
0.000000,0.013413
0.000000,0.013569
0.000000,0.013569
0.000000,0.013631
0.000000,0.013631
0.000000,0.013631
0.000000,0.013555
0.000000,0.013555
0.000000,0.013610
0.000000,0.013610
0.000000,0.013610
0.000000,0.013610
0.000000,0.013610
0.000000,0.013626
0.000000,0.013626
0.000000,0.013626
0.000000,0.013469
0.000000,0.013469
0.000000,0.013663
0.000000,0.013663
0.000000,0.013683
0.000000,0.013683
0.000000,0.013683
0.000000,0.013582
0.000000,0.013582
0.000000,0.013510
0.000000,0.013510
0.000000,0.013557
0.000000,0.013557
0.000000,0.013570
0.000000,0.013570
0.000000,0.013563
0.000000,0.013563
0.000000,0.013376
0.000000,0.013229
0.000000,0.013133
0.000000,0.013133
0.000000,0.013220
0.000000,0.013220
0.000000,0.013352
0.000000,0.013352
0.000000,0.013514
0.000000,0.013563
0.000000,0.013563
0.000000,0.013513
0.000000,0.013513
0.000000,0.013569
0.000000,0.013569
0.000000,0.013587
0.000000,0.013587
0.000000,0.013587
0.000000,0.013540
0.000000,0.013540
0.000000,0.013446
0.000000,0.013446
0.000000,0.013342
0.000000,0.013342
0.000000,0.013186
0.000000,0.013186
0.000000,0.013385
0.000000,0.013385
0.000000,0.013431
0.000000,0.013431
0.000000,0.013381
0.000000,0.013381
0.000000,0.013381
0.000000,0.013234
0.000000,0.013244
0.000000,0.013244
0.000000,0.013244
0.000000,0.013244
0.000000,0.013111
0.000000,0.012998
0.000000,0.012998
0.000000,0.012718
0.000000,0.012531
0.036467,0.000000
0.036446,0.000000
0.036446,0.000000
0.036420,0.000000
0.036420,0.000000
0.036420,0.000000
0.036428,0.000000
0.036428,0.000000
0.036334,0.000000
0.036334,0.000000
0.036334,0.000000
0.036074,0.000000
0.035826,0.000000
0.035826,0.000000
0.000000,0.012617
0.000000,0.012617
0.000000,0.012596
0.034838,0.000000
0.034838,0.000000
0.034362,0.000000
0.034362,0.000000
0.000000,0.012727
0.000000,0.012727
0.033832,0.000000
0.033832,0.000000
0.033832,0.000000
0.033832,0.000000
0.033832,0.000000
0.033996,0.000000
0.033996,0.000000
0.033996,0.000000
0.034094,0.000000
0.033954,0.000000
0.033954,0.000000
0.033954,0.000000
0.033668,0.000000
0.033668,0.000000
0.033463,0.000000
0.033377,0.000000
0.033377,0.000000
0.033377,0.000000
0.033217,0.000000
0.000000,0.012519
0.000000,0.012519
0.000000,0.012519
0.000000,0.013092
0.000000,0.013092
0.000000,0.012687
0.000000,0.012687
0.000000,0.012687
0.000000,0.012687
0.031629,0.000000
0.031629,0.000000
0.000000,0.012588
0.000000,0.012588
0.000000,0.012588
0.031492,0.000000
0.031492,0.000000
0.000000,0.012914
0.000000,0.012914
0.031662,0.000000
0.031563,0.000000
0.031349,0.000000
0.030947,0.000000
0.030947,0.000000
0.000000,0.013007
0.000000,0.012959
0.000000,0.013305
0.000000,0.013699
0.000000,0.014136
0.000000,0.013320
0.000000,0.013320
0.000000,0.013051
0.000000,0.012532
0.000000,0.012532
0.000000,0.012877
0.000000,0.012877
0.000000,0.012877
0.000000,0.012596
0.029599,0.000000
0.000000,0.012589
0.000000,0.013573
0.000000,0.013573
0.000000,0.012973
0.000000,0.012973
0.000000,0.012556
0.000000,0.012556
0.000000,0.012709
0.000000,0.012709
0.000000,0.012811
0.000000,0.012811
0.000000,0.012811
0.000000,0.013441
0.000000,0.013441
0.000000,0.013354
0.000000,0.013354
0.000000,0.013684
0.000000,0.013684
0.000000,0.013853
0.000000,0.013853
0.000000,0.013853
0.000000,0.014302
0.000000,0.014058
0.000000,0.014058
0.000000,0.014263
0.000000,0.014263
0.000000,0.014162
0.000000,0.014162
0.000000,0.014107
0.000000,0.014107
0.000000,0.013587
0.000000,0.013587
0.000000,0.013587
0.000000,0.013587
0.000000,0.013392
0.000000,0.013678
0.000000,0.013687
0.000000,0.013687
0.000000,0.013706
0.000000,0.013212
0.000000,0.013212
0.000000,0.013069
0.000000,0.013069
0.000000,0.013135
0.000000,0.013690
0.000000,0.013690
0.000000,0.013048
0.000000,0.013048
0.000000,0.013048
0.000000,0.012913
0.000000,0.012913
0.000000,0.012836
0.000000,0.012836
0.000000,0.012836
0.000000,0.013303
0.000000,0.013303
0.000000,0.013396
0.000000,0.013396
0.000000,0.012847
0.000000,0.012847
0.000000,0.012847
0.000000,0.012667
0.000000,0.012667
0.000000,0.012667
0.000000,0.012559
0.000000,0.012770
0.000000,0.012770
0.000000,0.012770
0.000000,0.012770
0.000000,0.012770
0.000000,0.013083
0.000000,0.013083
0.000000,0.012630
0.000000,0.012630
0.029070,0.000000
0.029070,0.000000
0.000000,0.012726
0.000000,0.012763
0.000000,0.012763
0.000000,0.013134
0.000000,0.012799
0.000000,0.012799
0.000000,0.012796
0.000000,0.012796
0.000000,0.013720
0.000000,0.013720
0.000000,0.013720
0.000000,0.013574
0.000000,0.013574
0.000000,0.013783
0.000000,0.013783
0.000000,0.013503
0.000000,0.013503
0.000000,0.013740
0.000000,0.013740
0.000000,0.013740
0.000000,0.013740
0.000000,0.013446
0.000000,0.013242
0.000000,0.013242
0.000000,0.013579
0.000000,0.013579
0.000000,0.013843
0.000000,0.013843
0.000000,0.013843
0.000000,0.013126
0.000000,0.013126
0.000000,0.013126
0.000000,0.013164
0.000000,0.013164
0.000000,0.013347
0.000000,0.013347
0.000000,0.013500
0.000000,0.013500
0.000000,0.013158
0.000000,0.013158
0.000000,0.012676
0.000000,0.012676
0.000000,0.012961
0.000000,0.012961
0.000000,0.012961
0.000000,0.012703
0.000000,0.012703
0.028564,0.000000
0.028564,0.000000
0.028564,0.000000
0.028607,0.000000
0.028607,0.000000
0.028607,0.000000
0.028629,0.000000
0.028629,0.000000
0.028639,0.000000
0.028639,0.000000
0.028639,0.000000
0.028560,0.000000
0.028463,0.000000
0.028463,0.000000
0.028463,0.000000
0.028151,0.000000
0.028151,0.000000
0.027811,0.000000
0.027811,0.000000
0.027811,0.000000
0.027420,0.000000
0.027420,0.000000
0.027107,0.000000
0.027107,0.000000
0.026796,0.000000
0.026796,0.000000
0.026796,0.000000
0.026796,0.000000
0.026506,0.000000
0.026323,0.000000
0.026323,0.000000
0.026106,0.000000
0.026106,0.000000
0.025927,0.000000
0.025927,0.000000
0.025736,0.000000
0.025736,0.000000
0.025496,0.000000
0.025496,0.000000
0.025496,0.000000
0.025310,0.000000
0.025310,0.000000
0.025093,0.000000
0.025093,0.000000
0.025093,0.000000
0.024928,0.000000
0.024928,0.000000
0.024928,0.000000
0.024928,0.000000
0.024928,0.000000
0.000000,0.012768
0.000000,0.012768
0.000000,0.012743
0.000000,0.012743
0.000000,0.013636
0.000000,0.013636
0.000000,0.013636
0.000000,0.013851
0.000000,0.013851
0.000000,0.013456
0.000000,0.013456
0.000000,0.013456
0.000000,0.013267
0.000000,0.013267
0.023755,0.000000
0.023755,0.000000
0.023791,0.000000
0.023791,0.000000
0.023791,0.000000
0.023791,0.000000
0.023683,0.000000
0.023683,0.000000
0.023642,0.000000
0.023642,0.000000
0.000000,0.012748
0.000000,0.012748
0.000000,0.012571
0.000000,0.012571
0.000000,0.012620
0.000000,0.012620
0.000000,0.013506
0.000000,0.013506
0.022658,0.000000
0.022531,0.000000
0.022531,0.000000
0.022557,0.000000
0.022557,0.000000
0.022647,0.000000
0.022715,0.000000
0.000000,0.013180
0.000000,0.013180
0.000000,0.014023
0.000000,0.014023
0.000000,0.013752
0.000000,0.013752
0.000000,0.012728
0.000000,0.012728
0.000000,0.012728
0.021682,0.000000
0.021682,0.000000
0.021676,0.000000
0.021676,0.000000
0.021676,0.000000
0.021733,0.000000
0.021733,0.000000
0.021733,0.000000
0.021820,0.000000
0.021840,0.000000
0.021840,0.000000
0.021832,0.000000
0.021749,0.000000
0.021749,0.000000
0.000000,0.013054
0.000000,0.013054
0.000000,0.013232
0.000000,0.013232
0.000000,0.013643
0.000000,0.013643
0.000000,0.014748
0.000000,0.015452
0.000000,0.015452
0.000000,0.013691
0.000000,0.013691
0.000000,0.014010
0.000000,0.013724
0.000000,0.013690
0.000000,0.013690
0.000000,0.014122
0.000000,0.014941
0.000000,0.014367
0.000000,0.014367
0.000000,0.013796
0.000000,0.013796
0.000000,0.013019
0.000000,0.013019
0.000000,0.012583
0.000000,0.012583
0.000000,0.013000
0.000000,0.013296
0.000000,0.013296
0.000000,0.013296
0.000000,0.012762
0.020633,0.000000
0.020633,0.000000
0.020682,0.000000
0.020696,0.000000
0.020742,0.000000
0.020742,0.000000
0.000000,0.012852
0.000000,0.012852
0.000000,0.012852
0.000000,0.014480
0.000000,0.014480
0.000000,0.014480
0.000000,0.014480
0.000000,0.016902
0.000000,0.016902
0.000000,0.013943
0.000000,0.013943
0.000000,0.013943
0.000000,0.012726
0.000000,0.012726
0.019616,0.000000
0.019616,0.000000
0.019616,0.000000
0.019790,0.000000
0.019790,0.000000
0.019823,0.000000
0.019823,0.000000
0.019886,0.000000
0.019886,0.000000
0.000000,0.013548
0.000000,0.013548
0.000000,0.013548
0.000000,0.013548
0.000000,0.014819
0.000000,0.014819
0.000000,0.015512
0.000000,0.015512
0.000000,0.014699
0.000000,0.014699
0.000000,0.013860
0.000000,0.013860
0.000000,0.015030
0.000000,0.015030
0.000000,0.014962
0.000000,0.014962
0.000000,0.012820
0.000000,0.012820
0.000000,0.012530
0.000000,0.012530
0.019235,0.000000
0.019235,0.000000
0.019235,0.000000
0.000000,0.012655
0.000000,0.012669
0.000000,0.012669
0.000000,0.012669
0.000000,0.013009
0.000000,0.013009
0.000000,0.013058
0.000000,0.013058
0.000000,0.012926
0.000000,0.012926
0.000000,0.012730
0.000000,0.012730
0.019088,0.000000
0.019088,0.000000
0.019139,0.000000
0.000000,0.013288
0.000000,0.013288
0.000000,0.013498
0.000000,0.013539
0.000000,0.014284
0.000000,0.014284
0.000000,0.013535
0.000000,0.013535
0.000000,0.013535
0.000000,0.013710
0.000000,0.013710
0.000000,0.013650
0.000000,0.013650
0.000000,0.014746
0.000000,0.014746
0.000000,0.013611
0.000000,0.013611
0.000000,0.013611
0.000000,0.013202
0.000000,0.013202
0.000000,0.013202
0.000000,0.012939
0.000000,0.013265
0.000000,0.013265
0.000000,0.013270
0.000000,0.012905
0.018917,0.000000
0.018917,0.000000
0.018917,0.000000
0.018983,0.000000
0.000000,0.012714
0.000000,0.012714
0.000000,0.012950
0.000000,0.012950
0.000000,0.014552
0.000000,0.014552
0.000000,0.014701
0.000000,0.014701
0.000000,0.014701
0.000000,0.014701
0.000000,0.014701
0.000000,0.013932
0.000000,0.013932
0.000000,0.014522
0.000000,0.014522
0.000000,0.014158
0.000000,0.014158
0.000000,0.014284
0.000000,0.014284
0.000000,0.014752
0.000000,0.014752
0.000000,0.014899
0.000000,0.014899
0.000000,0.015089
0.000000,0.014467
0.000000,0.014467
0.000000,0.014467
0.000000,0.014467
0.000000,0.014467
0.000000,0.013679
0.000000,0.013679
0.000000,0.014332
0.000000,0.014332
0.000000,0.014797
0.000000,0.014797
0.000000,0.014958
0.000000,0.014958
0.000000,0.014958
0.000000,0.014895
0.000000,0.014895
0.000000,0.013997
0.000000,0.013997
0.000000,0.014151
0.000000,0.014151
0.000000,0.014151
0.000000,0.014422
0.000000,0.014422
0.000000,0.014546
0.000000,0.014546
0.000000,0.014546
0.000000,0.014676
0.000000,0.014676
0.000000,0.013775
0.000000,0.013775
0.000000,0.012686
0.000000,0.012686
0.000000,0.012586
0.000000,0.012586
0.018794,0.000000
0.018794,0.000000
0.018794,0.000000
0.018822,0.000000
0.018822,0.000000
0.018808,0.000000
0.018808,0.000000
0.018816,0.000000
0.018816,0.000000
0.018816,0.000000
0.018811,0.000000
0.018811,0.000000
0.018732,0.000000
0.018592,0.000000
0.018592,0.000000
0.000000,0.013189
0.000000,0.013189
0.017979,0.000000
0.017979,0.000000
0.017692,0.000000
0.017692,0.000000
0.017452,0.000000
0.017452,0.000000
0.017452,0.000000
0.017422,0.000000
0.017422,0.000000
0.017327,0.000000
0.017327,0.000000
0.017327,0.000000
0.017320,0.000000
0.017320,0.000000
0.017320,0.000000
0.017179,0.000000
0.000000,0.013175
0.000000,0.012650
0.016660,0.000000
0.016660,0.000000
0.016315,0.000000
0.016190,0.000000
0.016190,0.000000
0.016119,0.000000
0.016249,0.000000
0.016118,0.000000
0.016118,0.000000
0.016118,0.000000
0.016118,0.000000
0.000000,0.013302
0.000000,0.013302
0.000000,0.013302
0.000000,0.012719
0.000000,0.012719
0.000000,0.013655
0.000000,0.013655
0.015338,0.000000
0.015338,0.000000
0.015338,0.000000
0.015229,0.000000
0.015229,0.000000
0.015216,0.000000
0.015216,0.000000
0.015259,0.000000
0.015259,0.000000
0.015301,0.000000
0.015301,0.000000
0.015301,0.000000
0.015301,0.000000
0.015145,0.000000
0.014950,0.000000
0.014950,0.000000
0.014659,0.000000
0.014659,0.000000
0.000000,0.012676
0.000000,0.012676
0.000000,0.014445
0.000000,0.014445
0.000000,0.014037
0.000000,0.014037
0.000000,0.012616
0.000000,0.012616
0.000000,0.012993
0.000000,0.013502
0.000000,0.013502
0.000000,0.013502
0.000000,0.013743
0.000000,0.014708
0.000000,0.014708
0.000000,0.014711
0.000000,0.014711
0.000000,0.014993
0.000000,0.014993
0.000000,0.014896
0.000000,0.014896
0.000000,0.013919
0.000000,0.013919
0.000000,0.013501
0.000000,0.013501
0.000000,0.013501
0.000000,0.013638
0.000000,0.013638
0.000000,0.013707
0.000000,0.013707
0.000000,0.013707
0.000000,0.014367
0.000000,0.014367
0.000000,0.014823
0.000000,0.014823
0.000000,0.015264
0.000000,0.015264
0.000000,0.016771
0.000000,0.016771
0.000000,0.016811
0.000000,0.016811
0.000000,0.017095
0.000000,0.017095
0.000000,0.017575
0.000000,0.017575
0.000000,0.016763
0.000000,0.016763
0.000000,0.016617
0.000000,0.016617
0.000000,0.016617
0.000000,0.016106
0.000000,0.015791
0.000000,0.015791
0.000000,0.015791
0.000000,0.015521
0.000000,0.015521
0.000000,0.014957
0.000000,0.014957
0.000000,0.014957
0.000000,0.015055
0.000000,0.015055
0.000000,0.014019
0.000000,0.014019
0.000000,0.012804
0.000000,0.012804
0.000000,0.012804
0.013676,0.000000
0.013676,0.000000
0.013664,0.000000
0.013664,0.000000
0.013664,0.000000
0.013664,0.000000
0.000000,0.013299
0.000000,0.013299
0.013722,0.000000
0.013722,0.000000
0.000000,0.012542
0.000000,0.012542
0.000000,0.012512
0.000000,0.012512
0.013629,0.000000
0.013629,0.000000
0.013493,0.000000
0.013383,0.000000
0.013211,0.000000
0.013211,0.000000
0.013189,0.000000
0.013189,0.000000
0.013148,0.000000
0.013148,0.000000
0.013011,0.000000
0.013011,0.000000
0.013011,0.000000
0.012887,0.000000
0.012887,0.000000
0.000000,0.012850
0.000000,0.012850
0.000000,0.012850
0.012615,0.000000
0.012615,0.000000
0.012442,0.000000
0.012442,0.000000
0.012319,0.000000
0.012319,0.000000
0.012295,0.000000
0.012295,0.000000
0.012295,0.000000
0.012295,0.000000
0.012336,0.000000
0.012336,0.000000
0.012257,0.000000
0.012257,0.000000
0.012202,0.000000
0.012202,0.000000
0.012202,0.000000
0.012083,0.000000
0.012083,0.000000
0.011970,0.000000
0.011883,0.000000
0.011883,0.000000
0.011742,0.000000
0.011561,0.000000
0.011561,0.000000
0.011438,0.000000
0.011438,0.000000
0.011304,0.000000
0.011217,0.000000
0.011217,0.000000
0.011217,0.000000
0.011082,0.000000
0.011082,0.000000
0.010933,0.000000
0.010933,0.000000
0.010933,0.000000
0.010841,0.000000
0.010841,0.000000
0.000000,0.013348
0.000000,0.013348
0.000000,0.012815
0.000000,0.012815
0.010369,0.000000
0.010318,0.000000
0.010337,0.000000
0.010336,0.000000
0.010336,0.000000
0.010341,0.000000
0.010341,0.000000
0.010341,0.000000
0.010317,0.000000
0.010317,0.000000
0.000000,0.012856
0.000000,0.012856
0.000000,0.012856
0.010131,0.000000
0.010131,0.000000
0.009981,0.000000
0.009981,0.000000
0.009789,0.000000
0.009789,0.000000
0.009789,0.000000
0.000000,0.013565
0.000000,0.013565
0.009683,0.000000
0.009683,0.000000
0.009652,0.000000
0.009533,0.000000
0.009477,0.000000
0.009477,0.000000
0.009439,0.000000
0.009439,0.000000
0.009439,0.000000
0.009482,0.000000
0.009482,0.000000
0.009456,0.000000
0.009456,0.000000
0.009346,0.000000
0.009346,0.000000
0.009249,0.000000
0.009249,0.000000
0.009249,0.000000
0.009006,0.000000
0.009006,0.000000
0.009006,0.000000
0.008883,0.000000
0.008682,0.000000
0.008682,0.000000
0.008682,0.000000
0.000000,0.012587
0.000000,0.012587
0.008572,0.000000
0.008572,0.000000
0.008572,0.000000
0.008546,0.000000
0.008546,0.000000
0.008473,0.000000
0.008473,0.000000
0.008313,0.000000
0.008313,0.000000
0.008258,0.000000
0.008258,0.000000
0.008133,0.000000
0.008133,0.000000
0.000000,0.012986
0.000000,0.012986
0.007952,0.000000
0.007952,0.000000
0.007952,0.000000
0.007753,0.000000
0.007753,0.000000
0.007647,0.000000
0.007647,0.000000
0.000000,0.013432
0.000000,0.013432
0.000000,0.013432
0.007466,0.000000
0.007466,0.000000
0.007501,0.000000
0.007501,0.000000
0.007501,0.000000
0.007390,0.000000
0.007390,0.000000
0.007339,0.000000
0.007339,0.000000
0.007339,0.000000
0.007339,0.000000
0.007339,0.000000
0.007221,0.000000
0.000000,0.015396
0.000000,0.015396
0.000000,0.012681
0.000000,0.012681
0.006885,0.000000
0.006885,0.000000
0.006685,0.000000
0.006685,0.000000
0.006685,0.000000
0.006636,0.000000
0.006636,0.000000
0.006578,0.000000
0.006578,0.000000
0.006584,0.000000
0.006584,0.000000
0.006580,0.000000
0.000000,0.017250
0.000000,0.017250
0.000000,0.020208
0.000000,0.020208
0.000000,0.024435
0.000000,0.024435
0.000000,0.025128
0.000000,0.025128
0.000000,0.021747
0.000000,0.021747
0.000000,0.021747
0.000000,0.023614
0.000000,0.019963
0.000000,0.019963
0.000000,0.016454
0.000000,0.016454
0.005983,0.000000
0.005983,0.000000
0.006008,0.000000
0.006008,0.000000
0.006008,0.000000
0.005991,0.000000
0.006008,0.000000
0.006008,0.000000
0.005941,0.000000
0.005890,0.000000
0.005890,0.000000
0.005890,0.000000
0.000000,0.012800
0.000000,0.012800
0.000000,0.013291
0.000000,0.013291
0.000000,0.013291
0.000000,0.017971
0.000000,0.017971
0.000000,0.023451
0.000000,0.023451
0.000000,0.023451
0.000000,0.023451
0.000000,0.023451
0.000000,0.023451
0.000000,0.023451
0.000000,0.023451
0.000000,0.023451
0.000000,0.023451
0.000000,0.023451
0.000000,0.023451
0.000000,0.023451
0.000000,0.023451
0.000000,0.023451
0.000000,0.023451
0.000000,0.023451
0.000000,0.018177
0.000000,0.018857
0.000000,0.020279
0.000000,0.020279
0.000000,0.019814
0.000000,0.017407
0.000000,0.017429
0.000000,0.015147
0.000000,0.013790
0.000000,0.013790
0.000000,0.014603
0.000000,0.014603
0.000000,0.016084
0.000000,0.016084
0.000000,0.013379
0.000000,0.013379
0.000000,0.013379
0.000000,0.013379
0.000000,0.013137
0.000000,0.013731
0.000000,0.013731
0.004871,0.000000
0.004871,0.000000
0.004791,0.000000
0.004791,0.000000
0.000000,0.015368
0.000000,0.015368
0.000000,0.017393
0.000000,0.017393
0.000000,0.015226
0.000000,0.015226
0.000000,0.023277
0.000000,0.027954
0.000000,0.027954
0.000000,0.027954
0.000000,0.027954
0.000000,0.027954
0.000000,0.018784
0.000000,0.018784
0.000000,0.013302
0.000000,0.013302
0.000000,0.013302
0.000000,0.015483
0.000000,0.015483
0.000000,0.013394
0.000000,0.013394
0.004104,0.000000
0.004104,0.000000
0.004104,0.000000
0.004111,0.000000
0.004038,0.000000
0.004038,0.000000
0.000000,0.020166
0.000000,0.022948
0.000000,0.022948
0.000000,0.022948
0.000000,0.027248
0.000000,0.029748
0.000000,0.029748
0.000000,0.024835
0.000000,0.024835
0.000000,0.019714
0.000000,0.019714
0.000000,0.012892
0.000000,0.012892
0.000000,0.012892
0.003617,0.000000
0.003617,0.000000
0.003614,0.000000
0.003614,0.000000
0.003593,0.000000
0.003593,0.000000
0.003614,0.000000
0.003615,0.000000
0.003615,0.000000
0.000000,0.012649
0.003511,0.000000
0.003511,0.000000
0.003511,0.000000
0.000000,0.013358
0.000000,0.023060
0.000000,0.019724
0.003186,0.000000
0.003186,0.000000
0.003039,0.000000
0.003039,0.000000
0.003001,0.000000
0.003001,0.000000
0.002992,0.000000
0.002992,0.000000
0.002992,0.000000
0.000000,0.023287
0.000000,0.023287
0.000000,0.024174
0.000000,0.024174
0.000000,0.019229
0.000000,0.019229
0.000000,0.018807
0.000000,0.018807
0.000000,0.018807
0.000000,0.019467
0.000000,0.019467
0.000000,0.023623
0.000000,0.026208
0.000000,0.026208
0.000000,0.028977
0.000000,0.028977
0.000000,0.031842
0.000000,0.031842
0.000000,0.031842
0.000000,0.028676
0.000000,0.028676
0.000000,0.027588
0.000000,0.027588
0.000000,0.028272
0.000000,0.028272
0.000000,0.033105
0.000000,0.033105
0.000000,0.033105
0.000000,0.032906
0.000000,0.016766
0.002576,0.000000
0.002622,0.000000
0.002622,0.000000
0.002622,0.000000
0.002648,0.000000
0.002651,0.000000
0.002651,0.000000
0.002570,0.000000
0.002570,0.000000
0.002480,0.000000
0.002480,0.000000
0.002480,0.000000
0.002434,0.000000
0.002434,0.000000
0.002322,0.000000
0.002322,0.000000
0.002412,0.000000
0.002412,0.000000
0.002412,0.000000
0.002328,0.000000
0.002328,0.000000
0.002214,0.000000
0.002214,0.000000
0.002214,0.000000
0.002214,0.000000
0.002214,0.000000
0.000000,-0.014833
0.000000,0.000000
0.000000,0.000000
0.000000,0.000000
0.000000,0.000000
0.000000,0.000000
0.000000,0.000000
0.000000,0.000000
0.000000,0.000000
0.000000,0.000000
0.000000,0.000000
0.000000,0.000000
0.000000,0.000000
0.000000,0.000000
0.000000,0.018349
0.000000,0.025326
0.000000,0.025326
0.000000,0.025326
0.000000,0.029391
0.000000,0.029391
0.000000,0.033876
0.000000,0.033876
0.000000,0.044275
0.000000,0.044275
0.000000,0.045602
0.000000,0.045602
0.000000,0.043909
0.000000,0.043909
0.000000,0.032252
0.000000,0.032252
0.000000,0.024302
0.000000,0.023007
0.000000,0.024164
0.000000,0.013939
0.000000,0.013939
0.000000,0.000000
0.000000,0.000000
0.000000,0.000000
0.000000,0.000000
0.000000,0.000000
0.000000,0.000000
0.000000,0.000000
0.000000,0.000000
0.000000,0.000000
0.000000,0.000000
0.000000,0.000000
0.000000,0.000000
0.000000,0.000000
0.000000,0.000000
0.000000,0.000000
0.000000,0.000000
0.000000,-0.015516
0.000000,-0.030150
0.000000,-0.030150
0.000000,-0.030150
0.000000,-0.045947
0.000000,-0.045947
0.000000,-0.036939
0.000000,-0.036939
0.000000,-0.048523
0.000000,-0.048523
0.000000,-0.038574
0.000000,-0.038574
0.000000,-0.038574
0.000000,-0.024191
0.000000,-0.024191
0.000000,0.000000
0.000000,0.000000
0.000000,0.022635
0.000000,0.022635
0.000000,0.017937
0.000000,0.017937
0.000000,0.017937
0.000000,0.000000
0.000000,0.000000
0.000000,0.000000
0.000000,0.000000
0.000000,0.000000
0.000000,-0.038375
0.000000,-0.049532
0.000000,-0.049532
0.000000,-0.049532
0.000000,-0.020986
0.000000,-0.020986
0.000000,0.000000
0.000000,0.029346
0.000000,0.029346
0.000000,0.066654
0.000000,0.066654
0.000000,0.066654
0.000000,0.066654
0.000000,0.069962
0.000000,0.123821
0.000000,0.123821
0.000000,0.142262
0.000000,0.092286
0.000000,0.092286
0.000000,0.053695
0.000000,-0.031456
0.000000,-0.031456
0.000000,-0.128720
0.000000,-0.164406
0.000000,-0.164406
0.000000,-0.207948
0.000000,-0.186097
0.000000,-0.186097
0.000000,-0.156896
0.000000,-0.156896
0.000000,-0.151075
0.000000,-0.151075
0.000000,-0.132391
0.000000,-0.112359
0.000000,0.103937
0.000000,0.103937
0.000000,0.622442
0.000000,0.589781
0.000000,0.589781
0.000000,0.589781
0.000000,0.518386
0.000000,0.518386
0.000000,0.567923
0.000000,0.567923
0.000000,0.598469
0.000000,0.598469
0.000000,0.598469
0.000000,0.616663
0.000000,0.616663
0.000000,0.773593
0.000000,0.773593
0.000000,-0.729099
0.000000,-0.729099
0.000000,-0.689886
0.000000,-0.689886
0.000000,-0.627097
0.000000,-0.627097
0.000000,-0.625183
0.000000,-0.639031
0.000000,-0.639031
0.000000,-0.609886
0.000000,-0.609886
0.000000,-0.696658
0.000000,-0.696658
0.000000,0.725631
0.000000,0.725631
0.000000,0.751760
0.000000,0.751760
0.000000,0.741509
0.000000,0.748864
0.000000,0.748864
0.000000,0.783704
0.000000,0.783704
0.000000,-0.773068
0.000000,-0.773068
0.000000,-0.773068
0.000000,-0.741780
0.000000,-0.741780
0.000000,-0.741780
0.000000,-0.743350
0.000000,-0.743350
0.000000,-0.758770
0.000000,-0.758770
0.000000,0.763172
0.000000,0.738939
0.000000,0.738939
0.000000,0.712695
0.000000,0.716156
0.000000,0.716156
0.000000,0.723275
0.000000,0.723275
0.000000,0.735695
0.000000,0.735695
0.000000,0.735088
0.000000,0.752796
0.000000,0.746688
0.000000,0.746688
0.000000,0.749311
0.000000,0.749311
0.000000,0.750145
0.000000,0.750145
0.000000,0.753961
0.000000,0.753961
0.000000,0.751791
0.000000,0.751791
0.000000,0.764307
0.000000,0.764307
0.000000,0.764307
0.000000,0.766803
0.000000,0.766803
0.000000,0.766803
0.000000,0.766803
0.000000,0.765495
0.000000,0.765495
0.000000,0.761145
0.000000,0.761145
0.000000,0.767312
0.000000,0.767312
0.000000,0.772757
0.000000,0.772757
0.000000,0.776928
0.000000,0.776928
0.000000,-0.781467
0.000000,-0.781467
0.000000,-0.774998
0.000000,-0.774998
0.000000,-0.774998
0.000000,-0.767229
0.000000,-0.762256
0.000000,-0.762256
0.000000,-0.751412
0.000000,-0.758190
0.000000,-0.758190
0.000000,-0.755262
0.000000,-0.755262
0.000000,-0.753621
0.000000,-0.753621
0.000000,-0.755043
0.000000,-0.755043
0.000000,-0.755043
0.000000,-0.772612
0.000000,-0.772612
0.000000,-0.779412
0.000000,-0.779412
0.000000,-0.782803
0.000000,-0.782803
0.000000,-0.783027
0.000000,-0.783027
0.000000,-0.781109
0.000000,-0.781109
0.000000,-0.781109
0.000000,-0.781592
0.000000,0.787129
0.000000,0.787129
0.000000,0.784473
0.000000,0.784473
0.000000,0.784473
0.000000,0.784133
0.000000,0.781875
0.000000,0.781875
0.000000,0.777817
0.000000,0.777817
0.000000,0.779072
0.000000,0.779072
0.000000,0.778506
0.000000,0.778506
0.000000,0.782110
0.000000,-0.776143
0.000000,-0.774121
0.000000,-0.770480
0.000000,-0.768701
0.000000,-0.771518
0.000000,-0.771518
0.000000,-0.771518
0.000000,-0.777330
0.000000,-0.777330
0.000000,-0.782520
0.000000,-0.782520
0.000000,-0.780165
0.000000,-0.780449
0.000000,-0.780449
0.000000,0.787871
0.000000,0.787871
0.000000,0.783332
0.000000,0.783332
0.000000,0.783332
0.000000,0.783332
0.000000,0.773822
0.000000,0.775633
0.000000,0.775633
0.000000,0.773576
0.000000,0.773576
0.000000,0.771091
0.000000,0.771091
0.000000,0.772626
0.000000,0.772626
0.000000,0.772626
0.000000,0.781201
0.000000,0.781201
0.000000,0.786694
0.000000,0.786694
0.000000,-0.778351
0.000000,-0.778351
0.000000,-0.777484
0.000000,-0.777484
0.000000,-0.777484
0.000000,-0.779372
0.000000,-0.779372
0.000000,-0.779883
0.000000,-0.779883
0.000000,-0.778598
0.000000,-0.778598
0.000000,-0.781454
0.000000,-0.781454
0.000000,-0.782164
0.000000,-0.782164
0.000000,-0.782164
0.000000,0.786462
0.000000,0.786462
0.000000,0.781540
0.000000,0.781540
0.000000,0.776977
0.000000,0.776977
0.000000,0.772547
0.000000,0.772547
0.000000,0.772547
0.000000,0.772547
0.000000,0.777734
0.000000,0.777734
0.000000,0.779395
0.000000,0.779395
0.000000,0.783499
0.000000,0.783499
0.000000,0.783952
0.000000,0.786627
0.000000,0.786627
0.000000,-0.774404
0.000000,-0.774404
0.000000,-0.768427
0.000000,-0.763178
0.000000,-0.756388
0.000000,-0.757492
0.000000,-0.757492
0.000000,-0.757492
0.000000,-0.773081
0.000000,-0.773081
0.000000,-0.770908
0.000000,-0.770908
0.000000,-0.773330
0.000000,-0.773330
0.000000,-0.775145
0.000000,-0.775145
0.000000,-0.775145
0.000000,-0.780674
0.000000,-0.780674
0.000000,0.784183
0.000000,0.784183
0.000000,0.787370
0.000000,0.787370
0.000000,0.782531
0.000000,0.782531
0.000000,0.782531
0.000000,0.773017
0.000000,0.773017
0.000000,0.779691
0.000000,0.779691
0.000000,0.780514
0.000000,0.780514
0.000000,0.786294
0.000000,0.786294
0.000000,0.788427
0.000000,0.788427
0.000000,-0.779641
0.000000,-0.779641
0.000000,-0.779641
0.000000,-0.779876
0.000000,-0.779876
0.000000,-0.778468
0.000000,-0.778468
0.000000,-0.778468
0.000000,-0.775796
0.000000,-0.775796
0.000000,-0.776004
0.000000,-0.776004
0.000000,-0.776004
0.000000,-0.775235
0.000000,-0.775235
0.000000,-0.779190
0.000000,-0.779190
0.000000,-0.779190
0.000000,0.783407
0.000000,0.783407
0.000000,0.773518
0.000000,0.773518
0.000000,0.777700
0.000000,0.777700
0.000000,0.771672
0.000000,0.771496
0.000000,0.770123
0.000000,0.770548
0.000000,0.770548
0.000000,0.772283
0.000000,0.772487
0.000000,0.772487
0.000000,0.772487
0.000000,0.771889
0.000000,0.776894
0.000000,0.776894
0.000000,0.778848
0.000000,0.778848
0.000000,0.779142
0.000000,0.780045
0.000000,0.781067
0.000000,0.781067
0.000000,0.782930
0.000000,0.782930
0.000000,0.782930
0.000000,0.781313
0.000000,0.781313
0.000000,0.781850
0.000000,0.781850
0.000000,0.781850
0.000000,0.780892
0.000000,0.780892
0.000000,0.781044
0.000000,0.781044
0.000000,0.781044
0.000000,0.784643
0.000000,0.784643
0.000000,-0.781318
0.000000,-0.781318
0.000000,-0.781863
0.000000,-0.781863
0.000000,-0.781863
0.000000,-0.780593
0.000000,-0.780593
0.000000,-0.780348
0.000000,-0.778493
0.000000,-0.778493
0.000000,-0.778493
0.000000,-0.778906
0.000000,-0.778906
0.000000,-0.778981
0.000000,-0.778981
0.000000,-0.778981
0.000000,-0.778981
0.000000,-0.778981
0.000000,0.783475
0.000000,0.783475
0.000000,0.784728
0.000000,0.784728
0.000000,0.785004
0.000000,0.785004
0.000000,0.785150
0.000000,0.784617
0.000000,0.784617
0.000000,0.780858
0.000000,0.780858
0.000000,0.778249
0.000000,0.778249
0.000000,0.781087
0.000000,0.781087
0.000000,0.781087
0.000000,0.784007
0.000000,0.784007
0.000000,-0.780422
0.000000,-0.780422
0.000000,-0.778650
0.000000,-0.778650
0.000000,-0.781665
0.000000,-0.781665
0.000000,-0.781665
0.000000,-0.778594
0.000000,-0.777979
0.000000,-0.777979
0.000000,-0.779151
0.000000,-0.779151
0.000000,-0.779151
0.000000,-0.781035
0.000000,-0.781035
0.000000,0.785425
0.000000,0.785425
0.000000,0.784481
0.000000,0.784481
0.000000,0.784481
0.000000,0.784481
0.000000,0.784314
0.000000,0.784314
0.000000,0.782726
0.000000,0.782422
0.000000,0.782422
0.000000,0.782024
0.000000,0.782024
0.000000,0.782113
0.000000,0.782113
0.000000,0.782861
0.000000,0.782861
0.000000,-0.782855
0.000000,-0.782855
0.000000,-0.775784
0.000000,-0.777684
0.000000,-0.777684
0.000000,-0.777056
0.000000,-0.778587
0.000000,-0.778587
0.000000,-0.779155
0.000000,-0.779155
0.000000,-0.781167
0.000000,-0.781167
0.000000,-0.781437
0.000000,-0.781437
0.000000,-0.782243
0.000000,0.786281
0.000000,0.783520
0.000000,0.783520
0.000000,0.783520
0.000000,0.784784
0.000000,0.784784
0.000000,0.784784
0.000000,0.784784
0.000000,0.781648
0.000000,0.781648
0.000000,0.778497
0.000000,0.778497
0.000000,0.778497
0.000000,0.781868
0.000000,0.781868
0.000000,0.783533
0.000000,0.783533
0.000000,-0.782639
0.000000,-0.782639
0.000000,-0.782639
0.000000,-0.778999
0.000000,-0.778999
0.000000,-0.776503
0.000000,-0.776503
0.000000,-0.776499
0.000000,-0.776499
0.000000,-0.776499
0.000000,-0.775466
0.000000,-0.773795
0.000000,-0.773983
0.000000,-0.773983
0.000000,-0.773983
0.000000,-0.775859
0.000000,-0.775859
0.000000,-0.779711
0.000000,-0.779711
0.000000,-0.777171
0.000000,-0.777171
0.000000,-0.777171
0.000000,-0.777171
0.000000,-0.777171
0.000000,0.786590
0.000000,0.781193
0.000000,0.781193
0.000000,0.781193
0.000000,0.780911
0.000000,0.780911
0.000000,0.784081
0.000000,0.784081
0.000000,-0.781564
0.000000,-0.781564
0.000000,-0.780412
0.000000,0.788379
0.000000,0.788379
0.000000,-0.776971
0.000000,-0.776971
0.000000,-0.777003
0.000000,-0.778624
0.000000,-0.778624
0.000000,-0.778955
0.000000,-0.778955
0.000000,0.787786
0.000000,0.786385
0.000000,0.785838
0.000000,0.785552
0.000000,0.782373
0.000000,0.779869
0.000000,0.779869
0.000000,0.779981
0.000000,0.780161
0.000000,0.780161
0.000000,0.780363
0.000000,0.780363
0.000000,0.784764
0.000000,0.784764
0.000000,0.784764
0.000000,-0.780921
0.000000,-0.780921
0.000000,-0.781711
0.000000,-0.781711
0.000000,-0.781426
0.000000,-0.781426
0.000000,-0.780476
0.000000,-0.780476
0.000000,-0.780411
0.000000,-0.780323
0.000000,-0.780323
0.000000,-0.781956
0.000000,-0.781956
0.000000,-0.782096
0.000000,-0.782096
0.000000,0.786855
0.000000,0.786855
0.000000,0.785433
0.000000,0.785433
0.000000,0.785265
0.000000,0.779918
0.000000,0.779918
0.000000,0.780867
0.000000,0.780867
0.000000,0.780867
0.000000,0.780867
0.000000,0.781410
0.000000,0.781410
0.000000,0.783093
0.000000,0.783093
0.000000,0.784528
0.000000,0.784528
0.000000,0.784911
0.000000,0.784911
0.000000,0.786599
0.000000,0.786599
0.000000,-0.780916
0.000000,-0.780809
0.000000,-0.780809
0.000000,0.788162
0.000000,0.787932
0.000000,-0.782199
0.000000,-0.782199
0.000000,0.787194
0.000000,-0.781931
0.000000,-0.781931
0.000000,0.786632
0.000000,0.786632
0.000000,0.786632
0.000000,0.787350
0.000000,0.786100
0.000000,0.786100
0.000000,0.786100
0.000000,0.786100
0.000000,0.784932
0.000000,0.784932
0.000000,0.784932
0.000000,0.784932
0.000000,-0.779016
0.000000,-0.779016
0.000000,-0.772925
0.000000,-0.772925
0.000000,-0.773415
0.000000,-0.773415
0.000000,-0.774328
0.000000,-0.774328
0.000000,-0.773337
0.000000,-0.772618
0.000000,-0.775854
0.000000,-0.777530
0.000000,-0.777530
0.000000,-0.781596
0.000000,-0.781596
0.000000,-0.779179
0.000000,-0.779179
0.000000,-0.779179
0.000000,-0.782178
0.000000,-0.782178
0.000000,0.788305
0.000000,0.788305
0.000000,-0.781653
0.000000,-0.781653
0.000000,-0.781644
0.000000,-0.780941
0.000000,-0.780941
0.000000,-0.780941
0.000000,-0.776910
0.000000,-0.775548
0.000000,-0.775548
0.000000,-0.779286
0.000000,-0.779286
0.000000,-0.780280
0.000000,-0.780280
0.000000,-0.780280
0.000000,0.786633
0.000000,0.786633
0.000000,0.785083
0.000000,0.785083
0.000000,0.778641
0.000000,0.778641
0.000000,0.777431
0.000000,0.781286
0.000000,0.781286
0.000000,0.780588
0.000000,0.779688
0.000000,0.779688
0.000000,0.783873
0.000000,0.786115
0.000000,0.786115
0.000000,0.787508
0.000000,0.786449
0.000000,0.786449
0.000000,0.786449
0.000000,0.788200
0.000000,-0.776658
0.000000,-0.776658
0.000000,-0.776658
0.000000,-0.776169
0.000000,-0.776169
0.000000,-0.777339
0.000000,-0.777339
0.000000,-0.776709
0.000000,-0.776709
0.000000,-0.776709
0.000000,-0.775713
0.000000,-0.775713
0.000000,-0.775713
0.000000,-0.775713
0.000000,-0.779936
0.000000,-0.779936
0.000000,-0.779936
0.000000,-0.777144
0.000000,-0.777144
0.000000,-0.782018
0.000000,-0.782018
0.000000,0.782353
0.000000,0.782353
0.000000,0.781891
0.000000,0.781891
0.000000,0.781891
0.000000,0.779609
0.000000,0.779609
0.000000,0.779738
0.000000,0.779738
0.000000,0.781514
0.000000,0.781514
0.000000,0.781514
0.000000,0.781502
0.000000,0.781502
0.000000,0.781502
0.000000,0.780761
0.000000,0.782622
0.000000,0.782622
0.000000,0.787850
0.000000,0.787850
0.000000,-0.776576
0.000000,-0.776576
0.000000,-0.775607
0.000000,-0.775607
0.000000,-0.777472
0.000000,-0.777472
0.000000,-0.775668
0.000000,-0.776367
0.000000,-0.776367
0.000000,-0.778185
0.000000,-0.778185
0.000000,-0.780987
0.000000,0.786016
0.000000,0.786016
0.000000,0.785439
0.000000,0.785439
0.000000,0.785439
0.000000,0.781741
0.000000,0.781741
0.000000,0.780499
0.000000,0.780499
0.000000,0.779987
0.000000,0.779987
0.000000,0.779987
0.000000,0.780695
0.000000,0.780695
0.000000,0.782324
0.000000,0.782324
0.000000,0.783427
0.000000,0.783427
0.000000,0.785621
0.000000,0.785621
0.000000,0.787525
0.000000,0.787525
0.000000,-0.779575
0.000000,-0.779575
0.000000,-0.781741
0.000000,-0.781740
0.000000,-0.781740
0.000000,0.787822
0.000000,0.787822
0.000000,0.785815
0.000000,-0.781883
0.000000,-0.781883
0.000000,-0.781004
0.000000,-0.781004
0.000000,-0.779142
0.000000,-0.779142
0.000000,-0.776439
0.000000,-0.776439
0.000000,-0.778593
0.000000,-0.778593
0.000000,-0.779191
0.000000,-0.779191
0.000000,-0.779224
0.000000,0.787185
0.000000,0.787185
0.000000,0.787185
0.000000,0.786960
0.000000,0.787605
0.000000,0.787605
0.000000,0.787605
0.000000,0.783504
0.000000,0.783504
0.000000,0.781874
0.000000,0.781874
0.000000,0.781874
0.000000,0.782047
0.000000,0.782047
0.000000,0.781812
0.000000,0.781812
0.000000,0.780431
0.000000,0.780431
0.000000,0.784961
0.000000,0.784961
0.000000,-0.779836
0.000000,-0.779836
0.000000,-0.778990
0.000000,-0.778990
0.000000,-0.778990
0.000000,-0.774872
0.000000,-0.774872
0.000000,-0.775322
0.000000,-0.775322
0.000000,-0.774574
0.000000,-0.774574
0.000000,-0.774574
0.000000,-0.774574
0.000000,-0.774574
0.000000,-0.774658
0.000000,-0.774658
0.000000,-0.780026
0.000000,-0.780026
0.000000,-0.780026
0.000000,-0.780026
0.000000,0.784792
0.000000,0.784792
0.000000,0.784792
0.000000,0.784214
0.000000,0.784214
0.000000,0.783902
0.000000,0.783902
0.000000,0.784616
0.000000,0.784616
0.000000,0.784872
0.000000,0.784872
0.000000,0.784872
0.000000,0.784872
0.000000,0.784872
0.000000,0.788086
0.000000,0.788086
0.000000,-0.778620
0.000000,-0.778620
0.000000,-0.778811
0.000000,-0.778811
0.000000,-0.778338
0.000000,-0.778338
0.000000,-0.778216
0.000000,-0.778216
0.000000,-0.779715
0.000000,-0.779715
0.000000,-0.778176
0.000000,-0.778176
0.000000,-0.778176
0.000000,-0.780931
0.000000,-0.780931
0.000000,-0.781150
0.000000,-0.781150
0.000000,-0.781150
0.000000,-0.781150
0.000000,0.782763
0.000000,0.782708
0.000000,0.782708
0.000000,0.784185
0.000000,0.784185
0.000000,0.782820
0.000000,0.784410
0.000000,0.784410
0.000000,0.786469
0.000000,0.787858
0.000000,0.787858
0.000000,-0.778621
0.000000,-0.778621
0.000000,-0.778621
0.000000,-0.776254
0.000000,-0.776254
0.000000,-0.778685
0.000000,-0.778685
0.000000,-0.779713
0.000000,-0.779713
0.000000,-0.779713
0.000000,-0.779371
0.000000,-0.779371
0.000000,-0.779265
0.000000,-0.779265
0.000000,-0.779442
0.000000,-0.779442
0.000000,-0.779442
0.000000,-0.782202
0.000000,-0.782202
0.000000,-0.782202
0.000000,0.786294
0.000000,0.786294
0.000000,0.783940
0.000000,0.783940
0.000000,0.780220
0.000000,0.780220
0.000000,0.780766
0.000000,0.780766
0.000000,0.784545
0.000000,0.784545
0.000000,0.785550
0.000000,0.785550
0.000000,0.786283
0.000000,0.786283
0.000000,-0.781260
0.000000,-0.781260
0.000000,-0.781260
0.000000,-0.775965
0.000000,-0.775965
0.000000,-0.775371
0.000000,-0.775371
0.000000,-0.774209
0.000000,-0.774209
0.000000,-0.774209
0.000000,-0.774209
0.000000,-0.776371
0.000000,-0.779061
0.000000,-0.779061
0.000000,-0.780271
0.000000,-0.780271
0.000000,-0.780402
0.000000,-0.780402
0.000000,0.788192
0.000000,0.788192
0.000000,0.788192
0.000000,0.786940
0.000000,0.786940
0.000000,0.783913
0.000000,0.783913
0.000000,0.783913
0.000000,0.784248
0.000000,0.784248
0.000000,0.783502
0.000000,0.783502
0.000000,0.783844
0.000000,0.783844
0.000000,0.783844
0.000000,0.785377
0.000000,0.785377
0.000000,0.785935
0.000000,-0.781529
0.000000,-0.781529
0.000000,-0.778146
0.000000,-0.778146
0.000000,-0.777394
0.000000,-0.777394
0.000000,-0.780136
0.000000,-0.780971
0.000000,-0.780971
0.000000,-0.781174
0.000000,-0.781174
0.000000,-0.781174
0.000000,0.785409
0.000000,0.785409
0.000000,0.786279
0.000000,0.786279
0.000000,-0.781253
0.000000,-0.781253
0.000000,-0.778116
0.000000,-0.778116
0.000000,-0.774902
0.000000,-0.774902
0.000000,-0.774902
0.000000,-0.774266
0.000000,-0.774266
0.000000,-0.775893
0.000000,-0.776024
0.000000,-0.776141
0.000000,-0.776357
0.000000,-0.776357
0.000000,-0.777897
0.000000,-0.777897
0.000000,-0.780543
0.000000,-0.780543
0.000000,0.788544
0.000000,0.788544
0.000000,0.788544
0.000000,0.785843
0.000000,0.785843
0.000000,0.783682
0.000000,0.783682
0.000000,0.785421
0.000000,0.785421
0.000000,0.786884
0.000000,0.786884
0.000000,0.787496
0.000000,0.787496
0.000000,0.788530
0.000000,0.788530
0.000000,0.788530
0.000000,-0.781279
0.000000,-0.780060
0.000000,-0.777148
0.000000,-0.777494
0.000000,-0.780230
0.000000,-0.780230
0.000000,-0.782160
0.000000,0.787286
0.000000,0.787286
0.000000,0.787773
0.000000,0.787773
0.000000,0.787773
0.000000,0.785715
0.000000,0.785715
0.000000,0.785140
0.000000,0.785140
0.000000,0.786772
0.000000,0.786772
0.000000,0.786973
0.000000,0.788674
0.000000,0.788674
0.000000,-0.781333
0.000000,-0.781333
0.000000,-0.781138
0.000000,-0.781138
0.000000,0.787469
0.000000,0.787469
0.000000,0.787469
0.000000,-0.779253
0.000000,-0.776758
0.000000,-0.776758
0.000000,-0.776758
0.000000,-0.776758
0.000000,-0.775657
0.000000,-0.777052
0.000000,-0.777052
0.000000,-0.777052
0.000000,-0.776822
0.000000,-0.776822
0.000000,-0.779703
0.000000,-0.779703
0.000000,0.787088
0.000000,0.787088
0.000000,0.785654
0.000000,0.785654
0.000000,0.788373
0.000000,-0.780801
0.000000,0.787217
0.000000,0.787217
0.000000,0.785207
0.000000,0.785207
0.000000,0.788042
0.000000,-0.781028
0.000000,-0.781087
0.000000,-0.780744
0.000000,-0.780316
0.000000,0.788272
0.000000,0.780149
0.000000,0.780149
0.000000,0.780302
0.000000,0.780302
0.000000,0.782942
0.000000,0.782942
0.000000,0.782670
0.000000,0.779155
0.000000,0.785753
0.000000,-0.780525
0.000000,-0.780525
0.000000,-0.777503
0.000000,-0.777503
0.000000,-0.778005
0.000000,-0.778005
0.000000,-0.781339
0.000000,-0.781339
0.000000,-0.781328
0.000000,0.788570
0.000000,0.786941
0.000000,0.786941
0.000000,0.786941
0.000000,0.785893
0.000000,0.786643
0.000000,0.786643
0.000000,0.786643
0.000000,0.785404
0.000000,0.785404
0.000000,0.786359
0.000000,0.786359
0.000000,0.787530
0.000000,0.787530
0.000000,-0.780146
0.000000,-0.780146
0.000000,-0.780146
0.000000,-0.773756
0.000000,-0.773756
0.000000,-0.776638
0.000000,-0.776638
0.000000,-0.780895
0.000000,-0.780895
0.000000,-0.780143
0.000000,-0.780143
0.000000,-0.780683
0.000000,-0.780683
0.000000,-0.780842
0.000000,-0.780842
0.000000,-0.780193
0.000000,-0.780193
0.000000,-0.781255
0.000000,-0.781255
0.000000,0.788078
0.000000,0.788078
0.000000,-0.779270
0.000000,-0.779270
0.000000,-0.779270
0.000000,-0.778892
0.000000,-0.780641
0.000000,0.788893
0.000000,0.788389
0.000000,0.788389
0.000000,0.788093
0.000000,0.788093
0.000000,0.789135
0.000000,0.789135
0.000000,-0.780646
0.000000,-0.779944
0.000000,-0.779944
0.000000,-0.780536
0.000000,-0.780536
0.000000,-0.776954
0.000000,-0.776954
0.000000,-0.776954
0.000000,-0.776954
0.000000,-0.778629
0.000000,0.786301
0.000000,0.782840
0.000000,0.782840
0.000000,0.782840
0.000000,0.784628
0.000000,0.784628
0.000000,0.786651
