0.000000,-0.023824
0.000000,-0.023702
0.000000,-0.023733
0.000000,-0.023720
0.000000,-0.023688
0.000000,-0.023601
0.000000,-0.023601
0.000000,-0.023659
0.000000,-0.023609
0.000000,-0.023556
0.000000,-0.023561
0.000000,-0.023469
0.000000,-0.023344
0.000000,-0.023344
0.000000,-0.022969
0.000000,-0.022832
0.000000,-0.022765
0.000000,-0.022848
0.000000,-0.022796
0.000000,-0.022727
0.000000,-0.022602
0.000000,-0.022602
0.000000,-0.022562
0.000000,-0.022562
0.000000,-0.022562
0.000000,-0.022496
0.000000,-0.022596
0.000000,-0.022596
0.000000,-0.022570
0.000000,-0.022570
0.000000,-0.022557
0.000000,-0.022565
0.000000,-0.022565
0.000000,-0.022601
0.000000,-0.022601
0.000000,-0.022617
0.000000,-0.022617
0.000000,-0.022616
0.000000,-0.022616
0.000000,-0.022616
0.000000,-0.022616
0.000000,-0.022616
0.000000,-0.022710
0.000000,-0.022710
0.000000,-0.022678
0.000000,-0.022678
0.000000,-0.022701
0.000000,-0.022701
0.000000,-0.022701
0.000000,-0.022785
0.000000,-0.022697
0.000000,-0.022697
0.000000,-0.022619
0.000000,-0.022619
0.000000,-0.022620
0.000000,-0.022620
0.000000,-0.022625
0.000000,-0.022625
0.000000,-0.022592
0.000000,-0.022592
0.000000,-0.022556
0.000000,-0.022556
0.000000,-0.022612
0.000000,-0.022593
0.000000,-0.022593
0.000000,-0.022505
0.000000,-0.022505
0.000000,-0.022420
0.000000,-0.022420
0.000000,-0.022391
0.000000,-0.022423
0.000000,-0.022423
0.000000,-0.022381
0.000000,-0.022381
0.000000,-0.022295
0.000000,-0.022295
0.000000,-0.022162
0.000000,-0.022064
0.000000,-0.021988
0.000000,-0.021929
0.000000,-0.021929
0.000000,-0.021907
0.000000,-0.021834
0.000000,-0.021735
0.000000,-0.021735
0.000000,-0.021735
0.000000,-0.021543
0.000000,-0.021414
0.000000,-0.021414
0.000000,-0.021259
0.000000,-0.021259
0.000000,-0.021251
0.000000,-0.021251
0.000000,-0.021330
0.000000,-0.021330
0.000000,-0.021378
0.000000,-0.021378
0.000000,-0.021360
0.000000,-0.021360
0.000000,-0.021411
0.000000,-0.021411
0.000000,-0.021551
0.000000,-0.021551
0.000000,-0.021587
0.000000,-0.021587
0.000000,-0.021634
0.000000,-0.021634
0.000000,-0.021679
0.000000,-0.021712
0.000000,-0.021620
0.000000,-0.021559
0.000000,-0.021530
0.000000,-0.021530
0.000000,-0.021523
0.000000,-0.021523
0.000000,-0.021533
0.000000,-0.021533
0.000000,-0.021533
0.000000,-0.021533
0.000000,-0.021422
0.000000,-0.021422
0.000000,-0.021434
0.000000,-0.021434
0.000000,-0.021434
0.000000,-0.021442
0.000000,-0.021442
0.000000,-0.021329
0.000000,-0.021329
0.000000,-0.021313
0.000000,-0.021299
0.000000,-0.021299
0.000000,-0.021262
0.000000,-0.021262
0.000000,-0.021215
0.000000,-0.021215
0.000000,-0.021218
0.000000,-0.021218
0.000000,-0.021149
0.000000,-0.021030
0.000000,-0.021030
0.000000,-0.020962
0.000000,-0.020962
0.000000,-0.020753
0.000000,-0.020753
0.000000,-0.020570
0.000000,-0.020436
0.000000,-0.020436
0.000000,-0.020254
0.000000,-0.020254
0.000000,-0.020201
0.000000,-0.020201
0.000000,-0.020228
0.000000,-0.020228
0.000000,-0.020366
0.000000,-0.020366
0.000000,-0.020447
0.000000,-0.020447
0.000000,-0.020551
0.000000,-0.020551
0.000000,-0.020551
0.000000,-0.020645
0.000000,-0.020714
0.000000,-0.020714
0.000000,-0.020565
0.000000,-0.020565
0.000000,-0.020480
0.000000,-0.020355
0.000000,-0.020309
0.000000,-0.020240
0.000000,-0.020161
0.000000,-0.020008
0.000000,-0.020008
0.000000,-0.019871
0.000000,-0.019572
0.000000,-0.019572
0.000000,-0.019412
0.000000,-0.019412
0.000000,-0.019189
0.000000,-0.019104
0.000000,-0.019104
0.000000,-0.019104
0.000000,-0.019124
0.000000,-0.019198
0.000000,-0.019198
0.000000,-0.019365
0.000000,-0.019365
0.000000,-0.019529
0.000000,-0.019529
0.000000,-0.019538
0.000000,-0.019538
0.000000,-0.019596
0.000000,-0.019596
0.000000,-0.019608
0.000000,-0.019608
0.000000,-0.019483
0.000000,-0.019483
0.000000,-0.019315
0.000000,-0.019315
0.000000,-0.019315
0.000000,-0.019315
0.000000,-0.019315
0.000000,-0.019213
0.000000,-0.019104
0.000000,-0.019104
0.000000,-0.019104
0.000000,-0.019079
0.000000,-0.019079
0.000000,-0.019147
0.000000,-0.019147
0.000000,-0.019149
0.000000,-0.019159
0.000000,-0.019048
0.000000,-0.019048
0.000000,-0.018893
0.000000,-0.018893
0.000000,-0.018730
0.000000,-0.018730
0.000000,-0.018730
0.000000,-0.018730
0.000000,-0.018512
0.000000,-0.018512
0.000000,-0.018400
0.000000,-0.018400
0.000000,-0.018247
0.000000,-0.018247
0.000000,-0.018175
0.000000,-0.018319
0.000000,-0.018417
0.000000,-0.018417
0.000000,-0.018436
0.000000,-0.018373
0.000000,-0.018373
0.000000,-0.018241
0.000000,-0.018241
0.000000,-0.017889
0.000000,-0.017889
0.000000,-0.017677
0.000000,-0.017677
0.000000,-0.017677
0.000000,-0.017677
0.000000,-0.017677
0.000000,-0.017259
0.000000,-0.017192
0.000000,-0.017192
0.000000,-0.017124
0.000000,-0.017124
0.000000,-0.017145
0.000000,-0.017145
0.000000,-0.017145
0.000000,-0.017216
0.000000,-0.017216
0.000000,-0.017139
0.000000,-0.016948
0.000000,-0.016948
0.000000,-0.016702
0.000000,-0.016702
0.000000,-0.016613
0.000000,-0.016613
0.000000,-0.016613
0.000000,-0.016395
0.000000,-0.016198
0.000000,-0.016198
0.000000,-0.016198
0.000000,-0.016141
0.000000,-0.016141
0.000000,-0.016001
0.000000,-0.016001
0.000000,-0.015828
0.000000,-0.015828
0.000000,-0.015828
0.000000,-0.015598
0.000000,-0.015225
0.000000,-0.015225
0.000000,-0.015086
0.000000,-0.015086
0.000000,-0.014989
0.000000,-0.014989
0.000000,-0.014936
0.000000,-0.014936
0.000000,-0.014609
0.000000,-0.014609
0.000000,-0.014068
0.000000,-0.014068
0.000000,-0.013754
0.000000,-0.013334
0.000000,-0.013334
0.000000,-0.013334
0.000000,-0.012847
0.100129,0.000000
0.100129,0.000000
0.100094,0.000000
0.100094,0.000000
0.100041,0.000000
0.100041,0.000000
0.100035,0.000000
0.100035,0.000000
0.100035,0.000000
0.099969,0.000000
0.099969,0.000000
0.099849,0.000000
0.099849,0.000000
0.099849,0.000000
0.099849,0.000000
0.099378,0.000000
0.099378,0.000000
0.099378,0.000000
0.099378,0.000000
0.098432,0.000000
0.098432,0.000000
0.097916,0.000000
0.097916,0.000000
0.097460,0.000000
0.097460,0.000000
0.097033,0.000000
0.097033,0.000000
0.096669,0.000000
0.096669,0.000000
0.096669,0.000000
0.096304,0.000000
0.096304,0.000000
0.095994,0.000000
0.095994,0.000000
0.095599,0.000000
0.095599,0.000000
0.095557,0.000000
0.095557,0.000000
0.094946,0.000000
0.094946,0.000000
0.094441,0.000000
0.094441,0.000000
0.094441,0.000000
0.093981,0.000000
0.093724,0.000000
0.093724,0.000000
0.092838,0.000000
0.092782,0.000000
0.092425,0.000000
0.092051,0.000000
0.091654,0.000000
0.091219,0.000000
0.091219,0.000000
0.090900,0.000000
0.090541,0.000000
0.089686,0.000000
0.089306,0.000000
0.088894,0.000000
0.088441,0.000000
0.087982,0.000000
0.087982,0.000000
0.087982,0.000000
0.087628,0.000000
0.087628,0.000000
0.087249,0.000000
0.087249,0.000000
0.087249,0.000000
0.087249,0.000000
0.087249,0.000000
0.086393,0.000000
0.086393,0.000000
0.085945,0.000000
0.085945,0.000000
0.000000,0.012708
0.000000,0.012708
0.000000,0.013527
0.000000,0.013527
0.000000,0.014423
0.000000,0.014423
0.000000,0.015081
0.000000,0.015081
0.000000,0.015867
0.000000,0.015867
0.000000,0.015867
0.000000,0.016106
0.000000,0.016106
0.000000,0.015653
0.000000,0.015903
0.000000,0.016622
0.000000,0.017003
0.000000,0.017003
0.000000,0.017003
0.000000,0.016991
0.000000,0.016991
0.000000,0.017070
0.000000,0.017070
0.000000,0.017070
0.000000,0.017070
0.000000,0.017127
0.000000,0.017127
0.000000,0.017115
0.000000,0.017115
0.000000,0.017115
0.000000,0.017056
0.000000,0.017003
0.000000,0.017003
0.000000,0.016977
0.000000,0.016986
0.000000,0.016986
0.000000,0.016906
0.000000,0.016856
0.000000,0.016856
0.000000,0.016840
0.000000,0.016840
0.000000,0.016831
0.000000,0.016838
0.000000,0.016818
0.000000,0.016818
0.000000,0.016652
0.000000,0.016652
0.000000,0.016557
0.000000,0.016557
0.000000,0.016526
0.000000,0.016526
0.000000,0.016458
0.000000,0.016458
0.000000,0.016458
0.000000,0.016403
0.000000,0.016482
0.000000,0.016482
0.000000,0.016409
0.000000,0.016409
0.000000,0.016396
0.000000,0.016424
0.000000,0.016424
0.000000,0.016424
0.000000,0.016544
0.000000,0.016544
0.000000,0.016509
0.000000,0.016509
0.000000,0.016458
0.000000,0.016458
0.000000,0.016543
0.000000,0.016543
0.000000,0.016579
0.000000,0.016579
0.000000,0.016579
0.000000,0.016487
0.000000,0.016487
0.000000,0.016232
0.000000,0.016232
0.000000,0.016045
0.000000,0.016045
0.000000,0.015956
0.000000,0.015956
0.000000,0.015774
0.000000,0.015774
0.000000,0.015774
0.000000,0.015785
0.000000,0.015785
0.000000,0.015785
0.000000,0.015764
0.000000,0.015928
0.000000,0.015928
0.000000,0.015923
0.000000,0.015990
0.000000,0.015990
0.000000,0.016046
0.000000,0.016046
0.000000,0.016156
0.000000,0.016156
0.000000,0.016103
0.000000,0.016103
0.000000,0.016070
0.000000,0.016070
0.000000,0.016020
0.000000,0.016020
0.000000,0.016010
0.000000,0.016010
0.000000,0.015938
0.000000,0.015938
0.000000,0.015938
0.000000,0.015888
0.000000,0.015888
0.000000,0.015855
0.000000,0.015855
0.000000,0.015859
0.000000,0.015859
0.000000,0.015746
0.000000,0.015746
0.000000,0.015775
0.000000,0.015775
0.000000,0.015784
0.000000,0.015784
0.000000,0.015784
0.000000,0.015784
0.000000,0.015791
0.000000,0.015798
0.000000,0.015798
0.000000,0.015611
0.000000,0.015611
0.000000,0.015498
0.000000,0.015485
0.000000,0.015485
0.000000,0.015355
0.000000,0.015355
0.000000,0.015326
0.000000,0.015326
0.000000,0.015326
0.000000,0.015325
0.000000,0.015456
0.000000,0.015428
0.000000,0.015428
0.000000,0.015416
0.000000,0.015339
0.000000,0.015339
0.000000,0.015271
0.000000,0.015271
0.000000,0.015238
0.000000,0.015238
0.000000,0.015275
0.000000,0.015275
0.000000,0.015367
0.000000,0.015367
0.000000,0.015367
0.000000,0.015367
0.000000,0.015299
0.000000,0.015299
0.000000,0.015296
0.000000,0.015296
0.000000,0.015298
0.000000,0.015298
0.000000,0.015241
0.000000,0.015241
0.000000,0.015131
0.000000,0.015131
0.000000,0.014997
0.000000,0.014997
0.000000,0.014997
0.000000,0.015135
0.000000,0.015207
0.000000,0.015211
0.000000,0.015211
0.000000,0.015211
0.000000,0.015211
0.000000,0.015247
0.000000,0.015247
0.000000,0.015297
0.000000,0.015297
0.000000,0.015361
0.000000,0.015383
0.000000,0.015383
0.000000,0.015308
0.000000,0.015308
0.000000,0.015264
0.000000,0.015264
0.000000,0.015197
0.000000,0.015197
0.000000,0.015197
0.000000,0.015165
0.000000,0.015111
0.000000,0.015111
0.000000,0.015111
0.000000,0.014944
0.000000,0.014944
0.000000,0.014841
0.000000,0.014804
0.000000,0.014804
0.000000,0.014690
0.000000,0.014690
0.000000,0.014632
0.000000,0.014632
0.000000,0.014575
0.000000,0.014479
0.000000,0.014334
0.000000,0.014204
0.000000,0.014204
0.000000,0.014291
0.000000,0.014291
0.000000,0.014291
0.000000,0.014271
0.000000,0.014282
0.000000,0.014282
0.000000,0.014299
0.000000,0.014299
0.000000,0.014313
0.000000,0.014302
0.000000,0.014302
0.000000,0.014305
0.000000,0.014305
0.000000,0.014261
0.000000,0.014261
0.000000,0.014205
0.000000,0.014205
0.000000,0.014187
0.000000,0.014187
0.000000,0.014296
0.000000,0.014296
0.000000,0.014401
0.000000,0.014484
0.000000,0.014484
0.000000,0.014447
0.000000,0.014447
0.000000,0.014384
0.000000,0.014384
0.000000,0.014297
0.000000,0.014173
0.000000,0.014173
0.000000,0.014099
0.000000,0.014099
0.000000,0.014130
0.000000,0.014130
0.000000,0.014130
0.000000,0.014161
0.000000,0.014161
0.000000,0.014211
0.000000,0.014211
0.000000,0.013884
0.000000,0.013884
0.000000,0.013884
0.000000,0.013548
0.000000,0.013548
0.000000,0.013384
0.000000,0.013384
0.000000,0.013297
0.000000,0.013297
0.000000,0.013300
0.000000,0.013300
0.000000,0.013446
0.000000,0.013446
0.000000,0.013426
0.000000,0.013426
0.000000,0.013437
0.000000,0.013437
0.000000,0.013437
0.000000,0.013437
0.000000,0.013346
0.000000,0.013346
0.000000,0.013346
0.000000,0.013333
0.000000,0.013333
0.000000,0.013277
0.000000,0.013277
0.000000,0.013268
0.000000,0.013268
0.000000,0.013291
0.000000,0.013291
0.000000,0.013283
0.000000,0.013283
0.000000,0.013299
0.000000,0.013299
0.000000,0.013267
0.000000,0.013267
0.000000,0.013267
0.000000,0.013267
0.000000,0.013267
0.000000,0.013265
0.000000,0.013265
0.000000,0.013303
0.000000,0.013303
0.000000,0.013303
0.000000,0.013303
0.000000,0.013260
0.000000,0.013260
0.000000,0.013231
0.000000,0.013231
0.000000,0.013233
0.000000,0.013233
0.000000,0.013356
0.000000,0.013356
0.000000,0.013375
0.000000,0.013375
0.000000,0.013374
0.000000,0.013374
0.000000,0.013374
0.000000,0.013504
0.000000,0.013497
0.000000,0.013497
0.000000,0.013497
0.000000,0.013455
0.000000,0.013455
0.000000,0.013415
0.000000,0.013415
0.000000,0.013404
0.000000,0.013404
0.000000,0.013363
0.000000,0.013363
0.000000,0.013337
0.000000,0.013308
0.000000,0.013308
0.000000,0.013207
0.000000,0.013207
0.000000,0.013207
0.000000,0.013202
0.000000,0.013192
0.000000,0.013216
0.000000,0.013216
0.000000,0.013203
0.000000,0.013203
0.000000,0.013238
0.000000,0.013238
0.000000,0.013268
0.000000,0.013268
0.000000,0.013246
0.000000,0.013246
0.000000,0.013189
0.000000,0.013189
0.000000,0.013071
0.000000,0.013071
0.000000,0.013079
0.000000,0.013079
0.000000,0.012998
0.000000,0.012970
0.000000,0.013030
0.000000,0.013030
0.000000,0.013130
0.000000,0.013130
0.000000,0.013344
0.000000,0.013344
0.000000,0.013372
0.000000,0.013372
0.000000,0.013354
0.000000,0.013354
0.000000,0.013345
0.000000,0.013345
0.000000,0.013345
0.000000,0.013386
0.000000,0.013386
0.000000,0.013386
0.000000,0.013386
0.000000,0.013408
0.000000,0.013408
0.000000,0.013326
0.000000,0.013326
0.000000,0.013249
0.000000,0.013249
0.000000,0.013137
0.000000,0.012924
0.000000,0.012924
0.000000,0.012924
0.000000,0.012930
0.000000,0.012928
0.000000,0.012917
0.000000,0.012917
0.000000,0.012867
0.000000,0.012867
0.000000,0.012867
0.000000,0.012867
0.000000,0.012867
0.000000,0.012908
0.000000,0.012949
0.000000,0.012949
0.000000,0.012962
0.000000,0.012962
0.000000,0.012892
0.000000,0.012892
0.000000,0.012758
0.000000,0.012758
0.000000,0.012652
0.000000,0.012566
0.000000,0.012566
0.000000,0.012573
0.000000,0.012573
0.083487,0.000000
0.083487,0.000000
0.083608,0.000000
0.083608,0.000000
0.083517,0.000000
0.083478,0.000000
0.083412,0.000000
0.083408,0.000000
0.083281,0.000000
0.083281,0.000000
0.082994,0.000000
0.082994,0.000000
0.082461,0.000000
0.082461,0.000000
0.082461,0.000000
0.082044,0.000000
0.081659,0.000000
0.081659,0.000000
0.081208,0.000000
0.081208,0.000000
0.081104,0.000000
0.081104,0.000000
0.080882,0.000000
0.080882,0.000000
0.080686,0.000000
0.080686,0.000000
0.080480,0.000000
0.080480,0.000000
0.080147,0.000000
0.080147,0.000000
0.080147,0.000000
0.080200,0.000000
0.079971,0.000000
0.079971,0.000000
0.079971,0.000000
0.079844,0.000000
0.079624,0.000000
0.079624,0.000000
0.079624,0.000000
0.079306,0.000000
0.079306,0.000000
0.079057,0.000000
0.078936,0.000000
0.078936,0.000000
0.078936,0.000000
0.078824,0.000000
0.078824,0.000000
0.078657,0.000000
0.078657,0.000000
0.078467,0.000000
0.078467,0.000000
0.078349,0.000000
0.078349,0.000000
0.078349,0.000000
0.078109,0.000000
0.077900,0.000000
0.077900,0.000000
0.077871,0.000000
0.077633,0.000000
0.077447,0.000000
0.077447,0.000000
0.077135,0.000000
0.077135,0.000000
0.076851,0.000000
0.076851,0.000000
0.076814,0.000000
0.076679,0.000000
0.076553,0.000000
0.076553,0.000000
0.076376,0.000000
0.076376,0.000000
0.076376,0.000000
0.076376,0.000000
0.075997,0.000000
0.075997,0.000000
0.075695,0.000000
0.075695,0.000000
0.075451,0.000000
0.075451,0.000000
0.075408,0.000000
0.075053,0.000000
0.075053,0.000000
0.074722,0.000000
0.074722,0.000000
0.074407,0.000000
0.074407,0.000000
0.073893,0.000000
0.073464,0.000000
0.073464,0.000000
0.073295,0.000000
0.073295,0.000000
0.073116,0.000000
0.073116,0.000000
0.073014,0.000000
0.072777,0.000000
0.072657,0.000000
0.072509,0.000000
0.072509,0.000000
0.072225,0.000000
0.072225,0.000000
0.071961,0.000000
0.071961,0.000000
0.071931,0.000000
0.071568,0.000000
0.071568,0.000000
0.071324,0.000000
0.071324,0.000000
0.071115,0.000000
0.070805,0.000000
0.070384,0.000000
0.070034,0.000000
0.069783,0.000000
0.069783,0.000000
0.069522,0.000000
0.069157,0.000000
0.069157,0.000000
0.068931,0.000000
0.068713,0.000000
0.068301,0.000000
0.068301,0.000000
0.068127,0.000000
0.068017,0.000000
0.068017,0.000000
0.067911,0.000000
0.067385,0.000000
0.067385,0.000000
0.067101,0.000000
0.067101,0.000000
0.066738,0.000000
0.066738,0.000000
0.066738,0.000000
0.066157,0.000000
0.066157,0.000000
0.066157,0.000000
0.065972,0.000000
0.065972,0.000000
0.065724,0.000000
0.065724,0.000000
0.065438,0.000000
0.065438,0.000000
0.065242,0.000000
0.065242,0.000000
0.064963,0.000000
0.064963,0.000000
0.064714,0.000000
0.064714,0.000000
0.064422,0.000000
0.064422,0.000000
0.064422,0.000000
0.064422,0.000000
0.064422,0.000000
0.064422,0.000000
0.064422,0.000000
0.064422,0.000000
0.064422,0.000000
0.064422,0.000000
0.064422,0.000000
0.064422,0.000000
0.064422,0.000000
0.064422,0.000000
0.064422,0.000000
0.064422,0.000000
0.064422,0.000000
0.064422,0.000000
0.061865,0.000000
0.061215,0.000000
0.061215,0.000000
0.060831,0.000000
0.060831,0.000000
0.060455,0.000000
0.060455,0.000000
0.060035,0.000000
0.060035,0.000000
0.059642,0.000000
0.059642,0.000000
0.059359,0.000000
0.059359,0.000000
0.059056,0.000000
0.059056,0.000000
0.058759,0.000000
0.058422,0.000000
0.058422,0.000000
0.058160,0.000000
0.058160,0.000000
0.058160,0.000000
0.057726,0.000000
0.057726,0.000000
0.057180,0.000000
0.056768,0.000000
0.056768,0.000000
0.056364,0.000000
0.056364,0.000000
0.056010,0.000000
0.055489,0.000000
0.055489,0.000000
0.055012,0.000000
0.055012,0.000000
0.054530,0.000000
0.053721,0.000000
0.053721,0.000000
0.053456,0.000000
0.053150,0.000000
0.053150,0.000000
0.052795,0.000000
0.052795,0.000000
0.052408,0.000000
0.052408,0.000000
0.052408,0.000000
0.052166,0.000000
0.052166,0.000000
0.051802,0.000000
0.051802,0.000000
0.051381,0.000000
0.051381,0.000000
0.051097,0.000000
0.051097,0.000000
0.050651,0.000000
0.050651,0.000000
0.050651,0.000000
0.050651,0.000000
0.050147,0.000000
0.050147,0.000000
0.049767,0.000000
0.049767,0.000000
0.049398,0.000000
0.049398,0.000000
0.049000,0.000000
0.049000,0.000000
0.048748,0.000000
0.048748,0.000000
0.048503,0.000000
0.048503,0.000000
0.048166,0.000000
0.048166,0.000000
0.047930,0.000000
0.047930,0.000000
0.047930,0.000000
0.047930,0.000000
0.047595,0.000000
0.047595,0.000000
0.047325,0.000000
0.047325,0.000000
0.046919,0.000000
0.046919,0.000000
0.046488,0.000000
0.046435,0.000000
0.045990,0.000000
0.045500,0.000000
0.045009,0.000000
0.044636,0.000000
0.044636,0.000000
0.043918,0.000000
0.043918,0.000000
0.043756,0.000000
0.043395,0.000000
0.043395,0.000000
0.043049,0.000000
0.042574,0.000000
0.042392,0.000000
0.042392,0.000000
0.042067,0.000000
0.042009,0.000000
0.041564,0.000000
0.041259,0.000000
0.041239,0.000000
0.040990,0.000000
0.040628,0.000000
0.040262,0.000000
0.040262,0.000000
0.039976,0.000000
0.039852,0.000000
0.039852,0.000000
0.039593,0.000000
0.039593,0.000000
0.039239,0.000000
0.038874,0.000000
0.038874,0.000000
0.038479,0.000000
0.038328,0.000000
0.037974,0.000000
0.037974,0.000000
0.037604,0.000000
0.037604,0.000000
0.037337,0.000000
0.037079,0.000000
0.037079,0.000000
0.036875,0.000000
0.036875,0.000000
0.000000,0.012755
0.000000,0.012618
0.000000,0.012839
0.000000,0.012839
0.000000,0.013179
0.000000,0.013179
0.000000,0.012785
0.000000,0.012839
0.000000,0.013106
0.000000,0.012954
0.000000,0.012954
0.000000,0.013361
0.000000,0.013358
0.000000,0.013358
0.000000,0.013337
0.000000,0.013794
0.000000,0.014550
0.000000,0.014873
0.000000,0.014873
0.000000,0.015344
0.000000,0.016127
0.000000,0.016127
0.000000,0.016127
0.000000,0.015657
0.000000,0.015661
0.000000,0.015734
0.000000,0.015790
0.000000,0.015830
0.000000,0.015325
0.000000,0.015325
0.000000,0.015448
0.000000,0.015448
0.000000,0.015340
0.000000,0.015272
0.000000,0.015272
0.000000,0.015272
0.000000,0.015606
0.000000,0.015616
0.000000,0.015579
0.000000,0.015747
0.000000,0.015747
0.000000,0.015865
0.000000,0.016278
0.000000,0.016278
0.000000,0.016278
0.000000,0.016837
0.000000,0.016837
0.000000,0.017106
0.000000,0.017106
0.000000,0.017190
0.000000,0.017190
0.000000,0.017417
0.000000,0.017417
0.000000,0.017772
0.000000,0.017772
0.000000,0.017561
0.000000,0.017561
0.000000,0.017397
0.000000,0.017397
0.000000,0.017415
0.000000,0.017415
0.000000,0.017437
0.000000,0.017437
0.000000,0.017437
0.000000,0.017451
0.000000,0.017451
0.000000,0.017280
0.000000,0.017280
0.000000,0.017092
0.000000,0.017092
0.000000,0.016871
0.000000,0.016871
0.000000,0.016478
0.000000,0.016478
0.000000,0.015893
0.000000,0.015893
0.000000,0.015584
0.000000,0.015584
0.000000,0.015651
0.000000,0.015651
0.000000,0.015651
0.000000,0.015551
0.000000,0.015410
0.000000,0.015410
0.000000,0.014968
0.000000,0.014612
0.000000,0.014612
0.000000,0.014765
0.000000,0.014765
0.000000,0.014765
0.000000,0.015246
0.000000,0.015664
0.000000,0.015664
0.000000,0.015490
0.000000,0.015490
0.000000,0.015041
0.000000,0.015041
0.000000,0.015041
0.000000,0.014985
0.000000,0.014985
0.000000,0.014833
0.000000,0.014833
0.000000,0.015052
0.000000,0.015052
0.000000,0.014880
0.000000,0.014880
0.000000,0.014678
0.000000,0.014678
0.000000,0.014678
0.000000,0.014678
0.000000,0.014682
0.000000,0.014680
0.000000,0.014680
0.000000,0.014637
0.000000,0.014637
0.000000,0.014681
0.000000,0.014681
0.000000,0.014427
0.000000,0.014427
0.000000,0.014393
0.000000,0.014393
0.000000,0.014341
0.000000,0.014341
0.000000,0.014363
0.000000,0.014363
0.000000,0.014570
0.000000,0.014570
0.000000,0.014570
0.000000,0.014570
0.000000,0.015131
0.000000,0.015416
0.000000,0.015416
0.000000,0.015428
0.000000,0.015428
0.000000,0.015384
0.000000,0.015453
0.000000,0.015453
0.000000,0.015750
0.000000,0.015750
0.000000,0.015490
0.000000,0.015490
0.000000,0.015305
0.000000,0.015305
0.000000,0.015642
0.000000,0.015642
0.000000,0.015670
0.000000,0.015921
0.000000,0.015921
0.000000,0.015921
0.000000,0.015921
0.000000,0.015088
0.000000,0.015088
0.000000,0.015223
0.000000,0.015223
0.000000,0.015051
0.000000,0.015051
0.000000,0.015139
0.000000,0.015139
0.000000,0.014961
0.000000,0.014961
0.000000,0.014799
0.000000,0.014799
0.000000,0.014799
0.000000,0.014809
0.000000,0.014809
0.000000,0.014886
0.000000,0.014886
0.000000,0.015132
0.000000,0.015132
0.000000,0.015279
0.000000,0.015279
0.000000,0.015547
0.000000,0.015547
0.000000,0.015239
0.000000,0.015239
0.000000,0.015048
0.000000,0.015048
0.000000,0.014902
0.000000,0.014902
0.000000,0.014835
0.000000,0.014835
0.000000,0.014835
0.000000,0.014657
0.000000,0.014657
0.000000,0.014672
0.000000,0.014672
0.000000,0.014420
0.000000,0.014420
0.000000,0.014420
0.000000,0.014428
0.000000,0.014386
0.000000,0.014386
0.000000,0.014360
0.000000,0.014360
0.000000,0.014317
0.000000,0.014317
0.000000,0.014317
0.000000,0.014118
0.000000,0.014118
0.000000,0.013984
0.000000,0.013984
0.000000,0.014094
0.000000,0.014094
0.000000,0.014087
0.000000,0.014087
0.000000,0.014106
0.000000,0.014106
0.000000,0.014123
0.000000,0.014141
0.000000,0.013617
0.000000,0.013617
0.000000,0.013342
0.000000,0.013342
0.000000,0.013190
0.000000,0.013190
0.000000,0.013186
0.000000,0.012987
0.000000,0.012987
0.000000,0.012960
0.000000,0.012960
0.000000,0.012747
0.000000,0.012747
0.000000,0.012888
0.000000,0.012999
0.000000,0.012999
0.000000,0.012999
0.000000,0.012999
0.000000,0.013305
0.000000,0.013280
0.000000,0.013280
0.000000,0.013189
0.000000,0.013189
0.000000,0.013200
0.000000,0.013200
0.000000,0.012920
0.000000,0.012920
0.000000,0.012588
0.000000,0.012579
0.000000,0.012579
0.000000,0.012504
0.035982,0.000000
0.035982,0.000000
0.035955,0.000000
0.035955,0.000000
0.035955,0.000000
0.036001,0.000000
0.035961,0.000000
0.035961,0.000000
0.035902,0.000000
0.035902,0.000000
0.035702,0.000000
0.035702,0.000000
0.000000,0.012770
0.000000,0.012770
0.000000,0.012640
0.000000,0.012640
0.034785,0.000000
0.034785,0.000000
0.000000,0.012723
0.000000,0.012723
0.000000,0.012723
0.000000,0.012685
0.000000,0.012685
0.000000,0.012685
0.000000,0.012685
0.000000,0.012915
0.000000,0.012738
0.000000,0.012738
0.000000,0.012519
0.000000,0.012519
0.000000,0.012519
0.000000,0.013097
0.000000,0.013097
0.000000,0.013071
0.000000,0.013071
0.000000,0.013147
0.000000,0.013147
0.000000,0.012615
0.000000,0.012615
0.034509,0.000000
0.034509,0.000000
0.034509,0.000000
0.000000,0.012557
0.000000,0.012557
0.000000,0.012501
0.000000,0.012501
0.034697,0.000000
0.034651,0.000000
0.034637,0.000000
0.034623,0.000000
0.034583,0.000000
0.034583,0.000000
0.034375,0.000000
0.034375,0.000000
0.000000,0.012648
0.000000,0.012648
0.000000,0.012813
0.000000,0.012813
0.000000,0.013252
0.000000,0.013252
0.000000,0.013100
0.000000,0.013100
0.000000,0.012735
0.000000,0.012735
0.000000,0.012735
0.000000,0.012552
0.000000,0.012552
0.000000,0.012862
0.000000,0.012862
0.000000,0.012750
0.000000,0.012750
0.033313,0.000000
0.033313,0.000000
0.033357,0.000000
0.033357,0.000000
0.033383,0.000000
0.033383,0.000000
0.033451,0.000000
0.033451,0.000000
0.033412,0.000000
0.033412,0.000000
0.033412,0.000000
0.033228,0.000000
0.032855,0.000000
0.032454,0.000000
0.000000,0.012683
0.000000,0.013406
0.000000,0.013406
0.000000,0.013797
0.000000,0.013797
0.000000,0.013563
0.000000,0.013563
0.000000,0.013563
0.000000,0.013379
0.000000,0.014170
0.000000,0.014170
0.000000,0.014170
0.000000,0.014488
0.000000,0.014488
0.000000,0.013807
0.000000,0.013807
0.000000,0.013319
0.000000,0.013319
0.000000,0.013024
0.000000,0.013024
0.000000,0.013524
0.000000,0.013524
0.000000,0.012908
0.000000,0.012908
0.000000,0.012503
0.000000,0.012503
0.031065,0.000000
0.031065,0.000000
0.031217,0.000000
0.031217,0.000000
0.031217,0.000000
0.031217,0.000000
0.031217,0.000000
0.031190,0.000000
0.031190,0.000000
0.031197,0.000000
0.031197,0.000000
0.031197,0.000000
0.031076,0.000000
0.031076,0.000000
0.000000,0.012630
0.000000,0.012630
0.000000,0.013257
0.000000,0.013257
0.000000,0.013735
0.000000,0.013735
0.000000,0.014221
0.000000,0.014221
0.000000,0.013875
0.000000,0.013875
0.000000,0.013875
0.000000,0.013881
0.000000,0.013699
0.000000,0.013699
0.000000,0.013405
0.000000,0.013405
0.000000,0.013358
0.000000,0.013358
0.000000,0.013358
0.000000,0.013358
0.000000,0.013783
0.000000,0.013783
0.000000,0.014220
0.000000,0.014220
0.000000,0.014290
0.000000,0.014290
0.000000,0.014130
0.000000,0.014130
0.000000,0.013595
0.000000,0.013595
0.000000,0.013591
0.000000,0.013777
0.000000,0.013777
0.000000,0.013765
0.000000,0.013765
0.000000,0.013141
0.000000,0.013141
0.000000,0.013105
0.000000,0.013300
0.000000,0.013065
0.000000,0.012675
0.000000,0.012582
0.000000,0.012582
0.000000,0.012582
0.029725,0.000000
0.029725,0.000000
0.029766,0.000000
0.029766,0.000000
0.029765,0.000000
0.029765,0.000000
0.000000,0.012839
0.000000,0.012839
0.000000,0.012629
0.000000,0.012629
0.000000,0.012919
0.000000,0.012919
0.000000,0.013681
0.000000,0.013681
0.000000,0.014085
0.000000,0.014085
0.000000,0.015020
0.000000,0.015020
0.000000,0.014710
0.000000,0.014710
0.000000,0.014710
0.000000,0.014710
0.000000,0.014710
0.000000,0.014710
0.000000,0.014710
0.000000,0.014710
0.000000,0.014710
0.000000,0.014710
0.000000,0.014373
0.000000,0.014373
0.000000,0.014373
0.000000,0.013797
0.000000,0.013797
0.000000,0.013797
0.000000,0.014209
0.000000,0.014209
0.000000,0.014209
0.000000,0.014209
0.000000,0.014209
0.000000,0.014209
0.000000,0.014209
0.000000,0.014209
0.000000,0.015064
0.000000,0.015064
0.000000,0.015317
0.000000,0.015317
0.000000,0.015393
0.000000,0.015393
0.000000,0.015393
0.000000,0.015393
0.000000,0.015393
0.000000,0.015393
0.000000,0.015393
0.000000,0.015393
0.000000,0.015393
0.000000,0.015393
0.000000,0.015393
0.000000,0.015393
0.000000,0.015393
0.000000,0.016279
0.000000,0.016279
0.000000,0.016279
0.000000,0.016279
0.000000,0.016279
0.000000,0.016279
0.000000,0.016279
0.000000,0.016279
0.000000,0.016279
0.000000,0.016279
0.000000,0.016279
0.000000,0.016279
0.000000,0.016279
0.000000,0.016279
0.000000,0.016279
0.000000,0.016279
0.000000,0.016279
0.000000,0.016279
0.000000,0.016279
0.000000,0.016279
0.000000,0.016279
0.000000,0.016279
0.000000,0.016279
0.000000,0.017981
0.000000,0.017981
0.000000,0.017981
0.000000,0.017981
0.000000,0.017981
0.000000,0.017981
0.000000,0.017981
0.000000,0.017981
0.000000,0.017981
0.000000,0.017981
0.000000,0.017981
0.000000,0.017981
0.000000,0.017981
0.000000,0.017981
0.000000,0.017981
0.000000,0.017981
0.000000,0.019357
0.000000,0.019345
0.000000,0.019345
0.000000,0.019345
0.000000,0.019345
0.000000,0.019345
0.000000,0.019345
0.000000,0.019345
0.000000,0.019345
0.000000,0.019345
0.000000,0.019345
0.000000,0.019345
0.000000,0.020256
0.000000,0.020256
0.000000,0.020502
0.000000,0.020502
0.000000,0.020502
0.000000,0.020502
0.000000,0.020502
0.000000,0.020502
0.000000,0.020502
0.000000,0.020502
0.000000,0.020502
0.000000,0.020608
0.000000,0.020608
0.000000,0.020608
0.000000,0.020608
0.000000,0.021145
0.000000,0.021145
0.000000,0.021145
0.000000,0.021145
0.000000,0.021145
0.000000,0.021145
0.000000,0.021145
0.000000,0.021145
0.000000,0.021145
0.000000,0.021145
0.000000,0.021145
0.000000,0.021145
0.000000,0.021145
0.000000,0.021145
0.000000,0.021145
0.000000,0.021145
0.000000,0.021145
0.000000,0.021145
0.000000,0.021145
0.000000,0.021145
0.000000,0.020399
0.000000,0.020399
0.000000,0.020399
0.000000,0.020399
0.000000,0.020399
0.000000,0.020399
0.000000,0.020399
0.000000,0.020399
0.000000,0.020399
0.000000,0.020399
0.000000,0.020399
0.000000,0.020399
0.000000,0.020399
0.000000,0.019505
0.000000,0.019468
0.000000,0.019468
0.000000,0.019468
0.000000,0.019468
0.000000,0.019468
0.000000,0.019468
0.000000,0.019468
0.000000,0.019203
0.000000,0.019203
0.000000,0.019055
0.000000,0.019055
0.000000,0.019371
0.000000,0.019371
0.000000,0.019371
0.000000,0.019371
0.000000,0.019371
0.000000,0.019371
0.000000,0.019371
0.000000,0.019371
0.000000,0.019371
0.000000,0.019371
0.000000,0.019371
0.000000,0.021332
0.000000,0.021332
0.000000,0.021332
0.000000,0.021332
0.000000,0.021332
0.000000,0.021332
0.000000,0.021332
0.000000,0.021332
0.000000,0.021332
0.000000,0.020944
0.000000,0.020944
0.000000,0.020944
0.000000,0.020944
0.000000,0.020944
0.000000,0.020944
0.000000,0.020944
0.000000,0.019724
0.000000,0.019724
0.000000,0.019724
0.000000,0.019724
0.000000,0.019724
0.000000,0.019724
0.000000,0.019724
0.000000,0.019724
0.000000,0.019724
0.000000,0.019724
0.000000,0.019724
0.000000,0.019724
0.000000,0.019724
0.000000,0.018735
0.000000,0.018735
0.000000,0.018735
0.000000,0.018023
0.000000,0.018023
0.000000,0.018023
0.000000,0.018023
0.000000,0.018023
0.000000,0.018023
0.000000,0.018023
0.000000,0.018023
0.000000,0.018023
0.000000,0.018023
0.000000,0.018023
0.000000,0.018023
0.000000,0.018023
0.000000,0.017203
0.000000,0.016558
0.000000,0.016558
0.000000,0.016818
0.000000,0.016818
0.000000,0.017186
0.000000,0.017186
0.000000,0.017248
0.000000,0.017284
0.000000,0.017284
0.000000,0.017328
0.000000,0.017328
0.000000,0.017379
0.000000,0.017379
0.000000,0.017342
0.000000,0.017342
0.000000,0.017397
0.000000,0.017397
0.000000,0.017397
0.000000,0.017397
0.000000,0.018217
0.000000,0.018217
0.000000,0.018133
0.000000,0.018133
0.000000,0.018315
0.000000,0.018315
0.000000,0.018325
0.000000,0.018325
0.000000,0.018705
0.000000,0.018705
0.000000,0.018291
0.000000,0.018291
0.000000,0.016757
0.000000,0.016757
0.000000,0.016330
0.000000,0.016330
0.000000,0.016330
0.000000,0.016330
0.000000,0.016330
0.000000,0.015645
0.000000,0.015645
0.000000,0.015845
0.000000,0.015845
0.000000,0.016115
0.000000,0.016115
0.000000,0.016042
0.000000,0.016042
0.000000,0.016042
0.000000,0.016005
0.000000,0.016005
0.000000,0.015857
0.000000,0.015681
0.000000,0.015702
0.000000,0.015702
0.000000,0.015464
0.000000,0.015464
0.000000,0.015296
0.000000,0.015296
0.000000,0.015126
0.000000,0.015126
0.000000,0.015019
0.000000,0.015019
0.000000,0.014724
0.000000,0.014724
0.000000,0.014526
0.000000,0.014526
0.000000,0.014496
0.000000,0.014496
0.000000,0.014496
0.000000,0.014523
0.000000,0.014523
0.000000,0.014913
0.000000,0.014913
0.000000,0.014850
0.000000,0.014850
0.000000,0.015119
0.000000,0.015119
0.000000,0.015119
0.000000,0.015157
0.000000,0.015157
0.000000,0.015088
0.000000,0.015088
0.000000,0.015367
0.000000,0.015367
0.000000,0.015367
0.000000,0.015367
0.000000,0.016358
0.000000,0.016358
0.000000,0.016710
0.000000,0.016710
0.000000,0.017053
0.000000,0.017053
0.000000,0.017235
0.000000,0.017235
0.000000,0.017235
0.000000,0.017378
0.000000,0.017378
0.000000,0.016511
0.000000,0.016181
0.000000,0.016189
0.000000,0.016189
0.000000,0.015946
0.000000,0.015470
0.000000,0.015470
0.000000,0.015423
0.000000,0.015423
0.000000,0.015434
0.000000,0.015493
0.000000,0.014998
0.000000,0.014908
0.000000,0.014908
0.000000,0.014908
0.000000,0.014908
0.000000,0.014908
0.000000,0.014439
0.000000,0.014439
0.000000,0.013722
0.000000,0.013722
0.000000,0.013722
0.000000,0.013427
0.000000,0.013427
0.000000,0.013121
0.000000,0.013121
0.000000,0.013538
0.000000,0.013538
0.000000,0.013538
0.000000,0.013946
0.000000,0.013946
0.000000,0.014297
0.000000,0.014297
0.000000,0.014653
0.000000,0.014653
0.000000,0.014653
0.000000,0.014653
0.000000,0.015191
0.000000,0.015191
0.000000,0.015350
0.000000,0.015350
0.000000,0.015588
0.000000,0.015588
0.000000,0.015471
0.000000,0.015471
0.000000,0.015471
0.000000,0.015172
0.000000,0.015172
0.000000,0.013431
0.000000,0.013431
0.000000,0.012800
0.000000,0.012800
0.000000,0.012800
0.000000,0.012859
0.000000,0.012893
0.000000,0.012893
0.000000,0.013007
0.000000,0.013007
0.000000,0.013587
0.000000,0.013587
0.000000,0.013799
0.000000,0.013799
0.000000,0.013960
0.000000,0.013960
0.000000,0.013856
0.000000,0.013856
0.000000,0.013948
0.000000,0.014078
0.000000,0.014078
0.000000,0.014204
0.000000,0.014205
0.000000,0.014205
0.000000,0.014205
0.000000,0.014301
0.000000,0.014301
0.000000,0.014308
0.000000,0.014308
0.000000,0.013983
0.000000,0.013983
0.000000,0.014017
0.000000,0.013823
0.000000,0.013823
0.000000,0.013634
0.000000,0.013634
0.000000,0.013199
0.000000,0.013040
0.000000,0.013040
0.000000,0.013068
0.000000,0.013068
0.000000,0.012853
0.000000,0.012853
0.000000,0.012853
0.000000,0.012615
0.000000,0.012782
0.000000,0.013240
0.000000,0.013518
0.000000,0.013980
0.000000,0.013980
0.000000,0.013980
0.000000,0.014393
0.000000,0.014393
0.000000,0.014711
0.000000,0.014711
0.000000,0.014909
0.000000,0.014909
0.000000,0.014909
0.000000,0.014902
0.000000,0.014902
0.000000,0.014902
0.000000,0.014902
0.000000,0.014594
0.000000,0.014594
0.000000,0.013526
0.000000,0.013526
0.000000,0.013526
0.000000,0.013362
0.000000,0.013168
0.000000,0.012967
0.000000,0.012923
0.000000,0.012923
0.000000,0.012663
0.029188,0.000000
0.029188,0.000000
0.029188,0.000000
0.029188,0.000000
0.029438,0.000000
0.029438,0.000000
0.029492,0.000000
0.029492,0.000000
0.029493,0.000000
0.029493,0.000000
0.029264,0.000000
0.029264,0.000000
0.029004,0.000000
0.029004,0.000000
0.028722,0.000000
0.028722,0.000000
0.028722,0.000000
0.028348,0.000000
0.028119,0.000000
0.028119,0.000000
0.028119,0.000000
0.028119,0.000000
0.027515,0.000000
0.027304,0.000000
0.027304,0.000000
0.027304,0.000000
0.027109,0.000000
0.027109,0.000000
0.026965,0.000000
0.026965,0.000000
0.026857,0.000000
0.026857,0.000000
0.026730,0.000000
0.026730,0.000000
0.026730,0.000000
0.026640,0.000000
0.026376,0.000000
0.026329,0.000000
0.026329,0.000000
0.026265,0.000000
0.026265,0.000000
0.026258,0.000000
0.026023,0.000000
0.026023,0.000000
0.025740,0.000000
0.025740,0.000000
0.025410,0.000000
0.025410,0.000000
0.025153,0.000000
0.025153,0.000000
0.024966,0.000000
0.024966,0.000000
0.024727,0.000000
0.024727,0.000000
0.024727,0.000000
0.024498,0.000000
0.024448,0.000000
0.024341,0.000000
0.024341,0.000000
0.024088,0.000000
0.024282,0.000000
0.024282,0.000000
0.024282,0.000000
0.024104,0.000000
0.024062,0.000000
0.023880,0.000000
0.023880,0.000000
0.023640,0.000000
0.023419,0.000000
0.023370,0.000000
0.023370,0.000000
0.023515,0.000000
0.023515,0.000000
0.023333,0.000000
0.023333,0.000000
0.023072,0.000000
0.023072,0.000000
0.023072,0.000000
0.022900,0.000000
0.022900,0.000000
0.022756,0.000000
0.022756,0.000000
0.022672,0.000000
0.022672,0.000000
0.022473,0.000000
0.022473,0.000000
0.022334,0.000000
0.022334,0.000000
0.022116,0.000000
0.021936,0.000000
0.021936,0.000000
0.021737,0.000000
0.021737,0.000000
0.021581,0.000000
0.021581,0.000000
0.021581,0.000000
0.021244,0.000000
0.021244,0.000000
0.021011,0.000000
0.021011,0.000000
0.021035,0.000000
0.021035,0.000000
0.020847,0.000000
0.020847,0.000000
0.020726,0.000000
0.020726,0.000000
0.020527,0.000000
0.020527,0.000000
0.020441,0.000000
0.020533,0.000000
0.020533,0.000000
0.020236,0.000000
0.020236,0.000000
0.020041,0.000000
0.020041,0.000000
0.019882,0.000000
0.019882,0.000000
0.019864,0.000000
0.019864,0.000000
0.019710,0.000000
0.019665,0.000000
0.019535,0.000000
0.019316,0.000000
0.019316,0.000000
0.019051,0.000000
0.019051,0.000000
0.018980,0.000000
0.018980,0.000000
0.018888,0.000000
0.018888,0.000000
0.018700,0.000000
0.018700,0.000000
0.018700,0.000000
0.018599,0.000000
0.000000,-0.012956
0.000000,-0.012956
0.000000,-0.012956
0.000000,-0.013620
0.000000,-0.013620
0.000000,-0.013652
0.000000,-0.013652
0.000000,-0.013738
0.000000,-0.013738
0.000000,-0.013942
0.000000,-0.013577
0.000000,-0.013577
0.000000,-0.013577
0.017988,0.000000
0.018000,0.000000
0.018000,0.000000
0.000000,-0.013111
0.000000,-0.013111
0.000000,-0.012501
0.000000,-0.012501
0.018100,0.000000
0.018100,0.000000
0.000000,-0.012963
0.000000,-0.012963
0.000000,-0.013726
0.000000,-0.013726
0.000000,-0.012871
0.000000,-0.012871
0.017770,0.000000
0.017770,0.000000
0.017770,0.000000
0.017631,0.000000
0.017681,0.000000
0.000000,-0.013101
0.000000,-0.013385
0.000000,-0.015589
0.000000,-0.015589
0.000000,-0.016648
0.000000,-0.016648
0.000000,-0.017755
0.000000,-0.017755
0.000000,-0.017739
0.000000,-0.017739
0.000000,-0.017673
0.000000,-0.017673
0.000000,-0.017673
0.000000,-0.017376
0.000000,-0.017392
0.000000,-0.017098
0.000000,-0.017098
0.000000,-0.017635
0.000000,-0.017635
0.000000,-0.017461
0.000000,-0.017461
0.000000,-0.017276
0.000000,-0.017276
0.000000,-0.017298
0.000000,-0.017298
0.000000,-0.017350
0.000000,-0.017350
0.000000,-0.017128
0.000000,-0.017128
0.000000,-0.017806
0.000000,-0.017806
0.000000,-0.017806
0.000000,-0.017272
0.000000,-0.017799
0.000000,-0.017799
0.000000,-0.017990
0.000000,-0.017990
0.000000,-0.017954
0.000000,-0.017954
0.000000,-0.017815
0.000000,-0.017815
0.000000,-0.018313
0.000000,-0.018313
0.000000,-0.018586
0.000000,-0.018586
0.000000,-0.019114
0.000000,-0.019114
0.000000,-0.019114
0.000000,-0.019582
0.000000,-0.019582
0.000000,-0.019582
0.000000,-0.019582
0.000000,-0.020357
0.000000,-0.021281
0.000000,-0.021281
0.000000,-0.022112
0.000000,-0.022112
0.000000,-0.022771
0.000000,-0.022771
0.000000,-0.022551
0.000000,-0.023141
0.000000,-0.023141
0.000000,-0.021546
0.000000,-0.020682
0.000000,-0.020682
0.000000,-0.020218
0.000000,-0.020205
0.000000,-0.019753
0.000000,-0.019467
0.000000,-0.019467
0.000000,-0.019685
0.000000,-0.019953
0.000000,-0.019953
0.000000,-0.020164
0.000000,-0.020164
0.000000,-0.020622
0.000000,-0.020768
0.000000,-0.020768
0.000000,-0.020377
0.000000,-0.020377
0.000000,-0.020377
0.000000,-0.019800
0.000000,-0.019126
0.000000,-0.019297
0.000000,-0.020480
0.000000,-0.020480
0.000000,-0.021337
0.000000,-0.021337
0.000000,-0.020582
0.000000,-0.020582
0.000000,-0.020412
0.000000,-0.020412
0.000000,-0.020415
0.000000,-0.020415
0.000000,-0.020194
0.000000,-0.020194
0.000000,-0.020194
0.000000,-0.019820
0.000000,-0.019820
0.000000,-0.018595
0.000000,-0.018595
0.000000,-0.018556
0.000000,-0.018556
0.000000,-0.018835
0.000000,-0.018835
0.000000,-0.018443
0.000000,-0.018443
0.000000,-0.018964
0.000000,-0.018967
0.000000,-0.018607
0.000000,-0.018607
0.000000,-0.018402
0.000000,-0.018402
0.000000,-0.018486
0.000000,-0.018486
0.000000,-0.018786
0.000000,-0.018786
0.000000,-0.018754
0.000000,-0.018754
0.000000,-0.019045
0.000000,-0.019045
0.000000,-0.018533
0.000000,-0.018533
0.000000,-0.018224
0.000000,-0.018224
0.000000,-0.018222
0.000000,-0.018222
0.000000,-0.017970
0.000000,-0.017970
0.000000,-0.018073
0.000000,-0.019155
0.000000,-0.019155
0.000000,-0.018998
0.000000,-0.018998
0.000000,-0.018575
0.000000,-0.018575
0.000000,-0.018835
0.000000,-0.018835
0.000000,-0.019113
0.000000,-0.019113
0.000000,-0.019113
0.000000,-0.018599
0.000000,-0.018599
0.000000,-0.018066
0.000000,-0.018066
0.000000,-0.018094
0.000000,-0.018094
0.000000,-0.018395
0.000000,-0.018395
0.000000,-0.018449
0.000000,-0.018449
0.000000,-0.018449
0.000000,-0.018449
0.000000,-0.015128
0.000000,-0.014895
0.000000,-0.014855
0.000000,-0.015324
0.000000,-0.015324
0.000000,-0.015257
0.000000,-0.015257
0.000000,-0.015257
0.000000,-0.017731
0.000000,-0.021064
0.000000,-0.021064
0.000000,-0.023463
0.000000,-0.023463
0.000000,-0.023463
0.000000,-0.022235
0.000000,-0.022235
0.000000,-0.021569
0.000000,-0.021569
0.000000,-0.020350
0.000000,-0.020350
0.000000,-0.020404
0.000000,-0.020404
0.000000,-0.018665
0.000000,-0.018665
0.000000,-0.017580
0.000000,-0.017580
0.000000,-0.016685
0.000000,-0.016685
0.000000,-0.017504
0.000000,-0.017504
0.000000,-0.018207
0.000000,-0.018207
0.000000,-0.018207
0.000000,-0.018207
0.000000,-0.018709
0.000000,-0.018709
0.000000,-0.018148
0.000000,-0.018148
0.000000,-0.017017
0.000000,-0.020660
0.000000,-0.021496
0.000000,-0.022037
0.000000,-0.022861
0.000000,-0.022861
0.000000,-0.022327
0.000000,-0.022327
0.000000,-0.021293
0.000000,-0.021293
0.000000,-0.021295
0.000000,-0.021295
0.000000,-0.020896
0.000000,-0.020896
0.000000,-0.017677
0.000000,-0.017677
0.000000,-0.021391
0.000000,-0.021391
0.000000,-0.021683
0.000000,-0.021683
0.000000,-0.022869
0.000000,-0.022869
0.000000,-0.022869
0.000000,-0.021071
0.000000,-0.021071
0.000000,-0.019171
0.000000,-0.019124
0.000000,-0.019124
0.000000,-0.019124
0.000000,-0.019816
0.000000,-0.020826
0.000000,-0.020826
0.000000,-0.021193
0.000000,-0.021193
0.000000,-0.021193
0.000000,-0.021180
0.000000,-0.021180
0.000000,-0.019968
0.000000,-0.019968
0.000000,-0.021483
0.000000,-0.021483
0.000000,-0.023202
0.000000,-0.023202
0.000000,-0.024676
0.000000,-0.024676
0.000000,-0.024015
0.000000,-0.024114
0.000000,-0.024114
0.000000,-0.023917
0.000000,-0.023917
0.000000,-0.024049
0.000000,-0.024049
0.000000,-0.023594
0.000000,-0.023594
0.000000,-0.023736
0.000000,-0.023736
0.000000,-0.021412
0.000000,-0.020955
0.000000,-0.020955
0.000000,-0.020893
0.000000,-0.021406
0.000000,-0.021406
0.000000,-0.018563
0.000000,-0.018563
0.000000,-0.018368
0.000000,-0.018368
0.000000,-0.018247
0.000000,-0.018247
0.000000,-0.018247
0.000000,-0.017643
0.000000,-0.017643
0.000000,-0.017522
0.000000,-0.017522
0.000000,-0.016953
0.000000,-0.016953
0.000000,-0.016953
0.000000,-0.016924
0.000000,-0.017061
0.000000,-0.017502
0.000000,-0.017502
0.000000,-0.017724
0.000000,-0.017724
0.000000,-0.016635
0.000000,-0.016635
0.000000,-0.016826
0.000000,-0.016976
0.000000,-0.016976
0.000000,-0.015974
0.000000,-0.015974
0.000000,-0.015892
0.000000,-0.015892
0.000000,-0.014013
0.000000,-0.014013
0.000000,-0.014013
0.000000,-0.013919
0.000000,-0.013919
0.000000,-0.013719
0.000000,-0.013719
0.000000,-0.013377
0.000000,-0.013377
0.000000,-0.013575
0.000000,-0.013575
0.000000,-0.013575
0.000000,-0.013103
0.000000,-0.013103
0.000000,-0.013072
0.000000,-0.013072
0.000000,-0.013069
0.000000,-0.013069
0.000000,-0.012949
0.000000,-0.013042
0.000000,-0.012632
0.015054,0.000000
0.015054,0.000000
0.015014,0.000000
0.015014,0.000000
0.000000,-0.013088
0.000000,-0.013688
0.000000,-0.013688
0.000000,-0.014311
0.000000,-0.013704
0.000000,-0.013665
0.000000,-0.013744
0.000000,-0.013744
0.000000,-0.013455
0.000000,-0.013455
0.000000,-0.013163
0.000000,-0.013163
0.000000,0.000000
0.000000,-0.012556
0.000000,-0.012556
0.000000,-0.012556
0.000000,-0.013258
0.000000,-0.013258
0.000000,-0.013729
0.000000,-0.013729
0.000000,-0.013891
0.000000,-0.014145
0.000000,-0.013366
0.000000,-0.013657
0.000000,-0.013657
0.000000,-0.013162
0.000000,-0.013162
0.000000,-0.013420
0.000000,-0.013420
0.000000,-0.014050
0.000000,-0.014050
0.000000,-0.013446
0.000000,-0.013446
0.000000,-0.014421
0.000000,-0.014421
0.000000,-0.014421
0.000000,-0.014421
0.000000,-0.014421
0.000000,-0.016153
0.000000,-0.016153
0.000000,-0.016755
0.000000,-0.016755
0.000000,-0.015084
0.000000,-0.015084
0.000000,-0.015420
0.000000,-0.015420
0.000000,-0.014440
0.000000,-0.014440
0.000000,-0.014491
0.000000,-0.014491
0.000000,-0.014712
0.000000,-0.014712
0.000000,-0.014712
0.000000,-0.014385
0.000000,-0.014385
0.015540,0.000000
0.015540,0.000000
0.015540,0.000000
0.000000,-0.012672
0.000000,-0.012782
0.000000,-0.012782
0.015764,0.000000
0.015764,0.000000
0.015609,0.000000
0.015609,0.000000
0.015405,0.000000
0.015405,0.000000
0.015249,0.000000
0.015249,0.000000
0.015249,0.000000
0.015153,0.000000
0.015153,0.000000
0.000000,0.000000
0.000000,0.000000
0.000000,0.000000
0.000000,0.000000
0.000000,0.000000
0.000000,0.000000
0.000000,0.000000
0.000000,0.000000
0.000000,0.000000
0.000000,0.000000
0.000000,0.000000
0.000000,0.000000
0.000000,0.000000
0.000000,0.000000
0.000000,0.000000
0.000000,0.000000
0.000000,0.000000
0.000000,0.000000
0.000000,0.000000
0.000000,0.000000
0.000000,0.000000
0.000000,0.000000
0.000000,0.000000
0.000000,0.000000
0.000000,0.000000
0.000000,0.000000
0.000000,0.000000
0.000000,0.000000
0.000000,0.000000
0.000000,0.000000
0.000000,0.000000
0.000000,0.000000
0.000000,0.000000
0.000000,0.000000
0.000000,0.000000
0.000000,0.000000
0.000000,0.000000
0.000000,0.000000
0.000000,0.000000
0.000000,0.000000
0.000000,0.000000
0.000000,0.000000
0.000000,0.000000
0.000000,0.000000
0.000000,0.000000
0.000000,0.000000
0.000000,0.000000
0.000000,0.000000
0.000000,0.000000
0.000000,0.000000
0.000000,0.000000
0.000000,0.000000
0.000000,0.000000
0.000000,0.000000
0.000000,0.000000
0.000000,0.000000
0.000000,0.000000
0.000000,0.000000
0.000000,0.000000
0.000000,0.000000
0.000000,0.000000
0.000000,0.000000
0.000000,0.000000
0.000000,0.000000
0.000000,0.000000
0.000000,0.000000
0.000000,0.000000
0.000000,0.000000
0.000000,0.000000
0.000000,0.000000
0.000000,0.000000
0.000000,0.000000
0.000000,0.000000
0.000000,0.000000
0.000000,0.000000
0.000000,0.000000
0.000000,0.000000
0.000000,0.000000
0.000000,0.000000
0.000000,0.000000
0.000000,0.000000
0.000000,0.000000
0.000000,0.000000
0.000000,0.000000
0.000000,0.000000
0.000000,0.000000
0.000000,0.000000
0.000000,0.000000
0.000000,0.000000
0.000000,0.000000
0.000000,0.000000
0.000000,0.000000
0.000000,0.000000
0.000000,0.000000
0.000000,0.000000
0.000000,0.000000
0.000000,0.000000
0.000000,0.000000
0.000000,0.000000
0.000000,0.000000
0.000000,0.000000
0.000000,0.000000
0.000000,0.000000
0.000000,0.000000
0.000000,0.000000
0.000000,0.000000
0.000000,0.000000
0.000000,0.000000
0.000000,0.000000
0.000000,0.000000
0.000000,0.000000
0.000000,0.000000
0.000000,0.000000
0.000000,0.000000
0.000000,0.000000
0.000000,0.000000
0.000000,0.000000
0.000000,0.000000
0.000000,0.000000
0.000000,0.000000
0.000000,0.000000
0.000000,0.000000
0.000000,0.000000
0.000000,0.000000
0.000000,0.000000
0.000000,0.000000
0.000000,0.000000
0.000000,0.000000
0.000000,0.000000
0.000000,0.000000
0.000000,0.000000
0.000000,0.000000
0.000000,0.000000
0.000000,0.000000
0.000000,0.000000
0.000000,0.000000
0.000000,0.000000
0.000000,0.000000
0.000000,0.000000
0.000000,0.000000
0.000000,0.000000
0.000000,0.000000
0.000000,0.000000
0.000000,0.000000
0.000000,0.000000
0.000000,0.000000
0.000000,0.000000
0.000000,0.000000
0.000000,0.000000
0.000000,0.000000
0.000000,0.000000
0.000000,0.000000
0.000000,0.000000
0.000000,0.000000
0.000000,0.000000
0.000000,0.000000
0.000000,0.000000
0.000000,0.000000
0.000000,0.000000
0.000000,0.000000
0.000000,0.000000
0.000000,0.000000
0.000000,0.000000
0.000000,0.000000
0.000000,0.000000
0.000000,0.000000
0.000000,0.000000
0.000000,0.000000
0.000000,0.000000
0.000000,0.000000
0.000000,0.000000
0.000000,0.000000
0.000000,0.000000
0.000000,0.000000
0.000000,0.000000
0.000000,0.000000
0.000000,0.000000
0.000000,0.000000
0.000000,0.000000
0.000000,0.000000
0.000000,0.000000
0.000000,0.000000
0.000000,0.000000
0.000000,0.000000
0.000000,0.000000
0.000000,0.000000
0.000000,0.000000
0.000000,0.000000
0.000000,0.000000
0.000000,0.000000
0.000000,0.000000
0.000000,0.000000
0.000000,0.000000
0.000000,0.000000
0.000000,0.000000
0.000000,0.000000
0.000000,0.000000
0.000000,0.000000
0.000000,0.000000
0.000000,0.000000
0.000000,0.000000
0.000000,0.000000
0.000000,0.000000
0.000000,0.000000
0.000000,0.000000
0.000000,0.000000
0.000000,0.000000
0.000000,0.000000
0.000000,0.000000
0.000000,0.000000
0.000000,0.000000
0.000000,0.000000
0.000000,0.000000
0.000000,0.000000
0.000000,0.000000
0.000000,0.000000
0.000000,0.000000
0.000000,0.000000
0.000000,0.000000
0.000000,0.000000
0.000000,0.000000
0.000000,0.000000
0.000000,0.000000
0.000000,0.000000
0.000000,0.000000
0.000000,0.000000
0.000000,0.000000
0.000000,0.000000
0.000000,0.000000
0.000000,0.000000
0.000000,0.000000
0.000000,0.000000
0.000000,0.000000
0.000000,0.000000
0.000000,0.000000
0.000000,0.000000
0.000000,0.000000
0.000000,0.000000
0.000000,0.000000
0.000000,0.000000
0.000000,0.000000
0.000000,0.000000
0.000000,0.000000
0.000000,0.000000
0.000000,0.000000
0.000000,0.000000
0.000000,0.000000
0.000000,0.000000
0.000000,0.000000
0.000000,0.000000
0.000000,0.000000
0.000000,0.000000
0.000000,0.000000
0.000000,0.000000
0.000000,0.000000
0.000000,0.000000
0.000000,0.000000
0.000000,0.000000
0.000000,0.000000
0.000000,0.000000
0.000000,0.000000
0.000000,0.000000
0.000000,0.000000
0.000000,0.000000
0.000000,0.000000
0.000000,0.000000
0.000000,0.000000
0.000000,0.000000
0.000000,0.000000
0.000000,0.000000
0.000000,0.000000
0.000000,0.000000
0.000000,0.000000
0.000000,0.000000
0.000000,0.000000
0.000000,0.000000
0.000000,0.000000
0.000000,0.000000
0.000000,0.000000
0.000000,0.000000
0.000000,0.000000
0.000000,0.000000
0.000000,0.000000
0.000000,0.000000
0.000000,0.000000
0.000000,0.000000
0.000000,0.000000
0.000000,0.000000
0.000000,0.000000
0.000000,0.000000
0.000000,0.000000
0.000000,0.000000
0.000000,0.000000
0.000000,0.000000
0.000000,0.000000
0.000000,0.000000
0.000000,0.000000
0.000000,0.000000
0.000000,0.000000
0.000000,0.000000
0.000000,0.000000
0.000000,0.000000
0.000000,0.000000
0.000000,0.000000
0.000000,0.000000
0.000000,0.000000
0.000000,0.000000
0.000000,0.000000
0.000000,0.000000
0.000000,0.000000
0.000000,0.000000
0.000000,0.000000
0.000000,0.000000
0.000000,0.000000
0.000000,0.000000
0.000000,0.000000
0.000000,0.000000
0.000000,0.000000
0.000000,0.000000
0.000000,0.000000
0.000000,0.000000
0.000000,0.000000
0.000000,0.000000
0.000000,0.000000
0.000000,0.000000
0.000000,0.000000
0.000000,0.000000
0.000000,0.000000
0.000000,0.000000
0.000000,0.000000
0.000000,0.000000
0.000000,0.000000
0.000000,0.000000
0.000000,0.000000
0.000000,0.000000
0.000000,0.000000
0.000000,0.000000
0.000000,0.000000
0.000000,0.000000
0.000000,0.000000
0.000000,0.000000
0.000000,0.000000
0.000000,0.000000
0.000000,0.000000
0.000000,0.000000
0.000000,0.000000
0.000000,0.000000
0.000000,0.000000
0.000000,0.000000
0.000000,0.000000
0.000000,0.000000
0.000000,0.000000
0.000000,0.000000
0.000000,0.000000
0.000000,0.000000
0.000000,0.000000
0.000000,0.000000
0.000000,0.000000
0.000000,0.000000
0.000000,0.000000
0.000000,0.000000
0.000000,0.000000
0.000000,0.000000
0.000000,0.000000
0.000000,0.000000
0.000000,0.000000
0.000000,0.000000
0.000000,0.000000
0.000000,0.000000
0.000000,0.000000
0.000000,0.000000
0.000000,0.000000
0.000000,0.000000
0.000000,0.000000
0.000000,0.000000
0.000000,0.000000
0.000000,0.000000
0.000000,0.000000
0.000000,0.000000
0.000000,0.000000
0.000000,0.000000
0.000000,0.000000
0.000000,0.000000
0.000000,0.000000
0.000000,0.000000
0.000000,0.000000
0.000000,0.000000
0.000000,0.000000
0.000000,0.000000
0.000000,0.000000
0.000000,0.000000
0.000000,0.000000
0.000000,0.000000
0.000000,0.000000
0.000000,0.000000
0.000000,0.000000
0.000000,0.000000
0.000000,0.000000
0.000000,0.000000
0.000000,0.000000
0.000000,0.000000
0.000000,0.000000
0.000000,0.000000
0.000000,0.000000
0.000000,0.000000
0.000000,0.000000
0.000000,0.000000
0.000000,0.000000
0.000000,0.000000
0.000000,0.000000
0.000000,0.000000
0.000000,0.000000
0.000000,0.000000
0.000000,0.000000
0.000000,0.000000
0.000000,0.000000
0.000000,0.000000
0.000000,0.000000
0.000000,0.000000
0.000000,0.000000
0.000000,0.000000
0.000000,0.000000
0.000000,0.000000
0.000000,0.000000
0.000000,0.000000
0.000000,0.000000
0.000000,0.000000
0.000000,0.000000
0.000000,0.000000
0.000000,0.000000
0.000000,0.000000
0.000000,0.000000
0.000000,0.000000
0.000000,0.000000
0.000000,0.000000
0.000000,0.000000
0.000000,0.000000
0.000000,0.000000
0.000000,0.000000
0.000000,0.000000
0.000000,0.000000
0.000000,0.000000
0.000000,0.000000
0.000000,0.000000
0.000000,0.000000
0.000000,0.000000
0.000000,0.000000
0.000000,0.000000
0.000000,0.000000
0.000000,0.000000
0.000000,0.000000
0.000000,0.000000
0.000000,0.000000
0.000000,0.000000
0.000000,0.000000
0.000000,0.000000
0.000000,0.000000
0.000000,0.000000
0.000000,0.000000
0.000000,0.000000
0.000000,0.000000
0.000000,0.000000
0.000000,0.000000
0.000000,0.000000
0.000000,0.000000
0.000000,0.000000
0.000000,0.000000
0.000000,0.000000
0.000000,0.000000
0.000000,0.000000
0.000000,0.000000
0.000000,0.000000
0.000000,0.000000
0.000000,0.000000
0.000000,0.000000
0.000000,0.000000
0.000000,0.000000
0.000000,0.000000
0.000000,0.000000
0.000000,0.000000
0.000000,0.000000
0.000000,0.000000
0.000000,0.000000
0.000000,0.000000
0.000000,0.000000
0.000000,0.000000
0.000000,0.000000
0.000000,0.000000
0.000000,0.000000
0.000000,0.000000
0.000000,0.000000
0.000000,0.000000
0.000000,0.000000
0.000000,0.000000
0.000000,0.000000
0.000000,0.000000
0.000000,0.000000
0.000000,0.000000
0.000000,0.000000
0.000000,0.000000
0.000000,0.000000
0.000000,0.000000
0.000000,0.000000
0.000000,0.000000
0.000000,0.000000
0.000000,0.000000
0.000000,0.000000
0.000000,0.000000
0.000000,0.000000
0.000000,0.000000
0.000000,0.000000
0.000000,0.000000
0.000000,0.000000
0.000000,0.000000
0.000000,0.000000
0.000000,0.000000
0.000000,0.000000
0.000000,0.000000
0.000000,0.000000
0.000000,0.000000
0.000000,0.000000
0.000000,0.000000
0.000000,0.000000
0.000000,0.000000
0.000000,0.000000
0.000000,0.000000
0.000000,0.000000
0.000000,0.000000
0.000000,0.000000
0.000000,0.000000
0.000000,0.000000
0.000000,0.000000
0.000000,0.000000
0.000000,0.000000
0.000000,0.000000
0.000000,0.000000
0.000000,0.000000
0.000000,0.000000
0.000000,0.000000
0.000000,0.000000
0.000000,0.000000
0.000000,0.000000
0.000000,0.000000
0.000000,0.000000
0.000000,0.000000
0.000000,0.000000
0.000000,0.000000
0.000000,0.000000
0.000000,0.000000
0.000000,0.000000
0.000000,0.000000
0.000000,0.000000
0.000000,0.000000
0.000000,0.000000
0.000000,0.000000
0.000000,0.000000
0.000000,0.000000
0.000000,0.000000
0.000000,0.000000
0.000000,0.000000
0.000000,0.000000
0.000000,0.000000
0.000000,0.000000
0.000000,0.000000
0.000000,0.000000
0.000000,0.000000
0.000000,0.000000
0.000000,0.000000
0.000000,0.000000
0.000000,0.000000
0.000000,0.000000
0.000000,0.000000
0.000000,0.000000
0.000000,0.000000
0.000000,0.000000
0.000000,0.000000
0.000000,0.000000
0.000000,0.000000
0.000000,0.000000
0.000000,0.000000
0.000000,0.000000
0.000000,0.000000
0.000000,0.000000
0.000000,0.000000
0.000000,0.000000
0.000000,0.000000
0.000000,0.000000
0.000000,0.000000
0.000000,0.000000
0.000000,0.000000
0.000000,0.000000
0.000000,0.000000
0.000000,0.000000
0.000000,0.000000
0.000000,0.000000
0.000000,0.000000
0.000000,0.000000
0.000000,0.000000
0.000000,0.000000
0.000000,0.000000
0.000000,0.000000
0.000000,0.000000
0.000000,0.000000
0.000000,0.000000
0.000000,0.000000
0.000000,0.000000
0.000000,0.000000
0.000000,0.000000
0.000000,0.000000
0.000000,0.000000
0.000000,0.000000
0.000000,0.000000
0.000000,0.000000
0.000000,0.000000
0.000000,0.000000
0.000000,0.000000
0.000000,0.000000
0.000000,0.000000
0.000000,0.000000
0.000000,0.000000
0.000000,0.000000
0.000000,0.000000
0.000000,0.000000
0.000000,0.000000
0.000000,0.000000
0.000000,0.000000
0.000000,0.000000
0.000000,0.000000
0.000000,0.000000
0.000000,0.000000
0.000000,0.000000
0.000000,0.000000
0.000000,0.000000
0.000000,0.000000
0.000000,0.000000
0.000000,0.000000
0.000000,0.000000
0.000000,0.000000
0.000000,0.000000
0.000000,0.000000
0.000000,0.000000
0.000000,0.000000
0.000000,0.000000
0.000000,0.000000
0.000000,0.000000
0.000000,0.000000
0.000000,0.000000
0.000000,0.000000
0.000000,0.000000
0.000000,0.000000
0.000000,0.000000
0.000000,0.000000
0.000000,0.000000
0.000000,0.000000
0.000000,0.000000
0.000000,0.000000
0.000000,0.000000
0.000000,0.000000
0.000000,0.000000
0.000000,0.000000
0.000000,0.000000
0.000000,0.000000
0.000000,0.000000
0.000000,0.000000
0.000000,0.000000
0.000000,0.000000
0.000000,0.000000
0.000000,0.000000
0.000000,0.000000
0.000000,0.000000
0.000000,0.000000
0.000000,0.000000
0.000000,0.000000
0.000000,0.000000
0.000000,0.000000
0.000000,0.000000
0.000000,0.000000
0.000000,0.000000
0.000000,0.000000
0.000000,0.000000
0.000000,0.000000
0.000000,0.000000
0.000000,0.000000
0.000000,0.000000
0.000000,0.000000
0.000000,0.000000
0.000000,0.000000
0.000000,0.000000
0.000000,0.000000
0.000000,0.000000
0.000000,0.000000
0.000000,0.000000
0.000000,0.000000
0.000000,0.000000
0.000000,0.000000
0.000000,0.000000
0.000000,0.000000
0.000000,0.000000
0.000000,0.000000
0.000000,0.000000
0.000000,0.000000
0.000000,0.000000
0.000000,0.000000
0.000000,0.000000
0.000000,0.000000
0.000000,0.000000
0.000000,0.000000
0.000000,0.000000
0.000000,0.000000
0.000000,0.000000
0.000000,0.000000
0.000000,0.000000
0.000000,0.000000
0.000000,0.000000
0.000000,0.000000
0.000000,0.000000
0.000000,0.000000
0.000000,0.000000
0.000000,0.000000
0.000000,0.000000
0.000000,0.000000
0.000000,0.000000
0.000000,0.000000
0.000000,0.000000
0.000000,0.000000
0.000000,0.000000
0.000000,0.000000
0.000000,0.000000
0.000000,0.000000
0.000000,0.000000
0.000000,0.000000
0.000000,0.000000
0.000000,0.000000
0.000000,0.000000
0.000000,0.000000
0.000000,0.000000
0.000000,0.000000
0.000000,0.000000
0.000000,0.000000
0.000000,0.000000
0.000000,0.000000
0.000000,0.000000
0.000000,0.000000
0.000000,0.000000
0.000000,0.000000
0.000000,0.000000
0.000000,0.000000
0.000000,0.000000
0.000000,0.000000
0.000000,0.000000
0.000000,0.000000
0.000000,0.000000
0.000000,0.000000
0.000000,0.000000
0.000000,0.000000
0.000000,0.000000
0.000000,0.000000
0.000000,0.000000
0.000000,0.000000
0.000000,0.000000
0.000000,0.000000
0.000000,0.000000
0.000000,0.000000
0.000000,0.000000
0.000000,0.000000
0.000000,0.000000
0.000000,0.000000
0.000000,0.000000
0.000000,0.000000
0.000000,0.000000
0.000000,0.000000
0.000000,0.000000
0.000000,0.000000
0.000000,0.000000
0.000000,0.000000
0.000000,0.000000
0.000000,0.000000
0.000000,0.000000
0.000000,0.000000
0.000000,0.000000
0.000000,0.000000
0.000000,0.000000
0.000000,0.000000
0.000000,0.000000
0.000000,0.000000
0.000000,0.000000
0.000000,0.000000
0.000000,0.000000
0.000000,0.000000
0.000000,0.000000
0.000000,0.000000
0.000000,0.000000
0.000000,0.000000
0.000000,0.000000
0.000000,0.000000
0.000000,0.000000
0.000000,0.000000
0.000000,0.000000
0.000000,0.000000
0.000000,0.000000
0.000000,0.000000
0.000000,0.000000
0.000000,0.000000
0.000000,0.000000
0.000000,0.000000
0.000000,0.000000
0.000000,0.000000
0.000000,0.000000
0.000000,0.000000
0.000000,0.000000
0.000000,0.000000
0.000000,0.000000
0.000000,0.000000
0.000000,0.000000
0.000000,0.000000
0.000000,0.000000
0.000000,0.000000
0.000000,0.000000
0.000000,0.000000
0.000000,0.000000
0.000000,0.000000
0.000000,0.000000
0.000000,0.000000
0.000000,0.000000
0.000000,0.000000
0.000000,0.000000
0.000000,0.000000
0.000000,0.000000
0.000000,0.000000
0.000000,0.000000
0.000000,0.000000
0.000000,0.000000
0.000000,0.000000
0.000000,0.000000
0.000000,0.000000
0.000000,0.000000
0.000000,0.000000
0.000000,0.000000
0.000000,0.000000
0.000000,0.000000
0.000000,0.000000
0.000000,0.000000
0.000000,0.000000
0.000000,0.000000
0.000000,0.000000
0.000000,0.000000
0.000000,0.000000
0.000000,0.000000
0.000000,0.000000
0.000000,0.000000
0.000000,0.000000
0.000000,0.000000
0.000000,0.000000
0.000000,0.000000
0.000000,0.000000
0.000000,0.000000
0.000000,0.000000
0.000000,0.000000
0.000000,0.000000
0.000000,0.000000
0.000000,0.000000
0.000000,0.000000
0.000000,0.000000
0.000000,0.000000
0.000000,0.000000
0.000000,0.000000
0.000000,0.000000
0.000000,0.000000
0.000000,0.000000
0.000000,0.000000
0.000000,0.000000
0.000000,0.000000
0.000000,0.000000
0.000000,0.000000
0.000000,0.000000
0.000000,0.000000
0.000000,0.000000
0.000000,0.000000
0.000000,0.000000
0.000000,0.000000
0.000000,0.000000
0.000000,0.000000
0.000000,0.000000
0.000000,0.000000
0.000000,0.000000
0.000000,0.000000
0.000000,0.000000
0.000000,0.000000
0.000000,0.000000
0.000000,0.000000
0.000000,0.000000
0.000000,0.000000
0.000000,0.000000
0.000000,0.000000
0.000000,0.000000
0.000000,0.000000
0.000000,0.000000
0.000000,0.000000
0.000000,0.000000
0.000000,0.000000
0.000000,0.000000
0.000000,0.000000
0.000000,0.000000
0.000000,0.000000
0.000000,0.000000
0.000000,0.000000
0.000000,0.000000
0.000000,0.000000
0.000000,0.000000
0.000000,0.000000
0.000000,0.000000
0.000000,0.000000
0.000000,0.000000
0.000000,0.000000
0.000000,0.000000
0.000000,0.000000
0.000000,0.000000
0.000000,0.000000
0.000000,0.000000
0.000000,0.000000
0.000000,0.000000
0.000000,0.000000
0.000000,0.000000
0.000000,0.000000
0.000000,0.000000
0.000000,0.000000
0.000000,0.000000
0.000000,0.000000
0.000000,0.000000
0.000000,0.000000
0.000000,0.000000
0.000000,0.000000
0.000000,0.000000
0.000000,0.000000
0.000000,0.000000
0.000000,0.000000
0.000000,0.000000
0.000000,0.000000
0.000000,0.000000
0.000000,0.000000
0.000000,0.000000
0.000000,0.000000
0.000000,0.000000
0.000000,0.000000
0.000000,0.000000
0.000000,0.000000
0.000000,0.000000
0.000000,0.000000
0.000000,0.000000
0.000000,0.000000
0.000000,0.000000
0.000000,0.000000
0.000000,0.000000
0.000000,0.000000
0.000000,0.000000
0.000000,0.000000
0.000000,0.000000
0.000000,0.000000
0.000000,0.000000
0.000000,0.000000
0.000000,0.000000
0.000000,0.000000
0.000000,0.000000
0.000000,0.000000
0.000000,0.000000
0.000000,0.000000
0.000000,0.000000
0.000000,0.000000
0.000000,0.000000
0.000000,0.000000
0.000000,0.000000
0.000000,0.000000
0.000000,0.000000
0.000000,0.000000
0.000000,0.000000
0.000000,0.000000
0.000000,0.000000
0.000000,0.000000
0.000000,0.000000
0.000000,0.000000
0.000000,0.000000
0.000000,0.000000
0.000000,0.000000
0.000000,0.000000
0.000000,0.000000
0.000000,0.000000
0.000000,0.000000
0.000000,0.000000
0.000000,0.000000
0.000000,0.000000
0.000000,0.000000
0.000000,0.000000
0.000000,0.000000
0.000000,0.000000
0.000000,0.000000
0.000000,0.000000
0.000000,0.000000
0.000000,0.000000
0.000000,0.000000
0.000000,0.000000
0.000000,0.000000
0.000000,0.000000
0.000000,0.000000
0.000000,0.000000
0.000000,0.000000
0.000000,0.000000
0.000000,0.000000
0.000000,0.000000
0.000000,0.000000
0.000000,0.000000
0.000000,0.000000
0.000000,0.000000
0.000000,0.000000
0.000000,0.000000
0.000000,0.000000
0.000000,0.000000
0.000000,0.000000
0.000000,0.000000
0.000000,0.000000
0.000000,0.000000
0.000000,0.000000
0.000000,0.000000
0.000000,0.000000
0.000000,0.000000
0.000000,0.000000
0.000000,0.000000
0.000000,0.000000
0.000000,0.000000
0.000000,0.000000
0.000000,0.000000
0.000000,0.000000
0.000000,0.000000
0.000000,0.000000
0.000000,0.000000
0.000000,0.000000
0.000000,0.000000
0.000000,0.000000
0.000000,0.000000
0.000000,0.000000
0.000000,0.000000
0.000000,0.000000
0.000000,0.000000
0.000000,0.000000
0.000000,0.000000
0.000000,0.000000
0.000000,0.000000
0.000000,0.000000
0.000000,0.000000
0.000000,0.000000
0.000000,0.000000
0.000000,0.000000
0.000000,0.000000
0.000000,0.000000
0.000000,0.000000
0.000000,0.000000
0.000000,0.000000
0.000000,0.000000
0.000000,0.000000
0.000000,0.000000
0.000000,0.000000
0.000000,0.000000
0.000000,0.000000
0.000000,0.000000
0.000000,0.000000
0.000000,0.000000
0.000000,0.000000
0.000000,0.000000
0.000000,0.000000
0.000000,0.000000
0.000000,0.000000
0.000000,0.000000
0.000000,0.000000
0.000000,0.000000
0.000000,0.000000
0.000000,0.000000
0.000000,0.000000
0.000000,0.000000
0.000000,0.000000
0.000000,0.000000
0.000000,0.000000
0.000000,0.000000
0.000000,0.000000
0.000000,0.000000
0.000000,0.000000
0.000000,0.000000
0.000000,0.000000
0.000000,0.000000
0.000000,0.000000
0.000000,0.000000
0.000000,0.000000
0.000000,0.000000
0.000000,0.000000
0.000000,0.000000
0.000000,0.000000
0.000000,0.000000
0.000000,0.000000
0.000000,0.000000
0.000000,0.000000
0.000000,0.000000
0.000000,0.000000
0.000000,0.000000
0.000000,0.000000
0.000000,0.000000
0.000000,0.000000
0.000000,0.000000
0.000000,0.000000
0.000000,0.000000
0.000000,0.000000
0.000000,0.000000
0.000000,0.000000
0.000000,0.000000
0.000000,0.000000
0.000000,0.000000
0.000000,0.000000
0.000000,0.000000
0.000000,0.000000
0.000000,0.000000
0.000000,0.000000
0.000000,0.000000
0.000000,0.000000
0.000000,0.000000
0.000000,0.000000
0.000000,0.000000
0.000000,0.000000
0.000000,0.000000
0.000000,0.000000
0.000000,0.000000
0.000000,0.000000
0.000000,0.000000
0.000000,0.000000
0.000000,0.000000
0.000000,0.000000
0.000000,0.000000
0.000000,0.000000
0.000000,0.000000
0.000000,0.000000
0.000000,0.000000
0.000000,0.000000
