1582036481.528421,0.219089,-0.023370,0.013167,-1.905540,-1.182611,33.421292,0.022730,0.022595,0.020503,0.039226,0.001811,0.002012
1582036481.593536,0.219070,-0.023839,0.013881,-1.895101,-1.196821,33.372573,0.021417,0.027915,0.019991,0.027460,-0.007696,0.024428
1582036481.638614,0.218371,-0.024081,0.015248,-1.877516,-1.223819,33.370282,0.020371,0.028547,0.021088,-0.027959,-0.009791,-0.006614
1582036481.663658,0.217557,-0.024608,0.015434,-1.923963,-1.223617,33.369632,0.015139,0.029945,0.021878,-0.021612,0.004966,0.013678
1582036481.728772,0.217831,-0.023811,0.014318,-1.954305,-1.193733,33.385336,0.019617,0.032245,0.017223,0.014662,0.009260,0.013651
1582036481.773851,0.217793,-0.023128,0.014452,-1.934488,-1.165925,33.403212,0.024315,0.032431,0.007241,-0.019505,0.010420,-0.017312
1582036481.793886,0.217593,-0.024172,0.014900,-1.955382,-1.152359,33.387011,0.021675,0.028992,0.013939,-0.005573,0.000887,-0.005596
1582036481.808912,0.217608,-0.023606,0.015157,-1.951335,-1.154056,33.393978,0.022397,0.031163,0.018810,0.013635,0.000827,0.012627
1582036481.828947,0.217200,-0.023218,0.014506,-1.959258,-1.168069,33.400552,0.020648,0.032921,0.015503,-0.025900,-0.008775,-0.004450
1582036481.843973,0.217184,-0.022627,0.014705,-1.984587,-1.170617,33.397006,0.022465,0.034311,0.014713,-0.025825,0.001945,-0.000373
1582036481.902675,0.217401,-0.022684,0.013960,-1.990322,-1.163586,33.416833,0.022249,0.030398,0.012018,0.017945,0.015677,0.032803
1582036481.917702,0.217453,-0.022119,0.014150,-1.970263,-1.145732,33.440856,0.024651,0.028751,0.013674,0.025205,0.020905,0.021206
1582036481.937737,0.217915,-0.021752,0.014087,-1.971602,-1.123558,33.430422,0.026403,0.024322,0.011577,-0.012089,0.022021,-0.033368
1582036481.952763,0.218047,-0.021215,0.014276,-1.985601,-1.108146,33.395037,0.028475,0.024580,0.012776,-0.024753,0.020904,-0.035452
1582036481.977808,0.218795,-0.022275,0.013305,-1.984992,-1.090780,33.374786,0.027664,0.020756,0.015131,0.026340,0.003928,-0.000213
1582036481.992833,0.218930,-0.021766,0.013563,-1.951645,-1.093310,33.377638,0.026635,0.023923,0.019734,0.037107,-0.008788,0.002963
1582036482.002851,0.217854,-0.022660,0.014124,-1.935960,-1.095333,33.376718,0.022167,0.024581,0.021761,0.011517,-0.006658,0.001875
1582036482.032903,0.217158,-0.022467,0.014031,-1.946249,-1.098812,33.343472,0.020697,0.027845,0.015360,-0.007830,0.000750,-0.020532
1582036482.047929,0.217187,-0.021922,0.014236,-1.953176,-1.093220,33.324825,0.022366,0.029771,0.013794,-0.006636,0.011386,-0.030072
1582036482.067965,0.216033,-0.022524,0.013484,-1.944554,-1.082741,33.297913,0.017985,0.031148,0.012632,0.024289,0.008268,-0.016199
1582036482.082991,0.216014,-0.021939,0.013663,-1.911789,-1.073860,33.293996,0.021161,0.034695,0.012766,0.038260,0.015638,0.001748
1582036482.098017,0.217779,-0.022721,0.013172,-1.892504,-1.052215,33.306887,0.023129,0.030415,0.008764,0.006062,0.025207,0.014742
1582036482.108035,0.217802,-0.022337,0.013280,-1.901406,-1.042159,33.317368,0.023650,0.032797,0.012373,-0.032336,0.017708,0.022218
1582036482.108035,0.217802,-0.022337,0.013280,-1.901406,-1.042159,33.317368,0.023650,0.032797,0.012373,-0.032336,0.017708,0.022218
1582036482.108035,0.217802,-0.022337,0.013280,-1.901406,-1.042159,33.317368,0.023650,0.032797,0.012373,-0.032336,0.017708,0.022218
1582036482.168140,0.217770,-0.019598,0.012536,-2.100294,-1.033376,33.353122,0.029342,0.031038,0.015907,-0.056836,0.010288,-0.035351
1582036482.188175,0.217940,-0.018761,0.012771,-2.145675,-1.010524,33.288033,0.031920,0.029800,0.013026,-0.026895,0.029434,-0.060973
1582036482.208211,0.217816,-0.019276,0.011781,-2.156824,-0.980133,33.254160,0.029842,0.031495,0.011563,0.023261,0.022032,-0.010855
1582036482.228245,0.217931,-0.018370,0.012068,-2.113610,-0.969909,33.264739,0.029782,0.036209,0.019355,0.029677,0.000735,0.015794
1582036482.248281,0.218406,-0.020530,0.011382,-2.102334,-0.979294,33.271517,0.023547,0.028686,0.015026,0.018903,-0.004588,-0.000233
1582036482.268315,0.219853,-0.021966,0.011026,-2.090990,-0.966926,33.260947,0.029552,0.017722,0.004835,0.009254,0.026126,-0.013038
1582036482.293360,0.220280,-0.021129,0.011049,-2.087829,-0.914829,33.220906,0.034783,0.019688,0.001069,0.011477,0.030483,-0.021550
1582036482.323411,0.221574,-0.022677,0.011378,-2.075079,-0.877178,33.232190,0.031016,0.017578,0.008862,-0.016254,0.014550,0.021116
1582036482.338439,0.220800,-0.025255,0.011415,-2.085751,-0.868940,33.245178,0.024724,0.010840,0.012433,-0.002496,0.010232,0.000955
1582036482.437345,0.221795,-0.026104,0.012027,-2.051264,-0.828972,33.158627,0.024767,0.006449,0.020252,0.014590,0.009212,-0.015155
1582036482.437345,0.221795,-0.026104,0.012027,-2.051264,-0.828972,33.158627,0.024767,0.006449,0.020252,0.014590,0.009212,-0.015155
1582036482.487432,0.221809,-0.025108,0.011097,-2.123739,-0.812035,33.111794,0.026449,0.016221,0.016690,-0.036668,-0.018428,-0.023629
1582036482.507467,0.222377,-0.026021,0.010456,-2.150082,-0.819582,33.090752,0.025336,0.013154,0.017240,-0.008889,0.015519,-0.029004
1582036482.522493,0.222561,-0.025609,0.010711,-2.137352,-0.804453,33.068580,0.025483,0.016648,0.018515,0.030486,0.018659,-0.022584
1582036482.542527,0.222618,-0.026703,0.009964,-2.092698,-0.784678,33.049998,0.022720,0.018552,0.012407,0.051867,0.017744,-0.011945
1582036482.557555,0.222754,-0.026241,0.010165,-2.058429,-0.778478,33.040882,0.024768,0.022515,0.014241,0.027433,0.008081,-0.005455
1582036482.577590,0.223036,-0.027843,0.010498,-2.056255,-0.768393,33.026945,0.026375,0.021694,0.012572,-0.004736,0.012345,-0.004409
1582036482.597625,0.223145,-0.027135,0.010712,-2.048863,-0.756972,33.035254,0.024426,0.029035,0.012220,0.026286,0.002771,0.023338
1582036482.617660,0.222569,-0.027523,0.010816,-2.002039,-0.752471,33.061669,0.020766,0.029960,0.016440,0.049705,0.005913,0.012707
1582036482.637695,0.222654,-0.028050,0.011247,-1.944433,-0.738307,33.059831,0.018371,0.027536,0.018859,0.051986,0.008102,0.003059
1582036482.657730,0.222628,-0.027347,0.011649,-1.909668,-0.728291,33.065205,0.018522,0.030413,0.021725,0.015630,0.002906,0.009445
1582036482.677765,0.223399,-0.027020,0.011366,-1.913825,-0.725044,33.080845,0.022663,0.029604,0.015020,-0.002498,0.012359,0.003100
1582036482.707818,0.224455,-0.026484,0.011180,-1.855788,-0.678863,33.089570,0.028836,0.025976,0.009377,0.065828,0.045210,-0.002211
1582036482.727851,0.224701,-0.025722,0.011360,-1.740472,-0.614998,33.093855,0.033070,0.023319,0.009184,0.128707,0.067475,0.004161
1582036482.742879,0.224667,-0.026616,0.010096,-1.635539,-0.568828,33.088340,0.031897,0.013994,0.009793,0.122330,0.057946,-0.032049
1582036482.762913,0.225066,-0.026053,0.010349,-1.552206,-0.527284,33.016129,0.032030,0.010017,0.015880,0.027394,0.011266,-0.086426
1582036482.782949,0.225629,-0.027473,0.009647,-1.536935,-0.523993,32.917857,0.029046,0.004311,0.014399,0.024245,0.001694,-0.089658
1582036482.802984,0.224964,-0.028898,0.009895,-1.450405,-0.509687,32.838367,0.025293,0.003610,0.018772,0.085030,0.018689,-0.060933
1582036482.823019,0.225381,-0.028527,0.010285,-1.346915,-0.478656,32.765970,0.029784,0.004184,0.017638,0.075496,0.047330,-0.080107
1582036482.838046,0.225734,-0.029662,0.010456,-1.320198,-0.440421,32.683578,0.031774,-0.000971,0.009393,0.020974,0.051583,-0.098385
1582036482.853072,0.226094,-0.029361,0.010694,-1.310688,-0.400191,32.592257,0.032316,0.003527,0.014754,0.015644,0.031481,-0.102529
1582036482.912011,0.226248,-0.030569,0.011058,-1.208451,-0.371625,32.500608,0.028145,0.005037,0.023417,0.153301,0.032587,-0.062067
1582036482.927037,0.226534,-0.030221,0.011396,-1.046993,-0.339231,32.459892,0.029035,0.011753,0.024023,0.206646,0.035759,-0.038435
1582036482.937055,0.226709,-0.029932,0.011624,-0.929862,-0.319398,32.437573,0.030857,0.016941,0.022771,0.190672,0.037871,-0.032115
1582036482.942063,0.227749,-0.030349,0.011644,-0.894207,-0.305575,32.418704,0.033279,0.014384,0.016146,0.179986,0.037850,-0.037406
1582036482.982133,0.227583,-0.030734,0.010755,-0.613999,-0.271593,32.382557,0.022282,0.033057,0.018729,0.048802,-0.023689,0.023314
1582036483.002168,0.227637,-0.029961,0.011041,-0.577084,-0.287363,32.406486,0.022481,0.033213,0.013716,0.027523,-0.009861,0.016853
1582036483.017195,0.226662,-0.028755,0.010963,-0.527557,-0.290234,32.400950,0.024074,0.032520,0.012322,0.055211,-0.005769,0.000996
1582036483.042238,0.226442,-0.028598,0.009881,-0.446730,-0.276267,32.373501,0.023772,0.024371,-0.002137,0.030650,0.047303,-0.059853
1582036483.057266,0.226585,-0.028101,0.009829,-0.432046,-0.231267,32.301548,0.026674,0.020875,-0.006313,-0.005553,0.060027,-0.105773
1582036483.057266,0.226585,-0.028101,0.009829,-0.432046,-0.231267,32.301548,0.026674,0.020875,-0.006313,-0.005553,0.060027,-0.105773
1582036483.092327,0.226479,-0.027951,0.008674,-0.422064,-0.148411,32.093111,0.024611,0.026227,-0.002025,0.003870,0.021711,-0.067561
1582036483.107352,0.226218,-0.028123,0.006865,-0.419853,-0.112456,32.044331,0.022409,0.027062,-0.010009,-0.007781,0.043019,-0.060997
1582036483.127387,0.226310,-0.027379,0.006615,-0.449339,-0.047799,31.971105,0.025611,0.030583,-0.014615,-0.029191,0.054636,-0.069594
1582036483.147423,0.226776,-0.028377,0.005305,-0.473629,0.002342,31.906094,0.026843,0.028452,-0.010812,-0.007723,0.035598,-0.034231
1582036483.162449,0.226876,-0.027786,0.005187,-0.474529,0.020906,31.892661,0.026039,0.031512,-0.004707,-0.005692,0.002715,-0.001208
1582036483.182485,0.226448,-0.027519,0.004937,-0.512032,0.011685,31.886503,0.020778,0.031280,-0.002035,-0.069605,-0.016327,0.001897
1582036483.202519,0.226459,-0.026812,0.004871,-0.604441,0.010694,31.876093,0.019968,0.029329,-0.003572,-0.077174,0.017582,-0.016298
1582036483.217546,0.225142,-0.027716,0.004775,-0.648833,0.043343,31.846069,0.017013,0.024207,-0.003099,-0.041761,0.038880,-0.045015
1582036483.237580,0.225217,-0.027136,0.004700,-0.681265,0.086932,31.781405,0.019594,0.020774,-0.003337,-0.028994,0.033502,-0.063152
1582036483.252607,0.225512,-0.027560,0.003635,-0.704014,0.099095,31.735279,0.020831,0.020476,-0.005969,-0.014142,0.016578,-0.051408
1582036483.272641,0.226225,-0.027723,0.003147,-0.707566,0.124180,31.707104,0.019588,0.020095,-0.004830,0.005089,0.028234,-0.005537
1582036483.292676,0.226377,-0.027184,0.003015,-0.717150,0.176404,31.676161,0.021727,0.018006,-0.008581,-0.018351,0.053651,-0.061005
1582036483.292676,0.226377,-0.027184,0.003015,-0.717150,0.176404,31.676161,0.021727,0.018006,-0.008581,-0.018351,0.053651,-0.061005
1582036483.292676,0.226377,-0.027184,0.003015,-0.717150,0.176404,31.676161,0.021727,0.018006,-0.008581,-0.018351,0.053651,-0.061005
1582036483.292676,0.226377,-0.027184,0.003015,-0.717150,0.176404,31.676161,0.021727,0.018006,-0.008581,-0.018351,0.053651,-0.061005
1582036483.292676,0.226377,-0.027184,0.003015,-0.717150,0.176404,31.676161,0.021727,0.018006,-0.008581,-0.018351,0.053651,-0.061005
1582036483.292676,0.226377,-0.027184,0.003015,-0.717150,0.176404,31.676161,0.021727,0.018006,-0.008581,-0.018351,0.053651,-0.061005
1582036483.292676,0.226377,-0.027184,0.003015,-0.717150,0.176404,31.676161,0.021727,0.018006,-0.008581,-0.018351,0.053651,-0.061005
1582036483.292676,0.226377,-0.027184,0.003015,-0.717150,0.176404,31.676161,0.021727,0.018006,-0.008581,-0.018351,0.053651,-0.061005
1582036483.292676,0.226377,-0.027184,0.003015,-0.717150,0.176404,31.676161,0.021727,0.018006,-0.008581,-0.018351,0.053651,-0.061005
1582036483.292676,0.226377,-0.027184,0.003015,-0.717150,0.176404,31.676161,0.021727,0.018006,-0.008581,-0.018351,0.053651,-0.061005
1582036483.292676,0.226377,-0.027184,0.003015,-0.717150,0.176404,31.676161,0.021727,0.018006,-0.008581,-0.018351,0.053651,-0.061005
1582036483.292676,0.226377,-0.027184,0.003015,-0.717150,0.176404,31.676161,0.021727,0.018006,-0.008581,-0.018351,0.053651,-0.061005
1582036483.292676,0.226377,-0.027184,0.003015,-0.717150,0.176404,31.676161,0.021727,0.018006,-0.008581,-0.018351,0.053651,-0.061005
1582036483.292676,0.226377,-0.027184,0.003015,-0.717150,0.176404,31.676161,0.021727,0.018006,-0.008581,-0.018351,0.053651,-0.061005
1582036483.292676,0.226377,-0.027184,0.003015,-0.717150,0.176404,31.676161,0.021727,0.018006,-0.008581,-0.018351,0.053651,-0.061005
1582036483.292676,0.226377,-0.027184,0.003015,-0.717150,0.176404,31.676161,0.021727,0.018006,-0.008581,-0.018351,0.053651,-0.061005
1582036483.292676,0.226377,-0.027184,0.003015,-0.717150,0.176404,31.676161,0.021727,0.018006,-0.008581,-0.018351,0.053651,-0.061005
1582036483.292676,0.226377,-0.027184,0.003015,-0.717150,0.176404,31.676161,0.021727,0.018006,-0.008581,-0.018351,0.053651,-0.061005
1582036483.292676,0.226377,-0.027184,0.003015,-0.717150,0.176404,31.676161,0.021727,0.018006,-0.008581,-0.018351,0.053651,-0.061005
1582036483.292676,0.226377,-0.027184,0.003015,-0.717150,0.176404,31.676161,0.021727,0.018006,-0.008581,-0.018351,0.053651,-0.061005
1582036483.292676,0.226377,-0.027184,0.003015,-0.717150,0.176404,31.676161,0.021727,0.018006,-0.008581,-0.018351,0.053651,-0.061005
1582036483.292676,0.226377,-0.027184,0.003015,-0.717150,0.176404,31.676161,0.021727,0.018006,-0.008581,-0.018351,0.053651,-0.061005
1582036483.292676,0.226377,-0.027184,0.003015,-0.717150,0.176404,31.676161,0.021727,0.018006,-0.008581,-0.018351,0.053651,-0.061005
1582036483.292676,0.226377,-0.027184,0.003015,-0.717150,0.176404,31.676161,0.021727,0.018006,-0.008581,-0.018351,0.053651,-0.061005
1582036483.292676,0.226377,-0.027184,0.003015,-0.717150,0.176404,31.676161,0.021727,0.018006,-0.008581,-0.018351,0.053651,-0.061005
1582036483.292676,0.226377,-0.027184,0.003015,-0.717150,0.176404,31.676161,0.021727,0.018006,-0.008581,-0.018351,0.053651,-0.061005
1582036483.292676,0.226377,-0.027184,0.003015,-0.717150,0.176404,31.676161,0.021727,0.018006,-0.008581,-0.018351,0.053651,-0.061005
1582036483.292676,0.226377,-0.027184,0.003015,-0.717150,0.176404,31.676161,0.021727,0.018006,-0.008581,-0.018351,0.053651,-0.061005
1582036483.292676,0.226377,-0.027184,0.003015,-0.717150,0.176404,31.676161,0.021727,0.018006,-0.008581,-0.018351,0.053651,-0.061005
1582036483.292676,0.226377,-0.027184,0.003015,-0.717150,0.176404,31.676161,0.021727,0.018006,-0.008581,-0.018351,0.053651,-0.061005
1582036483.292676,0.226377,-0.027184,0.003015,-0.717150,0.176404,31.676161,0.021727,0.018006,-0.008581,-0.018351,0.053651,-0.061005
1582036483.292676,0.226377,-0.027184,0.003015,-0.717150,0.176404,31.676161,0.021727,0.018006,-0.008581,-0.018351,0.053651,-0.061005
1582036483.292676,0.226377,-0.027184,0.003015,-0.717150,0.176404,31.676161,0.021727,0.018006,-0.008581,-0.018351,0.053651,-0.061005
1582036483.292676,0.226377,-0.027184,0.003015,-0.717150,0.176404,31.676161,0.021727,0.018006,-0.008581,-0.018351,0.053651,-0.061005
1582036483.292676,0.226377,-0.027184,0.003015,-0.717150,0.176404,31.676161,0.021727,0.018006,-0.008581,-0.018351,0.053651,-0.061005
1582036483.292676,0.226377,-0.027184,0.003015,-0.717150,0.176404,31.676161,0.021727,0.018006,-0.008581,-0.018351,0.053651,-0.061005
1582036483.292676,0.226377,-0.027184,0.003015,-0.717150,0.176404,31.676161,0.021727,0.018006,-0.008581,-0.018351,0.053651,-0.061005
1582036483.292676,0.226377,-0.027184,0.003015,-0.717150,0.176404,31.676161,0.021727,0.018006,-0.008581,-0.018351,0.053651,-0.061005
1582036483.292676,0.226377,-0.027184,0.003015,-0.717150,0.176404,31.676161,0.021727,0.018006,-0.008581,-0.018351,0.053651,-0.061005
1582036483.292676,0.226377,-0.027184,0.003015,-0.717150,0.176404,31.676161,0.021727,0.018006,-0.008581,-0.018351,0.053651,-0.061005
1582036483.292676,0.226377,-0.027184,0.003015,-0.717150,0.176404,31.676161,0.021727,0.018006,-0.008581,-0.018351,0.053651,-0.061005
1582036483.292676,0.226377,-0.027184,0.003015,-0.717150,0.176404,31.676161,0.021727,0.018006,-0.008581,-0.018351,0.053651,-0.061005
1582036483.292676,0.226377,-0.027184,0.003015,-0.717150,0.176404,31.676161,0.021727,0.018006,-0.008581,-0.018351,0.053651,-0.061005
1582036483.292676,0.226377,-0.027184,0.003015,-0.717150,0.176404,31.676161,0.021727,0.018006,-0.008581,-0.018351,0.053651,-0.061005
1582036483.292676,0.226377,-0.027184,0.003015,-0.717150,0.176404,31.676161,0.021727,0.018006,-0.008581,-0.018351,0.053651,-0.061005
1582036483.292676,0.226377,-0.027184,0.003015,-0.717150,0.176404,31.676161,0.021727,0.018006,-0.008581,-0.018351,0.053651,-0.061005
1582036483.292676,0.226377,-0.027184,0.003015,-0.717150,0.176404,31.676161,0.021727,0.018006,-0.008581,-0.018351,0.053651,-0.061005
1582036483.292676,0.226377,-0.027184,0.003015,-0.717150,0.176404,31.676161,0.021727,0.018006,-0.008581,-0.018351,0.053651,-0.061005
1582036483.292676,0.226377,-0.027184,0.003015,-0.717150,0.176404,31.676161,0.021727,0.018006,-0.008581,-0.018351,0.053651,-0.061005
1582036483.292676,0.226377,-0.027184,0.003015,-0.717150,0.176404,31.676161,0.021727,0.018006,-0.008581,-0.018351,0.053651,-0.061005
1582036483.292676,0.226377,-0.027184,0.003015,-0.717150,0.176404,31.676161,0.021727,0.018006,-0.008581,-0.018351,0.053651,-0.061005
1582036483.292676,0.226377,-0.027184,0.003015,-0.717150,0.176404,31.676161,0.021727,0.018006,-0.008581,-0.018351,0.053651,-0.061005
1582036483.292676,0.226377,-0.027184,0.003015,-0.717150,0.176404,31.676161,0.021727,0.018006,-0.008581,-0.018351,0.053651,-0.061005
1582036483.292676,0.226377,-0.027184,0.003015,-0.717150,0.176404,31.676161,0.021727,0.018006,-0.008581,-0.018351,0.053651,-0.061005
1582036483.292676,0.226377,-0.027184,0.003015,-0.717150,0.176404,31.676161,0.021727,0.018006,-0.008581,-0.018351,0.053651,-0.061005
1582036483.292676,0.226377,-0.027184,0.003015,-0.717150,0.176404,31.676161,0.021727,0.018006,-0.008581,-0.018351,0.053651,-0.061005
1582036483.292676,0.226377,-0.027184,0.003015,-0.717150,0.176404,31.676161,0.021727,0.018006,-0.008581,-0.018351,0.053651,-0.061005
1582036483.292676,0.226377,-0.027184,0.003015,-0.717150,0.176404,31.676161,0.021727,0.018006,-0.008581,-0.018351,0.053651,-0.061005
1582036483.292676,0.226377,-0.027184,0.003015,-0.717150,0.176404,31.676161,0.021727,0.018006,-0.008581,-0.018351,0.053651,-0.061005
1582036483.292676,0.226377,-0.027184,0.003015,-0.717150,0.176404,31.676161,0.021727,0.018006,-0.008581,-0.018351,0.053651,-0.061005
1582036483.292676,0.226377,-0.027184,0.003015,-0.717150,0.176404,31.676161,0.021727,0.018006,-0.008581,-0.018351,0.053651,-0.061005
1582036483.292676,0.226377,-0.027184,0.003015,-0.717150,0.176404,31.676161,0.021727,0.018006,-0.008581,-0.018351,0.053651,-0.061005
1582036483.292676,0.226377,-0.027184,0.003015,-0.717150,0.176404,31.676161,0.021727,0.018006,-0.008581,-0.018351,0.053651,-0.061005
1582036483.292676,0.226377,-0.027184,0.003015,-0.717150,0.176404,31.676161,0.021727,0.018006,-0.008581,-0.018351,0.053651,-0.061005
1582036483.292676,0.226377,-0.027184,0.003015,-0.717150,0.176404,31.676161,0.021727,0.018006,-0.008581,-0.018351,0.053651,-0.061005
1582036483.292676,0.226377,-0.027184,0.003015,-0.717150,0.176404,31.676161,0.021727,0.018006,-0.008581,-0.018351,0.053651,-0.061005
1582036483.292676,0.226377,-0.027184,0.003015,-0.717150,0.176404,31.676161,0.021727,0.018006,-0.008581,-0.018351,0.053651,-0.061005
1582036483.292676,0.226377,-0.027184,0.003015,-0.717150,0.176404,31.676161,0.021727,0.018006,-0.008581,-0.018351,0.053651,-0.061005
1582036483.292676,0.226377,-0.027184,0.003015,-0.717150,0.176404,31.676161,0.021727,0.018006,-0.008581,-0.018351,0.053651,-0.061005
1582036483.292676,0.226377,-0.027184,0.003015,-0.717150,0.176404,31.676161,0.021727,0.018006,-0.008581,-0.018351,0.053651,-0.061005
1582036483.292676,0.226377,-0.027184,0.003015,-0.717150,0.176404,31.676161,0.021727,0.018006,-0.008581,-0.018351,0.053651,-0.061005
1582036483.292676,0.226377,-0.027184,0.003015,-0.717150,0.176404,31.676161,0.021727,0.018006,-0.008581,-0.018351,0.053651,-0.061005
1582036483.292676,0.226377,-0.027184,0.003015,-0.717150,0.176404,31.676161,0.021727,0.018006,-0.008581,-0.018351,0.053651,-0.061005
1582036483.292676,0.226377,-0.027184,0.003015,-0.717150,0.176404,31.676161,0.021727,0.018006,-0.008581,-0.018351,0.053651,-0.061005
1582036483.292676,0.226377,-0.027184,0.003015,-0.717150,0.176404,31.676161,0.021727,0.018006,-0.008581,-0.018351,0.053651,-0.061005
1582036483.292676,0.226377,-0.027184,0.003015,-0.717150,0.176404,31.676161,0.021727,0.018006,-0.008581,-0.018351,0.053651,-0.061005
1582036483.292676,0.226377,-0.027184,0.003015,-0.717150,0.176404,31.676161,0.021727,0.018006,-0.008581,-0.018351,0.053651,-0.061005
1582036483.292676,0.226377,-0.027184,0.003015,-0.717150,0.176404,31.676161,0.021727,0.018006,-0.008581,-0.018351,0.053651,-0.061005
1582036483.292676,0.226377,-0.027184,0.003015,-0.717150,0.176404,31.676161,0.021727,0.018006,-0.008581,-0.018351,0.053651,-0.061005
1582036483.292676,0.226377,-0.027184,0.003015,-0.717150,0.176404,31.676161,0.021727,0.018006,-0.008581,-0.018351,0.053651,-0.061005
1582036483.292676,0.226377,-0.027184,0.003015,-0.717150,0.176404,31.676161,0.021727,0.018006,-0.008581,-0.018351,0.053651,-0.061005
1582036483.292676,0.226377,-0.027184,0.003015,-0.717150,0.176404,31.676161,0.021727,0.018006,-0.008581,-0.018351,0.053651,-0.061005
1582036483.292676,0.226377,-0.027184,0.003015,-0.717150,0.176404,31.676161,0.021727,0.018006,-0.008581,-0.018351,0.053651,-0.061005
1582036483.292676,0.226377,-0.027184,0.003015,-0.717150,0.176404,31.676161,0.021727,0.018006,-0.008581,-0.018351,0.053651,-0.061005
1582036483.292676,0.226377,-0.027184,0.003015,-0.717150,0.176404,31.676161,0.021727,0.018006,-0.008581,-0.018351,0.053651,-0.061005
1582036483.292676,0.226377,-0.027184,0.003015,-0.717150,0.176404,31.676161,0.021727,0.018006,-0.008581,-0.018351,0.053651,-0.061005
1582036483.292676,0.226377,-0.027184,0.003015,-0.717150,0.176404,31.676161,0.021727,0.018006,-0.008581,-0.018351,0.053651,-0.061005
1582036483.292676,0.226377,-0.027184,0.003015,-0.717150,0.176404,31.676161,0.021727,0.018006,-0.008581,-0.018351,0.053651,-0.061005
1582036483.292676,0.226377,-0.027184,0.003015,-0.717150,0.176404,31.676161,0.021727,0.018006,-0.008581,-0.018351,0.053651,-0.061005
1582036483.292676,0.226377,-0.027184,0.003015,-0.717150,0.176404,31.676161,0.021727,0.018006,-0.008581,-0.018351,0.053651,-0.061005
1582036483.292676,0.226377,-0.027184,0.003015,-0.717150,0.176404,31.676161,0.021727,0.018006,-0.008581,-0.018351,0.053651,-0.061005
1582036483.292676,0.226377,-0.027184,0.003015,-0.717150,0.176404,31.676161,0.021727,0.018006,-0.008581,-0.018351,0.053651,-0.061005
1582036483.292676,0.226377,-0.027184,0.003015,-0.717150,0.176404,31.676161,0.021727,0.018006,-0.008581,-0.018351,0.053651,-0.061005
1582036483.292676,0.226377,-0.027184,0.003015,-0.717150,0.176404,31.676161,0.021727,0.018006,-0.008581,-0.018351,0.053651,-0.061005
1582036483.292676,0.226377,-0.027184,0.003015,-0.717150,0.176404,31.676161,0.021727,0.018006,-0.008581,-0.018351,0.053651,-0.061005
1582036483.292676,0.226377,-0.027184,0.003015,-0.717150,0.176404,31.676161,0.021727,0.018006,-0.008581,-0.018351,0.053651,-0.061005
1582036483.292676,0.226377,-0.027184,0.003015,-0.717150,0.176404,31.676161,0.021727,0.018006,-0.008581,-0.018351,0.053651,-0.061005
1582036483.292676,0.226377,-0.027184,0.003015,-0.717150,0.176404,31.676161,0.021727,0.018006,-0.008581,-0.018351,0.053651,-0.061005
1582036483.292676,0.226377,-0.027184,0.003015,-0.717150,0.176404,31.676161,0.021727,0.018006,-0.008581,-0.018351,0.053651,-0.061005
1582036483.292676,0.226377,-0.027184,0.003015,-0.717150,0.176404,31.676161,0.021727,0.018006,-0.008581,-0.018351,0.053651,-0.061005
1582036483.292676,0.226377,-0.027184,0.003015,-0.717150,0.176404,31.676161,0.021727,0.018006,-0.008581,-0.018351,0.053651,-0.061005
1582036483.292676,0.226377,-0.027184,0.003015,-0.717150,0.176404,31.676161,0.021727,0.018006,-0.008581,-0.018351,0.053651,-0.061005
1582036483.292676,0.226377,-0.027184,0.003015,-0.717150,0.176404,31.676161,0.021727,0.018006,-0.008581,-0.018351,0.053651,-0.061005
1582036483.292676,0.226377,-0.027184,0.003015,-0.717150,0.176404,31.676161,0.021727,0.018006,-0.008581,-0.018351,0.053651,-0.061005
1582036483.292676,0.226377,-0.027184,0.003015,-0.717150,0.176404,31.676161,0.021727,0.018006,-0.008581,-0.018351,0.053651,-0.061005
1582036483.292676,0.226377,-0.027184,0.003015,-0.717150,0.176404,31.676161,0.021727,0.018006,-0.008581,-0.018351,0.053651,-0.061005
1582036483.292676,0.226377,-0.027184,0.003015,-0.717150,0.176404,31.676161,0.021727,0.018006,-0.008581,-0.018351,0.053651,-0.061005
1582036483.292676,0.226377,-0.027184,0.003015,-0.717150,0.176404,31.676161,0.021727,0.018006,-0.008581,-0.018351,0.053651,-0.061005
1582036483.292676,0.226377,-0.027184,0.003015,-0.717150,0.176404,31.676161,0.021727,0.018006,-0.008581,-0.018351,0.053651,-0.061005
1582036483.292676,0.226377,-0.027184,0.003015,-0.717150,0.176404,31.676161,0.021727,0.018006,-0.008581,-0.018351,0.053651,-0.061005
1582036483.292676,0.226377,-0.027184,0.003015,-0.717150,0.176404,31.676161,0.021727,0.018006,-0.008581,-0.018351,0.053651,-0.061005
1582036483.292676,0.226377,-0.027184,0.003015,-0.717150,0.176404,31.676161,0.021727,0.018006,-0.008581,-0.018351,0.053651,-0.061005
1582036483.292676,0.226377,-0.027184,0.003015,-0.717150,0.176404,31.676161,0.021727,0.018006,-0.008581,-0.018351,0.053651,-0.061005
1582036483.292676,0.226377,-0.027184,0.003015,-0.717150,0.176404,31.676161,0.021727,0.018006,-0.008581,-0.018351,0.053651,-0.061005
1582036483.292676,0.226377,-0.027184,0.003015,-0.717150,0.176404,31.676161,0.021727,0.018006,-0.008581,-0.018351,0.053651,-0.061005
1582036483.292676,0.226377,-0.027184,0.003015,-0.717150,0.176404,31.676161,0.021727,0.018006,-0.008581,-0.018351,0.053651,-0.061005
1582036483.292676,0.226377,-0.027184,0.003015,-0.717150,0.176404,31.676161,0.021727,0.018006,-0.008581,-0.018351,0.053651,-0.061005
1582036483.292676,0.226377,-0.027184,0.003015,-0.717150,0.176404,31.676161,0.021727,0.018006,-0.008581,-0.018351,0.053651,-0.061005
1582036483.292676,0.226377,-0.027184,0.003015,-0.717150,0.176404,31.676161,0.021727,0.018006,-0.008581,-0.018351,0.053651,-0.061005
1582036483.292676,0.226377,-0.027184,0.003015,-0.717150,0.176404,31.676161,0.021727,0.018006,-0.008581,-0.018351,0.053651,-0.061005
1582036483.292676,0.226377,-0.027184,0.003015,-0.717150,0.176404,31.676161,0.021727,0.018006,-0.008581,-0.018351,0.053651,-0.061005
1582036483.292676,0.226377,-0.027184,0.003015,-0.717150,0.176404,31.676161,0.021727,0.018006,-0.008581,-0.018351,0.053651,-0.061005
1582036483.292676,0.226377,-0.027184,0.003015,-0.717150,0.176404,31.676161,0.021727,0.018006,-0.008581,-0.018351,0.053651,-0.061005
1582036483.292676,0.226377,-0.027184,0.003015,-0.717150,0.176404,31.676161,0.021727,0.018006,-0.008581,-0.018351,0.053651,-0.061005
1582036483.292676,0.226377,-0.027184,0.003015,-0.717150,0.176404,31.676161,0.021727,0.018006,-0.008581,-0.018351,0.053651,-0.061005
1582036483.292676,0.226377,-0.027184,0.003015,-0.717150,0.176404,31.676161,0.021727,0.018006,-0.008581,-0.018351,0.053651,-0.061005
1582036483.292676,0.226377,-0.027184,0.003015,-0.717150,0.176404,31.676161,0.021727,0.018006,-0.008581,-0.018351,0.053651,-0.061005
1582036483.292676,0.226377,-0.027184,0.003015,-0.717150,0.176404,31.676161,0.021727,0.018006,-0.008581,-0.018351,0.053651,-0.061005
1582036483.292676,0.226377,-0.027184,0.003015,-0.717150,0.176404,31.676161,0.021727,0.018006,-0.008581,-0.018351,0.053651,-0.061005
1582036483.292676,0.226377,-0.027184,0.003015,-0.717150,0.176404,31.676161,0.021727,0.018006,-0.008581,-0.018351,0.053651,-0.061005
1582036483.292676,0.226377,-0.027184,0.003015,-0.717150,0.176404,31.676161,0.021727,0.018006,-0.008581,-0.018351,0.053651,-0.061005
1582036483.292676,0.226377,-0.027184,0.003015,-0.717150,0.176404,31.676161,0.021727,0.018006,-0.008581,-0.018351,0.053651,-0.061005
1582036483.292676,0.226377,-0.027184,0.003015,-0.717150,0.176404,31.676161,0.021727,0.018006,-0.008581,-0.018351,0.053651,-0.061005
1582036483.292676,0.226377,-0.027184,0.003015,-0.717150,0.176404,31.676161,0.021727,0.018006,-0.008581,-0.018351,0.053651,-0.061005
1582036483.292676,0.226377,-0.027184,0.003015,-0.717150,0.176404,31.676161,0.021727,0.018006,-0.008581,-0.018351,0.053651,-0.061005
1582036483.292676,0.226377,-0.027184,0.003015,-0.717150,0.176404,31.676161,0.021727,0.018006,-0.008581,-0.018351,0.053651,-0.061005
1582036483.292676,0.226377,-0.027184,0.003015,-0.717150,0.176404,31.676161,0.021727,0.018006,-0.008581,-0.018351,0.053651,-0.061005
1582036483.292676,0.226377,-0.027184,0.003015,-0.717150,0.176404,31.676161,0.021727,0.018006,-0.008581,-0.018351,0.053651,-0.061005
1582036483.292676,0.226377,-0.027184,0.003015,-0.717150,0.176404,31.676161,0.021727,0.018006,-0.008581,-0.018351,0.053651,-0.061005
1582036483.292676,0.226377,-0.027184,0.003015,-0.717150,0.176404,31.676161,0.021727,0.018006,-0.008581,-0.018351,0.053651,-0.061005
1582036483.292676,0.226377,-0.027184,0.003015,-0.717150,0.176404,31.676161,0.021727,0.018006,-0.008581,-0.018351,0.053651,-0.061005
1582036483.292676,0.226377,-0.027184,0.003015,-0.717150,0.176404,31.676161,0.021727,0.018006,-0.008581,-0.018351,0.053651,-0.061005
1582036483.292676,0.226377,-0.027184,0.003015,-0.717150,0.176404,31.676161,0.021727,0.018006,-0.008581,-0.018351,0.053651,-0.061005
1582036483.292676,0.226377,-0.027184,0.003015,-0.717150,0.176404,31.676161,0.021727,0.018006,-0.008581,-0.018351,0.053651,-0.061005
1582036483.292676,0.226377,-0.027184,0.003015,-0.717150,0.176404,31.676161,0.021727,0.018006,-0.008581,-0.018351,0.053651,-0.061005
1582036483.292676,0.226377,-0.027184,0.003015,-0.717150,0.176404,31.676161,0.021727,0.018006,-0.008581,-0.018351,0.053651,-0.061005
1582036483.292676,0.226377,-0.027184,0.003015,-0.717150,0.176404,31.676161,0.021727,0.018006,-0.008581,-0.018351,0.053651,-0.061005
1582036483.292676,0.226377,-0.027184,0.003015,-0.717150,0.176404,31.676161,0.021727,0.018006,-0.008581,-0.018351,0.053651,-0.061005
1582036483.292676,0.226377,-0.027184,0.003015,-0.717150,0.176404,31.676161,0.021727,0.018006,-0.008581,-0.018351,0.053651,-0.061005
1582036483.292676,0.226377,-0.027184,0.003015,-0.717150,0.176404,31.676161,0.021727,0.018006,-0.008581,-0.018351,0.053651,-0.061005
1582036483.292676,0.226377,-0.027184,0.003015,-0.717150,0.176404,31.676161,0.021727,0.018006,-0.008581,-0.018351,0.053651,-0.061005
1582036483.292676,0.226377,-0.027184,0.003015,-0.717150,0.176404,31.676161,0.021727,0.018006,-0.008581,-0.018351,0.053651,-0.061005
1582036483.292676,0.226377,-0.027184,0.003015,-0.717150,0.176404,31.676161,0.021727,0.018006,-0.008581,-0.018351,0.053651,-0.061005
1582036483.292676,0.226377,-0.027184,0.003015,-0.717150,0.176404,31.676161,0.021727,0.018006,-0.008581,-0.018351,0.053651,-0.061005
1582036483.292676,0.226377,-0.027184,0.003015,-0.717150,0.176404,31.676161,0.021727,0.018006,-0.008581,-0.018351,0.053651,-0.061005
1582036483.292676,0.226377,-0.027184,0.003015,-0.717150,0.176404,31.676161,0.021727,0.018006,-0.008581,-0.018351,0.053651,-0.061005
1582036483.292676,0.226377,-0.027184,0.003015,-0.717150,0.176404,31.676161,0.021727,0.018006,-0.008581,-0.018351,0.053651,-0.061005
1582036483.292676,0.226377,-0.027184,0.003015,-0.717150,0.176404,31.676161,0.021727,0.018006,-0.008581,-0.018351,0.053651,-0.061005
1582036483.292676,0.226377,-0.027184,0.003015,-0.717150,0.176404,31.676161,0.021727,0.018006,-0.008581,-0.018351,0.053651,-0.061005
1582036483.292676,0.226377,-0.027184,0.003015,-0.717150,0.176404,31.676161,0.021727,0.018006,-0.008581,-0.018351,0.053651,-0.061005
1582036483.292676,0.226377,-0.027184,0.003015,-0.717150,0.176404,31.676161,0.021727,0.018006,-0.008581,-0.018351,0.053651,-0.061005
1582036483.292676,0.226377,-0.027184,0.003015,-0.717150,0.176404,31.676161,0.021727,0.018006,-0.008581,-0.018351,0.053651,-0.061005
1582036483.292676,0.226377,-0.027184,0.003015,-0.717150,0.176404,31.676161,0.021727,0.018006,-0.008581,-0.018351,0.053651,-0.061005
1582036483.322730,0.226849,-0.027776,0.003172,-0.712095,0.244018,31.520380,0.023618,0.013099,-0.007029,0.012592,0.028159,-0.086622
1582036483.322730,0.226849,-0.027776,0.003172,-0.712095,0.244018,31.520380,0.023618,0.013099,-0.007029,0.012592,0.028159,-0.086622
1582036483.322730,0.226849,-0.027776,0.003172,-0.712095,0.244018,31.520380,0.023618,0.013099,-0.007029,0.012592,0.028159,-0.086622
1582036483.322730,0.226849,-0.027776,0.003172,-0.712095,0.244018,31.520380,0.023618,0.013099,-0.007029,0.012592,0.028159,-0.086622
1582036483.322730,0.226849,-0.027776,0.003172,-0.712095,0.244018,31.520380,0.023618,0.013099,-0.007029,0.012592,0.028159,-0.086622
1582036483.441646,0.229530,-0.029446,0.002253,-0.745163,0.376814,31.125476,0.023955,-0.001068,-0.005223,0.047791,0.044126,-0.147524
1582036486.209252,0.279456,-0.130753,-0.014002,3.359176,2.913659,-27.112550,-0.047539,0.041993,0.006574,0.029060,-0.041151,0.218697
1582036486.269357,0.278250,-0.130746,-0.015023,3.467947,2.628273,-25.362367,-0.067726,0.079886,-0.011376,-0.087344,-0.060650,0.733690
1582036486.484951,0.277846,-0.129139,-0.016553,2.799322,2.210162,-22.389292,-0.083407,0.097239,-0.015694,-0.326653,-0.054291,0.963003
1582036486.685302,0.276052,-0.095498,-0.026955,0.263669,1.930186,-10.662197,-0.087588,0.185582,-0.034834,-0.298755,0.066467,0.943782
1582036486.800503,0.277757,-0.074781,-0.032372,-0.779933,2.613501,-5.553486,-0.043154,0.170128,-0.028599,-0.146313,-0.061717,0.767912
1582036487.024612,0.280284,-0.069166,-0.029663,-1.638013,2.165857,0.995625,-0.030419,0.108436,0.026489,0.025550,0.018534,0.463919
1582036487.044647,0.279570,-0.066816,-0.029137,-1.633526,2.159181,1.606596,-0.037342,0.126426,0.030477,-0.076873,-0.065193,0.599484
1582036487.074700,0.277821,-0.067684,-0.029340,-1.876971,2.038975,2.723318,-0.045587,0.126135,0.021046,-0.180352,-0.086449,0.640182
1582036487.089726,0.275139,-0.067121,-0.029010,-1.977087,2.013192,3.225954,-0.049572,0.120150,0.023408,-0.156029,-0.045006,0.582539
1582036487.109761,0.274030,-0.064759,-0.028599,-2.117356,2.017996,3.850172,-0.049726,0.119750,0.021749,-0.134563,0.021907,0.488649
1582036487.124788,0.275064,-0.063685,-0.028664,-2.247063,2.044716,4.279437,-0.044546,0.116848,0.013371,-0.164501,0.016285,0.472587
1582036487.139813,0.274264,-0.061934,-0.028445,-2.354951,2.071043,4.695676,-0.045279,0.120707,0.017778,-0.115414,-0.000496,0.503577
1582036487.159848,0.274913,-0.060238,-0.028368,-2.442137,2.064127,5.330514,-0.044739,0.121198,0.020546,-0.081208,-0.032301,0.550448
1582036487.179883,0.273863,-0.057963,-0.028017,-2.533235,2.044031,5.946169,-0.042254,0.117019,0.021015,-0.117539,-0.035513,0.500367
1582036487.189901,0.273897,-0.063035,-0.027687,-2.606625,2.046905,6.222753,-0.039909,0.090038,0.018225,-0.122909,-0.015372,0.465300
1582036487.209936,0.272835,-0.061304,-0.027356,-2.715783,2.061958,6.745604,-0.044090,0.091358,0.019757,-0.094121,-0.002662,0.457793
1582036487.209936,0.272835,-0.061304,-0.027356,-2.715783,2.061958,6.745604,-0.044090,0.091358,0.019757,-0.094121,-0.002662,0.457793
1582036487.250006,0.271048,-0.060110,-0.027244,-2.798739,2.071564,7.898750,-0.049368,0.096523,0.024385,-0.034320,0.008991,0.490973
1582036487.265033,0.271211,-0.061365,-0.026548,-2.820914,2.093212,8.316716,-0.048600,0.086593,0.025317,-0.025911,-0.020821,0.468645
1582036487.280059,0.270323,-0.060171,-0.026171,-2.818139,2.107579,8.702493,-0.047630,0.085829,0.029957,-0.003499,-0.016262,0.424841
1582036487.310112,0.269102,-0.059627,-0.025956,-2.825214,2.105672,9.439798,-0.044577,0.079855,0.028899,-0.025835,0.010051,0.433619
1582036487.325137,0.268835,-0.061309,-0.026585,-2.826999,2.139738,9.825189,-0.052274,0.068629,0.023757,-0.008907,0.008567,0.442098
1582036487.340163,0.267905,-0.060436,-0.026261,-2.803132,2.209800,10.192534,-0.051555,0.065231,0.023961,0.032937,0.102517,0.420741
1582036487.360198,0.267200,-0.060065,-0.027191,-2.708167,2.389001,10.645025,-0.047930,0.060673,0.022329,0.097921,0.170152,0.371770
1582036487.375226,0.266343,-0.059295,-0.026845,-2.609420,2.506121,10.947481,-0.046341,0.059545,0.024100,0.090390,0.084310,0.350410
1582036487.395260,0.267909,-0.060515,-0.029146,-2.541841,2.543768,11.345978,-0.036036,0.051663,0.007372,0.013627,-0.007003,0.316285
1582036487.449298,0.267240,-0.059853,-0.029042,-2.534473,2.541610,11.602290,-0.034475,0.052258,0.007575,-0.023561,-0.011143,0.284228
1582036487.469333,0.267736,-0.059598,-0.029168,-2.555973,2.565052,11.953215,-0.028580,0.052442,0.008834,-0.047062,-0.025214,0.320546
1582036487.484359,0.267133,-0.058894,-0.029058,-2.574470,2.560119,12.246320,-0.030342,0.055539,0.008738,-0.026754,-0.044989,0.364372
1582036487.504394,0.265165,-0.060102,-0.028415,-2.566682,2.530621,12.727259,-0.041350,0.055918,0.014103,-0.005327,-0.045935,0.457180
1582036487.519421,0.264337,-0.059371,-0.028222,-2.561148,2.508037,13.157151,-0.043813,0.061727,0.014502,-0.018318,-0.067339,0.527629
1582036487.539456,0.265402,-0.057159,-0.028902,-2.592357,2.439627,13.781640,-0.032310,0.068062,0.005709,-0.047119,-0.093920,0.527709
1582036487.554482,0.264700,-0.056272,-0.028844,-2.627916,2.345477,14.200429,-0.029988,0.068576,0.006103,-0.089688,-0.133081,0.450815
1582036487.574517,0.264677,-0.053577,-0.028674,-2.743321,2.185176,14.692421,-0.024927,0.081878,0.008350,-0.156909,-0.220551,0.433716
1582036487.594552,0.265246,-0.052602,-0.028398,-2.914425,1.997330,15.273281,-0.024236,0.090003,0.003845,-0.165458,-0.185223,0.522440
1582036487.609578,0.264556,-0.051369,-0.028449,-3.031697,1.910578,15.765372,-0.022245,0.094299,-0.001608,-0.139985,-0.104624,0.590615
1582036487.629613,0.262675,-0.049054,-0.028556,-3.183788,1.851976,16.483131,-0.026408,0.108873,-0.007747,-0.180444,-0.107835,0.666464
1582036487.644640,0.261770,-0.047580,-0.028753,-3.349561,1.798963,17.078477,-0.029324,0.115970,-0.009351,-0.243467,-0.117337,0.698587
1582036487.664675,0.259532,-0.043161,-0.029238,-3.597345,1.701575,17.858405,-0.030140,0.134726,-0.001938,-0.214741,-0.105763,0.697446
1582036487.679701,0.258464,-0.041377,-0.029382,-3.754610,1.618255,18.477932,-0.030355,0.137636,-0.000710,-0.187063,-0.120739,0.720999
1582036487.694727,0.257801,-0.038512,-0.030231,-3.871752,1.584869,19.079155,-0.024544,0.136060,-0.006390,-0.134714,-0.070688,0.656983
1582036487.694727,0.257801,-0.038512,-0.030231,-3.871752,1.584869,19.079155,-0.024544,0.136060,-0.006390,-0.134714,-0.070688,0.656983
1582036487.734797,0.256834,-0.034149,-0.031173,-4.318812,1.616430,20.497291,-0.019729,0.141384,-0.007712,-0.249924,-0.068782,0.642099
1582036487.754832,0.255418,-0.031605,-0.031498,-4.526267,1.584837,21.278680,-0.020934,0.147552,-0.003382,-0.136849,-0.104739,0.701820
1582036487.769858,0.254906,-0.030447,-0.031681,-4.594655,1.555023,21.910429,-0.017469,0.145677,0.002793,-0.116691,-0.060139,0.713673
1582036487.789893,0.254660,-0.028766,-0.032672,-4.726061,1.545322,22.705306,-0.010273,0.142766,0.000081,-0.082454,-0.043330,0.664630
1582036487.804920,0.253683,-0.026875,-0.032786,-4.780460,1.569940,23.271415,-0.009973,0.140896,0.004666,-0.096312,-0.041126,0.653961
1582036487.829963,0.253726,-0.025723,-0.034132,-4.913483,1.491200,24.245933,-0.007984,0.142019,0.004281,-0.083554,-0.182075,0.702992
1582036487.849998,0.252414,-0.023160,-0.034272,-4.973967,1.288201,25.163276,-0.004447,0.146262,0.006569,-0.066404,-0.286861,0.830030
1582036487.865025,0.251327,-0.023583,-0.034784,-5.028541,1.103669,25.913631,-0.007172,0.138417,0.003065,-0.098518,-0.303462,0.864381
1582036487.890069,0.249672,-0.020625,-0.034870,-5.151387,0.858816,27.133210,-0.004580,0.133215,0.013711,-0.111378,-0.257556,0.786386
1582036487.984040,0.246418,-0.015732,-0.034904,-5.295130,0.476287,29.343894,-0.000324,0.126513,0.024380,-0.039823,-0.158118,0.599856
1582036488.014092,0.246154,-0.016050,-0.035749,-5.364701,0.351778,30.305256,0.001513,0.113127,0.021976,-0.041970,-0.099932,0.483570
1582036488.024110,0.245591,-0.015047,-0.035632,-5.382458,0.326152,30.584023,0.002331,0.113402,0.022912,-0.026994,-0.093428,0.476094
1582036488.054162,0.243966,-0.017333,-0.035849,-5.378900,0.314778,31.368139,-0.009585,0.093614,0.019028,0.031739,-0.001248,0.385230
1582036488.074197,0.244882,-0.021112,-0.036268,-5.364322,0.347393,31.759838,-0.006023,0.072941,0.019388,-0.024883,-0.011984,0.312845
1582036488.094232,0.243914,-0.019869,-0.035997,-5.417321,0.368671,32.133950,-0.010202,0.081370,0.023205,-0.044138,-0.032019,0.360805
1582036488.099241,0.245536,-0.025019,-0.036428,-5.426112,0.365377,32.264207,-0.020474,0.062924,0.017732,-0.029076,-0.034157,0.390607
1582036488.139311,0.246212,-0.026757,-0.036428,-5.400513,0.426249,33.284894,-0.014847,0.045191,0.009552,-0.019503,0.006031,0.423807
1582036488.169364,0.246047,-0.027280,-0.037492,-5.433497,0.470030,33.923774,-0.013038,0.038214,0.003561,-0.021561,-0.003454,0.353312
1582036488.184390,0.245561,-0.026904,-0.037494,-5.459146,0.506144,34.212140,-0.011715,0.038908,0.002550,-0.041910,0.028347,0.331850
1582036488.204425,0.247141,-0.027291,-0.037917,-5.478635,0.538277,34.626203,-0.010882,0.036891,-0.001118,0.004133,-0.029900,0.396914
1582036488.224460,0.246527,-0.026788,-0.037976,-5.436828,0.542947,35.115421,-0.010515,0.039280,0.002270,0.038188,-0.036066,0.428973
1582036488.239486,0.246775,-0.027147,-0.038372,-5.427977,0.546798,35.481092,-0.007605,0.034942,-0.000591,-0.041796,-0.030976,0.432300
1582036488.254512,0.246322,-0.026741,-0.038458,-5.524331,0.518373,35.884692,-0.011996,0.042930,-0.003730,-0.187938,-0.100918,0.504647
1582036488.274547,0.244725,-0.024986,-0.040060,-5.763227,0.510096,36.491899,-0.021800,0.053290,-0.014901,-0.151673,-0.004458,0.522935
1582036488.289574,0.244098,-0.024575,-0.040216,-5.818010,0.575972,36.900836,-0.014246,0.045884,-0.001570,0.007357,0.051519,0.413937
1582036488.309609,0.243816,-0.021479,-0.040167,-5.750483,0.726453,37.251150,0.010908,0.043338,0.032027,-0.000183,0.072041,0.272013
1582036488.324635,0.243115,-0.020566,-0.039720,-5.795726,0.743864,37.516612,0.001734,0.074596,0.044557,-0.107862,-0.092621,0.366028
1582036488.344670,0.242363,-0.021250,-0.039851,-5.880563,0.655155,38.104198,-0.010337,0.090193,0.055333,0.024491,-0.132327,0.517636
1582036488.364705,0.240133,-0.018732,-0.038811,-5.797043,0.620193,38.688791,0.002051,0.092968,0.053834,0.062809,-0.076887,0.499348
1582036488.379731,0.239272,-0.017546,-0.038245,-5.727196,0.622224,39.083037,0.006907,0.093260,0.043339,0.074679,-0.037464,0.416146
1582036488.399766,0.238116,-0.015585,-0.037910,-5.704294,0.632024,39.521347,0.009330,0.092464,0.036756,0.010538,-0.032230,0.319944
1582036488.458476,0.237048,-0.013991,-0.037211,-5.686494,0.597873,39.856808,0.010546,0.090211,0.046000,0.017978,-0.082125,0.269841
1582036488.473502,0.237796,-0.012502,-0.036922,-5.636373,0.559676,40.097775,0.014367,0.083645,0.057193,0.070482,-0.064029,0.242158
1582036488.493537,0.236906,-0.010964,-0.035830,-5.515201,0.463943,40.367146,0.015738,0.079834,0.069325,0.130238,-0.088475,0.192936
1582036488.503555,0.237462,-0.012501,-0.035205,-5.440672,0.429409,40.473528,0.011533,0.058340,0.063250,0.120690,-0.064094,0.145995
1582036488.503555,0.237462,-0.012501,-0.035205,-5.440672,0.429409,40.473528,0.011533,0.058340,0.063250,0.120690,-0.064094,0.145995
1582036488.503555,0.237462,-0.012501,-0.035205,-5.440672,0.429409,40.473528,0.011533,0.058340,0.063250,0.120690,-0.064094,0.145995
1582036488.563660,0.238705,-0.011818,-0.034123,-5.380390,0.416930,40.297580,0.036353,0.016880,0.005012,-0.095874,0.073760,-0.261816
1582036488.583695,0.241583,-0.015620,-0.034426,-5.452942,0.473055,39.982501,0.037563,-0.006313,0.002253,-0.029747,0.056934,-0.269385
1582036488.598721,0.241986,-0.015250,-0.034270,-5.425394,0.469436,39.814666,0.036416,0.004913,0.015804,0.112261,-0.005715,-0.123072
1582036488.608739,0.243693,-0.020373,-0.033390,-5.309152,0.436631,39.795321,0.016036,-0.010756,0.029678,0.208367,-0.056822,-0.006833
1582036488.633783,0.244139,-0.020255,-0.032718,-5.020892,0.370236,39.885900,0.019351,-0.011474,0.021341,0.117681,-0.019457,0.022882
1582036488.658826,0.245806,-0.021708,-0.034142,-5.075031,0.372669,39.573385,0.036323,-0.060071,-0.015769,-0.093484,0.075920,-0.413760
1582036488.678863,0.246408,-0.024322,-0.033319,-5.145476,0.390413,39.050074,0.035840,-0.078792,-0.008604,-0.060348,-0.009894,-0.451112
1582036488.698896,0.247783,-0.025009,-0.033153,-5.116598,0.255311,38.668199,0.028466,-0.064888,0.010151,0.103970,-0.133125,-0.232291
1582036488.723940,0.249092,-0.029739,-0.031253,-4.877354,0.108517,38.404050,0.017801,-0.092512,0.024924,0.138218,-0.023649,-0.276207
1582036488.748984,0.250524,-0.032847,-0.031209,-4.872271,0.105781,37.716731,0.037389,-0.132600,-0.007532,-0.032655,0.086525,-0.655268
1582036488.779037,0.254153,-0.037603,-0.030814,-4.810545,0.176475,36.487909,0.042046,-0.178264,-0.008700,0.107301,0.017795,-0.601036
1582036488.794063,0.254982,-0.038770,-0.030162,-4.682810,0.128227,36.089483,0.010145,-0.122358,0.024767,0.193606,-0.011832,-0.353312
1582036488.824115,0.257460,-0.045566,-0.029656,-4.402385,0.146484,35.649460,0.007482,-0.140369,0.019108,0.025129,0.041084,-0.268119
1582036488.849159,0.256748,-0.046333,-0.032383,-4.505136,0.172579,35.046565,0.022237,-0.141394,-0.002652,-0.069728,0.061332,-0.452865
1582036488.869194,0.254431,-0.046391,-0.033677,-4.536045,0.198683,34.548072,0.006825,-0.128631,0.005268,-0.016355,0.081474,-0.429527
1582036488.869194,0.254431,-0.046391,-0.033677,-4.536045,0.198683,34.548072,0.006825,-0.128631,0.005268,-0.016355,0.081474,-0.429527
1582036488.924290,0.256764,-0.050474,-0.032708,-4.131923,0.189657,33.478865,0.010637,-0.127843,0.023503,0.080770,0.034929,-0.420023
1582036488.969369,0.257111,-0.052544,-0.032841,-3.893928,0.320556,32.113299,0.002367,-0.136386,0.021847,0.199182,0.063699,-0.521680
1582036489.014448,0.260923,-0.057564,-0.031783,-3.266225,0.495890,30.141786,0.035859,-0.182266,0.033356,0.096923,0.203586,-1.133382
1582036489.044500,0.263764,-0.066076,-0.032753,-3.461967,0.785826,28.231502,0.006414,-0.175210,-0.003912,-0.213443,0.166689,-0.960507
1582036489.084570,0.266329,-0.070971,-0.032296,-3.456499,1.001549,26.353583,0.014043,-0.158312,0.016058,0.140666,0.143582,-0.838069
1582036489.114623,0.269720,-0.073517,-0.032449,-3.306234,1.261470,24.320157,0.072393,-0.196613,-0.012370,0.131107,0.409981,-1.445694
1582036489.144675,0.273503,-0.081823,-0.032250,-3.194272,1.571121,22.345439,-0.003745,-0.146277,0.009937,0.120469,0.059954,-0.746639
1582036489.174728,0.274935,-0.081831,-0.031480,-2.809005,1.538853,21.370255,0.023693,-0.124441,0.019062,0.225049,-0.002496,-0.466142
1582036489.194763,0.276521,-0.084066,-0.031168,-2.683547,1.522270,20.599411,0.039057,-0.134365,0.006084,0.051117,0.019900,-0.912401
1582036489.219807,0.278746,-0.087680,-0.028957,-2.584832,1.638706,18.721893,0.068070,-0.197172,-0.001233,0.255947,0.402081,-1.601844
1582036489.234833,0.280336,-0.092719,-0.028326,-2.333961,1.914514,17.415117,0.042600,-0.197018,0.006338,0.339274,0.345634,-1.561593
1582036489.244850,0.281280,-0.094478,-0.028200,-2.171705,2.027998,16.584015,0.034260,-0.194147,0.007292,0.328543,0.156787,-1.307495
1582036489.294938,0.280486,-0.096084,-0.029642,-1.247313,1.883270,13.693951,0.035377,-0.138947,0.031985,0.235811,-0.044698,-1.057863
1582036489.314973,0.281900,-0.097887,-0.028377,-1.102067,1.879598,12.193314,0.051308,-0.169727,0.016327,0.146343,0.107984,-1.388801
1582036489.329999,0.283177,-0.100240,-0.028092,-1.010142,1.980836,10.960384,0.049609,-0.170512,0.020257,0.167587,0.120858,-1.399726
1582036489.350034,0.285671,-0.104382,-0.025516,-0.784464,1.984508,9.627234,0.025519,-0.148727,0.050343,0.254094,-0.062580,-0.980290
1582036489.365062,0.286369,-0.106391,-0.024689,-0.565384,1.930469,8.930219,0.017488,-0.131469,0.059393,0.296710,-0.070042,-0.667537
1582036489.385096,0.285936,-0.106642,-0.022370,-0.292031,1.845647,8.243311,0.004651,-0.114841,0.065329,0.192214,-0.043163,-0.533117
1582036489.400122,0.286600,-0.105447,-0.021688,-0.211486,1.825792,7.653343,0.027804,-0.112459,0.043690,0.052533,-0.020055,-0.628350
1582036489.420157,0.287515,-0.107690,-0.021005,-0.223755,1.866814,6.852415,0.033426,-0.117081,0.027319,0.004502,0.082654,-0.737189
1582036489.440192,0.287710,-0.104738,-0.022057,-0.195256,1.923219,6.058287,0.028561,-0.093127,0.031298,0.028981,0.014001,-0.643331
1582036489.455218,0.288312,-0.106074,-0.021604,-0.173911,1.926268,5.534558,0.028467,-0.091149,0.031893,0.064226,-0.033899,-0.587629
1582036489.475253,0.287125,-0.102945,-0.022418,-0.123618,1.880475,4.839129,0.028033,-0.072028,0.024203,0.080142,-0.065601,-0.629370
1582036489.490280,0.287665,-0.104049,-0.022088,-0.079590,1.803772,4.242780,0.031156,-0.079397,0.020645,0.065253,-0.081666,-0.772369
1582036489.510314,0.285878,-0.102708,-0.021864,0.005435,1.815379,3.206566,0.028608,-0.081982,0.013814,0.162345,0.055338,-0.963633
1582036489.525341,0.286300,-0.103887,-0.021688,0.143138,1.888997,2.391959,0.022097,-0.079769,0.011019,0.211410,0.105178,-0.916514
1582036489.540367,0.286950,-0.106680,-0.022959,0.306905,1.954204,1.682092,0.016522,-0.079444,0.004646,0.231775,0.047935,-0.823834
1582036489.560402,0.287285,-0.108206,-0.022899,0.506120,1.992587,0.762583,0.012422,-0.073632,0.002354,0.151639,-0.006103,-0.800218
1582036489.575428,0.287542,-0.109872,-0.023149,0.577453,1.966505,0.020824,0.023876,-0.082108,0.002646,0.098343,-0.070987,-0.875024
1582036489.595463,0.288076,-0.111684,-0.023046,0.627539,1.873554,-1.080756,0.029718,-0.093575,0.008350,0.051429,-0.107977,-1.056464
1582036489.605481,0.286438,-0.113513,-0.022864,0.654746,1.835822,-1.719971,0.024159,-0.115092,0.007815,0.037744,-0.086772,-1.173981
1582036489.610490,0.286544,-0.114103,-0.022837,0.652883,1.820027,-2.065807,0.025584,-0.119231,0.007886,0.035362,-0.048582,-1.232695
1582036489.645551,0.288206,-0.121455,-0.023356,0.753939,1.953462,-4.828090,0.041622,-0.171972,-0.004006,0.202999,0.128590,-1.467742
1582036489.665586,0.288687,-0.125023,-0.023517,0.999263,2.144999,-6.540611,0.043424,-0.180849,-0.001348,0.333178,0.188030,-1.518961
1582036489.680613,0.291540,-0.133750,-0.025063,1.276188,2.325483,-7.790250,0.055510,-0.196864,0.007520,0.448350,0.152898,-1.413485
1582036489.700647,0.293914,-0.142141,-0.024931,1.741276,2.519656,-9.239546,0.055649,-0.189646,0.027437,0.486915,0.100413,-1.099821
1582036489.715673,0.294220,-0.144872,-0.024656,2.076576,2.582387,-10.060848,0.045682,-0.163977,0.031076,0.356774,0.020654,-0.825576
1582036489.740717,0.295040,-0.147713,-0.023835,2.281726,2.596856,-11.117379,0.039951,-0.130319,0.031066,0.004661,-0.105415,-0.586555
1582036489.755743,0.295350,-0.149672,-0.023461,2.194349,2.468492,-11.582876,0.041085,-0.113015,0.032088,-0.138209,-0.154640,-0.496851
1582036489.775779,0.294474,-0.150892,-0.022622,2.030231,2.377268,-12.198180,0.028555,-0.099943,0.036307,-0.186336,-0.072760,-0.439265
1582036489.790805,0.294575,-0.152392,-0.022115,1.886244,2.345202,-12.548930,0.024812,-0.089755,0.039670,-0.108435,-0.042089,-0.365664
1582036489.805831,0.292032,-0.148546,-0.023952,1.821887,2.299139,-12.858634,0.006207,-0.064485,0.031569,-0.038231,-0.057935,-0.317575
1582036489.825866,0.291817,-0.149818,-0.023371,1.781986,2.222116,-13.229124,0.001441,-0.062312,0.032030,-0.014785,-0.092659,-0.339963
1582036489.845901,0.287889,-0.144803,-0.025277,1.730829,2.114827,-13.686632,-0.022021,-0.044899,0.018411,-0.001971,-0.099287,-0.437130
1582036489.860927,0.287392,-0.145426,-0.025028,1.714513,2.039011,-14.097126,-0.024064,-0.049864,0.016836,-0.000894,-0.088503,-0.518248
1582036489.875953,0.287552,-0.140759,-0.026508,1.711857,2.013415,-14.560724,-0.028944,-0.034192,0.006756,0.053553,-0.004970,-0.603522
1582036489.890980,0.286997,-0.141174,-0.026380,1.767392,2.060585,-15.103233,-0.031860,-0.037766,0.009477,0.123951,0.068495,-0.653923
1582036489.911016,0.287404,-0.138696,-0.027852,1.896290,2.128283,-15.782049,-0.041201,-0.014749,0.009995,0.140059,0.052521,-0.542872
1582036489.926041,0.286669,-0.138628,-0.027673,1.985289,2.146602,-16.206580,-0.054174,-0.003236,0.012115,0.102556,-0.047384,-0.444584
1582036489.946077,0.287518,-0.137738,-0.029086,2.056413,2.026315,-16.663863,-0.064217,0.018271,0.011549,0.062157,-0.119352,-0.356040
1582036489.961102,0.286652,-0.137127,-0.028839,2.067393,1.895387,-16.951620,-0.071349,0.028373,0.015138,-0.010400,-0.215059,-0.310285
1582036489.971121,0.284673,-0.135700,-0.028307,2.060986,1.806743,-17.151112,-0.085108,0.034490,0.016934,-0.031734,-0.194760,-0.279120
1582036489.986146,0.283572,-0.134820,-0.028022,2.024780,1.683554,-17.387973,-0.091488,0.036555,0.014266,-0.030733,-0.111066,-0.275010
1582036490.016199,0.280050,-0.131884,-0.028277,2.003548,1.562307,-17.936624,-0.100889,0.032044,0.009905,-0.005098,-0.083615,-0.367785
1582036490.031225,0.278734,-0.130988,-0.028069,1.995085,1.496627,-18.288528,-0.103614,0.027510,0.010480,0.022633,-0.086704,-0.442400
1582036490.051260,0.276444,-0.130950,-0.029207,2.061907,1.398491,-18.835788,-0.109330,0.015164,0.009454,0.125071,-0.081428,-0.516098
1582036490.071295,0.274444,-0.132765,-0.029515,2.213972,1.309544,-19.447611,-0.104341,-0.004369,0.018606,0.171047,-0.095282,-0.592963
1582036490.091331,0.272392,-0.132237,-0.029123,2.398305,1.247325,-20.170630,-0.106928,-0.013684,0.019498,0.159344,-0.057114,-0.654837
1582036490.106356,0.274121,-0.135212,-0.029465,2.487319,1.238872,-20.738513,-0.096195,-0.025867,0.008062,0.103863,0.005373,-0.706025
1582036490.126391,0.272215,-0.135009,-0.029292,2.609264,1.266539,-21.534253,-0.092979,-0.025221,0.003903,0.133683,-0.013634,-0.646252
1582036490.141418,0.275489,-0.138922,-0.030478,2.737125,1.296853,-22.065720,-0.068835,-0.033442,-0.001045,0.146534,0.029830,-0.617539
1582036490.161452,0.273940,-0.138996,-0.030473,2.892566,1.362093,-22.769530,-0.069445,-0.032700,0.000887,0.154048,0.017160,-0.612190
1582036490.166461,0.277243,-0.141282,-0.032413,2.931049,1.360362,-22.959172,-0.054144,-0.037734,-0.002552,0.149815,-0.002054,-0.593209
1582036490.191505,0.275581,-0.141525,-0.032448,3.109979,1.365729,-23.762241,-0.058144,-0.033763,0.000536,0.133867,-0.036025,-0.525913
1582036490.211540,0.274474,-0.143389,-0.034067,3.243659,1.372562,-24.358781,-0.053643,-0.038746,-0.004293,0.106033,-0.017975,-0.489684
1582036490.231575,0.273125,-0.143550,-0.034125,3.329354,1.396750,-24.901885,-0.059285,-0.033026,-0.002462,0.072967,-0.027647,-0.433029
1582036490.251611,0.273047,-0.145542,-0.035357,3.404384,1.375634,-25.328715,-0.052547,-0.024421,-0.004990,0.060242,-0.059461,-0.295343
1582036490.256619,0.272755,-0.145522,-0.035386,3.418787,1.364101,-25.409871,-0.054410,-0.020896,-0.005329,0.049656,-0.054088,-0.264410
1582036490.291680,0.271564,-0.143655,-0.036684,3.482980,1.375022,-25.716598,-0.069362,0.018208,-0.010641,0.000602,0.048677,0.020546
1582036490.306706,0.270828,-0.140455,-0.038047,3.493648,1.406639,-25.631523,-0.087344,0.056042,-0.011061,0.003727,0.030671,0.251204
1582036490.482337,0.269770,-0.138332,-0.038056,3.489691,1.443238,-25.154164,-0.100946,0.089569,-0.004640,-0.021771,0.120606,0.552177
1582036490.497363,0.267315,-0.131423,-0.040156,3.480078,1.549203,-24.622455,-0.125936,0.134111,-0.013339,-0.051573,0.133693,0.772038
1582036490.517398,0.266100,-0.127510,-0.040140,3.381264,1.528294,-23.537819,-0.143369,0.171400,-0.011382,-0.163718,-0.065688,1.097694
1582036490.537434,0.262692,-0.119391,-0.043649,3.171634,1.251534,-22.218459,-0.176258,0.206986,-0.030638,-0.265168,-0.217588,1.303928
1582036490.552460,0.261360,-0.115364,-0.043901,2.912808,1.040803,-21.111423,-0.184937,0.222826,-0.030238,-0.391859,-0.145294,1.282392
1582036490.567486,0.254797,-0.111807,-0.043602,2.573939,0.912422,-20.064539,-0.214000,0.228703,-0.032722,-0.441344,-0.109324,1.259179
1582036490.587521,0.251065,-0.100213,-0.045605,2.123541,0.812234,-18.588003,-0.247968,0.274596,-0.043890,-0.407209,0.019125,1.294688
1582036490.602547,0.248774,-0.094964,-0.046017,1.797996,0.868890,-17.426123,-0.256110,0.292605,-0.040404,-0.362558,0.062541,1.407867
1582036490.622582,0.245431,-0.087627,-0.046544,1.494129,0.583244,-15.627006,-0.270032,0.313144,-0.036930,-0.204578,-0.322258,1.687602
1582036490.642617,0.245150,-0.072865,-0.050334,1.315360,0.108116,-13.694020,-0.272635,0.354731,-0.047090,-0.130947,-0.283893,1.641939
1582036490.642617,0.245150,-0.072865,-0.050334,1.315360,0.108116,-13.694020,-0.272635,0.354731,-0.047090,-0.130947,-0.283893,1.641939
1582036490.682687,0.232841,-0.053163,-0.046438,0.926922,-0.312738,-10.244730,-0.294696,0.395566,-0.026560,-0.236552,-0.104936,1.378652
1582036490.682687,0.232841,-0.053163,-0.046438,0.926922,-0.312738,-10.244730,-0.294696,0.395566,-0.026560,-0.236552,-0.104936,1.378652
1582036490.717748,0.228967,-0.041391,-0.047259,0.464865,-0.539946,-7.394193,-0.288302,0.424061,-0.029878,-0.187443,-0.036174,1.405670
1582036490.737783,0.230787,-0.037686,-0.048235,0.202000,-0.571724,-5.724899,-0.263103,0.434558,-0.029635,-0.269670,0.042586,1.417682
1582036490.757819,0.231898,-0.035352,-0.049710,-0.164757,-0.518706,-4.079836,-0.246329,0.436322,-0.041968,-0.327409,-0.030579,1.448853
1582036490.777853,0.227513,-0.026343,-0.050675,-0.509257,-0.570407,-2.384081,-0.242712,0.439310,-0.042597,-0.245070,-0.047645,1.481948
1582036490.797888,0.228859,-0.023859,-0.051468,-0.821320,-0.564149,-0.700239,-0.218075,0.422239,-0.040838,-0.296457,-0.001823,1.402213
1582036490.812915,0.225643,-0.017511,-0.052203,-1.103336,-0.522188,0.479942,-0.211542,0.423450,-0.039000,-0.328415,0.094488,1.347884
1582036490.832950,0.227418,-0.016813,-0.052993,-1.502208,-0.394469,2.063179,-0.191073,0.407696,-0.040316,-0.339006,0.012005,1.387413
1582036490.857994,0.222182,-0.006903,-0.054254,-1.992650,-0.422491,4.078753,-0.183996,0.405747,-0.033865,-0.321974,-0.043206,1.361802
1582036490.868011,0.226385,-0.009529,-0.054439,-2.185954,-0.421447,4.867606,-0.155667,0.378763,-0.034343,-0.321042,-0.037954,1.315078
1582036490.868011,0.226385,-0.009529,-0.054439,-2.185954,-0.421447,4.867606,-0.155667,0.378763,-0.034343,-0.321042,-0.037954,1.315078
1582036490.908082,0.222712,-0.002857,-0.053987,-2.825612,-0.249215,7.677750,-0.129495,0.337977,-0.027277,-0.185547,0.076524,1.101790
1582036490.928116,0.224896,-0.005880,-0.053812,-3.031336,-0.125433,8.920846,-0.108421,0.292264,-0.031701,-0.154672,0.004440,1.020840
1582036490.943142,0.222635,-0.001852,-0.054447,-3.170525,-0.091942,9.767362,-0.102519,0.287618,-0.024719,-0.171778,-0.035900,0.948176
1582036490.963177,0.226157,-0.005474,-0.053117,-3.390539,-0.045905,10.846997,-0.082377,0.246795,-0.019731,-0.189971,-0.000768,0.888550
1582036490.983212,0.223598,-0.000959,-0.053846,-3.631804,-0.017751,11.880599,-0.078288,0.246290,-0.020703,-0.215527,-0.072961,0.927020
1582036490.998239,0.227493,-0.007445,-0.050995,-3.788766,-0.008839,12.711552,-0.063206,0.207187,-0.006133,-0.148290,-0.048510,0.929178
1582036491.018274,0.225344,-0.003830,-0.051325,-3.941238,-0.012108,13.755920,-0.060518,0.196765,-0.000879,-0.123842,-0.056116,0.862972
1582036491.033300,0.228554,-0.009190,-0.049116,-4.051590,0.030522,14.446697,-0.046486,0.153813,0.005894,-0.102522,0.009970,0.733877
1582036491.053335,0.226973,-0.006556,-0.049192,-4.142741,0.048390,15.239905,-0.039156,0.140599,0.008843,-0.025740,-0.037891,0.632455
1582036491.068361,0.231450,-0.011644,-0.048165,-4.132478,0.045917,15.788144,-0.022934,0.099878,0.015916,0.045802,-0.038951,0.562147
1582036491.088396,0.230532,-0.009946,-0.047990,-4.089094,0.059505,16.389011,-0.018717,0.087019,0.014892,0.023373,-0.008241,0.478926
1582036491.108431,0.234223,-0.016329,-0.046807,-4.068901,0.109984,16.926756,-0.010164,0.046243,0.009108,0.060762,0.029782,0.403292
1582036491.123457,0.233889,-0.015740,-0.046672,-4.010149,0.146566,17.261917,-0.007525,0.039456,0.012594,0.069269,-0.006221,0.385040
1582036491.143492,0.237964,-0.021245,-0.045101,-3.948729,0.166223,17.697849,0.003245,0.003630,0.015090,0.028693,0.019226,0.318964
1582036491.163527,0.241078,-0.026084,-0.043802,-3.950805,0.213727,18.046624,0.004614,-0.017165,0.021905,-0.020343,0.013974,0.290110
1582036491.183563,0.241262,-0.026321,-0.043275,-3.955314,0.220496,18.412059,0.005173,-0.014681,0.028679,0.014863,-0.031783,0.334900
1582036491.198589,0.241638,-0.029719,-0.042351,-3.921514,0.208225,18.720171,0.000053,-0.023457,0.031745,0.030984,-0.025347,0.342437
1582036491.213615,0.241767,-0.030016,-0.041929,-3.899103,0.203828,19.016004,0.001909,-0.022569,0.027163,0.010448,-0.023275,0.332825
1582036491.213615,0.241767,-0.030016,-0.041929,-3.899103,0.203828,19.016004,0.001909,-0.022569,0.027163,0.010448,-0.023275,0.332825
1582036491.213615,0.241767,-0.030016,-0.041929,-3.899103,0.203828,19.016004,0.001909,-0.022569,0.027163,0.010448,-0.023275,0.332825
1582036491.278728,0.245422,-0.035593,-0.039457,-3.767352,0.283502,19.808954,0.017223,-0.053962,0.030472,0.049933,-0.007372,0.075738
1582036491.298764,0.246585,-0.038230,-0.038191,-3.720846,0.288555,19.886739,0.014487,-0.066237,0.027961,0.043580,-0.001013,0.026727
1582036491.318799,0.247338,-0.039393,-0.037588,-3.669349,0.313973,19.884166,0.015560,-0.072679,0.024564,0.055348,0.039282,-0.022405
1582036491.323807,0.247514,-0.039690,-0.037437,-3.652757,0.324157,19.876248,0.013848,-0.071642,0.024873,0.062764,0.029842,-0.023584
1582036491.348851,0.251135,-0.043339,-0.036023,-3.540232,0.366873,19.828063,0.017736,-0.082093,0.028410,0.074521,0.039259,-0.088643
1582036491.368886,0.252901,-0.045897,-0.035484,-3.478654,0.405513,19.665574,0.023956,-0.091549,0.024386,0.032920,0.079638,-0.190078
1582036491.383913,0.253690,-0.047014,-0.035031,-3.453355,0.446744,19.504257,0.024375,-0.086742,0.024983,0.048814,0.032793,-0.158016
1582036491.403947,0.255766,-0.049744,-0.035012,-3.339677,0.484965,19.393307,0.023260,-0.085944,0.023790,0.127804,0.045632,-0.056665
1582036491.423982,0.256141,-0.050050,-0.035613,-3.242001,0.512511,19.339466,0.022353,-0.072956,0.017672,0.056293,0.010687,-0.024626
1582036491.439009,0.256801,-0.050950,-0.035271,-3.212483,0.512769,19.316266,0.020548,-0.069424,0.019709,0.017852,-0.006233,-0.033295
1582036491.459044,0.255982,-0.051243,-0.035534,-3.163640,0.508500,19.283598,0.013679,-0.062329,0.020209,0.057308,-0.007304,-0.008752
1582036491.479079,0.256702,-0.052305,-0.035116,-3.115765,0.501146,19.271393,0.016300,-0.061964,0.018009,0.008148,0.000028,-0.025756
1582036491.494105,0.255760,-0.050905,-0.035895,-3.148499,0.505775,19.230011,0.014882,-0.054087,0.015511,-0.068586,0.010733,-0.051379
1582036491.514141,0.256273,-0.051773,-0.035522,-3.230993,0.487677,19.175656,0.009615,-0.048591,0.017203,-0.080426,-0.033900,-0.038563
1582036491.534175,0.255546,-0.050777,-0.036278,-3.275630,0.449735,19.155487,0.006041,-0.036383,0.015725,-0.030155,-0.021198,-0.009942
1582036491.549201,0.255790,-0.051225,-0.036005,-3.295591,0.423974,19.184321,0.006044,-0.033803,0.018035,0.015554,-0.046621,0.057591
1582036491.564227,0.255598,-0.049547,-0.036627,-3.269033,0.382263,19.185147,0.011228,-0.023662,0.018728,0.044408,-0.048636,-0.050333
1582036491.584262,0.255955,-0.049894,-0.036269,-3.270316,0.342925,19.094443,0.010641,-0.022495,0.013923,-0.057059,-0.017882,-0.093014
1582036491.599289,0.254874,-0.050061,-0.036209,-3.375944,0.329193,19.032015,0.001860,-0.019011,0.005032,-0.160467,-0.009554,-0.054727
1582036491.609306,0.254904,-0.050233,-0.036138,-3.483923,0.319411,19.002072,-0.003056,-0.015922,0.005652,-0.205329,-0.022262,-0.043066
1582036491.639359,0.253595,-0.049479,-0.036517,-3.687562,0.238534,18.974535,-0.012442,-0.004349,0.020368,-0.033596,-0.040303,-0.013103
1582036491.654385,0.253459,-0.049623,-0.036198,-3.686217,0.204914,18.959508,-0.013079,-0.006230,0.023496,0.025218,-0.041373,-0.033279
1582036491.674420,0.251663,-0.049315,-0.036852,-3.674062,0.165934,18.890978,-0.019178,-0.001566,0.016891,0.006920,-0.013808,-0.077113
1582036491.689446,0.251385,-0.049398,-0.036607,-3.683179,0.142502,18.827182,-0.019777,0.000981,0.016326,-0.034557,-0.035135,-0.068501
1582036491.709481,0.252158,-0.050003,-0.037705,-3.783307,0.100260,18.730135,-0.018204,0.002894,0.014076,-0.083715,-0.026593,-0.101677
1582036491.729516,0.250723,-0.050893,-0.037836,-3.854050,0.049789,18.626761,-0.027138,0.008651,0.016662,-0.038931,-0.037239,-0.077131
1582036491.744542,0.250268,-0.050860,-0.037611,-3.859062,0.020475,18.573571,-0.029151,0.013630,0.016561,0.029227,-0.020212,-0.044076
1582036491.759569,0.249127,-0.050614,-0.038724,-3.826504,0.004976,18.547868,-0.031835,0.017248,0.007095,0.034726,-0.016050,-0.017354
1582036491.779604,0.248432,-0.050458,-0.038620,-3.818925,-0.010729,18.506378,-0.030231,0.019993,0.005503,-0.017588,-0.000074,-0.068631
1582036491.799639,0.248608,-0.049902,-0.039467,-3.836824,-0.024865,18.401166,-0.021088,0.021713,0.009085,0.015356,0.004021,-0.094163
1582036491.814665,0.248202,-0.049657,-0.039361,-3.819604,-0.011881,18.326655,-0.018892,0.024638,0.010583,0.009113,0.013653,-0.059039
1582036491.829692,0.247727,-0.049637,-0.040209,-3.816786,-0.017996,18.304634,-0.025302,0.032890,0.000368,-0.016624,-0.022426,-0.023721
1582036491.854736,0.246917,-0.049082,-0.040140,-3.853185,-0.052952,18.277178,-0.022376,0.030577,0.006029,-0.025176,-0.012923,-0.031291
1582036491.869761,0.247363,-0.048197,-0.040798,-3.867279,-0.072918,18.225959,-0.015189,0.023935,0.004980,-0.009179,-0.023443,-0.063161
1582036491.889796,0.247519,-0.046987,-0.041406,-3.895458,-0.111260,18.126779,-0.013233,0.021186,0.003975,-0.048563,-0.035121,-0.099630
1582036491.904823,0.247202,-0.046760,-0.041310,-3.950674,-0.156193,18.026830,-0.015679,0.019624,0.009288,-0.067881,-0.043622,-0.144393
1582036491.924858,0.247651,-0.048615,-0.040328,-4.006425,-0.217002,17.857524,-0.017671,0.006093,0.022795,-0.036828,-0.047950,-0.166914
1582036491.944893,0.247232,-0.048495,-0.039951,-4.026833,-0.285818,17.681945,-0.019169,0.011238,0.018776,-0.017649,-0.043704,-0.147639
1582036491.964928,0.248688,-0.049218,-0.041357,-4.083144,-0.341490,17.524611,-0.016755,0.008018,0.002667,-0.051972,-0.024722,-0.139128
1582036491.969936,0.248596,-0.049202,-0.041338,-4.096340,-0.351238,17.484555,-0.017720,0.009163,0.001962,-0.052712,-0.027776,-0.141379
1582036491.984963,0.248290,-0.049112,-0.041277,-4.133124,-0.380419,17.359901,-0.018764,0.013575,0.003324,-0.035886,-0.021551,-0.150971
1582036492.015016,0.248003,-0.049131,-0.041929,-4.204949,-0.465786,17.115922,-0.021831,0.027357,0.007080,-0.061458,-0.047032,-0.114666
1582036492.035050,0.246333,-0.048702,-0.042498,-4.301832,-0.542635,17.033068,-0.031582,0.037413,0.006608,-0.097687,-0.074550,-0.027155
1582036492.050076,0.245667,-0.048207,-0.042579,-4.388465,-0.597539,17.041330,-0.034124,0.048591,0.000601,-0.087042,-0.047007,0.020827
1582036492.065104,0.245399,-0.047381,-0.043185,-4.435133,-0.614624,17.046823,-0.027873,0.050963,-0.002141,-0.039024,-0.006632,0.024031
1582036492.085139,0.244613,-0.046569,-0.043310,-4.455356,-0.620145,17.060416,-0.024547,0.052197,-0.002324,0.005769,-0.002446,0.001570
1582036492.110182,0.244459,-0.044523,-0.044251,-4.467265,-0.639375,17.044421,-0.025718,0.052791,-0.003314,-0.018822,-0.017355,-0.018744
1582036492.140234,0.243787,-0.043885,-0.044598,-4.495215,-0.654193,16.988240,-0.021923,0.053258,0.007759,0.012179,0.000746,-0.033576
1582036492.170286,0.243103,-0.042288,-0.045708,-4.468005,-0.695795,17.022125,-0.018472,0.060935,0.000247,-0.011124,-0.029022,0.037919
1582036492.200340,0.242770,-0.040227,-0.046928,-4.566632,-0.746398,17.082066,-0.013676,0.057946,-0.009218,-0.098700,-0.022693,0.041143
1582036492.220374,0.242201,-0.039252,-0.047139,-4.672624,-0.759572,17.108286,-0.012510,0.053103,-0.003937,-0.087880,-0.008854,0.006909
1582036492.240409,0.240705,-0.038757,-0.047731,-4.745683,-0.775944,17.128348,-0.015488,0.047602,0.005900,-0.062341,-0.035363,0.024078
1582036492.260444,0.238706,-0.038319,-0.048748,-4.823712,-0.815907,17.152698,-0.021670,0.038233,0.002630,-0.075237,-0.028994,0.002663
1582036492.280479,0.238111,-0.037783,-0.048799,-4.934914,-0.851268,17.151118,-0.020105,0.030753,0.001731,-0.105149,-0.032096,-0.011142
1582036492.300514,0.238463,-0.038852,-0.048969,-5.023960,-0.875099,17.127489,-0.018327,0.017160,0.006569,-0.060340,-0.010962,-0.052796
1582036492.320549,0.238027,-0.038668,-0.048766,-5.077535,-0.904977,17.036786,-0.016907,0.011131,0.017022,-0.027278,-0.025816,-0.102026
1582036492.330567,0.238719,-0.039328,-0.048254,-5.092678,-0.929637,16.981818,-0.015591,0.005761,0.025037,-0.004955,-0.035405,-0.105234
1582036492.340584,0.238547,-0.039306,-0.047991,-5.090939,-0.962018,16.929942,-0.015398,0.003972,0.029205,0.006775,-0.069315,-0.080658
1582036492.365627,0.239707,-0.042435,-0.047766,-5.091383,-1.022264,16.842826,-0.011689,-0.005948,0.024912,0.005779,-0.030029,-0.060237
1582036492.385663,0.239530,-0.042521,-0.047197,-5.074974,-1.068937,16.794092,-0.007403,-0.002313,0.030760,0.018529,-0.045874,-0.027290
1582036492.405698,0.238668,-0.043670,-0.045671,-5.051823,-1.127726,16.762146,-0.008477,-0.002370,0.044722,0.017498,-0.038548,-0.021977
1582036492.420724,0.238493,-0.043776,-0.045126,-5.041685,-1.149926,16.743202,-0.009868,-0.004052,0.040857,0.006904,-0.058263,-0.028362
1582036492.440759,0.239949,-0.045489,-0.043889,-5.051591,-1.201744,16.688303,-0.010830,-0.013276,0.042784,-0.014422,-0.045064,-0.071051
1582036492.460794,0.239823,-0.045778,-0.043884,-5.062423,-1.265715,16.602658,-0.014343,-0.013401,0.041476,-0.013363,-0.040926,-0.080629
1582036492.475820,0.239633,-0.045919,-0.043281,-5.060805,-1.295113,16.551861,-0.014526,-0.006451,0.039542,0.012139,-0.033384,-0.046452
1582036492.495855,0.241607,-0.046760,-0.044501,-5.040365,-1.314966,16.521936,-0.003735,-0.001937,0.026691,0.029264,0.005887,-0.019850
1582036492.510881,0.241492,-0.046704,-0.044088,-5.011237,-1.311932,16.518088,-0.005221,0.007109,0.027559,0.036714,0.006879,0.014422
1582036492.530916,0.242084,-0.046304,-0.044430,-5.005341,-1.312440,16.540596,-0.007306,0.013053,0.021636,-0.015541,-0.006909,0.038845
1582036492.550951,0.241833,-0.046085,-0.043863,-5.048994,-1.333310,16.581163,-0.009384,0.013499,0.031665,-0.051787,-0.036655,0.018616
1582036492.565979,0.242685,-0.045070,-0.044467,-5.080870,-1.365505,16.583787,-0.004961,0.015385,0.034738,-0.033749,-0.039866,0.007900
1582036492.586014,0.242469,-0.044709,-0.043828,-5.114688,-1.408014,16.582890,-0.005364,0.019064,0.036425,-0.000743,-0.003885,-0.008177
1582036492.601039,0.243159,-0.045001,-0.043068,-5.080862,-1.403172,16.588738,-0.002026,0.019957,0.037563,0.062330,0.006798,0.011199
1582036492.606047,0.243110,-0.044892,-0.042889,-5.062075,-1.399923,16.592029,-0.002070,0.020947,0.037825,0.067667,0.012142,0.018523
1582036492.631091,0.243552,-0.044731,-0.042852,-4.934866,-1.376591,16.650743,0.000810,0.018955,0.032287,0.113648,0.024831,0.057995
1582036492.656135,0.243462,-0.044200,-0.042040,-4.790405,-1.325587,16.697985,0.002217,0.019455,0.033648,0.066550,0.030122,0.017506
1582036492.671161,0.243367,-0.044558,-0.042977,-4.763799,-1.317363,16.687187,-0.000339,0.019958,0.026328,0.026068,0.003659,-0.018748
1582036492.691196,0.242640,-0.044053,-0.043401,-4.709587,-1.305934,16.685537,-0.002032,0.023757,0.024652,0.053880,0.012114,0.015402
1582036492.701214,0.242528,-0.043797,-0.043206,-4.671917,-1.300378,16.706255,-0.002949,0.026588,0.022610,0.082658,0.003594,0.052809
1582036492.701214,0.242528,-0.043797,-0.043206,-4.671917,-1.300378,16.706255,-0.002949,0.026588,0.022610,0.082658,0.003594,0.052809
1582036492.751302,0.241226,-0.044600,-0.042546,-4.519065,-1.247880,16.747690,0.005568,0.016276,0.010803,0.010147,0.035562,-0.040061
1582036492.766328,0.242133,-0.045587,-0.042197,-4.513081,-1.218736,16.705706,0.006933,0.007714,0.011170,-0.011152,0.047136,-0.063591
1582036492.781354,0.242183,-0.045428,-0.042026,-4.528523,-1.188100,16.647529,0.006388,0.008342,0.012141,-0.019705,0.033345,-0.064636
1582036492.806398,0.242222,-0.046761,-0.042059,-4.494897,-1.164788,16.590186,0.002308,0.008720,0.014701,0.059270,0.015330,-0.029365
1582036493.020815,0.243110,-0.048049,-0.041137,-4.425151,-1.142575,16.559082,0.004294,0.002487,0.010119,0.048579,0.024911,-0.023017
1582036493.035842,0.243161,-0.047974,-0.041010,-4.402738,-1.123678,16.528025,0.004781,0.003899,0.007575,0.003802,0.019718,-0.039007
1582036493.055877,0.243485,-0.047187,-0.041948,-4.408290,-1.112092,16.478214,0.003626,0.011284,0.005264,-0.006857,0.004826,-0.030554
1582036493.075912,0.243453,-0.046916,-0.041880,-4.422422,-1.106754,16.456923,0.001286,0.015380,0.004193,-0.015400,0.011146,-0.008102
1582036493.090938,0.244128,-0.047476,-0.041350,-4.421090,-1.094221,16.451984,0.003267,0.010818,0.006769,-0.000483,0.006971,-0.005936
1582036493.110973,0.244176,-0.047266,-0.041231,-4.396067,-1.080268,16.435999,0.005749,0.009343,0.006825,0.045420,0.024963,-0.017696
1582036493.125999,0.244391,-0.047482,-0.040960,-4.351110,-1.062990,16.411252,0.006676,0.006182,0.006538,0.040122,0.022889,-0.035862
1582036493.146034,0.244460,-0.047298,-0.040765,-4.303125,-1.035398,16.357497,0.005948,0.007329,0.011684,0.043246,0.024978,-0.042270
1582036493.161061,0.244741,-0.047688,-0.041059,-4.265981,-1.015019,16.322386,0.005925,0.005825,0.012212,0.060419,0.026098,-0.040108
1582036493.181096,0.244780,-0.047504,-0.040750,-4.182923,-0.998428,16.280281,0.003955,0.008533,0.018947,0.074231,0.006004,-0.032703
1582036493.196122,0.246024,-0.048738,-0.040716,-4.131799,-1.009379,16.259319,0.005589,0.004630,0.020340,0.047600,-0.028023,-0.026205
1582036493.216157,0.246056,-0.048591,-0.040277,-4.089838,-1.046495,16.228572,0.002654,0.005108,0.023955,0.031539,-0.027972,-0.031589
1582036493.236192,0.246175,-0.048798,-0.040476,-4.041880,-1.080773,16.191224,-0.000971,0.001706,0.021068,0.032731,-0.025875,-0.036897
1582036493.251218,0.247236,-0.048508,-0.040380,-4.014114,-1.092481,16.147458,0.002461,-0.000433,0.013882,0.019962,0.005991,-0.067947
1582036493.271253,0.247278,-0.048469,-0.040150,-3.995752,-1.098296,16.064826,0.002776,-0.000190,0.011180,0.015751,-0.002673,-0.080674
1582036493.291288,0.247797,-0.049435,-0.040066,-3.947526,-1.112722,15.980828,0.003282,0.001800,0.015158,0.050872,-0.004726,-0.081740
1582036493.316332,0.247729,-0.049243,-0.039716,-3.900628,-1.127797,15.901935,-0.003658,0.012914,0.013680,0.017776,-0.019593,-0.018833
1582036493.336367,0.247084,-0.050656,-0.039827,-3.875044,-1.136423,15.898757,-0.014223,0.014502,0.010376,0.029567,-0.003626,0.001549
1582036493.356402,0.246430,-0.049926,-0.040098,-3.841900,-1.138066,15.870021,-0.012251,0.017701,0.006336,0.012482,-0.007840,-0.024118
1582036493.376437,0.246052,-0.049594,-0.039995,-3.838076,-1.148743,15.836361,-0.015052,0.023797,0.007673,0.006068,-0.004625,-0.025302
1582036493.396472,0.244543,-0.048721,-0.039829,-3.814579,-1.150445,15.818335,-0.023503,0.032815,0.016066,0.036955,0.005967,-0.011316
1582036493.421516,0.243873,-0.049547,-0.039620,-3.784821,-1.192435,15.822772,-0.027185,0.035116,0.014446,0.022079,-0.073719,0.025949
1582036493.426524,0.243689,-0.049407,-0.039559,-3.778594,-1.205972,15.832166,-0.027611,0.037043,0.015018,0.025178,-0.022629,0.033399
1582036493.426524,0.243689,-0.049407,-0.039559,-3.778594,-1.205972,15.832166,-0.027611,0.037043,0.015018,0.025178,-0.022629,0.033399
1582036493.471603,0.241361,-0.048668,-0.038355,-3.743528,-1.245900,15.899617,-0.034560,0.040293,0.024338,0.001751,-0.032135,0.026941
1582036493.525582,0.240821,-0.047350,-0.038348,-3.744666,-1.266026,15.931216,-0.037674,0.040882,0.022562,-0.002477,-0.016247,0.031292
1582036493.545617,0.239859,-0.046756,-0.037917,-3.753662,-1.281564,15.952989,-0.038418,0.039610,0.026275,0.001709,-0.002512,-0.003887
1582036493.565652,0.239410,-0.046582,-0.038452,-3.735625,-1.283985,15.930087,-0.037335,0.033443,0.023021,0.013516,-0.001441,-0.028491
1582036493.585687,0.238426,-0.046033,-0.038092,-3.732751,-1.297301,15.914349,-0.039193,0.039344,0.021574,-0.009987,-0.020519,0.003618
1582036493.595705,0.239342,-0.046720,-0.038611,-3.741211,-1.307764,15.923324,-0.037456,0.035665,0.015314,-0.004648,-0.015132,0.007783
1582036493.615739,0.238404,-0.046170,-0.038349,-3.726209,-1.311234,15.940187,-0.037704,0.040758,0.016385,0.023125,-0.000223,0.029069
1582036493.635775,0.238571,-0.045947,-0.039024,-3.704265,-1.314170,15.964048,-0.033342,0.042128,0.013756,0.012414,-0.007740,0.034361
1582036493.650801,0.237899,-0.045443,-0.038876,-3.703813,-1.315462,15.991237,-0.034016,0.045453,0.013445,-0.011038,-0.008794,0.035428
1582036493.670836,0.238007,-0.045548,-0.039274,-3.716524,-1.318405,16.028658,-0.032500,0.043635,0.009636,0.018761,0.004997,0.039709
1582036493.670836,0.238007,-0.045548,-0.039274,-3.716524,-1.318405,16.028658,-0.032500,0.043635,0.009636,0.018761,0.004997,0.039709
1582036493.705897,0.238410,-0.044476,-0.039152,-3.667590,-1.310474,16.132764,-0.022364,0.044680,0.014461,0.021939,-0.008826,0.051436
1582036493.725932,0.239512,-0.044574,-0.038964,-3.662295,-1.333894,16.185891,-0.016978,0.041274,0.020584,-0.012086,-0.032164,0.043952
1582036493.740959,0.239052,-0.044055,-0.038659,-3.680255,-1.364571,16.218541,-0.019524,0.040987,0.025155,-0.023939,-0.039537,0.026931
1582036493.760993,0.237626,-0.044441,-0.037719,-3.717010,-1.394154,16.247938,-0.024823,0.032910,0.028045,-0.044129,-0.020430,0.024681
1582036493.781028,0.236984,-0.043939,-0.037173,-3.741214,-1.407993,16.270483,-0.022867,0.028899,0.030610,0.003961,-0.006692,0.010799
1582036493.801064,0.237500,-0.043570,-0.038078,-3.715497,-1.418873,16.259685,-0.016647,0.022302,0.026648,0.018843,-0.016224,-0.025429
1582036493.816090,0.237087,-0.043227,-0.037679,-3.690727,-1.436939,16.238189,-0.018249,0.025444,0.030356,0.036006,-0.019323,-0.027577
1582036493.836125,0.238896,-0.044398,-0.038160,-3.639724,-1.458225,16.213366,-0.011008,0.017866,0.027423,0.055166,-0.015094,-0.024360
1582036493.861169,0.239183,-0.045213,-0.038319,-3.596394,-1.503351,16.184057,-0.009913,0.019596,0.020736,0.008240,-0.052264,-0.005202
1582036493.886212,0.238778,-0.044712,-0.037811,-3.587451,-1.585688,16.209407,-0.009427,0.025030,0.022635,0.013553,-0.052315,0.024813
1582036493.921274,0.240005,-0.045761,-0.036670,-3.559466,-1.638279,16.210859,-0.006596,0.020863,0.018282,0.005042,-0.014112,-0.021276
1582036493.946316,0.240043,-0.044886,-0.036715,-3.550943,-1.666235,16.211510,-0.002404,0.029498,0.015007,0.008220,-0.008891,0.022658
1582036493.976370,0.240752,-0.045313,-0.036710,-3.531339,-1.663501,16.251742,-0.000200,0.028315,0.006254,0.012442,0.011243,0.013038
1582036494.040554,0.240569,-0.044864,-0.037522,-3.508282,-1.640322,16.258737,-0.002103,0.030499,0.001102,0.016794,0.019779,0.009864
1582036494.060590,0.240332,-0.044270,-0.037520,-3.477635,-1.624795,16.262922,-0.003951,0.032795,0.002851,0.024239,0.009192,-0.000834
1582036494.075616,0.240803,-0.044976,-0.038033,-3.463323,-1.627419,16.259511,-0.001977,0.029910,-0.000185,0.003934,0.001828,-0.016873
1582036494.095650,0.240168,-0.045831,-0.038041,-3.467895,-1.631678,16.249888,-0.006381,0.032711,-0.000838,-0.006652,-0.015199,0.006641
1582036494.110677,0.239899,-0.045360,-0.038115,-3.472408,-1.640109,16.272088,-0.008820,0.038155,-0.002697,0.003942,-0.005648,0.043051
1582036494.125703,0.239611,-0.044837,-0.038200,-3.465363,-1.631529,16.308854,-0.008976,0.040629,-0.003664,0.012539,0.014512,0.044068
1582036494.145737,0.238645,-0.045373,-0.038246,-3.458271,-1.602207,16.351312,-0.012544,0.035782,-0.004345,0.001786,0.019816,0.029237
1582036494.150747,0.238527,-0.045225,-0.038281,-3.458446,-1.596911,16.358207,-0.013405,0.035121,-0.004292,-0.006646,0.015528,0.031110
1582036494.180799,0.237983,-0.044683,-0.038319,-3.459184,-1.576114,16.375476,-0.010411,0.030054,0.002250,-0.006672,0.009136,-0.005053
1582036494.200834,0.238358,-0.045850,-0.037647,-3.482263,-1.579016,16.368656,-0.013804,0.023378,0.013592,-0.020582,-0.024612,-0.007224
1582036494.220870,0.237932,-0.045453,-0.037355,-3.505167,-1.602426,16.368978,-0.014761,0.024819,0.018209,-0.008827,-0.008667,0.011941
1582036494.240903,0.238373,-0.046628,-0.036666,-3.501069,-1.597103,16.382743,-0.010626,0.018722,0.024004,0.003946,0.000778,0.001255
1582036494.255930,0.238178,-0.046373,-0.036369,-3.491851,-1.595630,16.375733,-0.007470,0.019323,0.023681,0.019903,0.004046,-0.012608
1582036494.275965,0.240248,-0.046920,-0.036437,-3.459487,-1.598821,16.358940,-0.002390,0.013080,0.019007,0.024256,-0.011804,-0.001996
1582036494.290992,0.240124,-0.046691,-0.036149,-3.448786,-1.617067,16.356211,-0.003324,0.016374,0.021246,0.001699,-0.027874,-0.016786
1582036494.306017,0.240032,-0.047282,-0.036056,-3.454942,-1.638464,16.343605,-0.003398,0.012318,0.017800,-0.001470,-0.014051,-0.016961
1582036494.331062,0.239050,-0.047025,-0.036019,-3.425429,-1.635195,16.324122,-0.005045,0.013791,0.016953,0.039175,0.009423,-0.013723
1582036494.346087,0.238879,-0.046820,-0.035740,-3.383746,-1.626249,16.310931,-0.006456,0.016664,0.020065,0.050755,0.013582,-0.014869
1582036494.376141,0.239051,-0.047233,-0.035907,-3.329368,-1.639617,16.320427,-0.009080,0.019250,0.016166,0.012445,-0.020289,0.024671
1582036494.386158,0.238898,-0.047058,-0.035754,-3.329145,-1.648726,16.334290,-0.009656,0.021122,0.017252,-0.008900,-0.008650,0.019331
1582036494.406193,0.240522,-0.046788,-0.035963,-3.345367,-1.653946,16.332749,0.000794,0.020353,0.017380,-0.029143,-0.001268,-0.008479
1582036494.426228,0.240404,-0.046324,-0.035608,-3.363014,-1.669812,16.333146,0.000244,0.025801,0.020987,0.011405,-0.023625,0.013976
1582036494.441255,0.241432,-0.046497,-0.035762,-3.335037,-1.687748,16.355778,0.000876,0.026116,0.019930,0.026364,-0.013952,0.038518
1582036494.456281,0.241309,-0.046088,-0.035501,-3.315548,-1.687506,16.389522,0.000148,0.028326,0.017544,0.020986,0.010339,0.032139
1582036494.461288,0.241265,-0.045946,-0.035425,-3.310450,-1.683741,16.397996,-0.000101,0.028958,0.016414,0.013577,0.009339,0.028929
1582036494.535375,0.242229,-0.045757,-0.036134,-3.329666,-1.636617,16.419032,0.005970,0.026002,0.003586,-0.016300,0.029446,0.000175
1582036494.550401,0.242186,-0.045333,-0.036047,-3.350132,-1.621328,16.413475,0.005372,0.027928,0.007823,-0.019648,0.005019,-0.010535
1582036494.570436,0.242357,-0.044785,-0.037221,-3.345630,-1.627574,16.406154,0.005144,0.030679,0.011482,0.017822,-0.016151,0.011903
1582036494.585462,0.242247,-0.044289,-0.037079,-3.340661,-1.642909,16.427001,0.002370,0.034737,0.013468,-0.014198,-0.015155,0.032071
1582036494.605497,0.242342,-0.043627,-0.037736,-3.392221,-1.646870,16.439700,0.003379,0.033325,0.005641,-0.060115,-0.000286,-0.003228
1582036494.625532,0.242241,-0.042934,-0.037639,-3.435820,-1.652857,16.437294,0.005582,0.035603,0.008354,-0.007761,-0.000306,0.005406
1582036494.645568,0.241074,-0.043082,-0.036777,-3.400572,-1.650807,16.459953,-0.001353,0.034877,0.017009,0.029581,0.000700,0.019334
1582036494.655584,0.240979,-0.042730,-0.036630,-3.391654,-1.647869,16.472123,0.000906,0.035693,0.016687,0.007098,0.008144,0.017267
1582036494.680629,0.240299,-0.043292,-0.036067,-3.422871,-1.623944,16.468674,-0.001848,0.032732,0.012817,-0.037663,0.014599,0.000105
1582036494.700663,0.239970,-0.042578,-0.035786,-3.462199,-1.616993,16.484490,-0.004148,0.038578,0.016216,-0.016284,0.005084,0.031077
1582036494.715691,0.239578,-0.043827,-0.035314,-3.461119,-1.611472,16.513911,-0.010878,0.032748,0.020322,0.009215,0.011405,0.027845
1582036494.735725,0.239100,-0.044069,-0.035557,-3.419780,-1.596001,16.532688,-0.008686,0.028501,0.019400,0.053028,0.008286,0.005381
1582036494.755760,0.238729,-0.043545,-0.035194,-3.366568,-1.588824,16.529571,-0.010527,0.029756,0.020793,0.039126,0.001914,0.002126
1582036494.775795,0.240162,-0.044770,-0.035998,-3.336846,-1.582082,16.538607,-0.005838,0.022366,0.013432,0.026366,0.004033,0.013872
1582036494.795830,0.239906,-0.044352,-0.035749,-3.301543,-1.571029,16.555698,-0.006309,0.024250,0.014835,0.030657,0.003040,0.017135
1582036494.810857,0.240466,-0.044227,-0.036375,-3.281473,-1.570138,16.566698,-0.003696,0.025861,0.009760,0.007118,-0.002278,0.007551
1582036494.830891,0.240194,-0.043731,-0.036231,-3.289696,-1.581814,16.570443,-0.005300,0.028065,0.008691,-0.008910,-0.008711,-0.000970
1582036494.835901,0.239717,-0.045755,-0.036241,-3.293435,-1.580619,16.570821,-0.011157,0.020715,0.007876,-0.015268,-0.006469,-0.004212
1582036494.865952,0.239176,-0.045185,-0.036071,-3.324873,-1.578972,16.564524,-0.012507,0.024994,0.008041,-0.000366,0.016838,-0.006352
1582036494.880978,0.240081,-0.045884,-0.035761,-3.320182,-1.564129,16.565182,-0.008192,0.024171,0.007703,0.010232,0.016818,0.013917
1582036494.896004,0.239846,-0.045538,-0.035674,-3.305992,-1.547349,16.578553,-0.008162,0.027567,0.007627,0.019888,0.018985,0.015062
1582036494.916040,0.240857,-0.045971,-0.035829,-3.292533,-1.531067,16.584968,-0.007108,0.026093,0.006872,0.004898,0.010433,0.014963
1582036494.936075,0.240409,-0.046565,-0.036017,-3.311115,-1.520312,16.600323,-0.009584,0.023319,0.002349,-0.036765,0.005244,0.008502
