1582035998.883500,0.105633,0.035324,-0.191986,5.011829,-41.001136,34.484874,-0.003730,0.009419,-0.000190,0.003963,0.007176,-0.000470
1582035998.943605,0.106052,0.036197,-0.191592,5.021822,-40.988216,34.477938,0.004060,0.007567,-0.004718,-0.002295,-0.007639,0.006823
1582035998.973657,0.106041,0.035930,-0.191566,5.023356,-40.983221,34.477277,0.001956,0.004047,-0.002585,0.001039,0.005110,-0.000632
1582035998.998701,0.106055,0.036078,-0.191612,5.027303,-40.973360,34.474169,0.001122,0.004309,-0.004427,0.002010,0.005143,-0.002751
1582035999.048789,0.105543,0.035598,-0.191789,5.039198,-40.979978,34.462069,-0.002888,0.004943,-0.003731,-0.001009,-0.003219,-0.000689
1582035999.088858,0.105236,0.035663,-0.192013,5.041316,-40.959791,34.460375,-0.004733,0.006053,-0.005276,0.003022,0.009479,-0.007002
1582035999.103885,0.105584,0.036453,-0.191869,5.050593,-40.953579,34.447828,-0.000474,0.006623,-0.006793,-0.002135,0.004238,-0.001908
1582035999.158653,0.105576,0.036581,-0.191951,5.051898,-40.956232,34.445083,-0.000446,0.006688,-0.007959,-0.001183,-0.009594,-0.002934
1582035999.173679,0.105429,0.036196,-0.191820,5.053032,-40.963373,34.441461,0.000209,0.004955,-0.003827,0.002083,-0.010598,0.000206
1582035999.193715,0.105414,0.036315,-0.191865,5.054102,-40.970569,34.439349,0.000976,0.005048,-0.004227,0.005191,0.003215,0.000075
1582035999.208740,0.105350,0.035945,-0.191813,5.054219,-40.963648,34.445164,0.001552,0.003111,-0.003657,0.001064,0.007527,-0.000792
1582035999.223767,0.105368,0.036026,-0.191835,5.058511,-40.959496,34.442618,0.001980,0.003591,-0.004495,0.002117,0.006355,-0.001969
1582035999.233784,0.105379,0.036083,-0.191860,5.060368,-40.956506,34.441232,0.001344,0.003818,-0.005371,0.001052,0.001071,-0.001961
1582035999.258828,0.105286,0.035778,-0.191790,5.060218,-40.958630,34.438805,0.000477,0.002586,-0.001635,-0.000070,-0.007393,0.003444
1582035999.278863,0.105287,0.035614,-0.191791,5.064283,-40.962011,34.437071,0.000793,0.001595,-0.000789,0.000050,-0.003077,-0.000937
1582035999.293889,0.105287,0.035640,-0.191780,5.062321,-40.960707,34.438748,0.001285,0.001425,-0.000386,-0.001192,0.005355,-0.005004
1582035999.308915,0.105653,0.036596,-0.191740,5.066431,-40.955114,34.431657,0.006793,0.003445,-0.005392,0.001011,0.005377,0.000073
1582035999.323943,0.105732,0.036714,-0.191726,5.065347,-40.950851,34.433960,0.007668,0.002990,-0.005473,0.000926,0.002170,-0.005132
1582035999.343977,0.105527,0.036358,-0.191753,5.068216,-40.952000,34.429678,0.002067,0.001612,-0.003258,0.004180,-0.003079,-0.003024
1582035999.353994,0.105548,0.036396,-0.191771,5.071098,-40.956782,34.426701,0.001963,0.001447,-0.003806,-0.000115,-0.008449,0.001206
1582035999.374029,0.105381,0.035958,-0.191752,5.069414,-40.959260,34.425136,0.000817,0.000431,-0.001652,-0.000086,-0.000929,-0.003053
1582035999.394064,0.105404,0.035991,-0.191765,5.070351,-40.956848,34.425586,0.001762,0.000726,-0.002358,0.000986,0.005419,0.004466
1582035999.409090,0.105626,0.036708,-0.191789,5.071478,-40.954182,34.422391,0.004077,0.002985,-0.005746,-0.001192,0.006373,-0.001967
1582035999.434134,0.105705,0.036870,-0.191861,5.071886,-40.953387,34.418279,0.003264,0.003080,-0.007249,-0.001212,-0.001029,-0.002104
1582035999.454169,0.105438,0.036307,-0.191930,5.071913,-40.955468,34.414089,-0.001214,0.001498,-0.004940,0.002928,-0.002059,0.001147
1582035999.459178,0.105452,0.036330,-0.191958,5.073190,-40.955399,34.414438,-0.000798,0.001502,-0.006446,-0.003217,0.001178,0.000073
1582035999.459178,0.105452,0.036330,-0.191958,5.073190,-40.955399,34.414438,-0.000798,0.001502,-0.006446,-0.003217,0.001178,0.000073
1582035999.509266,0.105219,0.035825,-0.191826,5.072786,-40.944742,34.406048,-0.001063,0.000185,-0.001536,-0.001217,-0.002006,-0.003170
1582035999.519284,0.105218,0.035829,-0.191845,5.072655,-40.946506,34.404785,-0.001174,0.000208,-0.001840,0.000877,-0.005169,-0.000999
1582035999.534309,0.105225,0.035842,-0.191875,5.074573,-40.952573,34.400870,-0.000800,0.000243,-0.002334,0.000838,-0.008381,-0.005212
1582035999.554344,0.105205,0.035926,-0.191809,5.077739,-40.953812,34.397284,0.000106,0.001083,-0.001032,-0.001302,0.001203,-0.007340
1582035999.564362,0.105200,0.035939,-0.191822,5.078046,-40.951812,34.396722,-0.000508,0.001302,-0.001363,0.000849,0.005443,-0.002991
1582035999.584396,0.105089,0.035606,-0.191929,5.074707,-40.944981,34.399827,-0.000014,0.000989,-0.001427,-0.000290,0.006469,0.005452
1582035999.614449,0.105116,0.035498,-0.191917,5.070562,-40.944284,34.405291,0.000159,0.000966,-0.000845,-0.002321,-0.005206,-0.001980
1582035999.634485,0.105113,0.035512,-0.191929,5.072787,-40.949904,34.401623,0.000203,0.000767,-0.000909,-0.001314,-0.002014,-0.003056
1582035999.695380,0.105125,0.035516,-0.191874,5.073810,-40.946547,34.400489,-0.000228,0.000760,-0.002212,-0.000186,0.003316,-0.000855
1582035999.695380,0.105125,0.035516,-0.191874,5.073810,-40.946547,34.400489,-0.000228,0.000760,-0.002212,-0.000186,0.003316,-0.000855
1582035999.725433,0.105124,0.035594,-0.191781,5.073062,-40.937692,34.396804,0.001678,0.001054,-0.000561,0.000791,0.001162,-0.000880
1582035999.735451,0.105127,0.035609,-0.191773,5.074172,-40.936745,34.394750,0.001579,0.001079,-0.000447,0.000766,0.001194,-0.005172
1582035999.760494,0.106095,0.036619,-0.191541,5.078370,-40.947029,34.389148,0.010174,-0.000020,-0.007386,-0.003476,-0.007278,-0.006228
1582035999.775521,0.106255,0.036746,-0.191524,5.078331,-40.952067,34.387579,0.011403,0.000389,-0.008507,0.001805,-0.000970,-0.003059
1582035999.795556,0.106590,0.037547,-0.191386,5.079740,-40.948794,34.386258,0.013330,0.002987,-0.008492,-0.001295,0.006448,-0.001951
1582035999.830617,0.106615,0.038140,-0.191410,5.085221,-40.940217,34.379347,0.010574,0.005281,-0.010791,-0.000178,-0.000983,-0.005175
1582035999.845644,0.106733,0.038332,-0.191408,5.086049,-40.943148,34.376443,0.010752,0.005294,-0.009234,-0.001334,-0.005368,-0.000827
1582035999.860670,0.106191,0.037323,-0.191398,5.084103,-40.947404,34.378760,0.004205,0.003531,-0.003121,0.000806,-0.005259,-0.003067
1582035999.870687,0.106254,0.037404,-0.191380,5.084759,-40.950395,34.378264,0.006691,0.002971,-0.004502,-0.001320,-0.005269,0.000200
1582035999.870687,0.106254,0.037404,-0.191380,5.084759,-40.950395,34.378264,0.006691,0.002971,-0.004502,-0.001320,-0.005269,0.000200
1582035999.930791,0.106951,0.037648,-0.191102,5.084957,-40.946978,34.378359,0.010303,0.002101,-0.006204,-0.004505,0.003252,0.000439
1582035999.950827,0.107039,0.038300,-0.191063,5.084754,-40.951969,34.378891,0.009113,0.005243,-0.008751,0.002947,-0.003228,-0.000769
1582035999.970862,0.107184,0.038542,-0.191069,5.084630,-40.951016,34.378202,0.009521,0.005155,-0.009631,0.001802,0.003148,0.000287
1582035999.985888,0.106636,0.037614,-0.191134,5.077988,-40.950821,34.382360,0.003491,0.003884,-0.003483,-0.000375,0.004171,0.000541
1582036000.010931,0.106683,0.037782,-0.191117,5.080378,-40.945769,34.381697,0.003643,0.003731,-0.003660,0.001793,0.003041,0.002494
1582036000.025959,0.106470,0.036793,-0.191250,5.082241,-40.949604,34.381857,0.000097,0.000227,-0.002175,-0.004461,-0.005339,-0.002759
1582036000.045994,0.106475,0.036803,-0.191250,5.083452,-40.954030,34.376878,0.000389,0.000265,0.000005,-0.003413,-0.003238,-0.001659
1582036000.066027,0.106310,0.036086,-0.191287,5.077064,-40.953871,34.382669,-0.002340,-0.001980,-0.000231,-0.000311,0.003074,-0.005931
1582036000.081055,0.106744,0.035547,-0.191229,5.076741,-40.950447,34.385001,0.000316,-0.006591,-0.000214,-0.000415,0.002026,-0.003678
1582036000.096081,0.106834,0.035488,-0.191220,5.077932,-40.949865,34.385168,0.002206,-0.006583,-0.001071,-0.001439,-0.002206,0.001590
1582036000.116116,0.106925,0.035039,-0.191215,5.075761,-40.955838,34.386084,0.000458,-0.007950,-0.000047,-0.002461,-0.004293,-0.001548
1582036000.131142,0.106998,0.034944,-0.191210,5.073674,-40.957202,34.386885,0.000720,-0.007914,0.000538,0.000656,0.002016,-0.001527
1582036000.146168,0.107081,0.034858,-0.191220,5.074602,-40.954188,34.386378,0.000577,-0.007885,-0.000853,0.001762,0.006210,-0.002556
1582036000.200152,0.107156,0.034631,-0.191821,5.073220,-40.946009,34.388272,-0.002232,-0.008167,-0.005916,0.004885,0.007366,-0.006811
1582036000.210169,0.107222,0.034581,-0.191878,5.072724,-40.945083,34.387689,-0.001588,-0.008387,-0.005272,-0.001589,0.001984,-0.000327
1582036000.230205,0.107191,0.034557,-0.192041,5.071237,-40.946501,34.387985,-0.004224,-0.007299,-0.007709,-0.000428,-0.004344,-0.001465
1582036000.250240,0.107305,0.034472,-0.192222,5.068385,-40.956245,34.390264,-0.004198,-0.007631,-0.007586,-0.001455,-0.006558,-0.000340
1582036000.265265,0.107557,0.035642,-0.192011,5.067242,-40.962338,34.387841,0.001995,-0.002676,-0.008481,-0.003689,0.001968,-0.001456
1582036000.275284,0.107634,0.035672,-0.192063,5.065820,-40.960564,34.387064,0.002627,-0.002644,-0.008940,0.001625,0.007223,-0.001442
1582036000.285300,0.107712,0.035703,-0.192115,5.068645,-40.955876,34.387089,0.003002,-0.002614,-0.009185,-0.003620,0.007233,-0.001422
1582036000.310344,0.107887,0.035272,-0.191855,5.064811,-40.945267,34.391193,0.003806,-0.003672,-0.007065,0.001642,0.000789,-0.001337
1582036000.330379,0.108183,0.036061,-0.191644,5.062861,-40.956139,34.391795,0.005774,-0.001035,-0.007607,0.002580,-0.006644,0.000846
1582036000.340397,0.108268,0.036128,-0.191698,5.062703,-40.960745,34.391157,0.004982,-0.000479,-0.009675,0.002539,-0.008746,0.000811
1582036000.360433,0.107899,0.035309,-0.191490,5.060348,-40.959740,34.396694,0.003687,-0.001306,-0.001817,-0.000549,0.006145,-0.003429
1582036000.375458,0.107966,0.035329,-0.191475,5.060349,-40.953781,34.396639,0.004443,-0.001682,-0.002109,0.001573,0.009300,-0.000079
1582036000.375458,0.107966,0.035329,-0.191475,5.060349,-40.953781,34.396639,0.004443,-0.001682,-0.002109,0.001573,0.009300,-0.000079
1582036000.405510,0.108264,0.034821,-0.191308,5.057722,-40.949392,34.400930,0.002634,-0.004470,-0.001548,0.002670,-0.000286,-0.005390
1582036000.420537,0.108268,0.034260,-0.191200,5.053996,-40.953314,34.403637,0.002216,-0.005958,0.001478,0.000530,-0.008637,0.002970
1582036000.435563,0.108328,0.034199,-0.191171,5.051738,-40.962550,34.405216,0.001546,-0.005844,0.001161,-0.003705,-0.007706,0.000078
1582036000.445580,0.108378,0.034164,-0.191158,5.052926,-40.963725,34.403805,0.001784,-0.005794,0.000368,-0.000456,-0.001283,0.003184
1582036000.460607,0.108272,0.033852,-0.191265,5.044482,-40.962707,34.411767,-0.000027,-0.004861,-0.000595,0.000395,0.007152,-0.001078
1582036000.485651,0.108395,0.033802,-0.191310,5.044194,-40.951065,34.413872,0.001489,-0.004579,-0.003686,0.000392,0.007173,0.003193
1582036000.485651,0.108395,0.033802,-0.191310,5.044194,-40.951065,34.413872,0.001489,-0.004579,-0.003686,0.000392,0.007173,0.003193
1582036000.510695,0.108723,0.035107,-0.191311,5.045141,-40.955183,34.415907,0.004552,0.000005,-0.005780,0.000540,-0.002381,-0.002224
1582036000.530730,0.108433,0.034754,-0.191181,5.042011,-40.962123,34.415408,0.003331,0.000315,-0.000540,0.000390,-0.002458,0.001116
1582036000.545756,0.108470,0.034785,-0.191159,5.042101,-40.962652,34.414235,0.003256,0.000340,-0.002134,0.001625,-0.000217,0.002115
1582036000.555773,0.108597,0.035526,-0.191261,5.041758,-40.964489,34.412388,0.004520,0.003257,-0.004891,-0.000611,0.001800,-0.003269
1582036000.575808,0.108675,0.035673,-0.191284,5.042992,-40.958763,34.412489,0.004762,0.003382,-0.006227,0.001553,0.003966,-0.001085
1582036000.585825,0.108659,0.036128,-0.191265,5.044191,-40.960669,34.409531,0.005267,0.005596,-0.007597,0.001511,0.005998,-0.002171
1582036000.610869,0.108733,0.036376,-0.191365,5.044421,-40.959322,34.408978,0.003081,0.006068,-0.009208,-0.000681,-0.004508,0.004257
1582036000.630904,0.108372,0.035536,-0.191263,5.038590,-40.962371,34.412384,0.001608,0.004257,-0.003923,0.000389,-0.000332,-0.003299
1582036000.650939,0.108368,0.035652,-0.191305,5.038356,-40.961859,34.412340,0.000749,0.004785,-0.004441,-0.003851,0.002819,-0.002148
1582036000.725036,0.108491,0.036208,-0.191334,5.042988,-40.960159,34.408959,0.002833,0.005124,-0.006062,0.000434,0.004940,-0.002163
1582036000.760098,0.108267,0.035522,-0.191256,5.043659,-40.961762,34.403402,-0.001108,0.002331,-0.001292,-0.002806,-0.003581,0.001056
1582036000.780132,0.108250,0.035572,-0.191288,5.042817,-40.965035,34.401977,-0.000332,0.002460,-0.002464,0.003602,0.000658,0.000963
1582036000.810185,0.108662,0.034668,-0.191085,5.039551,-40.964087,34.407961,0.003028,-0.003493,-0.001238,-0.002774,-0.000411,0.003127
1582036000.830220,0.108761,0.033912,-0.191099,5.043840,-40.963457,34.408885,0.000602,-0.006599,-0.001084,-0.001657,0.002772,0.000060
1582036000.860272,0.108830,0.033633,-0.191108,5.039787,-40.961870,34.416403,0.000705,-0.005662,-0.000909,0.000497,-0.003546,0.001214
1582036000.880308,0.108939,0.033574,-0.191126,5.039172,-40.964601,34.414820,0.002145,-0.005631,-0.002824,0.000385,0.000661,0.002125
1582036000.895334,0.108800,0.033200,-0.191127,5.035251,-40.964725,34.417159,-0.000780,-0.005565,0.000346,0.000415,-0.000334,0.002312
1582036000.910360,0.108847,0.033126,-0.191127,5.033928,-40.963871,34.418108,-0.000208,-0.005878,0.000369,0.001540,0.005933,-0.000964
1582036000.930395,0.109125,0.034443,-0.191223,5.035898,-40.961903,34.416544,0.003574,0.000301,-0.005400,-0.001677,0.003800,0.000082
1582036000.945421,0.109202,0.034506,-0.191239,5.036211,-40.960819,34.418888,0.004318,0.000201,-0.005335,0.002511,-0.003607,0.002285
1582036000.960448,0.108931,0.034060,-0.191165,5.033358,-40.965477,34.421603,0.001087,0.000121,-0.002142,0.000367,-0.005705,0.000104
1582036000.980482,0.108961,0.034100,-0.191189,5.030552,-40.971483,34.423476,0.001173,0.000850,-0.003229,-0.001794,-0.003570,0.005482
1582036000.995509,0.108809,0.033713,-0.191163,5.030973,-40.970508,34.428976,-0.000366,-0.000157,-0.000312,0.000440,0.000728,0.002301
1582036001.000517,0.108810,0.033713,-0.191166,5.029058,-40.972910,34.430237,-0.000369,-0.000112,-0.000464,-0.009154,-0.014253,0.004471
1582036001.025561,0.108695,0.033145,-0.191325,5.026452,-40.967766,34.435829,-0.003823,-0.001953,-0.002668,0.001473,0.001503,-0.001888
1582036001.040587,0.108690,0.033111,-0.191405,5.028818,-40.959161,34.433957,-0.004678,-0.001838,-0.003641,-0.006038,-0.020591,0.007724
1582036001.045596,0.108692,0.033101,-0.191429,5.027673,-40.965558,34.435049,-0.004253,-0.002044,-0.003525,0.003619,-0.010200,-0.001852
1582036001.045596,0.108692,0.033101,-0.191429,5.027673,-40.965558,34.435049,-0.004253,-0.002044,-0.003525,0.003619,-0.010200,-0.001852
1582036001.045596,0.108692,0.033101,-0.191429,5.027673,-40.965558,34.435049,-0.004253,-0.002044,-0.003525,0.003619,-0.010200,-0.001852
1582036001.095684,0.109093,0.034470,-0.191376,5.030288,-40.974886,34.433735,0.001028,0.003526,-0.009577,-0.000553,0.011282,-0.003028
1582036001.110710,0.109133,0.034578,-0.191478,5.027102,-40.976466,34.435644,0.000126,0.003652,-0.009893,0.001515,0.015447,-0.002008
1582036001.125736,0.109176,0.034692,-0.191584,5.027439,-40.974844,34.435045,0.000564,0.003780,-0.010257,-0.004884,-0.013324,0.001300
1582036001.135754,0.108926,0.034143,-0.191239,5.029239,-40.971993,34.436900,0.001744,0.002847,-0.003806,0.001619,0.009164,-0.001891
1582036001.150780,0.108940,0.034217,-0.191242,5.024963,-40.975582,34.438588,0.002555,0.003461,-0.002956,0.003531,0.005834,0.000209
1582036001.204638,0.108877,0.033833,-0.191196,5.018117,-40.977506,34.445453,0.001009,0.002061,-0.003773,-0.003754,-0.009021,-0.000703
1582036001.219664,0.108926,0.033914,-0.191211,5.017074,-40.977473,34.445664,0.003782,0.002216,-0.005325,-0.003790,-0.006788,0.004461
1582036001.234691,0.108808,0.033498,-0.191141,5.017103,-40.971441,34.449397,0.001891,0.001328,0.000307,0.000477,0.008136,0.002308
1582036001.254726,0.108803,0.033525,-0.191134,5.017597,-40.970549,34.448798,0.000386,0.001413,-0.000331,0.004754,0.004900,-0.004124
1582036001.269752,0.108805,0.033209,-0.191185,5.015593,-40.970315,34.451019,-0.001432,0.000469,-0.001485,0.001558,0.008043,-0.002952
1582036001.289787,0.108816,0.033230,-0.191216,5.016137,-40.972306,34.449346,-0.000190,0.000518,-0.002445,0.001475,-0.004655,-0.001931
1582036001.304813,0.108792,0.032946,-0.191192,5.016878,-40.977298,34.444614,-0.001175,-0.000619,0.000208,0.000434,-0.005756,-0.002948
1582036001.319839,0.108783,0.032940,-0.191212,5.019477,-40.977696,34.441002,-0.001425,0.000034,-0.000299,-0.002689,-0.000378,-0.000828
1582036001.334865,0.109106,0.034231,-0.191282,5.021522,-40.978520,34.440578,0.003345,0.004384,-0.006635,0.000318,0.008046,0.002335
1582036001.354901,0.109174,0.034398,-0.191345,5.020070,-40.971678,34.440972,0.003615,0.004370,-0.008269,-0.001766,0.004811,-0.004026
1582036001.374936,0.108880,0.033584,-0.191305,5.019847,-40.969147,34.439379,0.000252,0.002582,-0.004043,0.001582,-0.000439,-0.002982
1582036001.389962,0.108889,0.033645,-0.191347,5.019887,-40.972356,34.436994,0.000279,0.002770,-0.004411,0.002547,-0.003667,-0.002947
1582036001.404988,0.109105,0.034569,-0.191279,5.024210,-40.978824,34.431111,0.003785,0.005220,-0.006516,-0.000579,-0.008020,0.000212
1582036001.420014,0.109132,0.034693,-0.191308,5.023542,-40.980195,34.430712,0.003210,0.005356,-0.006193,-0.002803,-0.000561,-0.000889
1582036001.435041,0.108888,0.034102,-0.191175,5.021940,-40.976360,34.432704,0.001107,0.003867,-0.001747,-0.002694,0.006924,0.001247
1582036001.455075,0.108889,0.034200,-0.191156,5.018584,-40.966368,34.434341,0.001360,0.004132,-0.001808,-0.003797,0.004830,0.005440
1582036001.470102,0.108831,0.033690,-0.191151,5.017420,-40.965479,34.440593,0.002283,0.002047,-0.000819,0.000512,0.000583,-0.001791
1582036001.490137,0.108845,0.033758,-0.191136,5.016579,-40.973079,34.438987,0.002642,0.002619,-0.001632,-0.003814,-0.010040,0.005561
1582036001.500154,0.108785,0.033354,-0.191143,5.017949,-40.978744,34.437746,-0.000441,0.000812,-0.000561,-0.000533,-0.010054,0.004417
1582036001.520189,0.108797,0.033389,-0.191132,5.018304,-40.983734,34.438239,0.001669,0.001067,-0.000886,-0.003712,0.000538,-0.001882
1582036001.530207,0.108807,0.033410,-0.191125,5.018263,-40.982204,34.438540,0.002707,0.001162,-0.001293,0.000603,0.007948,-0.000781
1582036001.545233,0.109065,0.034181,-0.191360,5.020487,-40.976941,34.440594,0.001953,0.002350,-0.006045,-0.001545,0.004771,-0.000916
1582036001.565268,0.108956,0.033831,-0.191247,5.021601,-40.972528,34.443803,0.001271,0.001406,-0.003054,-0.005751,0.002615,0.000278
1582036001.580294,0.108987,0.033971,-0.191524,4.907428,-40.954583,34.517512,-0.007433,0.005335,-0.020798,-0.271282,0.148918,0.227486
1582036001.595321,0.108989,0.034100,-0.191708,4.495779,-40.952403,34.782217,-0.009441,0.005965,-0.014826,-0.183091,-0.294926,0.156230
1582036001.610347,0.108953,0.033910,-0.193180,4.544938,-41.422257,34.727526,-0.043707,0.008580,-0.069848,0.112958,-0.597927,-0.094889
1582036001.620364,0.108997,0.033776,-0.192937,4.638485,-41.684579,34.651314,-0.016474,-0.002344,-0.025287,0.016786,-0.285959,-0.020016
1582036001.640399,0.109181,0.030494,-0.191900,4.434036,-41.541424,34.789453,-0.001293,-0.010637,-0.005429,-0.091306,0.280597,0.064587
1582036001.655426,0.109303,0.030273,-0.191925,4.400675,-41.321688,34.818922,0.001156,-0.015322,0.000450,0.035926,0.229479,-0.031816
1582036001.670452,0.110821,0.031451,-0.192053,4.499803,-41.250335,34.761777,0.009283,-0.016746,-0.008072,0.029349,0.191288,-0.020839
1582036001.744566,0.111354,0.030955,-0.192682,4.235152,-41.166926,34.937034,-0.000772,-0.011668,-0.015193,-0.181849,-0.208440,0.153157
1582036001.764601,0.111639,0.030888,-0.193508,3.291495,-41.287619,35.493964,-0.030527,-0.014743,-0.050319,-0.571257,-0.348068,0.352623
1582036001.769610,0.110407,0.031827,-0.193201,3.158792,-41.421518,35.543959,-0.025573,-0.008457,-0.032365,-0.312499,-0.688246,0.112141
1582036001.799663,0.110429,0.031471,-0.193549,3.171957,-42.428327,35.334512,0.001700,-0.005732,0.011680,0.056155,-0.583617,-0.057113
1582036001.809680,0.109278,0.030988,-0.194289,3.203518,-42.519134,35.329433,-0.022392,0.004674,-0.021939,-0.033591,0.089425,0.021875
1582036001.834724,0.108680,0.031897,-0.193541,2.995087,-41.770200,35.466698,0.018751,0.006397,0.009044,-0.017565,0.747297,0.004947
1582036001.849750,0.108651,0.031994,-0.193517,2.981409,-41.270845,35.492032,0.002477,0.006022,-0.001004,0.019831,0.373744,-0.016342
1582036001.859767,0.108624,0.032054,-0.193538,3.003719,-41.141584,35.484062,-0.003196,0.006344,-0.004218,0.050673,0.091481,-0.037634
1582036001.869785,0.107439,0.031268,-0.193684,3.061628,-41.225380,35.451261,-0.018897,0.009365,0.000151,0.069763,-0.055689,0.011197
1582036001.869785,0.107439,0.031268,-0.193684,3.061628,-41.225380,35.451261,-0.018897,0.009365,0.000151,0.069763,-0.055689,0.011197
1582036001.904846,0.105776,0.027711,-0.193790,2.923814,-42.429330,36.334439,-0.091593,-0.038656,0.068597,0.273645,-0.297809,0.451762
1582036001.919872,0.105106,0.026482,-0.193958,2.857314,-42.403998,36.663685,-0.078860,-0.044172,0.058096,0.071774,0.391388,0.111727
1582036001.939907,0.104269,0.026698,-0.194004,2.749693,-42.030410,36.702177,-0.029129,-0.014475,0.001380,-0.184717,0.330347,-0.038881
1582036001.954933,0.104149,0.026446,-0.194234,2.616342,-41.817879,36.647205,-0.019711,-0.002978,-0.005119,-0.147765,0.124657,-0.067373
1582036001.969960,0.102109,0.025956,-0.193945,2.576205,-41.950906,36.679695,-0.031819,0.014040,0.016643,-0.022785,-0.255063,0.006120
1582036001.984986,0.101564,0.025891,-0.194079,2.558771,-42.346955,36.685368,-0.033857,0.023076,0.018043,-0.014177,-0.468059,0.038339
1582036002.000012,0.100457,0.025354,-0.194086,2.485323,-42.461526,36.717115,-0.035020,0.010594,0.023787,-0.060829,-0.005944,0.081830
1582036002.010030,0.100152,0.025144,-0.194061,2.397419,-42.425906,36.777235,-0.028138,0.002328,0.025749,-0.094124,0.147459,0.049847
1582036002.025056,0.099682,0.024899,-0.194113,2.236493,-42.217524,36.862706,-0.026934,0.007682,0.018400,-0.128669,0.161668,0.077793
1582036002.035073,0.102155,0.025394,-0.193375,2.153333,-42.233244,36.912703,-0.020584,0.008139,0.002730,-0.092117,0.094789,0.078759
1582036002.055109,0.101755,0.025340,-0.193608,2.030386,-42.119841,36.993142,-0.021777,0.011461,0.002721,-0.035631,-0.001289,0.022207
1582036002.075144,0.104325,0.026530,-0.192656,1.975488,-42.233998,37.019540,-0.001999,0.003267,0.000469,-0.043058,-0.034404,0.037249
1582036002.090170,0.104297,0.026575,-0.192615,1.931214,-42.244624,37.044573,0.003857,0.003731,0.003198,-0.031391,-0.031975,0.022180
1582036002.110205,0.105938,0.027329,-0.191404,1.919232,-42.407231,37.044621,0.015951,-0.000342,0.006742,0.027418,-0.266922,-0.026990
1582036002.125231,0.106087,0.027275,-0.191164,1.956732,-42.569088,37.034838,0.015735,-0.009766,0.009910,0.061626,-0.035737,0.054000
1582036002.145266,0.106908,0.024943,-0.190957,1.804070,-42.659712,37.339328,-0.020950,-0.047853,0.014997,0.089480,-0.070946,0.315408
1582036002.175318,0.106630,0.023178,-0.190128,1.639964,-42.890027,38.316281,-0.043795,-0.026008,0.046327,0.538356,-0.322194,0.653638
1582036002.229073,0.106286,0.022835,-0.190221,1.465169,-44.045989,38.869107,-0.033183,0.002244,0.020262,0.029731,-2.748292,0.246573
1582036002.249108,0.107618,0.025669,-0.192918,1.696067,-47.648400,39.048724,-0.032227,-0.010783,-0.023089,0.715526,-2.812739,0.196263
1582036002.274152,0.107827,0.025601,-0.193940,2.337402,-50.577700,39.384445,-0.014267,-0.003239,-0.025579,0.409808,-1.180913,0.292098
1582036002.294187,0.105061,0.025021,-0.195818,2.165498,-51.924307,40.148079,0.025492,0.011869,0.004186,0.448042,-2.376237,0.560022
1582036002.314221,0.101916,0.026631,-0.198289,2.017905,-55.539513,41.081609,-0.027023,0.053239,0.011293,0.400207,-2.587354,0.520784
1582036002.334257,0.100988,0.026894,-0.198598,2.169027,-57.321348,41.207205,-0.027737,0.025480,0.012132,0.158940,-1.066815,-0.142432
1582036002.354292,0.101873,0.027557,-0.197000,2.699439,-58.170153,40.837379,0.004468,0.032112,0.017205,0.253702,-1.113580,-0.113292
1582036002.379335,0.101194,0.026949,-0.195976,4.448394,-60.254464,39.894164,0.026044,0.028523,0.066674,1.061492,-0.683137,-0.444241
1582036002.394361,0.100359,0.026731,-0.195042,6.432775,-60.551474,38.933730,0.030759,0.034872,0.079874,1.598190,-0.349151,-0.583090
1582036002.409388,0.102489,0.026337,-0.194316,8.763533,-60.737982,37.860130,0.031573,0.034033,0.057692,1.748029,-0.072423,-0.539999
1582036002.424414,0.101697,0.026218,-0.193298,10.501021,-60.172946,37.454218,0.028037,0.039932,0.069501,1.478400,1.521699,-0.121820
1582036002.434431,0.101082,0.026086,-0.192672,10.970824,-59.001877,37.869210,0.019694,0.042745,0.075114,1.448471,2.392970,0.052037
1582036002.449458,0.102820,0.024143,-0.190021,11.590698,-57.331128,38.623120,-0.014281,0.056256,0.077672,1.710412,1.681489,0.087879
1582036002.474501,0.100576,0.023561,-0.187951,13.982011,-55.758618,39.629948,-0.047032,0.128323,0.128023,2.774270,1.883648,0.276846
1582036002.489528,0.097857,0.023053,-0.186928,15.418972,-53.926126,40.853232,-0.033442,0.139089,0.154281,2.748539,2.581557,0.171414
1582036002.499545,0.095922,0.022599,-0.185999,16.280555,-52.397571,41.661768,-0.027644,0.147612,0.171774,2.516874,2.960639,-0.013263
1582036002.514571,0.095026,0.022803,-0.186087,17.409486,-49.722091,42.680451,-0.003496,0.109762,0.154131,2.299329,3.280152,-0.278849
1582036002.534606,0.092655,0.021927,-0.183890,19.128821,-46.224510,43.579779,0.012828,0.086888,0.139908,1.922791,2.595827,-0.570612
1582036002.544624,0.092182,0.021925,-0.182097,20.032357,-45.152812,43.935888,0.006294,0.130640,0.097338,1.769143,1.573252,-0.131664
1582036002.564659,0.089229,0.021707,-0.179916,21.156820,-43.377445,45.178802,-0.005625,0.157603,0.110224,1.820535,2.538683,0.258187
1582036002.579685,0.087830,0.020892,-0.178109,21.933357,-40.661465,46.643543,-0.022241,0.161012,0.112704,2.046635,3.221703,-0.078249
1582036002.594711,0.085914,0.020596,-0.176166,22.922335,-38.093727,47.885365,-0.000584,0.141014,0.121044,2.015000,3.070802,-0.132665
1582036002.609738,0.084927,0.021039,-0.174883,23.895116,-35.799690,48.941324,0.037270,0.119575,0.137755,1.849180,3.150896,-0.161525
1582036002.624764,0.083706,0.020373,-0.172037,24.735558,-32.769903,50.388229,0.043234,0.112058,0.189783,1.971321,4.249988,-0.295592
1582036002.634781,0.083135,0.019748,-0.169805,25.385709,-30.403459,51.226904,0.045699,0.099183,0.227537,1.753878,4.181878,-1.152991
1582036002.644799,0.083629,0.020098,-0.168053,26.250798,-27.766560,51.287392,0.073366,0.085092,0.261185,1.315126,4.646706,-2.596989
1582036002.664834,0.084025,0.019328,-0.162456,27.514677,-21.667691,50.272015,0.098896,0.087618,0.263617,0.100021,3.346326,-3.337900
1582036002.723770,0.084894,0.019484,-0.158772,27.534797,-18.527280,48.361526,0.118571,0.100995,0.241399,-1.244225,0.522523,-2.549071
1582036002.738796,0.085841,0.019424,-0.154332,26.669515,-17.538047,46.481517,0.143436,0.062943,0.275715,-2.084722,-0.263376,-2.344924
1582036002.763840,0.087263,0.016529,-0.144216,24.115510,-16.964131,42.675266,0.167820,-0.020427,0.371097,-3.397231,-2.035742,-2.564904
1582036002.783875,0.088053,0.016138,-0.140092,21.041942,-17.531475,39.261679,0.176457,-0.030363,0.335752,-4.130143,-1.911270,-2.233911
1582036002.803910,0.091212,0.015192,-0.133685,17.046209,-19.235399,35.923192,0.207727,-0.039111,0.267180,-4.543944,-2.769762,-1.909677
1582036002.818936,0.090108,0.016554,-0.129042,14.196492,-21.338124,33.699701,0.188045,0.006394,0.217189,-4.145849,-3.234632,-1.299159
1582036002.833963,0.091572,0.016784,-0.125116,11.620825,-23.357912,32.199313,0.178692,0.011503,0.201501,-3.045095,-1.962484,-0.891378
1582036002.848989,0.092063,0.014935,-0.117831,10.064432,-24.118502,31.117945,0.187538,0.016351,0.233847,-1.531073,-0.531301,-0.788977
1582036002.859006,0.092808,0.015149,-0.114948,9.654077,-24.014958,30.686262,0.184840,0.024172,0.230861,-0.530355,0.492501,-0.606519
1582036002.874032,0.094295,0.015448,-0.110467,9.886906,-23.225621,30.399982,0.198775,0.019245,0.234705,0.721086,1.249174,-0.307680
1582036002.894067,0.098877,0.016438,-0.110081,10.880384,-22.222597,30.335826,0.217758,-0.003492,0.190502,1.637632,1.356297,0.045664
1582036002.909094,0.101093,0.016902,-0.106232,12.189267,-21.224811,30.615178,0.229682,-0.011562,0.194087,1.494153,1.043348,-0.033353
1582036002.919111,0.098010,0.015547,-0.105310,12.712959,-20.830244,30.497707,0.233296,-0.005575,0.184966,1.139409,0.624404,-0.163954
1582036002.924120,0.098807,0.015749,-0.104049,13.016428,-20.678738,30.484007,0.239074,-0.004243,0.185906,0.945156,0.396274,-0.149032
1582036002.944155,0.101198,0.016666,-0.098368,13.800436,-20.658673,30.364021,0.217524,0.031449,0.241360,0.436304,-0.077934,-0.114665
1582036002.969199,0.095956,0.015274,-0.091363,14.454949,-20.311277,29.817414,0.186379,0.042983,0.347716,0.198421,0.199263,-0.684888
1582036002.984225,0.099066,0.017003,-0.087093,14.887218,-19.892794,29.234450,0.230943,0.048621,0.354123,0.001215,0.180296,-0.834304
1582036002.999251,0.100870,0.017301,-0.080922,14.953862,-19.502204,28.590675,0.255531,0.053348,0.360491,-0.337222,0.417002,-0.713647
1582036003.014278,0.102752,0.017640,-0.074465,14.827604,-19.000768,28.144641,0.260103,0.057913,0.369914,-0.233656,0.538385,-0.530041
1582036003.029304,0.101865,0.018346,-0.067406,14.850965,-18.371663,27.997479,0.246158,0.069830,0.390899,0.082355,0.702238,-0.252720
1582036003.039321,0.103009,0.018568,-0.062848,14.959579,-18.013407,28.005814,0.248981,0.070509,0.398222,0.298901,0.479398,-0.046690
1582036003.059356,0.104560,0.018753,-0.050899,15.363396,-17.722037,28.191884,0.266400,0.062507,0.429054,0.362835,0.247064,0.261680
1582036003.074382,0.106532,0.018837,-0.043414,15.465767,-17.296023,28.644058,0.261420,0.059213,0.448042,0.171747,0.840136,0.408054
1582036003.089408,0.107383,0.019168,-0.035595,15.347593,-16.636005,29.074469,0.248074,0.063735,0.451061,0.058761,0.719154,0.330951
1582036003.104435,0.109233,0.019205,-0.027992,15.276778,-16.201770,29.419505,0.246482,0.064152,0.455958,-0.031915,0.434923,0.146311
1582036003.119461,0.111599,0.021958,-0.020378,15.177576,-15.924372,29.515034,0.276799,0.069255,0.433787,-0.248592,0.386527,-0.060701
1582036003.119461,0.111599,0.021958,-0.020378,15.177576,-15.924372,29.515034,0.276799,0.069255,0.433787,-0.248592,0.386527,-0.060701
1582036003.119461,0.111599,0.021958,-0.020378,15.177576,-15.924372,29.515034,0.276799,0.069255,0.433787,-0.248592,0.386527,-0.060701
1582036003.164540,0.118344,0.026811,0.000660,14.374775,-15.560278,29.416264,0.288454,0.079677,0.397551,-0.365865,-0.289528,0.017200
1582036003.184575,0.118419,0.029648,0.010130,14.000483,-15.884461,29.494179,0.261811,0.082684,0.381561,-0.313674,-0.393587,0.228652
1582036003.233495,0.119725,0.030252,0.014545,13.764004,-16.072988,29.623284,0.256349,0.078323,0.371616,-0.394796,-0.095270,0.343960
1582036003.253530,0.122130,0.031442,0.022766,13.109026,-16.078988,30.109137,0.232175,0.069836,0.333666,-0.432224,0.191138,0.431461
1582036003.263548,0.116859,0.032631,0.025525,12.817147,-16.001737,30.349183,0.192004,0.084911,0.317525,-0.324365,0.147690,0.402662
1582036003.268557,0.117224,0.032918,0.027347,12.696552,-15.991472,30.472537,0.186131,0.082714,0.309363,-0.280621,0.107331,0.381466
1582036003.268557,0.117224,0.032918,0.027347,12.696552,-15.991472,30.472537,0.186131,0.082714,0.309363,-0.280621,0.107331,0.381466
1582036003.308627,0.116593,0.035455,0.040358,11.954040,-16.151949,31.430906,0.131496,0.055685,0.244044,-0.328685,0.042823,0.388944
1582036003.323653,0.115434,0.034376,0.044319,11.451960,-16.162818,31.756102,0.111049,0.048117,0.232018,-0.544229,0.032989,0.309014
1582036003.338679,0.115803,0.034654,0.048004,10.866754,-16.130441,32.010888,0.088327,0.043690,0.213739,-0.626336,0.109550,0.229071
1582036003.358714,0.114052,0.034704,0.052284,10.114643,-16.042399,32.276407,0.049509,0.033510,0.165980,-0.637100,0.107408,0.125564
1582036003.378749,0.114070,0.034771,0.055168,9.442332,-16.010722,32.358294,0.030691,0.018787,0.108694,-0.483432,-0.016709,0.011303
1582036003.393775,0.112119,0.033457,0.056583,9.050592,-16.020364,32.383914,0.013799,0.008698,0.078111,-0.423801,0.051120,-0.009884
1582036003.418818,0.112672,0.030418,0.056832,8.418588,-15.796235,32.483964,-0.016344,-0.026292,0.000114,-0.348128,0.273844,0.031834
1582036003.428837,0.112691,0.030101,0.056578,8.234257,-15.625465,32.529191,-0.026113,-0.033775,-0.031745,-0.255216,0.331106,0.038216
1582036003.448872,0.112744,0.029343,0.054780,7.957349,-15.178756,32.665750,-0.052774,-0.054068,-0.111947,-0.203951,0.518946,0.051053
1582036003.448872,0.112744,0.029343,0.054780,7.957349,-15.178756,32.665750,-0.052774,-0.054068,-0.111947,-0.203951,0.518946,0.051053
1582036003.468907,0.115483,0.025165,0.050572,7.640506,-14.586913,32.795474,-0.076024,-0.096672,-0.202143,-0.233995,0.606895,0.039294
1582036003.493951,0.117421,0.022211,0.044491,7.311623,-13.731938,32.928090,-0.103890,-0.134640,-0.306284,-0.169934,0.548681,-0.031137
1582036003.508977,0.117957,0.020756,0.038938,7.162663,-13.353405,32.926075,-0.114341,-0.153794,-0.371000,-0.184886,0.260270,-0.081222
1582036003.524003,0.087324,0.098390,0.029013,7.020331,-13.169638,32.854740,-0.118386,-0.177241,-0.421119,-0.182657,0.294993,-0.162487
1582036003.539029,0.088121,0.096758,0.021840,6.874276,-12.677568,32.737133,-0.125261,-0.183651,-0.476972,-0.172203,0.702753,-0.240232
1582036003.554054,0.089707,0.094825,0.019356,6.863409,-12.055828,32.587556,-0.134092,-0.183061,-0.511834,0.054169,0.685503,-0.304493
1582036003.574090,0.090733,0.092610,0.007750,7.124353,-11.193864,32.343096,-0.134318,-0.196933,-0.578591,0.302782,0.752356,-0.273506
1582036003.589117,0.092010,0.090157,0.001858,7.412780,-10.481497,32.219459,-0.126891,-0.210576,-0.593739,0.364733,0.878856,-0.239495
1582036003.609152,0.093224,0.087796,-0.011116,7.843800,-9.599265,32.072061,-0.123183,-0.219745,-0.629541,0.359323,0.523320,-0.232006
1582036003.624178,0.095072,0.084619,-0.015390,8.182147,-9.234953,31.875575,-0.110062,-0.215773,-0.601654,0.419179,0.239424,-0.286416
1582036003.644213,0.096191,0.082380,-0.027938,8.703072,-8.887528,31.637310,-0.109055,-0.211474,-0.580320,0.351046,0.455929,-0.169022
1582036003.664248,0.096019,0.077556,-0.034745,8.906007,-8.069109,31.654093,-0.135807,-0.202726,-0.505444,-0.007453,0.807014,-0.087078
1582036003.679274,0.096053,0.075472,-0.042807,8.831800,-7.308829,31.665453,-0.146287,-0.193550,-0.487257,-0.107820,0.857050,-0.150125
1582036003.732997,0.094663,0.074863,-0.046244,8.822283,-6.723039,31.599117,-0.153631,-0.176114,-0.441700,-0.025513,0.514572,-0.121229
1582036003.753032,0.093929,0.071843,-0.055335,8.811891,-6.327602,31.658264,-0.170732,-0.173239,-0.396353,-0.017080,0.279084,0.123381
1582036003.763050,0.092183,0.069099,-0.057916,8.800673,-6.140309,31.777704,-0.203008,-0.158280,-0.350003,-0.057590,0.351166,0.206408
1582036003.783085,0.089975,0.065351,-0.065052,8.684452,-5.828188,32.080905,-0.249813,-0.142992,-0.284588,-0.067209,0.117924,0.189247
1582036003.798111,0.084052,0.057444,-0.070203,8.619614,-5.764295,32.169826,-0.296910,-0.128003,-0.217556,-0.086405,-0.048179,0.070797
1582036003.813138,0.081063,0.054020,-0.073616,8.507115,-5.817425,32.157750,-0.328181,-0.108313,-0.150484,-0.182462,-0.105056,-0.049791
1582036003.833173,0.074315,0.043746,-0.075996,8.274115,-6.022016,32.066773,-0.397880,-0.062983,-0.054763,-0.217640,-0.316393,-0.137185
1582036003.848199,0.069161,0.039880,-0.076958,8.087209,-6.274992,31.821026,-0.452477,-0.024320,0.021466,-0.299747,-0.293071,-0.365442
1582036003.853208,0.067309,0.038556,-0.077052,8.005014,-6.330805,31.690494,-0.462907,-0.018169,0.046726,-0.380766,-0.212493,-0.473384
1582036003.853208,0.067309,0.038556,-0.077052,8.005014,-6.330805,31.690494,-0.462907,-0.018169,0.046726,-0.380766,-0.212493,-0.473384
1582036003.898286,0.047119,0.017625,-0.073322,6.135656,-6.778460,29.892411,-0.559906,0.019452,0.255681,-1.030924,-0.473328,-0.790343
1582036003.913313,0.039081,0.013473,-0.070498,5.337847,-7.111889,29.167591,-0.590129,0.056682,0.288241,-1.026693,-0.357907,-0.781833
1582036003.928339,0.029684,0.004925,-0.066786,4.585271,-7.281735,28.470429,-0.617064,0.072569,0.317307,-0.958867,-0.334337,-0.839490
1582036003.943365,0.020958,0.001069,-0.063355,3.978463,-7.637878,27.726812,-0.606435,0.081461,0.317719,-0.652472,-0.571307,-0.782977
1582036003.958391,0.011908,-0.002507,-0.059626,3.595466,-8.023028,27.077798,-0.605125,0.096035,0.336739,-0.512687,-0.378102,-0.617594
1582036003.963400,0.008790,-0.007675,-0.062460,3.418857,-8.115436,26.898262,-0.625839,0.071336,0.320186,-0.566217,-0.310231,-0.534379
1582036003.993453,-0.010560,-0.015147,-0.055612,2.393332,-8.691939,26.105620,-0.667764,0.090711,0.319021,-0.671922,-0.558455,-0.483081
1582036004.008479,-0.019905,-0.020431,-0.058457,1.890025,-9.256452,25.512873,-0.688465,0.083626,0.287912,-0.590090,-0.754597,-0.723425
1582036004.023505,-0.029382,-0.024013,-0.056330,1.581153,-9.927302,24.786385,-0.660196,0.067944,0.261246,-0.436180,-0.766359,-0.862236
1582036004.038531,-0.037935,-0.027722,-0.057271,1.356133,-10.456750,24.054605,-0.638775,0.046983,0.229395,-0.391591,-0.641211,-0.743736
1582036004.053558,-0.047262,-0.031280,-0.055800,1.178109,-11.061778,23.456570,-0.629768,0.032832,0.211899,-0.284868,-0.826987,-0.645385
1582036004.063575,-0.053355,-0.033626,-0.054998,1.099563,-11.554876,23.035188,-0.619612,0.024973,0.200616,-0.290207,-0.883326,-0.779932
1582036004.083610,-0.062757,-0.038453,-0.056875,0.986889,-12.620369,21.918708,-0.558366,-0.003715,0.149987,-0.212392,-1.070975,-1.119580
1582036004.098636,-0.069258,-0.042711,-0.058144,1.083546,-13.558917,20.882022,-0.509199,-0.039449,0.130037,-0.088600,-1.147546,-1.140031
1582036004.113663,-0.076031,-0.045957,-0.058058,1.276361,-14.439639,19.853444,-0.459284,-0.049889,0.118862,-0.052364,-0.940560,-1.132475
1582036004.133697,-0.083094,-0.051351,-0.058379,1.573087,-15.582114,18.493267,-0.370617,-0.074491,0.097669,0.028728,-1.098057,-1.194618
1582036004.148724,-0.087540,-0.054018,-0.058395,2.007192,-16.456529,17.360579,-0.290445,-0.077056,0.085285,0.249813,-1.037485,-1.281084
1582036004.163750,-0.090441,-0.056884,-0.059305,2.599934,-17.194868,16.145451,-0.199593,-0.084284,0.075130,0.283978,-0.706567,-1.309060
1582036004.183785,-0.092948,-0.059352,-0.058759,3.265411,-17.859728,14.674633,-0.081318,-0.077936,0.069861,0.099385,-0.599585,-1.004775
1582036004.237430,-0.091236,-0.060358,-0.060091,3.513233,-18.350362,13.887884,0.024929,-0.073118,0.054424,-0.031769,-0.433179,-0.656095
1582036004.257464,-0.089315,-0.061112,-0.058813,3.704440,-18.696804,13.352180,0.164084,-0.047324,0.024413,0.119815,-0.247632,-0.221609
1582036004.257464,-0.089315,-0.061112,-0.058813,3.704440,-18.696804,13.352180,0.164084,-0.047324,0.024413,0.119815,-0.247632,-0.221609
1582036004.257464,-0.089315,-0.061112,-0.058813,3.704440,-18.696804,13.352180,0.164084,-0.047324,0.024413,0.119815,-0.247632,-0.221609
1582036004.302544,-0.077379,-0.044826,-0.061495,4.406280,-19.394656,13.521934,0.446047,0.059914,-0.076837,0.411320,-0.055671,0.435956
1582036004.317569,-0.070759,-0.042082,-0.060003,4.585099,-19.298670,13.955699,0.520503,0.072246,-0.073944,0.321651,0.317992,0.489300
1582036004.337605,-0.063537,-0.027023,-0.062916,4.680222,-18.828445,14.584328,0.603571,0.147525,-0.128398,0.266318,0.630828,0.529011
1582036004.357640,-0.051825,-0.020447,-0.061110,4.845464,-18.036707,15.294699,0.686383,0.163783,-0.138186,0.392294,0.854650,0.510868
1582036004.372666,-0.047137,-0.007806,-0.061883,5.038986,-17.317495,15.825746,0.733639,0.216491,-0.159200,0.331731,1.035216,0.512187
1582036004.392701,-0.033451,0.001014,-0.060235,5.157445,-16.288067,16.656895,0.805500,0.217894,-0.173562,0.318860,0.856888,0.742708
1582036004.407728,-0.028280,0.013746,-0.065360,5.263614,-15.615257,17.465731,0.824354,0.256140,-0.214962,0.447132,0.970881,0.861334
1582036004.422754,-0.017187,0.021627,-0.064769,5.431054,-14.837514,18.402328,0.865132,0.250912,-0.213297,0.468547,1.013234,1.072646
1582036004.437779,-0.011426,0.033715,-0.067942,5.508050,-14.001147,19.505339,0.865961,0.272184,-0.229829,0.355567,1.062362,1.237330
1582036004.452805,-0.000194,0.042397,-0.067802,5.484802,-13.195644,20.727777,0.888825,0.256912,-0.228208,0.257534,1.049731,1.326951
1582036004.467833,0.005956,0.054668,-0.069555,5.418516,-12.338307,21.986769,0.882235,0.278022,-0.244751,0.230757,1.262085,1.388215
1582036004.487867,0.020499,0.067235,-0.070283,5.513402,-10.984620,23.788975,0.891556,0.269083,-0.249218,0.598038,1.244094,1.403169
1582036004.502894,0.027149,0.080334,-0.072335,5.836291,-10.158708,25.135154,0.882324,0.299241,-0.245682,0.595976,0.932792,1.464326
1582036004.522928,0.040549,0.093714,-0.073245,6.057169,-9.654446,27.020517,0.868235,0.272573,-0.218907,0.335686,0.394858,1.641527
1582036004.552982,0.053543,0.108372,-0.072645,5.533650,-9.347255,29.889539,0.746400,0.215611,-0.177544,-0.473822,-0.032250,1.376483
1582036004.562999,0.058896,0.114108,-0.073065,5.024774,-9.577942,30.557247,0.718094,0.203367,-0.187173,-0.931478,-0.529121,0.979252
1582036004.568007,0.058686,0.115698,-0.069511,4.763550,-9.689650,30.805605,0.696220,0.210988,-0.178645,-1.153465,-0.568361,0.765216
1582036004.568007,0.058686,0.115698,-0.069511,4.763550,-9.689650,30.805605,0.696220,0.210988,-0.178645,-1.153465,-0.568361,0.765216
1582036004.608078,0.074411,0.133272,-0.063335,1.592188,-9.563595,31.931994,0.588018,0.263665,-0.196712,-1.038573,0.388764,0.544333
1582036004.623103,0.079687,0.141167,-0.065672,0.766436,-9.196966,32.556447,0.526054,0.259016,-0.271227,-0.668270,0.681858,0.870883
1582036004.628113,0.081329,0.143698,-0.066718,0.546737,-8.960692,32.830857,0.504029,0.249501,-0.300401,-0.558462,0.987644,1.001105
1582036004.653156,0.085220,0.149616,-0.068748,0.003108,-7.418921,34.705643,0.370620,0.230641,-0.398229,0.296831,1.010041,1.396114
1582036004.673190,0.088021,0.156077,-0.077781,0.615878,-7.083308,36.236773,0.289726,0.261414,-0.418199,1.345408,-0.317243,1.367350
1582036004.688218,0.089280,0.162235,-0.083573,1.948943,-7.508586,37.267559,0.232098,0.276246,-0.435631,1.982528,-0.450655,1.017090
1582036004.703243,0.091558,0.163781,-0.088809,3.406656,-7.629158,38.016867,0.195618,0.240931,-0.343341,1.875844,-0.150057,0.816736
1582036004.757583,0.091713,0.167980,-0.092125,4.648818,-7.703926,38.666625,0.126300,0.196878,-0.231368,1.153633,0.107518,0.709857
1582036004.772609,0.091845,0.164290,-0.095951,5.058819,-7.572461,39.372169,0.008001,0.120282,-0.152045,0.245941,0.195288,0.671463
1582036004.787636,0.090173,0.165270,-0.097470,4.852807,-7.417687,39.939474,-0.100031,0.102172,-0.060411,-0.535940,0.269761,0.587135
1582036004.807671,0.089917,0.160111,-0.094399,3.956136,-7.118998,40.517297,-0.250963,0.073794,0.075620,-1.271062,0.460601,0.308644
1582036004.822697,0.085787,0.157935,-0.093698,2.690203,-6.746064,40.732425,-0.348101,0.067173,0.120465,-1.568713,0.411563,0.124025
1582036004.837723,0.080504,0.154621,-0.092640,1.343116,-6.406392,40.753456,-0.450967,0.061681,0.134844,-1.458945,0.381103,-0.093650
1582036004.852749,0.079958,0.145861,-0.088082,0.514032,-6.175387,40.636422,-0.541974,0.045327,0.121066,-0.808230,0.195313,-0.278362
1582036004.867776,0.072385,0.140723,-0.087384,0.141399,-6.077990,40.366513,-0.648088,0.071432,0.112218,-0.168103,0.005541,-0.327505
1582036004.887811,0.066471,0.124782,-0.083781,0.184037,-6.241877,39.934153,-0.791529,0.065183,0.140752,0.073817,-0.292559,-0.609276
1582036004.902837,0.056039,0.117655,-0.082689,0.232837,-6.522206,39.164730,-0.873393,0.083893,0.173665,-0.198401,-0.264302,-1.199567
1582036004.922872,0.045782,0.103210,-0.083673,-0.204978,-6.584115,37.371001,-0.936254,0.070566,0.158763,-0.522839,-0.102669,-1.855249
1582036004.937898,0.033270,0.095327,-0.083052,-0.515033,-6.868139,35.678534,-1.003104,0.074855,0.153302,-0.693498,-0.593834,-1.978012
1582036004.952925,0.024502,0.078042,-0.083769,-0.947978,-7.574664,34.119370,-1.066551,0.023380,0.123060,-0.804558,-0.938590,-1.924949
1582036004.972959,0.005494,0.055556,-0.079817,-1.425514,-8.973524,32.088891,-1.125352,-0.028737,0.161406,-0.646624,-1.483148,-1.763838
1582036004.987986,-0.008890,0.046347,-0.080046,-1.687674,-10.314510,30.588915,-1.128130,-0.033366,0.183822,-0.579353,-1.443908,-1.749026
1582036005.008021,-0.023721,0.024772,-0.075430,-1.994097,-11.566590,28.600490,-1.108277,-0.086097,0.222419,-0.513229,-0.868986,-1.618011
1582036005.023047,-0.038024,0.015649,-0.075719,-2.119688,-12.275819,27.287291,-1.102031,-0.101258,0.208759,-0.433139,-0.704543,-1.416254
1582036005.048091,-0.053638,-0.005829,-0.076974,-2.362691,-13.627905,25.529035,-1.091220,-0.173453,0.125477,-0.345742,-1.042807,-1.060934
1582036005.073135,-0.068957,-0.021765,-0.079311,-2.024901,-15.977825,23.741262,-1.009144,-0.204529,0.129927,0.176124,-1.769933,-1.513775
1582036005.103187,-0.088567,-0.040928,-0.080652,-1.302447,-18.125572,20.762124,-0.877007,-0.263475,0.150547,-0.259462,-0.779290,-1.475652
1582036005.123222,-0.102807,-0.052073,-0.084073,-0.934825,-18.954099,19.292550,-0.849328,-0.293355,0.077841,0.210167,-0.719067,-1.186322
1582036005.143257,-0.112533,-0.057056,-0.091700,0.257527,-20.080095,17.322479,-0.756203,-0.275871,-0.009543,0.467342,-1.016964,-2.107626
1582036005.163292,-0.122948,-0.066005,-0.095704,1.817343,-21.447823,14.214392,-0.587391,-0.292980,0.028804,0.358490,-1.346047,-2.733150
1582036005.188336,-0.127055,-0.076332,-0.100931,3.620761,-22.790261,10.421800,-0.301346,-0.293901,0.021990,0.339319,-0.671443,-1.809175
1582036005.282305,-0.124887,-0.084660,-0.109771,5.815249,-23.182774,8.443525,0.148483,-0.202881,-0.045808,-0.176052,0.293753,-0.059282
1582036005.312357,-0.116133,-0.088848,-0.108600,4.795353,-22.119248,9.447242,0.368008,-0.171489,-0.052967,-0.354989,0.911813,0.729903
1582036005.327384,-0.114808,-0.067109,-0.108435,4.408198,-21.491108,10.029269,0.469210,-0.067357,-0.040703,-0.259209,0.707606,0.441776
1582036005.347419,-0.110641,-0.054218,-0.109589,4.052511,-20.927642,10.292226,0.568796,-0.005820,-0.034930,-0.196442,0.472176,0.086492
1582036005.367454,-0.098813,-0.051940,-0.105827,3.856389,-20.431086,10.431627,0.690522,0.012377,-0.036909,-0.037449,0.534558,0.147221
1582036005.397506,-0.081140,-0.041970,-0.102407,3.645252,-19.016003,11.315790,0.790271,0.024612,-0.066361,0.119307,0.948583,0.690462
1582036005.417541,-0.069991,-0.033436,-0.101370,3.400733,-18.045836,12.424420,0.835923,0.020570,-0.077946,0.124662,0.935960,1.026828
1582036005.437576,-0.053626,-0.029285,-0.097408,3.108975,-16.837173,13.729487,0.893363,0.005005,-0.061346,0.041516,1.332827,1.036302
1582036005.462620,-0.035817,-0.021896,-0.093524,2.643185,-14.995887,15.446375,0.922578,-0.015030,-0.044100,0.030606,1.215327,1.271397
1582036005.492672,-0.012406,-0.009639,-0.092179,1.881784,-13.376873,18.146663,0.923741,-0.039115,-0.079437,-0.352547,1.337158,1.566059
1582036005.512707,0.002397,0.001777,-0.092886,1.209304,-11.373852,20.055465,0.926036,-0.018127,-0.120691,-0.013234,1.841555,1.650658
1582036005.527734,0.015568,0.006203,-0.092207,1.035289,-9.886803,21.551334,0.915110,-0.047298,-0.131914,0.174866,1.662112,1.705266
1582036005.547770,0.028485,0.018539,-0.098086,0.756557,-8.363633,23.677944,0.892742,-0.060991,-0.191491,-0.032359,1.118346,1.899791
1582036005.567804,0.045557,0.024396,-0.099566,0.403917,-7.505089,25.757548,0.872565,-0.110850,-0.205752,0.005002,0.389737,1.523160
1582036005.587838,0.057106,0.038754,-0.106419,0.386065,-7.195313,27.042340,0.894090,-0.071872,-0.205876,0.159798,0.369269,0.703611
1582036005.627909,0.080093,0.056677,-0.112706,0.073556,-5.187255,28.917588,0.789763,-0.006296,-0.199298,-0.211677,0.952151,1.093352
1582036005.642936,0.079432,0.067711,-0.119482,-0.097227,-4.703292,29.950175,0.653029,0.068567,-0.259330,-0.048459,0.395800,1.202490
1582036005.662970,0.090041,0.075923,-0.124051,-0.153963,-4.341495,31.262293,0.618895,0.103600,-0.292690,0.128631,0.307203,1.169200
1582036005.677996,0.090403,0.085600,-0.128502,-0.053705,-4.074295,32.318825,0.583800,0.161442,-0.297330,0.355776,0.176241,1.409481
1582036005.688014,0.094429,0.090042,-0.130898,0.158412,-3.935136,33.201724,0.553436,0.167429,-0.292031,0.593807,0.343969,1.650809
1582036005.698031,0.098046,0.094453,-0.133403,0.489915,-3.672036,34.212996,0.509203,0.166842,-0.285875,0.790071,0.597488,1.849345
1582036005.761949,0.103359,0.103681,-0.141454,1.494721,-2.295335,36.998751,0.358488,0.162323,-0.259733,0.825289,1.238041,1.946496
1582036005.761949,0.103359,0.103681,-0.141454,1.494721,-2.295335,36.998751,0.358488,0.162323,-0.259733,0.825289,1.238041,1.946496
1582036005.781984,0.106364,0.110206,-0.145836,2.248123,-0.872893,39.048980,0.265729,0.157724,-0.211145,0.542604,1.098935,1.508967
1582036005.807028,0.106519,0.118249,-0.154916,2.701485,0.370914,40.723012,0.138760,0.173833,-0.138198,0.120100,0.836214,0.807852
1582036005.807028,0.106519,0.118249,-0.154916,2.701485,0.370914,40.723012,0.138760,0.173833,-0.138198,0.120100,0.836214,0.807852
1582036005.837080,0.103627,0.123669,-0.161382,2.194625,0.317233,41.612317,-0.011224,0.171250,-0.057263,-0.784626,-0.804164,0.098142
1582036005.842089,0.102966,0.124239,-0.161595,1.953889,0.057879,41.609897,-0.035158,0.170987,-0.040077,-0.888085,-1.007631,-0.046091
1582036005.842089,0.102966,0.124239,-0.161595,1.953889,0.057879,41.609897,-0.035158,0.170987,-0.040077,-0.888085,-1.007631,-0.046091
1582036005.887168,0.093391,0.124212,-0.157543,-0.589786,-2.669116,39.610821,-0.202114,0.155886,0.079531,-1.426932,-1.163367,-1.345053
1582036005.902194,0.089318,0.124092,-0.156539,-1.798894,-3.536636,38.478270,-0.231317,0.161422,0.095445,-1.433380,-0.738697,-1.355483
1582036005.922228,0.078679,0.123057,-0.159638,-3.039239,-4.278419,37.148080,-0.314443,0.180570,0.089783,-0.958427,-0.457666,-1.190229
1582036005.927238,0.076922,0.122859,-0.159343,-3.268792,-4.410155,36.822453,-0.316677,0.178423,0.093951,-0.810219,-0.323017,-1.125997
1582036005.947273,0.072783,0.121408,-0.156277,-3.893853,-4.882005,35.757213,-0.336660,0.158409,0.112539,-0.455993,-0.302781,-0.707786
1582036005.957289,0.068893,0.120597,-0.155422,-4.129215,-5.075456,35.429881,-0.364198,0.148720,0.133340,-0.473131,-0.286813,-0.485692
1582036005.967308,0.064833,0.119616,-0.154472,-4.404022,-5.239703,35.217793,-0.388809,0.140604,0.149220,-0.554240,-0.184199,-0.304214
1582036005.992351,0.053396,0.115569,-0.151932,-5.405620,-4.998968,34.963125,-0.499523,0.143639,0.175460,-0.697051,0.449314,0.109738
1582036005.997360,0.050788,0.114731,-0.151336,-5.607130,-4.873274,34.986948,-0.521454,0.145958,0.180538,-0.687531,0.391124,0.135323
1582036006.022404,0.038845,0.111123,-0.149976,-6.417978,-4.715633,34.783503,-0.584929,0.176074,0.180602,-0.543384,0.008123,-0.436981
1582036006.027412,0.035798,0.110213,-0.149414,-6.560301,-4.740681,34.635994,-0.598389,0.178966,0.185151,-0.534821,-0.071322,-0.597085
1582036006.057465,0.018950,0.103940,-0.146650,-7.114736,-5.924444,33.237521,-0.620118,0.156160,0.166052,-0.108096,-0.878553,-1.098816
1582036006.072491,0.009386,0.100874,-0.145537,-6.928210,-6.804911,32.404076,-0.647507,0.153133,0.164653,0.327284,-0.878576,-1.069832
1582036006.087518,-0.002028,0.093018,-0.144625,-6.370101,-7.269338,31.540056,-0.661435,0.149915,0.146204,0.858605,-0.270493,-1.424283
1582036006.102544,-0.011910,0.089779,-0.144097,-5.258867,-7.599931,30.109475,-0.667608,0.126391,0.127100,1.211611,-0.212681,-1.887530
1582036006.122579,-0.019881,0.081948,-0.147438,-3.677651,-8.199360,27.776858,-0.628750,0.043378,0.094590,1.176611,-0.424003,-2.115242
1582036006.137605,-0.028371,0.078136,-0.147370,-2.403170,-8.678767,25.948982,-0.595520,0.004536,0.097801,1.173439,-0.528229,-2.085442
1582036006.157640,-0.041153,0.070856,-0.150015,-0.832896,-9.728714,23.702302,-0.555772,-0.061234,0.101478,0.882257,-1.038124,-1.923819
1582036006.172666,-0.048119,0.066545,-0.149371,0.091672,-10.815999,21.965139,-0.505056,-0.099460,0.140236,0.449589,-1.579780,-2.128692
1582036006.187693,-0.055789,0.059822,-0.146080,0.850576,-12.078915,19.845111,-0.428102,-0.162249,0.206240,0.234864,-1.659668,-2.442122
1582036006.202719,-0.060831,0.055214,-0.144015,1.416038,-13.622441,17.594909,-0.328036,-0.192521,0.245867,0.038705,-1.754789,-2.514648
1582036006.212737,-0.063516,0.052252,-0.142413,1.826668,-14.597576,16.070936,-0.258992,-0.205258,0.249378,0.083611,-1.816115,-2.540336
1582036006.276765,-0.068224,0.048056,-0.138529,2.942992,-16.858783,12.318720,-0.077777,-0.201595,0.252281,0.072479,-1.527568,-2.340137
1582036006.291790,-0.069733,0.044298,-0.134586,3.764085,-17.885186,10.143942,0.004993,-0.205326,0.245749,0.143560,-1.154528,-2.226364
1582036006.306817,-0.069866,0.040938,-0.131040,4.402213,-18.524579,8.311649,0.071696,-0.199077,0.251274,0.031313,-0.420066,-1.667918
1582036006.311825,-0.069687,0.039866,-0.129794,4.564767,-18.536734,7.835436,0.095461,-0.196670,0.251059,0.054746,0.108258,-1.455706
1582036006.331860,-0.072928,0.034679,-0.122779,5.205620,-17.788474,6.460444,0.108008,-0.170595,0.293063,0.294906,0.941058,-1.046855
1582036006.346887,-0.072019,0.031907,-0.118203,5.604683,-17.027539,5.318149,0.152681,-0.154124,0.300255,-0.317213,0.528032,-1.700417
1582036006.366922,-0.072570,0.027458,-0.114271,5.306630,-16.719630,2.654628,0.231549,-0.107559,0.211328,-1.305762,-0.227341,-2.254584
1582036006.381948,-0.069711,0.025992,-0.110696,4.790336,-16.974658,0.719525,0.263366,-0.066214,0.151860,-1.146401,-0.576165,-1.834167
1582036006.396974,-0.069001,0.022623,-0.108949,4.328180,-17.680209,-0.601361,0.211899,-0.050299,0.113027,-1.189460,-1.325436,-1.336806
1582036006.406992,-0.067282,0.022128,-0.107400,3.832759,-18.181900,-1.422729,0.211220,-0.028455,0.082537,-1.429541,-0.479105,-1.285563
1582036006.427027,-0.064494,0.022742,-0.104134,2.569513,-17.294120,-3.327360,0.199296,0.038405,0.062786,-1.603935,1.311791,-1.752464
1582036006.442053,-0.061081,0.023175,-0.103018,1.869577,-16.020801,-4.861931,0.234634,0.069853,-0.005893,-0.978530,1.314510,-1.725561
1582036006.462088,-0.053891,0.024186,-0.104545,1.783507,-15.157842,-6.662575,0.275314,0.106653,-0.110180,-0.232819,0.925352,-1.353312
1582036006.477114,-0.049105,0.025404,-0.105365,1.981049,-14.153844,-7.660056,0.288828,0.124348,-0.157521,0.093471,1.290695,-0.962617
1582036006.497149,-0.043586,0.024008,-0.108791,2.429969,-12.753270,-8.390270,0.284178,0.115035,-0.205539,0.631381,1.115155,-0.307262
1582036006.507167,-0.040176,0.024802,-0.110248,2.851451,-12.071759,-8.470672,0.288905,0.121596,-0.227175,0.758327,1.224678,-0.055624
1582036006.527202,-0.031238,0.024780,-0.112991,3.704686,-10.614449,-8.219260,0.278596,0.105898,-0.246019,1.076117,1.631716,0.647800
1582036006.542228,-0.026456,0.025940,-0.115860,4.603335,-9.044278,-7.251431,0.256275,0.097290,-0.249853,1.381363,2.118705,1.327624
1582036006.557255,-0.018844,0.026894,-0.118910,5.685839,-7.214480,-5.753458,0.225881,0.090920,-0.245251,1.726040,2.507245,1.950260
1582036006.572280,-0.015209,0.028235,-0.122024,7.043902,-5.185332,-3.740784,0.193298,0.074953,-0.237162,1.867062,2.720804,2.077115
1582036006.582299,-0.013154,0.029127,-0.124128,8.009481,-3.542956,-2.232880,0.172820,0.064631,-0.229795,1.859858,3.369026,2.533163
1582036006.597324,-0.005229,0.031975,-0.126582,9.152510,-1.391106,0.281579,0.209671,0.064741,-0.196520,1.066285,2.661560,2.526317
1582036006.602333,-0.004203,0.032448,-0.127436,9.387832,-0.767317,1.088882,0.204251,0.060020,-0.186045,0.694457,2.549479,2.338801
1582036006.622368,-0.002154,0.034090,-0.130187,9.481205,1.329437,3.716031,0.067229,0.053499,-0.128691,-0.456608,1.252145,1.703624
1582036006.622368,-0.002154,0.034090,-0.130187,9.481205,1.329437,3.716031,0.067229,0.053499,-0.128691,-0.456608,1.252145,1.703624
1582036006.662438,0.000036,0.040643,-0.122499,7.563039,0.278858,6.867971,-0.053267,0.127304,0.029245,-1.287711,-1.074747,0.729179
1582036006.677464,-0.001153,0.042821,-0.121898,6.477421,-0.691436,7.258866,-0.077718,0.165201,0.039631,-1.214035,-1.104818,0.412270
1582036006.697500,-0.009295,0.045806,-0.111407,5.442104,-2.244874,7.616622,-0.163915,0.229406,0.076077,-0.714739,-1.975393,0.343987
1582036006.712525,-0.012351,0.048373,-0.110659,4.854862,-4.347868,7.880217,-0.190039,0.215295,0.040749,-0.721211,-2.896893,0.678332
1582036006.771443,-0.019155,0.047508,-0.103472,3.481535,-8.528298,8.517075,-0.222636,0.190627,0.094364,-1.501267,-4.441004,0.715785
1582036006.786469,-0.022849,0.049944,-0.102217,1.944848,-12.277554,8.746265,-0.174508,0.215837,0.128329,-1.813252,-3.563562,0.088202
1582036006.806504,-0.024711,0.049162,-0.091919,0.257872,-13.715438,8.891669,-0.100876,0.285821,0.176173,-0.883811,-0.375280,0.919316
1582036006.821530,-0.027907,0.053322,-0.090056,-0.463933,-13.533251,10.532389,-0.161831,0.329523,0.142285,-0.035147,0.964030,2.740583
1582036006.836556,-0.035446,0.050963,-0.084634,-1.193977,-12.198707,13.554111,-0.322100,0.324533,0.121140,-0.246050,2.744689,3.773702
1582036006.851582,-0.041711,0.054506,-0.084176,-2.177652,-9.535889,16.906305,-0.331614,0.342707,0.088136,-0.574484,2.988123,3.907979
1582036006.871617,-0.042510,0.061780,-0.092163,-3.998766,-7.133548,20.425298,-0.219501,0.347253,0.029251,-1.326758,1.612812,3.259110
1582036006.886644,-0.047201,0.065778,-0.092540,-5.628608,-5.953306,22.982630,-0.169346,0.372137,0.030157,-1.738786,0.791133,2.905759
1582036006.901670,-0.044008,0.072486,-0.098672,-7.334669,-4.980830,25.499029,-0.095278,0.407726,-0.009735,-1.892378,0.794292,3.132207
1582036006.916696,-0.048132,0.077371,-0.099900,-9.117800,-3.728722,28.314411,-0.114118,0.433607,-0.019195,-1.647314,0.845921,3.640867
1582036006.931722,-0.051854,0.086725,-0.102282,-10.266184,-2.333918,31.141546,-0.110337,0.438252,0.003397,-0.955722,1.046415,2.927672
1582036006.951757,-0.057468,0.092959,-0.103221,-11.328401,-0.204366,33.606196,-0.029829,0.385454,0.064672,-1.118893,1.491401,2.188090
1582036006.966784,-0.054967,0.101237,-0.106966,-12.675509,1.230157,35.110992,0.089149,0.341850,0.064553,-1.712193,1.520897,1.951040
1582036006.981810,-0.056846,0.106205,-0.107515,-14.265420,3.029135,36.649335,0.095288,0.339310,0.026077,-1.946320,1.180838,2.627805
1582036006.996836,-0.062685,0.112410,-0.114345,-15.374408,3.897071,39.270628,0.009818,0.338857,-0.081359,-1.068324,-0.658163,3.270828
1582036007.011862,-0.065458,0.115720,-0.116680,-15.629267,3.870024,42.168809,0.019607,0.296408,-0.058335,-0.100161,-0.899129,3.107239
1582036007.026889,-0.067843,0.118766,-0.118161,-15.543873,4.233142,44.741869,0.042074,0.248742,0.012328,-0.368119,-0.187794,2.914941
1582036007.041915,-0.066723,0.122513,-0.114746,-16.139825,5.012177,47.068349,0.064025,0.177489,0.098852,-1.347760,-0.004764,3.039664
1582036007.051932,-0.067690,0.124230,-0.114182,-16.856596,5.586415,48.698774,0.049293,0.145279,0.123974,-1.569866,0.344130,2.959342
1582036007.071967,-0.076266,0.124301,-0.111793,-18.026892,6.898533,51.604031,-0.060212,0.097766,0.132647,-0.745924,0.306400,2.181864
1582036007.086994,-0.077926,0.124612,-0.110076,-18.309110,7.552814,52.961107,-0.093582,0.039366,0.135812,-0.505649,0.085718,1.284191
1582036007.097011,-0.082923,0.121154,-0.111142,-18.555928,7.650921,53.649911,-0.090453,-0.013943,0.122623,-0.786539,-0.224971,0.876504
1582036007.117046,-0.083688,0.119820,-0.107790,-19.452382,7.143260,54.530687,-0.103845,-0.102334,0.159885,-0.797294,-1.260147,0.188407
1582036007.137081,-0.085521,0.116081,-0.103991,-20.073695,5.314667,55.047268,-0.137996,-0.186965,0.194529,-0.332094,-2.017304,-0.803322
1582036007.152108,-0.084985,0.113528,-0.099709,-20.317446,3.201074,54.780771,-0.141018,-0.248163,0.228532,-0.276446,-2.299651,-1.487321
1582036007.162125,-0.081886,0.109754,-0.095423,-20.598662,1.849238,54.400699,-0.132705,-0.295906,0.223139,-0.560180,-2.437701,-2.089642
1582036007.182160,-0.080006,0.105570,-0.089698,-21.222509,-2.069749,52.576050,-0.096729,-0.306042,0.187993,-0.223194,-2.682126,-3.324507
1582036007.202195,-0.072512,0.100642,-0.080410,-20.752523,-5.856624,49.514693,0.030147,-0.372291,0.250178,0.375724,-1.862452,-4.265027
1582036007.217221,-0.069285,0.098164,-0.074611,-20.100607,-8.865762,46.497828,0.113835,-0.396729,0.272099,0.195198,-2.236423,-4.639798
1582036007.232247,-0.065646,0.091358,-0.070130,-19.627586,-12.179147,43.639209,0.168510,-0.419923,0.200574,-0.040575,-2.444839,-4.661187
1582036007.291055,-0.059466,0.087524,-0.064657,-18.513792,-15.947089,39.306283,0.195926,-0.395165,0.069698,0.309182,-1.237648,-4.241819
1582036007.311090,-0.050314,0.077689,-0.064419,-16.557979,-18.487170,35.437593,0.145950,-0.382589,-0.096389,0.933582,-1.090076,-3.499760
1582036007.321108,-0.046987,0.075378,-0.064034,-15.370521,-19.516471,33.577234,0.144764,-0.349377,-0.139000,1.072280,-0.674986,-3.384682
1582036007.321108,-0.046987,0.075378,-0.064034,-15.370521,-19.516471,33.577234,0.144764,-0.349377,-0.139000,1.072280,-0.674986,-3.384682
1582036007.356169,-0.032822,0.065548,-0.066453,-10.636134,-22.380035,25.919963,0.213344,-0.281113,-0.188670,0.822599,0.366507,-4.538803
1582036007.366186,-0.037165,0.052441,-0.068280,-9.125839,-22.744926,23.008200,0.270642,-0.278643,-0.178760,0.591363,0.382432,-4.556108
1582036007.391230,-0.026084,0.048750,-0.070143,-5.794101,-22.870473,16.493148,0.340173,-0.214233,-0.288686,0.769683,0.019207,-3.633768
1582036007.406257,-0.021954,0.032574,-0.079484,-3.806450,-23.436173,13.588527,0.310490,-0.240472,-0.378557,0.804228,-0.405005,-2.807575
1582036007.421283,-0.014517,0.030305,-0.082778,-2.372322,-23.865972,11.361746,0.338824,-0.223747,-0.414702,0.403929,-0.236919,-2.005750
1582036007.421283,-0.014517,0.030305,-0.082778,-2.372322,-23.865972,11.361746,0.338824,-0.223747,-0.414702,0.403929,-0.236919,-2.005750
1582036007.421283,-0.014517,0.030305,-0.082778,-2.372322,-23.865972,11.361746,0.338824,-0.223747,-0.414702,0.403929,-0.236919,-2.005750
1582036007.421283,-0.014517,0.030305,-0.082778,-2.372322,-23.865972,11.361746,0.338824,-0.223747,-0.414702,0.403929,-0.236919,-2.005750
1582036007.476379,0.004146,0.011960,-0.084600,-1.232688,-25.662302,8.539276,0.432290,-0.203710,-0.528000,0.262125,-0.254410,1.208059
1582036007.491405,0.011810,0.010301,-0.090058,-1.441655,-25.524289,10.093588,0.318198,-0.183861,-0.563264,0.785679,0.416773,2.094865
1582036007.501423,0.015713,0.023212,-0.092333,-1.518352,-25.476700,11.146082,0.364274,-0.103618,-0.593474,0.488694,-0.157501,2.150190
1582036007.516449,0.024574,0.023159,-0.097809,-2.243424,-25.980684,13.037797,0.358893,-0.108725,-0.587854,-0.152154,-1.017645,1.789231
1582036007.531475,0.030248,0.030932,-0.098493,-3.185852,-26.650407,14.625757,0.296939,-0.035980,-0.502537,-0.274806,-0.676055,1.798008
1582036007.546502,0.037029,0.031857,-0.103315,-4.224097,-27.183806,16.614263,0.224589,-0.023461,-0.484344,0.005832,-0.753404,2.211235
1582036007.556519,0.041001,0.032501,-0.106607,-4.821017,-27.482147,18.104536,0.179390,-0.014749,-0.470984,0.305646,-0.686135,2.274175
1582036007.571545,0.042324,0.044983,-0.110982,-5.331763,-28.118218,20.302424,0.119497,0.040415,-0.426781,0.617180,-1.377790,1.786099
1582036007.586571,0.046845,0.046255,-0.115597,-5.601943,-29.602682,21.799164,0.090163,0.009992,-0.407829,0.304481,-2.363206,0.964890
1582036007.601598,0.047886,0.054421,-0.120864,-6.238083,-31.784661,22.807923,0.115919,0.052456,-0.379215,-0.317576,-2.988291,0.432656
1582036007.611615,0.050331,0.055887,-0.123435,-6.691372,-33.512006,23.237735,0.092054,0.082473,-0.352829,-0.378499,-2.947986,0.179514
1582036007.621633,0.052565,0.057404,-0.125868,-7.041112,-34.966463,23.607754,0.073876,0.100812,-0.329103,-0.047830,-2.321380,0.319571
1582036007.641668,0.046990,0.054930,-0.126162,-6.858258,-37.387880,24.555908,-0.084326,0.104102,-0.189459,1.037378,-2.133989,-0.081681
1582036007.661703,0.046980,0.056540,-0.129893,-5.041590,-39.640308,24.065485,-0.095084,0.075764,-0.126002,1.291466,-2.406616,-0.985657
1582036007.676729,0.046643,0.052232,-0.139028,-3.705561,-42.877656,23.046494,-0.089299,0.023186,-0.133300,0.488011,-4.602023,-1.344349
1582036007.686747,0.046848,0.052443,-0.140490,-3.092134,-45.872933,22.283813,-0.075700,0.015144,-0.112955,-0.206595,-5.679500,-1.117966
1582036007.701773,0.045030,0.049164,-0.146640,-3.387376,-50.989897,21.981758,-0.130725,0.051193,-0.135231,-0.977159,-6.409081,-0.508311
1582036007.716799,0.044815,0.050270,-0.149637,-4.472899,-56.281129,22.168496,-0.155189,0.094362,-0.115053,-1.087909,-5.806810,-0.184799
1582036007.731825,0.040713,0.047297,-0.151964,-4.806284,-60.753002,21.913864,-0.144980,0.091973,-0.079701,-0.624086,-5.115744,-0.718380
1582036007.780893,0.040488,0.047893,-0.153510,-4.418929,-63.492267,21.207511,-0.133727,0.080129,-0.065235,-0.201560,-4.213420,-1.164778
1582036007.795919,0.040056,0.048890,-0.155740,-2.268688,-66.560207,18.918096,-0.136065,0.073125,-0.045491,0.291478,-2.967689,-1.442308
1582036007.810945,0.038419,0.046022,-0.155373,0.773549,-69.093646,15.865693,-0.126236,0.051834,-0.010192,0.311497,-2.294897,-1.452813
1582036007.830980,0.037374,0.046868,-0.157895,5.550696,-71.197688,11.022386,-0.137992,0.054368,-0.004539,0.100098,-1.749645,-1.217910
1582036007.835989,0.039077,0.047830,-0.162502,6.634506,-72.070328,9.830349,-0.162052,0.046940,-0.032087,0.079156,-1.734029,-1.188474
1582036007.835989,0.039077,0.047830,-0.162502,6.634506,-72.070328,9.830349,-0.162052,0.046940,-0.032087,0.079156,-1.734029,-1.188474
1582036007.881068,0.037118,0.053560,-0.170382,16.126772,-72.890398,0.257230,-0.083901,0.018298,-0.023259,0.130000,0.796296,-0.650692
1582036007.896094,0.036950,0.054013,-0.171651,17.052582,-72.430116,-0.573418,-0.074782,0.026609,-0.020735,0.148336,-0.084046,-0.156873
1582036007.911120,0.041355,0.060108,-0.175903,17.429385,-73.069554,-0.865874,-0.107135,0.056982,-0.098932,0.139745,-0.499569,0.545338
1582036007.926146,0.042113,0.061484,-0.178109,15.689666,-73.673320,1.127962,-0.133676,0.067774,-0.123820,0.271968,-0.663705,1.014242
1582036007.941173,0.043016,0.062894,-0.180322,15.869636,-75.821301,1.398666,-0.123653,0.060628,-0.121158,0.795978,-4.097818,0.345061
1582036007.956199,0.041099,0.071749,-0.182080,22.467939,-78.812019,-4.604249,-0.042311,0.080976,-0.078527,0.897279,-3.308915,-0.483154
1582036007.966216,0.041531,0.072743,-0.182466,29.465140,-80.239361,-11.210751,-0.020254,0.075269,-0.073494,0.803549,-2.867731,-1.080145
1582036007.981243,0.039436,0.072914,-0.182403,39.135438,-80.659738,-20.499794,-0.002168,0.044229,-0.059083,0.575885,-1.409329,-1.171766
1582036007.996269,0.039795,0.073237,-0.181687,42.657828,-80.956984,-23.762511,0.070846,0.008686,-0.020325,0.146283,0.370333,0.588676
1582036008.001278,0.039920,0.073342,-0.181389,41.255862,-81.017681,-22.330071,0.074264,0.009512,-0.017343,-0.056777,0.391837,0.807806
1582036008.026321,0.039546,0.072753,-0.180599,34.410654,-81.910825,-16.052547,0.066603,0.031088,-0.013643,-0.693710,1.132373,0.722315
1582036008.041348,0.040128,0.075766,-0.181522,19.981646,-78.869993,-2.028227,-0.026970,0.037338,-0.000824,-1.185805,7.360579,1.170519
1582036008.056374,0.039648,0.074928,-0.181892,17.693603,-77.065672,-0.387411,-0.045710,-0.006281,-0.008147,-0.411546,0.977495,-0.335056
1582036008.071400,0.044863,0.080722,-0.184209,18.666445,-77.484604,-1.532307,0.105575,-0.022536,-0.017875,-0.143338,0.820432,0.011956
1582036008.091435,0.045585,0.080420,-0.182499,15.671496,-75.361047,1.473769,0.092419,-0.026503,-0.006507,-0.084447,3.306673,-0.066298
1582036008.116479,0.046738,0.081618,-0.182540,12.421127,-70.622314,4.485000,0.080888,-0.002013,-0.041334,-0.143450,2.131528,-0.213322
1582036008.131505,0.047801,0.081825,-0.181571,11.742067,-68.771883,5.181973,0.088123,0.000031,-0.051115,0.060560,2.358467,-0.197355
1582036008.151540,0.051108,0.083401,-0.181579,11.079779,-65.646718,6.042981,0.094592,-0.000717,-0.058873,0.124591,2.972223,-0.332146
1582036008.176584,0.055471,0.081790,-0.182714,9.946742,-61.960328,7.314872,0.053790,-0.015233,-0.059672,-0.017519,2.222606,0.073745
1582036008.191610,0.056613,0.081855,-0.182518,9.456940,-60.564979,7.928200,0.041850,-0.016884,-0.058086,0.150008,1.036526,0.053333
1582036008.206636,0.057481,0.085450,-0.187551,9.476692,-59.998029,8.141349,0.009908,-0.017918,-0.064307,0.265263,0.128806,0.120632
1582036008.206636,0.057481,0.085450,-0.187551,9.476692,-59.998029,8.141349,0.009908,-0.017918,-0.064307,0.265263,0.128806,0.120632
1582036008.290530,0.058463,0.090322,-0.190448,9.472452,-59.899789,8.616143,-0.007089,0.000844,-0.059043,0.001551,0.043361,0.015782
1582036008.305556,0.059105,0.090590,-0.190961,9.465321,-60.056041,8.612400,-0.008726,0.003009,-0.055531,-0.015491,-0.381148,0.031995
1582036008.310565,0.057651,0.094082,-0.192970,9.496206,-60.137456,8.573607,-0.016393,0.004406,-0.059879,-0.012491,-0.430001,0.015570
1582036008.330600,0.058451,0.094496,-0.193843,9.597518,-60.572107,8.451082,-0.016133,0.004670,-0.060793,0.002511,-0.284533,0.001840
1582036008.345626,0.059071,0.094817,-0.194484,9.648417,-60.748177,8.392111,-0.014947,0.005173,-0.061088,-0.000720,-0.150933,0.003782
1582036008.365661,0.058377,0.096278,-0.195047,9.661017,-60.715427,8.381853,-0.002601,0.000547,-0.057710,0.003433,0.137481,-0.006915
1582036008.385696,0.056189,0.097636,-0.194471,9.638320,-60.521616,8.396673,-0.000946,0.001410,-0.029887,0.003250,0.232744,-0.010271
1582036008.395714,0.056434,0.097736,-0.194638,9.616078,-60.400270,8.427160,-0.001982,0.001259,-0.031468,0.001245,0.195553,-0.007078
1582036008.415749,0.055077,0.098701,-0.194720,9.593892,-60.289845,8.445143,-0.004225,0.001892,-0.012373,-0.000901,0.098016,-0.006073
1582036008.425766,0.055158,0.098756,-0.194826,9.586323,-60.249372,8.453048,-0.005457,0.002142,-0.013436,-0.000937,0.039705,-0.003913
1582036008.440792,0.055257,0.098839,-0.195012,9.578359,-60.260914,8.459238,-0.008198,0.002545,-0.013151,0.002145,-0.046278,0.007787
1582036008.455819,0.054019,0.099599,-0.194915,9.598145,-60.293359,8.427725,-0.007736,0.001749,-0.004327,0.001158,-0.075820,0.001323
1582036008.465836,0.054013,0.099624,-0.195005,9.616232,-60.344199,8.408044,-0.008082,0.001812,-0.005018,0.001126,-0.105559,-0.005105
1582036008.480863,0.053984,0.099663,-0.195158,9.649366,-60.447936,8.368708,-0.010153,0.002354,-0.004313,-0.002080,-0.119388,-0.002941
1582036008.495890,0.052984,0.100458,-0.195111,9.673265,-60.491963,8.336123,-0.009036,0.002222,0.000941,0.002131,-0.028325,0.002195
1582036008.505906,0.052933,0.100469,-0.195180,9.674390,-60.488301,8.334458,-0.008882,0.002086,0.000794,0.005255,0.035387,-0.006326
1582036008.520932,0.052124,0.101432,-0.195359,9.685275,-60.437192,8.324720,-0.004916,0.001044,0.000845,0.000096,0.041931,0.000041
1582036008.530950,0.052089,0.101437,-0.195400,9.672426,-60.422528,8.336440,-0.005344,0.001272,0.000330,-0.001063,0.024821,0.004361
1582036008.545976,0.051733,0.102560,-0.196014,9.679427,-60.410105,8.325379,-0.004757,0.001319,-0.002621,-0.003174,0.025981,0.002094
1582036008.561002,0.051721,0.102592,-0.196087,9.681332,-60.378206,8.323757,-0.004704,0.001870,-0.002359,0.005356,0.068516,-0.017034
1582036008.571020,0.051701,0.102613,-0.196161,9.673167,-60.370680,8.330434,-0.005791,0.002082,-0.001906,0.008351,0.049523,-0.014548
1582036008.586046,0.051377,0.103375,-0.196235,9.707585,-60.345990,8.291714,-0.006565,0.002141,-0.003783,-0.012769,-0.071349,0.013641
1582036008.601074,0.051376,0.103424,-0.196407,9.719361,-60.384285,8.276572,-0.007766,0.002156,-0.004602,-0.001202,-0.025927,-0.010723
1582036008.611090,0.051365,0.103455,-0.196534,9.722533,-60.425992,8.269568,-0.009302,0.002156,-0.005063,-0.002285,-0.088886,0.008637
1582036008.626116,0.051042,0.104142,-0.196524,9.744115,-60.451886,8.244264,-0.010637,0.001378,-0.009492,-0.005452,-0.058762,0.010582
1582036008.641142,0.051067,0.104193,-0.196712,9.765322,-60.502532,8.221813,-0.010661,0.001796,-0.008764,0.001070,-0.038571,-0.005603
1582036008.656169,0.050472,0.105024,-0.196823,9.767205,-60.539674,8.209763,-0.002994,0.001689,-0.002261,0.005264,-0.036495,-0.009859
1582036008.666186,0.050477,0.105052,-0.196881,9.774901,-60.553956,8.201443,-0.003943,0.002211,-0.003505,-0.001208,-0.027903,0.004095
1582036008.681213,0.050121,0.105851,-0.197270,9.804383,-60.575443,8.171326,-0.006551,0.001685,-0.007902,-0.003301,-0.015177,-0.002418
1582036008.681213,0.050121,0.105851,-0.197270,9.804383,-60.575443,8.171326,-0.006551,0.001685,-0.007902,-0.003301,-0.015177,-0.002418
1582036008.706257,0.050179,0.105934,-0.197531,9.801334,-60.547909,8.174118,-0.008636,0.001585,-0.008266,-0.002222,0.054846,-0.005686
1582036008.721282,0.049964,0.106701,-0.197489,9.794410,-60.489977,8.178030,-0.001802,0.001567,-0.007442,0.004077,0.071813,-0.004535
1582036008.736309,0.050035,0.106763,-0.197567,9.782439,-60.428354,8.193415,-0.002470,0.002273,-0.007998,0.000971,0.057036,-0.000376
1582036008.790103,0.049358,0.107427,-0.197811,9.780882,-60.395539,8.195343,-0.003615,0.001880,-0.004330,0.003073,0.031650,-0.000310
1582036008.805129,0.049353,0.107464,-0.197894,9.784148,-60.390864,8.191981,-0.004980,0.002082,-0.003495,-0.000041,-0.024603,-0.006590
1582036008.820155,0.048850,0.108044,-0.197949,9.801188,-60.417389,8.168242,-0.005556,0.002126,-0.001679,-0.006587,-0.072260,0.002737
1582036008.820155,0.048850,0.108044,-0.197949,9.801188,-60.417389,8.168242,-0.005556,0.002126,-0.001679,-0.006587,-0.072260,0.002737
1582036008.840190,0.048821,0.108095,-0.198103,9.823859,-60.500229,8.141124,-0.008299,0.002367,-0.003538,-0.001142,-0.066890,0.000656
1582036008.855217,0.048031,0.108448,-0.198228,9.839496,-60.516624,8.118644,-0.006634,0.000430,-0.000290,-0.001357,-0.034951,-0.003591
1582036008.875251,0.047979,0.108463,-0.198384,9.848102,-60.532212,8.108284,-0.008443,0.000855,-0.002922,0.000806,0.032945,-0.007932
1582036008.890278,0.047761,0.108961,-0.198496,9.844357,-60.495455,8.110099,-0.005397,-0.000517,-0.002963,0.001898,0.057318,-0.005665
1582036008.905304,0.047746,0.108964,-0.198607,9.834597,-60.427729,8.122311,-0.006982,-0.000145,-0.003335,0.000823,0.064927,0.005922
1582036008.920330,0.047363,0.109526,-0.198679,9.819550,-60.380306,8.138467,-0.003555,0.000153,-0.002824,0.001926,0.089283,-0.014227
1582036008.935356,0.047355,0.109535,-0.198766,9.818195,-60.356043,8.140546,-0.005729,0.000297,-0.002889,-0.000370,-0.026457,-0.000346
1582036008.945374,0.047359,0.109546,-0.198846,9.826751,-60.364283,8.133804,-0.007184,0.000375,-0.004570,0.002932,-0.015615,-0.000394
1582036008.965409,0.047080,0.110018,-0.198806,9.843493,-60.434679,8.105180,-0.005816,0.000142,-0.004631,0.003849,-0.043179,-0.006957
1582036008.975427,0.047076,0.110024,-0.198870,9.848711,-60.466920,8.096916,-0.006025,0.000250,-0.003210,-0.005786,-0.076154,0.002783
1582036008.990453,0.046441,0.110490,-0.199040,9.872423,-60.472946,8.069255,-0.006856,0.000866,-0.002422,-0.001414,-0.017486,-0.004772
1582036009.005479,0.046419,0.110508,-0.199156,9.877206,-60.486773,8.062008,-0.007784,0.000985,-0.003204,-0.002450,0.012027,-0.004762
1582036009.020505,0.046183,0.110938,-0.199121,9.858684,-60.470058,8.081544,-0.003210,0.001603,-0.002909,0.002828,0.035371,-0.003557
1582036009.020505,0.046183,0.110938,-0.199121,9.858684,-60.470058,8.081544,-0.003210,0.001603,-0.002909,0.002828,0.035371,-0.003557
1582036009.020505,0.046183,0.110938,-0.199121,9.858684,-60.470058,8.081544,-0.003210,0.001603,-0.002909,0.002828,0.035371,-0.003557
1582036009.070593,0.045994,0.111471,-0.199422,9.839263,-60.377359,8.101128,-0.002584,0.001172,-0.005685,-0.004600,0.009938,0.000698
1582036009.085619,0.045486,0.111875,-0.199597,9.843563,-60.371106,8.092277,-0.005287,0.001678,-0.002856,0.001668,-0.017534,0.001720
1582036009.100645,0.045500,0.111915,-0.199681,9.850181,-60.398277,8.084466,-0.004782,0.001838,-0.004187,-0.002481,-0.057822,-0.000296
1582036009.115671,0.045516,0.111959,-0.199771,9.859299,-60.431810,8.071384,-0.004091,0.002207,-0.004402,-0.001622,0.034324,0.009260
1582036009.130698,0.045223,0.112364,-0.199834,9.817726,-60.275008,8.116326,-0.004844,0.002323,-0.006933,0.001782,0.306031,-0.003625
1582036009.145724,0.045306,0.112419,-0.199898,9.738667,-59.930652,8.211333,-0.000475,0.001674,-0.008386,0.011203,0.460876,-0.026071
1582036009.160750,0.045370,0.112851,-0.199765,9.659368,-59.540448,8.309235,-0.000065,0.001119,-0.009388,0.000622,0.452658,-0.006950
1582036009.170768,0.045434,0.112885,-0.199805,9.601263,-59.315898,8.376820,-0.000271,0.001108,-0.008481,-0.000452,0.336920,-0.011170
1582036009.185794,0.044898,0.113238,-0.200374,9.556387,-59.141268,8.430421,-0.008592,0.000408,-0.006044,-0.004741,0.154630,-0.000432
1582036009.200820,0.044889,0.113257,-0.200545,9.545098,-59.102818,8.442478,-0.011418,0.000426,-0.005120,-0.002610,-0.075493,0.002781
1582036009.210838,0.044862,0.113265,-0.200679,9.572816,-59.200931,8.409627,-0.013582,0.000439,-0.004501,-0.004679,-0.269661,0.002707
1582036009.225864,0.044425,0.113716,-0.201140,9.635434,-59.495921,8.334755,-0.018900,0.000480,-0.003656,-0.008955,-0.497675,0.018882
1582036009.240890,0.044319,0.113733,-0.201424,9.733590,-59.950043,8.210496,-0.021646,0.001603,-0.003822,-0.008978,-0.538097,0.020956
1582036009.299692,0.044152,0.114057,-0.201085,9.825074,-60.339777,8.096098,-0.009370,0.001033,-0.004740,0.001698,-0.255947,0.001711
1582036009.314718,0.044167,0.114091,-0.201248,9.855388,-60.442055,8.059899,-0.008068,0.000864,-0.008224,-0.001457,0.029305,-0.003615
1582036009.324736,0.043941,0.114262,-0.200285,9.847329,-60.381723,8.071168,0.002964,0.000151,-0.003020,-0.000389,0.220249,-0.013197
1582036009.344771,0.044071,0.114298,-0.200257,9.763857,-59.995304,8.172199,0.005849,-0.000107,-0.006309,0.006050,0.395383,-0.015287
1582036009.354788,0.044128,0.114314,-0.200235,9.718148,-59.780109,8.227767,0.005357,0.000083,-0.004702,0.004929,0.347622,-0.013171
1582036009.369815,0.044305,0.114799,-0.200190,9.684948,-59.612957,8.270038,0.004725,0.000102,-0.007638,0.000658,0.183248,-0.007737
1582036009.384841,0.044434,0.114840,-0.200179,9.663550,-59.535759,8.294631,0.004338,0.000186,-0.007281,-0.001445,0.006114,0.000549
1582036009.399867,0.043905,0.115159,-0.200684,9.685264,-59.600236,8.268940,-0.006731,0.000303,-0.005237,-0.001512,-0.127451,-0.000255
1582036009.399867,0.043905,0.115159,-0.200684,9.685264,-59.600236,8.268940,-0.006731,0.000303,-0.005237,-0.001512,-0.127451,-0.000255
1582036009.424911,0.043301,0.115398,-0.200951,9.729915,-59.750631,8.221111,-0.008823,0.000502,-0.002761,-0.003547,-0.111550,-0.000314
1582036009.424911,0.043301,0.115398,-0.200951,9.729915,-59.750631,8.221111,-0.008823,0.000502,-0.002761,-0.003547,-0.111550,-0.000314
