1582039510.711007,-0.052120,0.188460,0.003805,1.684482,0.582301,18.756238,0.003595,0.007491,0.006171,-0.000480,0.006277,0.029730
1582039510.856249,-0.053579,0.191215,0.003978,1.682071,0.578611,19.012160,0.006746,0.019695,0.002492,0.002640,0.006145,0.031821
1582039510.901324,-0.053632,0.192282,0.004050,1.673378,0.588917,19.099615,0.009277,0.020351,0.001918,0.001554,0.008320,0.040279
1582039510.936383,-0.053911,0.193391,0.003984,1.670268,0.590647,19.178053,0.006240,0.022780,0.005638,-0.001699,-0.001223,0.040271
1582039511.001492,-0.054834,0.194398,0.004163,1.672733,0.576799,19.332588,0.002882,0.021678,0.003560,-0.003859,0.000869,0.033924
1582039511.041558,-0.053540,0.195679,0.004443,1.670582,0.585345,19.420902,0.014919,0.018881,0.000663,0.001565,0.006224,0.039193
1582039511.066600,-0.053342,0.196219,0.004493,1.668582,0.597797,19.470237,0.014280,0.017119,0.001964,-0.005988,0.006222,0.036017
1582039511.086634,-0.053282,0.196832,0.004474,1.663232,0.602577,19.506021,0.012123,0.014248,0.004742,-0.003827,0.008308,0.028556
1582039511.111675,-0.053061,0.197455,0.004579,1.660135,0.600787,19.550005,0.011062,0.009657,0.008968,-0.002680,0.001973,0.025291
1582039511.131709,-0.052907,0.197674,0.004804,1.665112,0.599376,19.578314,0.010656,0.006550,0.010396,0.004864,-0.002278,0.028491
1582039511.151742,-0.052834,0.198159,0.004883,1.667899,0.593373,19.605638,0.013293,0.008660,0.013192,0.002593,-0.002368,0.029449
1582039511.181793,-0.054100,0.198503,0.004953,1.666209,0.590164,19.654030,0.006486,0.013372,0.009466,0.000491,-0.005546,0.027502
1582039511.201826,-0.054013,0.198819,0.005135,1.668538,0.587404,19.684471,0.011201,0.013954,0.008680,0.001522,-0.000208,0.029526
1582039511.226868,-0.054972,0.198785,0.005481,1.670806,0.585244,19.733807,0.006016,0.015207,0.010408,-0.004822,-0.000211,0.032775
1582039511.251910,-0.055091,0.198586,0.005520,1.666079,0.585719,19.777972,0.010392,0.012144,0.011506,-0.004850,0.004034,0.029596
1582039511.266935,-0.054995,0.198811,0.005703,1.663527,0.588679,19.802776,0.011922,0.012152,0.012098,-0.002755,0.002911,0.027527
1582039511.286968,-0.055375,0.198375,0.005256,1.666449,0.589692,19.833113,0.007242,0.007201,0.007753,0.000437,0.000888,0.027524
1582039511.307002,-0.055175,0.198769,0.005034,1.665737,0.589041,19.866017,0.010373,0.006910,0.006346,-0.001665,-0.000200,0.030670
1582039511.307002,-0.055175,0.198769,0.005034,1.665737,0.589041,19.866017,0.010373,0.006910,0.006346,-0.001665,-0.000200,0.030670
1582039511.347069,-0.054522,0.199877,0.005041,1.664071,0.585028,19.933173,0.016205,0.006138,0.006287,-0.000586,-0.001405,0.029713
1582039511.367102,-0.054162,0.200177,0.004681,1.666169,0.580922,19.959845,0.016907,0.003457,0.004303,0.001702,0.000698,0.028544
1582039511.387135,-0.053830,0.200341,0.004779,1.666879,0.582085,19.988397,0.017872,0.001282,0.004563,-0.000471,0.001778,0.026284
1582039511.407169,-0.054250,0.200630,0.004476,1.667368,0.579988,20.017242,0.015280,0.004125,0.003095,0.000567,-0.000258,0.025290
1582039511.427202,-0.053962,0.200806,0.004547,1.668362,0.579729,20.045510,0.017135,0.003034,0.003995,-0.000466,-0.000300,0.022065
1582039511.447236,-0.054061,0.201493,0.004517,1.669871,0.582473,20.071472,0.014960,0.008081,0.001915,0.002714,0.005041,0.023160
1582039511.467269,-0.053829,0.201758,0.004544,1.669758,0.586419,20.100059,0.016086,0.008955,0.002230,-0.000567,0.001761,0.026457
1582039511.487303,-0.054027,0.202182,0.004591,1.671522,0.587612,20.132297,0.013163,0.013597,0.003382,-0.001552,0.003907,0.030634
1582039511.507336,-0.054259,0.202674,0.004619,1.669260,0.586051,20.166372,0.013137,0.018163,0.006531,0.002664,0.000699,0.038100
1582039511.537386,-0.055285,0.202647,0.004583,1.674793,0.582194,20.224109,0.005079,0.017710,0.005544,0.002732,-0.005769,0.038095
1582039511.557420,-0.055287,0.203066,0.004751,1.673047,0.576924,20.271914,0.008281,0.021080,0.009010,0.000565,-0.005666,0.043447
1582039511.572445,-0.055149,0.204280,0.004439,1.670893,0.566100,20.308979,0.012605,0.026136,0.007760,-0.001504,-0.009974,0.041120
1582039511.597486,-0.055014,0.204999,0.004609,1.667933,0.559059,20.366772,0.016962,0.023246,0.004927,-0.004814,-0.000470,0.038044
1582039511.597486,-0.055014,0.204999,0.004609,1.667933,0.559059,20.366772,0.016962,0.023246,0.004927,-0.004814,-0.000470,0.038044
1582039511.632545,-0.055192,0.205592,0.004578,1.666378,0.560722,20.429526,0.017077,0.013927,0.001392,-0.003602,0.010103,0.024024
1582039511.652578,-0.055337,0.206593,0.004119,1.663646,0.563356,20.458256,0.018366,0.014834,-0.001966,-0.001468,0.005806,0.020911
1582039511.672612,-0.055591,0.206882,0.004036,1.660333,0.565618,20.487064,0.016657,0.014440,0.002608,-0.001521,0.000572,0.025177
1582039511.687637,-0.055427,0.207163,0.004091,1.658885,0.564689,20.509557,0.017052,0.013332,0.004245,-0.000426,-0.001634,0.022989
1582039511.717687,-0.055937,0.207287,0.004196,1.660469,0.561181,20.558788,0.011534,0.012224,0.008680,0.001644,0.001572,0.029327
1582039511.737721,-0.056198,0.207543,0.004136,1.661780,0.557561,20.587730,0.009968,0.009501,0.005228,-0.000391,0.002530,0.025016
1582039511.757754,-0.056088,0.207783,0.004206,1.663370,0.560569,20.620365,0.009426,0.008496,0.002881,0.001724,0.004655,0.031468
1582039511.787804,-0.056628,0.208631,0.004005,1.663594,0.567816,20.665442,0.008453,0.010359,0.002481,0.000702,0.002640,0.028198
1582039511.807838,-0.056696,0.208517,0.004049,1.662368,0.567390,20.690719,0.003146,0.003610,0.005002,-0.001412,0.000448,0.022893
1582039511.832879,-0.056629,0.208578,0.004191,1.663371,0.569166,20.717282,0.002977,-0.000863,0.006674,-0.001409,-0.002854,0.019635
1582039511.857921,-0.056960,0.208872,0.003591,1.667913,0.562946,20.740919,0.001574,0.000711,0.003384,0.000718,-0.001722,0.018626
1582039511.887971,-0.057521,0.209655,0.004042,1.676951,0.558049,20.774675,-0.000280,0.008393,0.005567,0.008273,0.002455,0.021736
1582039511.908005,-0.057772,0.210163,0.004055,1.677804,0.554199,20.802364,0.000254,0.012155,0.004920,0.003889,-0.002840,0.023908
1582039511.933047,-0.057847,0.210490,0.004180,1.676905,0.550316,20.838852,0.003034,0.014383,0.005415,-0.000321,-0.006047,0.031323
1582039511.953080,-0.057829,0.210757,0.004113,1.675444,0.543256,20.867013,0.002705,0.011612,0.005605,-0.000350,-0.002800,0.025956
1582039511.968105,-0.057742,0.211177,0.004062,1.677085,0.542772,20.885242,0.006824,0.011752,0.004908,0.003995,-0.001810,0.023864
1582039511.988139,-0.057690,0.211459,0.004162,1.681530,0.541734,20.913908,0.008258,0.012302,0.004694,0.001849,0.000263,0.023931
1582039512.008172,-0.058120,0.210850,0.003963,1.675928,0.537607,20.939108,0.006074,0.007274,0.004946,-0.002510,0.000311,0.020649
1582039512.028205,-0.058030,0.211032,0.004054,1.672998,0.538192,20.964921,0.008923,0.006670,0.004347,-0.004617,0.001369,0.021725
1582039512.043231,-0.058484,0.211036,0.004042,1.670830,0.529562,20.982716,0.005816,0.005158,0.007251,0.001706,0.001277,0.019580
1582039512.043231,-0.058484,0.211036,0.004042,1.670830,0.529562,20.982716,0.005816,0.005158,0.007251,0.001706,0.001277,0.019580
1582039512.083298,-0.059364,0.211620,0.004036,1.668199,0.522960,21.025724,0.007240,0.005789,0.007630,-0.004700,0.000194,0.019457
1582039512.103331,-0.059566,0.211530,0.003771,1.666321,0.520389,21.045241,0.004157,0.006881,0.003643,-0.000318,0.001261,0.028998
1582039512.123364,-0.059472,0.211719,0.003853,1.668926,0.520292,21.076302,0.009597,0.006581,0.003828,0.006062,0.002241,0.032196
1582039512.148406,-0.059419,0.211945,0.003514,1.670951,0.518885,21.118093,0.007315,0.008097,0.003000,-0.003562,-0.000922,0.031196
1582039512.168440,-0.059274,0.212943,0.003214,1.670328,0.514830,21.155122,0.010627,0.013110,0.001913,-0.000321,0.000075,0.030131
1582039512.188473,-0.059164,0.213263,0.003260,1.669163,0.515047,21.197265,0.010928,0.012906,0.002287,-0.003490,0.003251,0.038700
1582039512.208507,-0.060197,0.214379,0.003513,1.663572,0.515003,21.232993,0.007973,0.019665,0.004320,-0.000317,-0.000987,0.036414
1582039512.228540,-0.060211,0.214793,0.003601,1.665307,0.515048,21.272071,0.006494,0.019610,0.003788,0.000689,0.003207,0.030076
1582039512.238557,-0.060111,0.214820,0.003240,1.665295,0.514273,21.289814,0.011214,0.017632,0.001983,-0.001442,0.001126,0.037520
1582039512.263599,-0.060033,0.215287,0.003321,1.660519,0.514539,21.336631,0.009971,0.014997,0.003509,-0.006715,0.001137,0.032118
1582039512.288640,-0.060253,0.216186,0.002965,1.656371,0.512004,21.373211,0.010166,0.014307,0.002750,0.003773,0.000066,0.018363
1582039512.308674,-0.061287,0.215841,0.003594,1.659980,0.508729,21.396615,0.002609,0.013026,0.006794,-0.000409,-0.001028,0.022651
1582039512.328707,-0.061311,0.216095,0.003740,1.660946,0.509219,21.425750,0.004340,0.012226,0.006481,0.000725,0.004319,0.029008
1582039512.348740,-0.061938,0.216290,0.003387,1.656062,0.507050,21.456132,0.002754,0.014620,0.003591,-0.002414,0.002161,0.025726
1582039512.363766,-0.061970,0.216519,0.003422,1.652777,0.507215,21.482622,0.003730,0.015389,0.002031,0.001615,0.004230,0.035268
1582039512.408841,-0.062723,0.217986,0.002114,1.650561,0.502965,21.565072,0.000437,0.019817,-0.001460,-0.004683,0.002017,0.038479
1582039512.473950,-0.063550,0.219025,0.001706,1.651662,0.470836,21.670189,0.002115,0.007688,0.000104,0.004981,-0.002428,0.011801
1582039512.514016,-0.064882,0.218971,0.001991,1.647970,0.466189,21.698751,0.001175,0.005130,0.000484,-0.005722,0.003886,0.007463
1582039512.539058,-0.064788,0.219083,0.001884,1.643158,0.471696,21.712244,0.001486,0.004435,-0.002056,-0.003605,0.007061,0.012840
1582039512.564100,-0.064775,0.219206,0.001866,1.642275,0.475763,21.735686,0.003377,0.004323,0.000047,-0.000341,0.003918,0.019247
1582039512.584134,-0.064909,0.219414,0.001697,1.640437,0.473950,21.758300,0.001307,0.005471,0.001467,0.000586,-0.000438,0.021241
1582039512.584134,-0.064909,0.219414,0.001697,1.640437,0.473950,21.758300,0.001307,0.005471,0.001467,0.000586,-0.000438,0.021241
1582039512.634217,-0.065394,0.220394,0.000930,1.646667,0.459660,21.832050,-0.000528,0.011959,-0.003117,0.000666,0.003677,0.028814
1582039512.649242,-0.065463,0.220571,0.000890,1.649242,0.459957,21.857121,0.000409,0.013048,-0.002831,-0.000395,0.000626,0.030943
1582039512.664267,-0.065531,0.220768,0.000866,1.647942,0.457915,21.884483,0.001010,0.014627,-0.001587,-0.001518,-0.004720,0.028817
1582039512.684301,-0.065619,0.220596,0.001236,1.644367,0.451290,21.917201,0.000052,0.012457,0.001290,-0.001481,-0.002591,0.029879
1582039512.704334,-0.065932,0.221835,0.001507,1.643429,0.444720,21.951348,0.002849,0.020783,0.005833,-0.002526,-0.005880,0.026563
1582039512.729376,-0.066000,0.222293,0.001669,1.641419,0.440408,21.992529,0.005840,0.017931,0.006268,0.000584,-0.002721,0.028773
1582039512.749409,-0.066145,0.222675,0.001366,1.643792,0.434641,22.022595,0.006515,0.015978,0.001427,0.002781,0.004613,0.031931
1582039512.764435,-0.066146,0.222937,0.001401,1.642795,0.436917,22.047690,0.006914,0.016153,0.001430,-0.001413,0.004757,0.024503
1582039512.779460,-0.066463,0.223125,0.000976,1.641528,0.437636,22.071047,0.008377,0.014436,-0.003271,-0.003483,0.002532,0.021251
1582039512.779460,-0.066463,0.223125,0.000976,1.641528,0.437636,22.071047,0.008377,0.014436,-0.003271,-0.003483,0.002532,0.021251
1582039512.824535,-0.066734,0.224443,0.000871,1.638298,0.443032,22.151286,0.006078,0.015200,0.000878,-0.002595,0.000366,0.033023
1582039512.844568,-0.067063,0.224688,0.000764,1.640869,0.441181,22.184482,0.001927,0.011890,0.001129,0.000648,-0.001787,0.025469
1582039512.869610,-0.067104,0.225217,0.000537,1.638030,0.432494,22.219176,0.002074,0.008231,0.002874,0.000621,-0.000806,0.023415
1582039512.879627,-0.067136,0.225318,0.000553,1.639767,0.430608,22.233821,0.001621,0.008885,0.001950,-0.001461,-0.001888,0.024498
1582039512.909677,-0.067269,0.225462,0.000185,1.645074,0.422154,22.275302,0.002260,0.008909,-0.000643,0.002670,-0.001985,0.026425
1582039512.929710,-0.067324,0.225645,0.000186,1.646919,0.421832,22.304255,0.000563,0.010393,-0.000358,-0.000508,0.003411,0.026385
1582039512.949744,-0.067359,0.225585,0.000416,1.643068,0.419754,22.337356,0.002393,0.009669,0.001297,-0.003727,-0.001921,0.026470
1582039512.969777,-0.067462,0.225986,0.000358,1.637999,0.415978,22.368212,0.003414,0.009123,0.001091,-0.004811,0.003385,0.025449
1582039512.989811,-0.067449,0.226169,0.000403,1.639990,0.413846,22.398159,0.004770,0.007491,0.002505,0.000611,-0.000892,0.025486
1582039513.009844,-0.067410,0.227129,-0.000130,1.639419,0.408701,22.426453,0.006010,0.012298,-0.000160,-0.000539,0.001126,0.029818
1582039513.029878,-0.067386,0.227412,-0.000161,1.640442,0.405915,22.455146,0.007533,0.012409,-0.002045,-0.002570,-0.001985,0.025522
1582039513.054920,-0.068013,0.227551,0.000152,1.639158,0.401439,22.493847,0.004557,0.012895,0.001573,-0.004802,-0.000914,0.017994
1582039513.074953,-0.068248,0.227593,0.000125,1.635661,0.400668,22.519109,0.003949,0.009241,0.001796,-0.000490,-0.000885,0.020122
1582039513.094986,-0.068205,0.227762,0.000171,1.631168,0.398854,22.541644,0.005731,0.006271,0.002322,-0.001710,-0.000906,0.024393
1582039513.120028,-0.067774,0.228531,0.000170,1.629647,0.396761,22.570263,0.008592,0.005298,-0.002428,-0.002667,0.001229,0.021172
1582039513.135053,-0.067714,0.228747,0.000219,1.630964,0.397639,22.583279,0.009130,0.004484,0.001494,0.000457,0.000187,0.024383
1582039513.135053,-0.067714,0.228747,0.000219,1.630964,0.397639,22.583279,0.009130,0.004484,0.001494,0.000457,0.000187,0.024383
1582039513.135053,-0.067714,0.228747,0.000219,1.630964,0.397639,22.583279,0.009130,0.004484,0.001494,0.000457,0.000187,0.024383
1582039513.195153,-0.067914,0.229459,0.000323,1.633722,0.389838,22.648386,0.010640,0.005008,0.004116,0.003656,-0.000903,0.024290
1582039513.220195,-0.068627,0.229565,-0.000076,1.634763,0.384861,22.685335,0.006579,0.005209,0.000270,0.000584,-0.003001,0.026412
1582039513.245237,-0.069074,0.230139,-0.000217,1.640343,0.380622,22.723316,0.004712,0.013562,0.000294,0.003811,0.001144,0.026517
1582039513.265271,-0.069051,0.230425,-0.000220,1.641980,0.378155,22.756021,0.007482,0.012598,-0.000568,-0.002575,0.001103,0.027603
1582039513.285304,-0.069282,0.230946,-0.000418,1.640949,0.376495,22.784923,0.008533,0.012537,-0.000643,0.004867,0.001152,0.030709
1582039513.305337,-0.069238,0.231255,-0.000810,1.645362,0.375533,22.814303,0.008912,0.016713,-0.001984,0.002663,-0.000931,0.031714
1582039513.340396,-0.069162,0.232084,-0.000704,1.646107,0.373060,22.879058,0.013617,0.020281,-0.001567,-0.002555,-0.000857,0.030578
1582039513.355421,-0.069105,0.232441,-0.000718,1.642661,0.371304,22.908923,0.013702,0.021118,-0.001379,-0.000551,-0.003074,0.033836
1582039513.380463,-0.070094,0.233027,-0.000290,1.638579,0.366599,22.965759,0.011527,0.028037,0.000848,-0.001603,-0.000854,0.037100
1582039513.400496,-0.069938,0.233822,-0.000028,1.638432,0.363322,23.009793,0.013067,0.021609,0.003660,0.000567,0.000135,0.038207
1582039513.435555,-0.070278,0.234495,-0.000071,1.634816,0.361783,23.067113,0.014524,0.016987,0.002714,-0.002501,0.002279,0.028519
1582039513.475622,-0.070140,0.235198,-0.000233,1.635738,0.359559,23.137787,0.019254,0.012769,0.000495,0.000591,-0.003013,0.035932
1582039513.510680,-0.070275,0.236197,-0.000104,1.641508,0.363470,23.204700,0.019451,0.018799,0.001344,-0.001566,0.004363,0.038151
1582039513.510680,-0.070275,0.236197,-0.000104,1.641508,0.363470,23.204700,0.019451,0.018799,0.001344,-0.001566,0.004363,0.038151
1582039513.570781,-0.070917,0.237399,-0.000230,1.637041,0.368682,23.329258,0.010585,0.014008,0.002188,0.002728,0.000177,0.026415
1582039513.595822,-0.070773,0.237749,-0.000158,1.633997,0.368155,23.363501,0.010381,0.010182,0.002233,-0.003711,0.002276,0.019981
1582039513.615856,-0.070714,0.237738,-0.000335,1.632499,0.370156,23.392625,0.009180,0.004966,-0.002553,0.002668,0.006576,0.023142
1582039513.635889,-0.070545,0.237795,-0.000633,1.631676,0.372941,23.416969,0.006970,0.002225,-0.001367,-0.002635,0.001311,0.019996
1582039513.655923,-0.070426,0.237869,-0.000633,1.631266,0.369703,23.434954,0.006474,-0.000069,-0.000208,0.000589,-0.001920,0.008259
1582039513.675956,-0.070326,0.238125,-0.000604,1.632490,0.366053,23.453332,0.006310,0.000534,0.002507,0.000547,-0.006157,0.013615
1582039513.690981,-0.070233,0.238160,-0.000566,1.634662,0.361122,23.464070,0.006702,-0.001021,0.002966,0.005827,-0.005108,0.014668
1582039513.716023,-0.069937,0.238527,-0.000391,1.633640,0.355987,23.482228,0.011574,-0.001206,0.002876,-0.002717,-0.001899,0.011508
1582039513.731048,-0.069751,0.238618,-0.000366,1.633067,0.354811,23.495951,0.013795,0.000495,0.001399,-0.001604,0.001307,0.017823
1582039513.751082,-0.069810,0.239084,-0.000294,1.633064,0.353582,23.516366,0.015435,0.002809,0.001736,0.001576,-0.000876,0.022074
1582039513.771115,-0.070189,0.239106,-0.000209,1.632117,0.353710,23.541137,0.012581,0.004635,0.001761,-0.000546,0.001293,0.021027
1582039513.791148,-0.069972,0.239264,-0.000180,1.629085,0.354664,23.563440,0.013960,0.002055,0.001576,0.003591,-0.000813,0.021117
1582039513.811182,-0.069779,0.239232,-0.000490,1.634286,0.354212,23.593357,0.016936,0.008014,0.001511,0.001538,0.000232,0.032752
1582039513.831215,-0.069558,0.239503,-0.000454,1.637409,0.353736,23.633549,0.017035,0.008693,0.001737,-0.001651,0.001279,0.036021
1582039513.846241,-0.069843,0.240222,-0.000087,1.635128,0.355725,23.662338,0.014967,0.012457,0.003977,-0.003883,0.001279,0.033852
1582039513.871282,-0.070476,0.240951,-0.000307,1.631987,0.358539,23.715486,0.010296,0.016987,-0.000565,-0.002647,0.004508,0.034876
1582039513.881299,-0.070446,0.241132,-0.000314,1.631686,0.360397,23.736513,0.009880,0.015278,-0.001563,0.003720,0.006602,0.033855
1582039515.082711,-0.070623,0.241596,-0.000453,1.634576,0.368058,23.795025,0.006436,0.007398,0.000675,-0.000584,-0.001852,0.020951
1582039515.102745,-0.070439,0.242083,-0.000622,1.632577,0.365694,23.824572,0.002793,0.008498,0.001860,-0.001619,-0.000798,0.017854
1582039515.122778,-0.070409,0.242182,-0.000606,1.632953,0.363416,23.845045,0.002276,0.002181,0.001290,0.003743,-0.002894,0.016853
1582039515.142812,-0.070792,0.241783,-0.000818,1.637949,0.362398,23.866759,-0.000120,-0.000055,-0.001320,0.005906,0.000345,0.016702
1582039515.162845,-0.070783,0.241770,-0.000862,1.643213,0.358894,23.885892,0.000386,-0.001602,-0.002114,0.005747,-0.001843,0.025238
1582039515.182879,-0.071533,0.241320,-0.000565,1.645530,0.352730,23.908273,-0.002459,-0.001583,0.005746,0.001587,-0.001921,0.026219
1582039515.202912,-0.072119,0.241922,-0.000380,1.639819,0.350140,23.933853,-0.002520,0.007549,0.000928,-0.000550,-0.002893,0.017708
1582039515.217937,-0.072142,0.241938,-0.000373,1.641546,0.349531,23.951015,-0.000744,0.001734,-0.000091,0.004806,0.002441,0.020002
1582039515.258004,-0.072714,0.241818,-0.000470,1.641035,0.350886,23.998691,-0.000824,0.003869,0.000998,-0.003795,-0.002861,0.024204
1582039515.283046,-0.072984,0.242213,-0.000638,1.639644,0.344182,24.026860,0.000033,0.005115,0.001806,-0.001719,-0.003881,0.018851
1582039515.308088,-0.072428,0.241964,-0.000938,1.642269,0.341584,24.053828,0.004035,-0.001417,-0.002134,0.007899,0.001348,0.023154
1582039515.318104,-0.072386,0.241990,-0.000961,1.645635,0.340918,24.064824,0.005381,0.000206,-0.002385,0.002565,-0.000792,0.019883
1582039515.318104,-0.072386,0.241990,-0.000961,1.645635,0.340918,24.064824,0.005381,0.000206,-0.002385,0.002565,-0.000792,0.019883
1582039515.368188,-0.072399,0.243885,-0.000030,1.642570,0.343312,24.120420,0.012368,0.012290,0.005653,-0.000645,0.001392,0.022054
1582039515.388222,-0.072259,0.244215,0.000092,1.646008,0.345829,24.144809,0.013843,0.012810,0.006145,-0.001693,0.001444,0.019878
1582039515.408255,-0.072640,0.244453,-0.000249,1.643353,0.348741,24.170681,0.008708,0.009311,0.000521,-0.003798,-0.001661,0.018861
1582039515.408255,-0.072640,0.244453,-0.000249,1.643353,0.348741,24.170681,0.008708,0.009311,0.000521,-0.003798,-0.001661,0.018861
1582039515.453330,-0.072413,0.244411,-0.000588,1.647910,0.348404,24.216866,0.010701,0.006057,0.001536,0.001514,-0.000685,0.013549
1582039515.468355,-0.072282,0.244181,-0.000666,1.648612,0.349228,24.232745,0.008095,0.003214,-0.000575,-0.007089,-0.000674,0.014618
1582039515.493397,-0.072089,0.244278,-0.000693,1.644695,0.347047,24.246388,0.008982,-0.000238,-0.000713,-0.000648,-0.000710,0.011419
1582039515.508422,-0.071679,0.244098,-0.000476,1.649021,0.347886,24.254958,0.010082,-0.003126,0.001592,0.001574,-0.001634,0.012478
1582039515.538473,-0.071623,0.244512,-0.000469,1.642520,0.346262,24.267839,0.009155,-0.003076,0.000926,-0.004838,-0.001729,0.009140
1582039515.558506,-0.071381,0.244501,-0.000462,1.638204,0.345779,24.278131,0.010458,-0.007088,0.000566,0.003593,-0.002779,0.003894
1582039515.578539,-0.071930,0.244965,-0.000571,1.645544,0.345866,24.285026,0.008068,-0.006803,-0.000442,0.004682,0.000396,-0.000298
1582039515.603581,-0.071969,0.245302,-0.000629,1.650393,0.345064,24.288016,0.007375,-0.000554,0.001058,-0.003695,-0.003864,0.005998
1582039515.623615,-0.071820,0.245364,-0.000579,1.650958,0.342302,24.295200,0.008897,-0.000348,0.001664,-0.002622,-0.002762,0.006067
1582039515.643648,-0.072378,0.245052,-0.000552,1.647574,0.341045,24.308640,0.005714,-0.002479,0.001001,-0.003781,-0.000604,0.008165
1582039515.668690,-0.072234,0.245139,-0.000903,1.644906,0.344382,24.323620,0.004914,-0.002175,-0.002578,0.001497,0.006661,0.011471
1582039515.683715,-0.072152,0.245129,-0.000908,1.647045,0.348520,24.334337,0.004622,-0.003274,-0.000457,0.007845,0.003693,0.013527
1582039515.693732,-0.072096,0.245115,-0.000930,1.648249,0.349776,24.342365,0.004469,-0.003912,-0.000793,-0.004967,0.000474,0.019897
1582039515.738807,-0.074093,0.244977,-0.001057,1.642129,0.340163,24.381266,-0.001788,0.001223,0.000991,0.001499,-0.002779,0.011395
1582039515.763849,-0.074151,0.244985,-0.001071,1.639021,0.336292,24.407824,-0.001592,-0.000626,-0.001259,-0.001742,-0.000661,0.015615
1582039515.778874,-0.073733,0.245063,-0.000536,1.639334,0.336441,24.421754,0.003201,0.000034,0.002542,0.001384,0.001446,0.013512
1582039515.778874,-0.073733,0.245063,-0.000536,1.639334,0.336441,24.421754,0.003201,0.000034,0.002542,0.001384,0.001446,0.013512
1582039515.848991,-0.073677,0.246116,-0.000784,1.643620,0.337122,24.507826,0.005477,0.002660,0.002188,0.011066,0.001405,0.016788
1582039515.874033,-0.073716,0.246425,-0.000452,1.648901,0.334004,24.535013,0.006724,0.006570,0.005873,-0.003869,-0.003829,0.014607
1582039515.899074,-0.073638,0.246663,-0.000305,1.639564,0.329884,24.566255,0.007448,0.009765,0.005348,-0.001764,0.000387,0.020992
1582039515.929125,-0.073910,0.247018,-0.000385,1.642535,0.333812,24.605869,0.006987,0.008255,0.001627,0.002479,0.003548,0.018961
1582039515.954166,-0.073967,0.247197,-0.000475,1.646307,0.336727,24.630334,0.007322,0.008585,0.004163,-0.002853,0.004681,0.013602
1582039515.969191,-0.073659,0.247327,-0.000695,1.647356,0.336247,24.642461,0.008977,0.006394,0.004158,-0.001611,-0.002797,0.018719
1582039516.009258,-0.073075,0.247831,-0.000353,1.645706,0.330324,24.679985,0.010863,0.002542,0.006065,-0.003745,-0.002754,0.014679
1582039516.024283,-0.072942,0.247945,-0.000271,1.647547,0.328645,24.688888,0.011313,0.003487,0.005589,0.006858,0.001391,0.005069
1582039516.044317,-0.073721,0.248086,-0.000322,1.650469,0.328136,24.704077,0.006240,0.007981,0.002927,-0.004879,-0.002797,0.007313
1582039516.064350,-0.073603,0.248269,-0.000268,1.644280,0.328515,24.717918,0.010223,0.004701,0.002111,-0.004817,0.002494,0.014742
1582039516.084384,-0.074775,0.248637,-0.001011,1.641495,0.329299,24.732029,0.001654,0.006785,-0.002706,0.005856,0.001358,0.011465
1582039516.104417,-0.074705,0.249158,-0.001077,1.645932,0.327519,24.744363,0.005807,0.005619,-0.000548,-0.001646,-0.001676,0.005084
1582039516.119442,-0.074641,0.249235,-0.001085,1.644239,0.326676,24.749440,0.006408,0.001239,-0.000432,-0.002738,-0.002810,0.003946
1582039516.139476,-0.074204,0.248922,-0.000918,1.642931,0.325880,24.759206,0.008303,-0.003213,0.000568,0.002587,-0.001779,0.008273
1582039516.149492,-0.074116,0.248911,-0.000914,1.645691,0.325562,24.762787,0.007884,-0.005183,0.000555,0.002626,-0.001743,0.007171
1582039516.149492,-0.074116,0.248911,-0.000914,1.645691,0.325562,24.762787,0.007884,-0.005183,0.000555,0.002626,-0.001743,0.007171
1582039516.199576,-0.073590,0.248691,-0.000831,1.650241,0.324183,24.777652,0.007794,-0.002176,0.001819,-0.000605,-0.000683,0.004005
1582039516.219610,-0.073305,0.249031,-0.001005,1.648786,0.321595,24.782583,0.007653,-0.001779,0.001056,-0.004810,0.002437,0.001822
1582039516.234635,-0.073664,0.248734,-0.000957,1.645502,0.323171,24.784080,0.008208,-0.005249,0.002171,-0.001646,0.001452,0.003965
1582039516.254668,-0.073472,0.248680,-0.000932,1.646146,0.322772,24.786298,0.007736,-0.007673,0.001390,0.001588,0.000325,0.000794
1582039516.274701,-0.073632,0.248462,-0.000584,1.646427,0.322773,24.787201,0.005976,-0.007667,0.003926,-0.002671,0.001432,0.002883
1582039516.314768,-0.073775,0.248282,-0.000233,1.642841,0.323699,24.790328,0.004208,-0.011286,0.007503,0.004814,-0.000681,0.001824
1582039516.379877,-0.073815,0.248297,-0.000302,1.648085,0.323059,24.789494,0.002698,-0.009155,0.003116,0.000488,0.000388,0.001870
1582039516.455003,-0.073875,0.248710,-0.000540,1.642335,0.320538,24.788013,0.006243,-0.004671,0.001094,0.000545,0.000380,-0.000333
1582039516.490061,-0.074185,0.248931,-0.000669,1.643365,0.316678,24.788187,0.004643,-0.004581,-0.000867,0.001552,0.001350,0.002785
1582039516.515103,-0.074147,0.248832,-0.000602,1.642633,0.320367,24.786645,0.006191,-0.006301,0.001792,0.001585,0.001465,0.000745
1582039516.545153,-0.074165,0.248738,-0.000475,1.643405,0.319113,24.789965,0.004282,-0.007215,0.002744,-0.003677,-0.003781,0.005017
1582039516.580212,-0.073993,0.248811,-0.000621,1.644605,0.318927,24.787897,0.005483,-0.006227,0.001853,-0.001567,-0.001725,0.002834
1582039516.600245,-0.074097,0.248595,-0.000486,1.644647,0.318629,24.785341,0.003640,-0.006394,0.002376,0.001721,-0.000615,0.000658
1582039516.635304,-0.074070,0.248875,-0.000646,1.645523,0.318031,24.780768,0.005998,-0.005098,0.000157,0.001767,0.000441,-0.000359
1582039516.660346,-0.073845,0.248807,-0.000633,1.644252,0.320573,24.781186,0.008312,-0.007259,0.001071,-0.001517,-0.001670,0.002903
1582039516.690395,-0.073938,0.249113,-0.000854,1.646342,0.320470,24.777551,0.006717,-0.006299,0.000267,-0.002553,-0.000685,0.001781
1582039516.720446,-0.073656,0.249275,-0.000778,1.647976,0.320106,24.776292,0.008854,-0.006759,0.000606,0.002836,-0.003884,-0.000434
1582039516.740479,-0.073887,0.249234,-0.000680,1.649362,0.315581,24.779011,0.005183,-0.005610,0.003383,0.002753,0.000369,-0.002529
1582039516.760513,-0.073742,0.249169,-0.000623,1.651710,0.316114,24.778728,0.005376,-0.006153,0.003136,0.001727,0.001459,-0.000407
1582039516.780546,-0.073863,0.249565,-0.000691,1.652281,0.314539,24.775354,0.006613,-0.003252,0.002205,-0.000397,-0.000675,-0.000395
1582039516.800580,-0.074062,0.249602,-0.000717,1.653540,0.314466,24.774475,0.005427,-0.002366,0.001907,-0.002459,0.002554,-0.003529
1582039516.820613,-0.073949,0.249598,-0.000662,1.652419,0.314744,24.773995,0.007137,-0.003073,0.002448,0.001782,0.000411,0.001846
1582039516.835638,-0.074035,0.249761,-0.000810,1.652935,0.314248,24.773574,0.005597,-0.002207,0.000551,0.001824,-0.001677,0.004910
1582039516.855672,-0.073883,0.249771,-0.000815,1.653639,0.314290,24.773961,0.007816,-0.003477,-0.000453,-0.000420,-0.002734,0.000601
1582039516.875705,-0.073798,0.249707,-0.000795,1.650742,0.314961,24.772010,0.006228,-0.004775,0.001189,-0.001461,0.001509,0.001665
1582039516.885722,-0.073732,0.249682,-0.000778,1.650377,0.314614,24.771452,0.005328,-0.005400,0.001764,-0.001438,-0.001706,0.000576
1582039516.885722,-0.073732,0.249682,-0.000778,1.650377,0.314614,24.771452,0.005328,-0.005400,0.001764,-0.001438,-0.001706,0.000576
1582039516.935805,-0.073770,0.250008,-0.001051,1.652216,0.313875,24.774149,0.006660,-0.004086,0.001016,0.000755,-0.001652,0.000619
1582039516.950830,-0.073648,0.249991,-0.001049,1.652646,0.312197,24.775095,0.007268,-0.004757,0.000024,-0.002470,-0.000731,0.001683
1582039516.970864,-0.073671,0.249657,-0.000883,1.649639,0.312119,24.773609,0.006466,-0.006168,0.001697,-0.003558,0.000403,-0.001563
1582039516.985889,-0.073537,0.249613,-0.000865,1.649387,0.311819,24.774183,0.006819,-0.006536,0.001314,-0.000384,-0.000640,-0.001436
1582039517.010931,-0.073756,0.249401,-0.000870,1.651747,0.311990,24.771006,0.005708,-0.007508,0.000534,0.001851,-0.000651,-0.001452
1582039517.030964,-0.073581,0.249302,-0.000869,1.651062,0.312137,24.771233,0.006246,-0.008782,0.000165,0.000738,0.000364,0.000689
1582039517.050997,-0.073854,0.249636,-0.000913,1.649025,0.312188,24.771033,0.005766,-0.005888,0.001502,0.001752,-0.002834,0.005997
1582039517.071031,-0.073932,0.249860,-0.001097,1.650073,0.310952,24.772533,0.006255,-0.003411,-0.000459,-0.001493,0.001483,-0.000371
1582039517.091064,-0.073777,0.249831,-0.001115,1.649049,0.311253,24.771575,0.007490,-0.005098,-0.000304,-0.001443,-0.000654,-0.005650
1582039517.106089,-0.074195,0.249768,-0.001169,1.651361,0.311798,24.770164,0.003160,-0.004221,0.000312,0.001747,0.001433,0.006994
1582039517.126123,-0.074075,0.249727,-0.001170,1.653294,0.311042,24.770169,0.004483,-0.004792,0.000479,-0.002438,-0.000683,-0.003588
1582039517.151165,-0.074033,0.249543,-0.001104,1.650287,0.310133,24.771666,0.002938,-0.005776,0.001280,-0.002357,-0.000627,-0.003552
1582039517.166190,-0.073947,0.249481,-0.001075,1.649126,0.311178,24.769953,0.003636,-0.006427,0.002072,0.000637,0.004603,-0.003591
1582039517.191232,-0.073669,0.249490,-0.001423,1.652322,0.313306,24.770244,0.006631,-0.007505,-0.003002,-0.003439,-0.001693,-0.000258
1582039517.206257,-0.074077,0.249268,-0.000870,1.651766,0.312432,24.770746,0.000712,-0.007247,0.004433,-0.002453,-0.002746,-0.003642
1582039517.226290,-0.073998,0.249129,-0.000773,1.650326,0.311456,24.771042,0.000810,-0.008508,0.005556,-0.002458,-0.003773,0.003822
1582039517.246324,-0.074029,0.249318,-0.000936,1.652446,0.311840,24.770053,0.003355,-0.007272,0.001740,-0.003411,-0.000528,-0.000485
1582039517.246324,-0.074029,0.249318,-0.000936,1.652446,0.311840,24.770053,0.003355,-0.007272,0.001740,-0.003411,-0.000528,-0.000485
1582039517.246324,-0.074029,0.249318,-0.000936,1.652446,0.311840,24.770053,0.003355,-0.007272,0.001740,-0.003411,-0.000528,-0.000485
1582039517.246324,-0.074029,0.249318,-0.000936,1.652446,0.311840,24.770053,0.003355,-0.007272,0.001740,-0.003411,-0.000528,-0.000485
1582039517.246324,-0.074029,0.249318,-0.000936,1.652446,0.311840,24.770053,0.003355,-0.007272,0.001740,-0.003411,-0.000528,-0.000485
1582039517.246324,-0.074029,0.249318,-0.000936,1.652446,0.311840,24.770053,0.003355,-0.007272,0.001740,-0.003411,-0.000528,-0.000485
1582039517.246324,-0.074029,0.249318,-0.000936,1.652446,0.311840,24.770053,0.003355,-0.007272,0.001740,-0.003411,-0.000528,-0.000485
1582039517.246324,-0.074029,0.249318,-0.000936,1.652446,0.311840,24.770053,0.003355,-0.007272,0.001740,-0.003411,-0.000528,-0.000485
1582039517.246324,-0.074029,0.249318,-0.000936,1.652446,0.311840,24.770053,0.003355,-0.007272,0.001740,-0.003411,-0.000528,-0.000485
1582039517.246324,-0.074029,0.249318,-0.000936,1.652446,0.311840,24.770053,0.003355,-0.007272,0.001740,-0.003411,-0.000528,-0.000485
1582039517.246324,-0.074029,0.249318,-0.000936,1.652446,0.311840,24.770053,0.003355,-0.007272,0.001740,-0.003411,-0.000528,-0.000485
1582039517.246324,-0.074029,0.249318,-0.000936,1.652446,0.311840,24.770053,0.003355,-0.007272,0.001740,-0.003411,-0.000528,-0.000485
1582039517.246324,-0.074029,0.249318,-0.000936,1.652446,0.311840,24.770053,0.003355,-0.007272,0.001740,-0.003411,-0.000528,-0.000485
1582039517.246324,-0.074029,0.249318,-0.000936,1.652446,0.311840,24.770053,0.003355,-0.007272,0.001740,-0.003411,-0.000528,-0.000485
1582039517.246324,-0.074029,0.249318,-0.000936,1.652446,0.311840,24.770053,0.003355,-0.007272,0.001740,-0.003411,-0.000528,-0.000485
1582039517.246324,-0.074029,0.249318,-0.000936,1.652446,0.311840,24.770053,0.003355,-0.007272,0.001740,-0.003411,-0.000528,-0.000485
1582039517.246324,-0.074029,0.249318,-0.000936,1.652446,0.311840,24.770053,0.003355,-0.007272,0.001740,-0.003411,-0.000528,-0.000485
1582039517.511767,-0.073889,0.249731,-0.000682,1.652259,0.308694,24.769215,0.007311,-0.004951,0.004547,-0.000239,-0.001682,-0.000233
1582039517.616942,-0.073935,0.249791,-0.001036,1.658054,0.309214,24.772412,0.007478,-0.005344,0.002274,0.000873,-0.002800,0.001927
1582039517.616942,-0.073935,0.249791,-0.001036,1.658054,0.309214,24.772412,0.007478,-0.005344,0.002274,0.000873,-0.002800,0.001927
1582039517.662018,-0.073676,0.249279,-0.001193,1.657137,0.306426,24.774890,0.006110,-0.009525,0.001589,0.000774,-0.003835,-0.001200
1582039517.682051,-0.073717,0.249404,-0.001107,1.654848,0.307223,24.772074,0.006271,-0.007630,0.001385,0.001855,-0.000578,0.000783
1582039517.707093,-0.073773,0.249383,-0.001178,1.654703,0.304479,24.777557,0.005137,-0.007380,0.001503,0.004055,-0.001724,0.004075
1582039517.742151,-0.073678,0.249438,-0.001260,1.655439,0.304020,24.777759,0.005761,-0.007162,0.001323,0.000826,0.002469,0.002961
1582039517.777210,-0.073764,0.249716,-0.001405,1.656614,0.303493,24.776682,0.005858,-0.005572,0.000482,0.002953,-0.000677,-0.001352
1582039517.812269,-0.073644,0.249410,-0.001223,1.651278,0.301920,24.779602,0.005464,-0.008167,0.001492,0.000826,-0.000636,0.003993
1582039517.827294,-0.073499,0.249332,-0.001199,1.651518,0.301827,24.778737,0.007239,-0.009121,0.002034,0.001831,0.000411,-0.002295
1582039517.847327,-0.073510,0.249207,-0.001090,1.651770,0.299689,24.779787,0.005266,-0.009489,0.002891,0.002868,-0.000682,0.003006
1582039517.867361,-0.073322,0.249072,-0.001014,1.651978,0.299384,24.781136,0.006065,-0.010366,0.004723,0.000834,-0.000705,0.000822
1582039517.877377,-0.073777,0.249076,-0.001282,1.653843,0.299345,24.780988,0.003678,-0.008753,0.000794,-0.004450,0.000366,0.002934
1582039517.877377,-0.073777,0.249076,-0.001282,1.653843,0.299345,24.780988,0.003678,-0.008753,0.000794,-0.004450,0.000366,0.002934
1582039517.927461,-0.073511,0.249156,-0.001530,1.651298,0.301940,24.782702,0.006397,-0.008952,-0.002404,-0.000369,0.004615,0.000833
1582039517.947495,-0.073532,0.249132,-0.001358,1.650465,0.301573,24.782715,0.007247,-0.008771,0.003403,0.000816,0.000389,0.000781
1582039517.967528,-0.073296,0.249041,-0.001289,1.650981,0.300903,24.784104,0.008799,-0.009611,0.004365,-0.000195,0.000423,-0.000413
1582039517.982553,-0.073421,0.249036,-0.001437,1.652422,0.301545,24.783518,0.005489,-0.009625,0.000699,0.001919,-0.000673,0.002945
1582039517.982553,-0.073421,0.249036,-0.001437,1.652422,0.301545,24.783518,0.005489,-0.009625,0.000699,0.001919,-0.000673,0.002945
1582039518.022620,-0.073006,0.248692,-0.001248,1.653168,0.301443,24.784812,0.007437,-0.011533,0.002315,-0.001343,0.002577,-0.001474
1582039518.052670,-0.072762,0.248937,-0.001529,1.656138,0.302621,24.786208,0.010371,-0.010003,-0.000784,-0.000197,0.001513,-0.004538
1582039518.092737,-0.072839,0.249106,-0.001620,1.658562,0.301714,24.780373,0.008423,-0.008429,-0.000811,-0.000128,-0.002753,0.000780
1582039518.142821,-0.073336,0.249182,-0.001431,1.658000,0.300309,24.780625,0.004541,-0.006144,0.001612,0.004038,0.001457,-0.002406
1582039518.172871,-0.073493,0.249332,-0.001367,1.659044,0.301585,24.773013,0.005390,-0.004799,0.003145,-0.000206,-0.000655,-0.000383
1582039518.197912,-0.073317,0.249248,-0.001289,1.658688,0.301137,24.774418,0.004784,-0.006623,0.003873,0.004013,0.000370,-0.004477
1582039518.217946,-0.073562,0.249279,-0.001339,1.659295,0.298551,24.774861,0.001911,-0.005800,0.001299,0.001939,-0.002831,-0.000248
1582039518.237979,-0.073561,0.249361,-0.001341,1.658393,0.297755,24.777467,0.003690,-0.005135,0.003125,0.000866,0.000362,-0.000326
1582039518.258013,-0.073440,0.249298,-0.001281,1.660970,0.299616,24.776851,0.004534,-0.005935,0.003160,-0.000175,0.001478,-0.000306
1582039518.273038,-0.073706,0.249488,-0.001414,1.662133,0.301440,24.776268,0.004129,-0.003976,0.001929,0.000850,-0.000645,-0.000258
1582039518.293071,-0.073596,0.249440,-0.001376,1.662254,0.300914,24.777345,0.004129,-0.004889,0.002606,-0.001334,-0.002780,-0.001425
1582039518.313105,-0.073667,0.249356,-0.001403,1.661457,0.301225,24.776071,0.004328,-0.005712,0.000844,0.000839,0.000432,-0.001406
1582039518.333138,-0.073524,0.249281,-0.001391,1.662185,0.301530,24.778045,0.005214,-0.007015,0.000876,0.001905,0.004659,0.002852
1582039518.353172,-0.073541,0.248949,-0.001274,1.661675,0.304184,24.780139,0.004245,-0.008905,0.002251,-0.001288,-0.000676,0.003888
1582039518.353172,-0.073541,0.248949,-0.001274,1.661675,0.304184,24.780139,0.004245,-0.008905,0.002251,-0.001288,-0.000676,0.003888
1582039518.383222,-0.073496,0.249038,-0.001181,1.659487,0.303888,24.782987,0.003946,-0.008041,0.002801,-0.001330,-0.004830,0.000712
1582039518.418281,-0.073323,0.249409,-0.001281,1.659786,0.301093,24.783859,0.006025,-0.006906,0.002400,0.002969,0.001485,-0.002530
1582039518.438314,-0.073238,0.249285,-0.001319,1.658321,0.303892,24.781690,0.006033,-0.007602,0.002150,0.000641,0.000503,-0.004676
1582039518.453339,-0.073109,0.249209,-0.001317,1.658239,0.303300,24.781207,0.005686,-0.008321,-0.000408,-0.002278,0.000415,-0.000417
1582039518.473372,-0.073138,0.249338,-0.001192,1.656231,0.303309,24.778896,0.007766,-0.007253,0.003917,0.001810,0.000444,-0.006762
1582039518.488397,-0.072969,0.249289,-0.001135,1.656705,0.304344,24.776003,0.009120,-0.007918,0.004219,-0.000294,0.000436,-0.002565
1582039518.508431,-0.073353,0.249045,-0.001164,1.655904,0.305699,24.773798,0.003717,-0.008089,0.003043,-0.001505,0.002542,0.003817
1582039518.523456,-0.073235,0.248952,-0.001137,1.656863,0.306446,24.774255,0.004877,-0.009259,0.002009,0.000770,0.001605,-0.002566
1582039518.548498,-0.073489,0.249041,-0.001138,1.655363,0.304019,24.777437,0.003252,-0.007467,0.001498,0.001867,-0.002727,0.001693
1582039518.568531,-0.073655,0.249293,-0.000975,1.655930,0.303084,24.777210,0.002893,-0.005420,0.004525,-0.000376,0.000448,-0.005709
1582039518.588565,-0.073528,0.249214,-0.000886,1.655930,0.302645,24.776158,0.004661,-0.006704,0.004825,0.001700,0.000430,0.000673
1582039518.608598,-0.073528,0.249346,-0.001289,1.657422,0.300975,24.776803,0.004229,-0.005976,0.003049,0.001765,0.002516,0.003784
1582039518.628632,-0.073381,0.249269,-0.001232,1.657731,0.301499,24.777320,0.004793,-0.006964,0.003747,-0.003578,0.000396,0.002712
1582039518.648665,-0.073395,0.249631,-0.001561,1.658537,0.299482,24.776708,0.005860,-0.004912,-0.000306,0.001852,-0.000597,0.000644
1582039518.668699,-0.073369,0.249362,-0.001270,1.657331,0.301287,24.776590,0.004505,-0.006477,0.002195,0.000691,0.003606,0.001660
1582039518.688732,-0.073210,0.249282,-0.001225,1.656939,0.301802,24.775488,0.005634,-0.007367,0.002899,-0.001450,0.002505,-0.002571
1582039518.708765,-0.073297,0.249349,-0.001232,1.656675,0.299659,24.773527,0.005568,-0.006845,0.000608,0.001830,0.001461,-0.001489
1582039518.718782,-0.073222,0.249304,-0.001226,1.657522,0.300289,24.774682,0.005225,-0.007494,0.000570,0.000734,-0.000649,-0.000365
1582039518.718782,-0.073222,0.249304,-0.001226,1.657522,0.300289,24.774682,0.005225,-0.007494,0.000570,0.000734,-0.000649,-0.000365
1582039518.768866,-0.073125,0.249220,-0.001040,1.655866,0.299194,24.773935,0.005178,-0.008045,0.003224,-0.002507,-0.000667,0.002719
1582039518.788899,-0.073248,0.249275,-0.001496,1.654861,0.298755,24.772828,0.003469,-0.007729,-0.000998,0.000774,0.000489,0.001608
1582039518.808933,-0.073364,0.249310,-0.001819,1.657124,0.299483,24.770852,0.003744,-0.006920,-0.001712,-0.001428,-0.002740,-0.000482
1582039518.828966,-0.073231,0.249210,-0.001855,1.656488,0.299469,24.770867,0.004202,-0.007817,-0.001492,-0.002508,-0.000642,0.003789
1582039518.849000,-0.073198,0.249381,-0.001688,1.654078,0.299593,24.774618,0.006329,-0.006435,-0.000157,0.001731,0.002467,0.001743
1582039518.869033,-0.073167,0.249494,-0.001631,1.653211,0.299508,24.772452,0.006755,-0.006026,0.001268,0.000636,0.000432,-0.001555
1582039518.889067,-0.072982,0.249437,-0.001616,1.653653,0.299481,24.774856,0.007728,-0.006876,0.000668,0.002766,0.000406,0.000648
1582039518.909100,-0.073382,0.249392,-0.001443,1.655658,0.299591,24.772470,0.003635,-0.006349,0.001598,-0.000371,-0.001725,-0.001429
1582039518.929133,-0.073256,0.249296,-0.001396,1.654719,0.299301,24.773680,0.004052,-0.007385,0.002603,0.000696,-0.000644,0.001704
1582039518.949167,-0.073355,0.249265,-0.001407,1.656817,0.297335,24.775772,0.004610,-0.007605,0.001502,-0.001488,-0.001736,0.007002
1582039518.969200,-0.073522,0.249303,-0.001436,1.654893,0.296899,24.774558,0.003766,-0.006247,0.001696,0.000666,-0.000622,-0.002576
1582039518.994242,-0.073354,0.249180,-0.001393,1.654129,0.296646,24.773207,0.003810,-0.007732,0.001281,0.001813,0.001460,-0.002656
1582039519.014276,-0.073228,0.249154,-0.001430,1.653673,0.296072,24.773680,0.004457,-0.008183,0.002454,-0.001407,0.001439,0.000592
1582039519.039317,-0.073327,0.249279,-0.001540,1.653043,0.296461,24.775505,0.004431,-0.006445,0.001229,0.003800,-0.000659,0.002803
1582039519.069367,-0.073348,0.249536,-0.001442,1.655285,0.291837,24.773737,0.004375,-0.004616,0.001458,0.000697,-0.002788,-0.000494
1582039519.089401,-0.073212,0.249488,-0.001405,1.654982,0.292223,24.775762,0.005057,-0.005256,0.001869,-0.002457,0.000423,0.001649
1582039519.144493,-0.073117,0.249410,-0.001746,1.653376,0.291071,24.774143,0.003846,-0.006286,-0.000127,0.001804,0.000407,-0.002563
1582039519.169535,-0.073009,0.249420,-0.001743,1.651076,0.292115,24.771070,0.005307,-0.007319,0.000522,0.001786,-0.001677,-0.001527
1582039519.189568,-0.072839,0.249327,-0.001743,1.651532,0.290647,24.770569,0.006248,-0.008197,-0.000264,0.000664,-0.004863,0.001623
1582039519.209602,-0.072699,0.249244,-0.001851,1.651675,0.292016,24.772328,0.006991,-0.008593,0.000257,-0.003577,0.002562,-0.002682
1582039519.229635,-0.072486,0.249144,-0.001859,1.649843,0.290721,24.771667,0.007990,-0.009468,0.000142,0.002833,-0.002784,0.002661
1582039519.249669,-0.072763,0.249193,-0.001872,1.651217,0.289535,24.770538,0.004613,-0.007977,0.000991,-0.000390,-0.001688,0.000539
1582039519.274710,-0.072845,0.249424,-0.001899,1.652738,0.289052,24.769737,0.005578,-0.006505,-0.000348,-0.002399,0.001471,-0.003741
1582039519.289736,-0.072718,0.249373,-0.001919,1.651598,0.288414,24.770496,0.006559,-0.007023,-0.001460,-0.001402,-0.004879,0.004821
1582039519.314777,-0.073029,0.249504,-0.001733,1.651319,0.287551,24.771095,0.005751,-0.004970,0.003785,-0.001502,-0.001792,0.002797
1582039519.329802,-0.072914,0.249466,-0.001676,1.650572,0.288169,24.770802,0.006124,-0.005867,0.004209,0.001737,-0.000589,-0.000497
1582039519.354844,-0.073300,0.249393,-0.001695,1.650721,0.289152,24.768192,0.001475,-0.005374,0.001370,-0.001444,0.001447,0.002713
1582039519.374877,-0.073224,0.249686,-0.001961,1.652037,0.289225,24.769431,0.005226,-0.004477,0.001168,0.000694,-0.001701,-0.002577
1582039519.394911,-0.073110,0.249645,-0.001941,1.653135,0.289161,24.768420,0.005424,-0.004837,0.001592,0.000733,0.000452,-0.001489
1582039519.419953,-0.073051,0.249568,-0.001908,1.652405,0.288824,24.767507,0.003133,-0.005414,0.001942,-0.001324,-0.000572,0.001495
1582039519.439986,-0.073029,0.249488,-0.001720,1.652437,0.287164,24.766608,0.003455,-0.005977,0.002824,0.001811,-0.000632,0.002645
1582039519.455011,-0.072923,0.249431,-0.001693,1.653468,0.287969,24.765582,0.004878,-0.006921,0.002073,0.005078,0.000400,0.003783
1582039519.455011,-0.072923,0.249431,-0.001693,1.653468,0.287969,24.765582,0.004878,-0.006921,0.002073,0.005078,0.000400,0.003783
1582039519.525129,-0.072789,0.249464,-0.001610,1.651860,0.287550,24.770436,0.006077,-0.007239,0.002866,0.004948,0.000373,0.000545
1582039519.545162,-0.072685,0.249274,-0.001935,1.653761,0.287360,24.771461,0.006707,-0.008972,-0.002203,0.001748,-0.000630,0.003659
1582039519.570204,-0.072873,0.249261,-0.001870,1.653992,0.287744,24.774761,0.004030,-0.007774,0.000166,-0.000368,-0.000581,0.000524
1582039519.600254,-0.072720,0.249216,-0.001862,1.652324,0.286679,24.775039,0.005142,-0.008141,0.000850,0.000754,-0.002708,0.003744
1582039519.625296,-0.072493,0.249082,-0.001840,1.650948,0.287405,24.776836,0.006264,-0.009231,0.000953,-0.000357,-0.002712,-0.001565
1582039519.655346,-0.072494,0.249053,-0.001682,1.651951,0.286606,24.773232,0.006722,-0.008306,0.002612,-0.000308,-0.000624,0.000574
1582039519.680388,-0.072462,0.248981,-0.001820,1.652921,0.286861,24.772878,0.004591,-0.008587,0.000744,0.001860,-0.000628,0.002590
1582039519.705429,-0.072689,0.249090,-0.001755,1.654571,0.284582,24.772221,0.003691,-0.006661,0.001057,0.000800,-0.000587,0.001671
1582039519.730471,-0.072515,0.248960,-0.001735,1.654885,0.283723,24.768571,0.004410,-0.008385,0.001194,-0.002412,-0.001722,-0.002683
1582039519.760522,-0.072747,0.249220,-0.001822,1.654453,0.285597,24.769230,0.003783,-0.006050,0.001296,-0.001355,0.000435,0.000499
1582039519.785563,-0.072623,0.249582,-0.002166,1.655623,0.284192,24.772491,0.005770,-0.004329,-0.001047,-0.002380,-0.003804,0.004787
1582039519.805597,-0.072801,0.249738,-0.001961,1.653827,0.284791,24.773147,0.004962,-0.002993,0.000872,-0.000176,0.000506,-0.004758
1582039519.805597,-0.072801,0.249738,-0.001961,1.653827,0.284791,24.773147,0.004962,-0.002993,0.000872,-0.000176,0.000506,-0.004758
1582039519.870705,-0.072967,0.249488,-0.002083,1.657531,0.283549,24.772787,0.002499,-0.005307,0.000647,-0.001346,-0.002627,0.001644
1582039519.905764,-0.073196,0.249735,-0.002160,1.657129,0.282517,24.770930,0.003815,-0.003443,0.002709,0.002811,-0.000553,-0.001584
1582039519.925798,-0.073092,0.249692,-0.002121,1.659717,0.282153,24.768802,0.004065,-0.004688,0.002064,-0.000234,0.000454,-0.004813
1582039519.955848,-0.072943,0.249784,-0.001993,1.661464,0.283276,24.766418,0.005075,-0.005254,0.002530,0.005152,0.002546,-0.002709
1582039519.975881,-0.072774,0.249609,-0.002001,1.657594,0.284749,24.765961,0.005778,-0.005945,0.004648,-0.003489,-0.000512,-0.004820
1582039520.005931,-0.072966,0.249772,-0.002196,1.660000,0.283793,24.767375,0.004420,-0.003752,0.001934,-0.002325,0.000552,0.001467
1582039520.030973,-0.072861,0.249674,-0.002175,1.659454,0.283621,24.769257,0.001855,-0.005884,0.001068,-0.001325,0.001537,-0.000580
1582039520.051006,-0.072535,0.249565,-0.002005,1.657589,0.284515,24.767270,0.007073,-0.007451,0.002702,-0.002401,0.003629,0.002611
1582039520.071040,-0.072787,0.249394,-0.001932,1.656475,0.284156,24.768348,0.003319,-0.006748,0.002211,0.004008,0.000458,-0.000553
1582039520.091073,-0.072654,0.249291,-0.001872,1.655799,0.283433,24.769457,0.003991,-0.007744,0.003637,0.001772,-0.001617,-0.002639
1582039520.106099,-0.072569,0.249270,-0.001862,1.655960,0.284367,24.767541,0.004647,-0.008310,0.003999,0.003023,-0.001655,-0.007048
1582039520.126132,-0.072385,0.249155,-0.001787,1.653840,0.283723,24.768690,0.006538,-0.009589,0.004067,0.002837,-0.000557,0.002613
1582039520.141157,-0.072419,0.249590,-0.002267,1.658685,0.282161,24.768672,0.004946,-0.006431,0.001826,0.003004,0.001537,0.002641
1582039520.161191,-0.072256,0.249512,-0.002240,1.658251,0.282397,24.769475,0.005696,-0.007326,0.001881,-0.000267,0.003606,0.001525
1582039520.186232,-0.072372,0.249820,-0.002540,1.660400,0.281635,24.767574,0.007227,-0.005041,-0.000380,0.006036,0.005796,-0.001548
1582039520.191241,-0.072335,0.249808,-0.002557,1.662300,0.282958,24.766402,0.006579,-0.005521,-0.001735,-0.004345,0.000518,-0.002757
1582039520.221291,-0.072315,0.249472,-0.002131,1.660480,0.283339,24.769187,0.005517,-0.007498,0.000315,0.001947,-0.000516,0.002709
1582039520.241324,-0.072525,0.249585,-0.002333,1.661666,0.282049,24.769368,0.006663,-0.005786,0.002007,-0.002411,-0.003755,-0.002635
1582039520.261358,-0.072348,0.249527,-0.002281,1.661534,0.282775,24.767087,0.007129,-0.006687,0.003217,-0.000165,0.000575,-0.000586
1582039520.281391,-0.072732,0.249547,-0.002082,1.661191,0.281394,24.765303,0.003198,-0.005346,0.002263,-0.000182,-0.001642,-0.000595
1582039520.306433,-0.072560,0.249846,-0.001827,1.662854,0.280715,24.763299,0.006450,-0.003996,0.005640,-0.000275,-0.000553,0.001598
1582039520.326466,-0.072396,0.249817,-0.001719,1.663019,0.280001,24.760596,0.007057,-0.005249,0.005546,0.000763,-0.000614,-0.000575
1582039520.341492,-0.072622,0.250041,-0.001975,1.661384,0.279497,24.760266,0.004978,-0.003156,0.002386,-0.001325,-0.000578,0.000509
1582039520.366533,-0.072475,0.250005,-0.001931,1.661466,0.278979,24.758392,0.004733,-0.004289,0.002236,0.001761,0.002577,-0.000561
1582039520.386567,-0.072509,0.249912,-0.002158,1.661850,0.279772,24.757692,0.004319,-0.004594,0.001615,0.000698,-0.000594,0.004691
1582039520.411609,-0.072698,0.249992,-0.002304,1.662823,0.278462,24.759632,0.003719,-0.003316,0.000187,0.000767,-0.000667,-0.000569
1582039520.426634,-0.072601,0.249976,-0.002302,1.662957,0.278291,24.759143,0.005374,-0.003998,0.000437,0.000789,0.001589,0.000530
1582039520.446667,-0.073066,0.249935,-0.002293,1.660006,0.275345,24.763190,0.001857,-0.002578,-0.000443,0.001765,-0.002682,0.005983
1582039520.466701,-0.073035,0.249882,-0.002309,1.658092,0.273921,24.761597,0.000878,-0.003717,-0.000209,-0.001432,-0.001647,-0.003690
1582039520.486734,-0.073155,0.249875,-0.002457,1.658966,0.275506,24.758967,0.002451,-0.003918,-0.000001,0.001810,0.001543,-0.000436
1582039520.506767,-0.073226,0.249720,-0.002577,1.659211,0.276226,24.760627,0.000846,-0.005068,-0.001204,0.000714,0.000431,-0.002618
1582039520.526801,-0.073140,0.249645,-0.002614,1.658402,0.277091,24.758820,0.003018,-0.005764,-0.001689,-0.001378,-0.003772,-0.004640
1582039520.546835,-0.073029,0.249361,-0.002630,1.658498,0.276022,24.757752,0.002342,-0.007107,-0.001493,-0.001293,0.000481,-0.004672
1582039520.561860,-0.072973,0.249266,-0.002634,1.658519,0.276165,24.754633,0.000791,-0.007720,-0.000039,-0.003570,-0.000623,-0.001656
1582039520.561860,-0.072973,0.249266,-0.002634,1.658519,0.276165,24.754633,0.000791,-0.007720,-0.000039,-0.003570,-0.000623,-0.001656
1582039520.606935,-0.072622,0.249810,-0.002319,1.657483,0.275788,24.761832,0.003807,-0.004895,0.003014,-0.004597,0.001519,0.001679
1582039520.626968,-0.072500,0.249744,-0.002248,1.656934,0.276193,24.762667,0.004283,-0.005887,0.003224,-0.000271,0.000444,-0.002528
1582039520.647002,-0.072256,0.249640,-0.002138,1.653720,0.275715,24.764046,0.004909,-0.006803,0.003895,0.000722,0.002481,0.002789
1582039520.667035,-0.072476,0.249405,-0.002083,1.655241,0.276836,24.768943,0.005243,-0.007881,0.002789,-0.002487,-0.001689,0.002862
1582039520.687069,-0.072314,0.249305,-0.002033,1.656533,0.276859,24.769917,0.006439,-0.008536,0.002550,-0.002408,0.001483,-0.002436
1582039520.707102,-0.072339,0.249167,-0.002146,1.658137,0.276476,24.768624,0.003960,-0.008878,0.000028,0.000912,-0.001594,-0.002500
1582039520.722127,-0.072231,0.249064,-0.002139,1.657866,0.276440,24.769269,0.003715,-0.009587,0.001065,-0.002474,0.000443,0.005958
1582039520.742161,-0.072034,0.249101,-0.001894,1.656404,0.276172,24.772915,0.006810,-0.008809,0.004095,-0.001365,-0.001664,0.003883
1582039520.762194,-0.071856,0.248977,-0.001830,1.656137,0.274960,24.773552,0.005750,-0.009699,0.003530,-0.000301,0.000499,0.000655
1582039520.782228,-0.071983,0.248777,-0.001929,1.655426,0.275190,24.777643,0.003240,-0.008954,0.001813,-0.002453,0.001509,0.002915
1582039520.802261,-0.071781,0.248695,-0.002020,1.659099,0.277621,24.774820,0.006224,-0.010218,0.000470,0.001829,-0.000488,0.001811
1582039520.822295,-0.071576,0.248549,-0.002014,1.659187,0.278075,24.773633,0.006284,-0.011526,0.000703,-0.002367,-0.000525,0.000676
1582039520.837319,-0.072601,0.247982,-0.001851,1.657676,0.281184,24.768993,0.000256,-0.011613,0.002705,0.001837,0.000588,-0.003609
1582039520.862361,-0.072469,0.247705,-0.001782,1.657112,0.280433,24.768926,0.000377,-0.012729,0.003577,0.002861,0.001619,0.000682
1582039520.897420,-0.072165,0.247681,-0.001552,1.660921,0.280939,24.772973,0.001113,-0.012374,0.003591,-0.001260,-0.000441,-0.003549
1582039520.927470,-0.072125,0.248086,-0.001973,1.663779,0.279719,24.771092,0.003058,-0.009488,0.000748,-0.002316,0.000625,-0.001471
1582039520.967537,-0.071994,0.249213,-0.001922,1.669387,0.279161,24.769348,0.003917,-0.004097,0.001534,-0.000081,-0.000496,-0.003642
1582039520.992579,-0.071836,0.249147,-0.001896,1.671136,0.279339,24.768091,0.005360,-0.005763,0.001187,0.000970,0.001624,-0.000363
1582039521.007604,-0.071922,0.249318,-0.002019,1.673706,0.279972,24.766215,0.004358,-0.004864,0.002176,0.003072,0.000637,-0.003641
1582039521.032646,-0.071856,0.249805,-0.001824,1.676778,0.278247,24.770443,0.005382,-0.001856,0.004395,-0.004276,-0.000514,0.002840
1582039521.047671,-0.071771,0.249805,-0.001782,1.676485,0.277558,24.770271,0.005239,-0.002868,0.002709,0.000894,0.000538,-0.000354
1582039521.072712,-0.071728,0.249814,-0.001880,1.681160,0.278229,24.770442,0.005173,-0.002842,0.002747,0.001024,-0.002566,0.001758
1582039521.082729,-0.071665,0.249809,-0.001853,1.680754,0.277356,24.770681,0.005680,-0.003324,0.002856,0.003108,-0.002561,0.000680
1582039521.107771,-0.071585,0.249531,-0.001882,1.681051,0.277210,24.776530,0.005219,-0.005419,0.003218,-0.002196,0.001522,-0.000337
1582039521.132813,-0.071396,0.249255,-0.002033,1.684703,0.277873,24.777980,0.005773,-0.007735,0.001556,-0.002134,-0.002616,0.001845
1582039521.152846,-0.071202,0.249159,-0.001984,1.686152,0.277826,24.774413,0.006911,-0.008856,0.003005,0.003124,-0.000463,-0.004515
1582039521.172880,-0.071010,0.249527,-0.002123,1.684997,0.279574,24.773579,0.006318,-0.006640,-0.000108,-0.005370,-0.000522,0.001930
1582039521.192913,-0.070829,0.249454,-0.002153,1.685368,0.280167,24.773612,0.006690,-0.007629,-0.001409,-0.000014,0.000582,0.004054
1582039521.212947,-0.070568,0.249487,-0.002171,1.684969,0.278868,24.772427,0.008257,-0.007770,-0.000587,0.003145,0.000488,-0.002442
1582039521.232980,-0.070556,0.249504,-0.002467,1.683185,0.278152,24.774057,0.007833,-0.007128,-0.000727,0.003106,0.000559,0.000800
1582039521.253014,-0.070345,0.249435,-0.002486,1.684267,0.278565,24.773104,0.008395,-0.008101,-0.000683,-0.000146,0.002692,-0.003389
1582039521.268039,-0.070913,0.249215,-0.002851,1.683641,0.278043,24.773541,0.003603,-0.007545,-0.004050,-0.000088,-0.002663,-0.000248
1582039521.288072,-0.070761,0.249111,-0.002926,1.683167,0.277603,24.773785,0.005413,-0.008477,-0.003223,0.002043,0.001727,-0.001332
1582039521.293080,-0.070719,0.249084,-0.002941,1.683599,0.276752,24.773896,0.005690,-0.008720,-0.002865,-0.003213,-0.001667,-0.000173
1582039521.333147,-0.071986,0.248666,-0.002688,1.685213,0.277901,24.778950,-0.004769,-0.006087,-0.002416,-0.000067,0.001636,0.004025
1582039521.353181,-0.072031,0.248505,-0.002735,1.685854,0.278249,24.780650,-0.005831,-0.006970,-0.002058,0.001007,0.000558,0.003041
1582039521.378223,-0.072814,0.248066,-0.001903,1.685162,0.277018,24.782272,-0.006986,-0.006718,0.004373,0.000930,-0.000501,0.004195
1582039521.403264,-0.073258,0.247269,-0.001346,1.684292,0.278540,24.786351,-0.011645,-0.010033,0.007420,-0.001211,-0.001517,0.005138
1582039521.423298,-0.073372,0.246987,-0.001190,1.683651,0.277600,24.786886,-0.011493,-0.010794,0.007672,0.000920,-0.001532,-0.003403
1582039521.443331,-0.073190,0.247066,-0.000957,1.685099,0.277954,24.787085,-0.009395,-0.010580,0.009655,0.000864,0.002668,-0.005320
1582039521.478390,-0.072470,0.247506,-0.001127,1.684278,0.278187,24.790312,-0.002252,-0.009493,0.004148,-0.001280,-0.001536,0.004157
1582039521.498424,-0.073402,0.248335,-0.000878,1.681954,0.280298,24.789970,-0.008145,-0.001863,0.006313,-0.002421,-0.000474,-0.004343
1582039521.523465,-0.073554,0.248192,-0.000743,1.681874,0.279263,24.791026,-0.007926,-0.003083,0.005708,0.003911,0.001615,0.003027
1582039521.543499,-0.073618,0.248286,-0.000738,1.683562,0.276058,24.791319,-0.004861,-0.003406,0.004627,0.003894,-0.002669,-0.000104
1582039521.568540,-0.074187,0.248181,-0.000765,1.680969,0.269587,24.789920,-0.009562,-0.003545,0.006540,0.001789,-0.000595,-0.003229
1582039521.588574,-0.074339,0.248020,-0.000657,1.681248,0.270857,24.789598,-0.010298,-0.004563,0.005549,0.000654,0.002604,0.001063
1582039521.608608,-0.073857,0.248379,-0.001122,1.681971,0.266056,24.787174,-0.006040,-0.005165,0.003964,-0.003533,-0.001708,-0.000145
1582039521.628641,-0.073908,0.248218,-0.001028,1.679980,0.265392,24.786431,-0.006012,-0.006637,0.004655,-0.003463,0.000369,0.000953
1582039521.648674,-0.075612,0.245087,-0.002500,1.657599,0.250196,24.768881,-0.008950,-0.015141,-0.006187,-0.000541,-0.001719,-0.002398
1582039521.663699,-0.075649,0.244816,-0.002598,1.656680,0.251083,24.767323,-0.009656,-0.015857,-0.005929,0.000521,-0.000659,-0.000388
1582039521.663699,-0.075649,0.244816,-0.002598,1.656680,0.251083,24.767323,-0.009656,-0.015857,-0.005929,0.000521,-0.000659,-0.000388
1582039521.708775,-0.075816,0.244747,-0.003618,1.659471,0.243739,24.759731,-0.004139,-0.015888,-0.009504,-0.000522,-0.000689,0.001778
1582039521.728808,-0.075735,0.244416,-0.003821,1.659382,0.243365,24.759207,-0.003469,-0.017312,-0.009684,-0.001603,0.001447,-0.000461
1582039521.753850,-0.076419,0.244180,-0.003728,1.661523,0.238673,24.758008,-0.002798,-0.016147,-0.007079,-0.004771,-0.001689,-0.000456
1582039521.768875,-0.076336,0.244804,-0.003599,1.663529,0.239376,24.755919,0.000941,-0.012460,-0.006348,-0.001714,0.000418,-0.000557
1582039521.788908,-0.076181,0.244596,-0.003743,1.662865,0.239915,24.757522,0.003129,-0.013358,-0.006766,-0.001634,-0.000638,0.002719
1582039521.808942,-0.076812,0.243786,-0.003163,1.660079,0.240592,24.754577,-0.003398,-0.014961,-0.001446,-0.002689,-0.000625,-0.000621
