1582131529.668245,-0.000247,0.000030,0.000046,3.003063,-26.151728,-0.146313,0.000040,-0.000372,0.001287,0.000559,0.000620,-0.001790
1582131529.947167,-0.000287,0.000004,0.000061,3.000301,-26.160097,-0.140886,-0.000131,-0.001515,0.002224,0.001790,0.004858,0.001475
1582131530.132491,-0.000307,-0.000007,0.000090,3.000319,-26.151139,-0.141980,-0.000058,-0.001020,0.003377,0.002750,0.000629,0.000382
1582131530.202613,-0.000251,-0.000007,0.000108,2.998984,-26.156857,-0.143650,0.001038,-0.001596,0.001587,0.001833,0.004916,-0.000750
1582131530.306282,-0.000240,0.000021,0.000022,3.000156,-26.168619,-0.144148,-0.000610,-0.000466,-0.000581,0.000726,-0.004663,0.003459
1582131530.361377,-0.000187,0.000005,0.000100,3.000940,-26.153694,-0.142180,0.001081,-0.000863,0.002154,-0.003487,-0.014091,0.004547
1582131530.381412,-0.000266,0.000021,0.000021,3.000692,-26.166808,-0.140546,-0.001747,-0.000912,-0.000275,0.000833,-0.008816,0.003465
1582131530.401448,-0.000285,-0.000001,-0.000002,3.001726,-26.163266,-0.141060,-0.001611,-0.001409,-0.000756,0.000740,0.010309,-0.003992
1582131530.421482,-0.000199,-0.000027,0.000058,3.002937,-26.155036,-0.144084,0.000819,-0.002258,0.000574,-0.001352,0.005957,-0.000738
1582131530.441517,-0.000198,-0.000070,0.000072,3.003370,-26.155211,-0.142803,0.000572,-0.002301,0.001447,-0.001358,-0.002543,0.002471
1582131530.461552,-0.000233,-0.000003,0.000020,3.000632,-26.164895,-0.137991,0.000302,-0.001289,-0.000249,-0.003434,-0.004638,0.001357
1582131530.481588,-0.000231,0.000024,0.000032,3.000955,-26.165928,-0.137177,0.000804,-0.000539,-0.000170,0.000836,-0.001430,-0.000784
1582131530.496614,-0.000229,0.000009,0.000046,3.000262,-26.165770,-0.138054,0.000588,-0.001049,0.000826,-0.000183,0.002902,0.001341
1582131530.511640,-0.000194,0.000004,0.000070,2.997867,-26.162746,-0.134909,0.001420,-0.000827,0.001084,0.002931,0.008111,0.002422
1582131530.526666,-0.000186,-0.000015,0.000099,2.999152,-26.157594,-0.134332,0.001381,-0.001306,0.001656,0.004028,0.002830,0.002378
1582131530.541692,-0.000193,-0.000036,0.000129,2.999208,-26.160806,-0.132582,0.000183,-0.001337,0.002173,-0.001275,-0.010959,0.001380
1582131530.561727,-0.000232,0.000010,0.000033,3.003431,-26.169958,-0.135271,0.000048,-0.000611,0.000582,-0.003324,-0.003507,0.001340
1582131530.581762,-0.000252,0.000019,0.000059,3.005703,-26.160516,-0.140661,0.000656,-0.000864,0.002393,0.000879,0.010303,-0.001886
1582131530.596788,-0.000259,0.000008,0.000101,3.004684,-26.152801,-0.140314,0.001099,-0.000735,0.003263,-0.000244,0.004961,0.001279
1582131530.611814,-0.000259,0.000034,0.000029,3.003251,-26.156717,-0.140630,-0.000552,-0.000271,0.000752,-0.001388,-0.008781,0.001346
1582131530.626842,-0.000267,0.000028,0.000035,3.002428,-26.163530,-0.140144,-0.000361,-0.000365,0.000700,-0.000215,-0.006667,0.005550
1582131530.641867,-0.000268,0.000021,0.000058,3.000613,-26.165725,-0.139881,0.000390,-0.000445,0.001340,0.001824,0.004983,-0.000782
1582131530.656893,-0.000191,0.000022,0.000111,3.001338,-26.162190,-0.140592,0.003214,-0.000797,0.002092,-0.002313,0.002857,0.000177
1582131530.676929,-0.000242,0.000019,0.000047,3.000403,-26.161719,-0.139828,0.000525,-0.001114,0.001389,0.000870,-0.000282,-0.000768
1582131530.686946,-0.000256,0.000010,0.000065,3.000680,-26.160095,-0.139697,-0.000177,-0.000950,0.002215,-0.002338,0.002922,0.002408
1582131530.686946,-0.000256,0.000010,0.000065,3.000680,-26.160095,-0.139697,-0.000177,-0.000950,0.002215,-0.002338,0.002922,0.002408
1582131530.686946,-0.000256,0.000010,0.000065,3.000680,-26.160095,-0.139697,-0.000177,-0.000950,0.002215,-0.002338,0.002922,0.002408
1582131530.742043,-0.000294,0.000008,0.000058,2.997456,-26.167163,-0.137593,0.000062,-0.000630,0.000972,0.001837,-0.007672,0.001356
1582131530.742043,-0.000294,0.000008,0.000058,2.997456,-26.167163,-0.137593,0.000062,-0.000630,0.000972,0.001837,-0.007672,0.001356
1582131530.814892,-0.000192,0.000006,0.000056,3.000535,-26.153712,-0.141660,0.001148,-0.001093,0.000911,-0.001315,0.008168,-0.000881
1582131530.829917,-0.000185,-0.000012,0.000075,3.001228,-26.152712,-0.143785,0.000857,-0.001174,0.001051,-0.001273,-0.006635,0.001222
1582131530.844944,-0.000169,-0.000033,0.000108,3.000710,-26.160832,-0.144294,0.001899,-0.001497,0.001628,-0.001323,-0.008784,0.000258
1582131530.859971,-0.000275,0.000016,0.000036,3.003233,-26.164133,-0.145844,-0.001090,-0.000979,0.000474,0.000838,0.006042,0.000162
1582131530.885014,-0.000213,0.000003,0.000050,3.001290,-26.152851,-0.145491,0.000762,-0.001295,0.000650,-0.001296,-0.000243,-0.002998
1582131530.900040,-0.000205,-0.000020,0.000057,3.003327,-26.155186,-0.148424,0.000618,-0.001675,0.000307,0.000843,-0.003509,0.001194
1582131530.915067,-0.000238,0.000024,0.000043,3.002794,-26.160079,-0.146600,0.000933,-0.000581,0.001018,0.003027,0.002821,0.002407
1582131530.930093,-0.000232,0.000014,0.000059,3.004962,-26.154522,-0.147064,0.001021,-0.000672,0.001087,0.000926,0.008238,-0.000895
1582131530.945119,-0.000227,-0.000000,0.000075,3.005221,-26.149445,-0.148635,0.001086,-0.001058,0.001910,-0.002424,-0.001374,0.000218
1582131530.945119,-0.000227,-0.000000,0.000075,3.005221,-26.149445,-0.148635,0.001086,-0.001058,0.001910,-0.002424,-0.001374,0.000218
1582131530.985189,-0.000257,0.000019,0.000054,3.003386,-26.156306,-0.146160,0.000864,-0.001188,0.001604,0.002003,0.018891,0.000214
1582131531.005224,-0.000261,-0.000004,0.000099,3.004788,-26.145359,-0.147417,0.000937,-0.001344,0.002359,0.001920,-0.006743,-0.000844
1582131531.020251,-0.000255,0.000018,0.000046,3.005391,-26.162440,-0.144810,0.000305,-0.001153,0.001354,0.004087,-0.028931,0.003386
1582131531.035277,-0.000247,0.000004,0.000070,3.009639,-26.174768,-0.147631,0.001190,-0.000999,0.001814,0.000978,0.000762,-0.000894
1582131531.035277,-0.000247,0.000004,0.000070,3.009639,-26.174768,-0.147631,0.001190,-0.000999,0.001814,0.000978,0.000762,-0.000894
1582131531.065329,-0.000140,-0.000007,0.000069,3.007898,-26.131405,-0.144918,0.002679,-0.001316,0.000567,-0.000158,0.006076,0.003455
1582131531.075346,-0.000126,-0.000019,0.000084,3.008652,-26.137199,-0.143679,0.002014,-0.001237,0.000880,0.003068,-0.022586,-0.001879
1582131531.095381,-0.000245,0.000008,0.000052,3.011484,-26.171947,-0.143066,0.000631,-0.001502,0.000990,-0.000142,-0.007732,-0.001889
1582131531.115417,-0.000190,-0.000011,0.000080,3.011869,-26.146301,-0.143080,0.001805,-0.001631,0.001673,-0.002285,0.026254,-0.000850
1582131531.130443,-0.000168,-0.000040,0.000121,3.009939,-26.134298,-0.141448,0.002506,-0.002035,0.002139,-0.003360,-0.004562,0.003482
1582131531.145468,-0.000165,-0.000076,0.000168,3.010758,-26.151218,-0.139576,0.001514,-0.002431,0.003138,0.005179,-0.027922,0.000262
1582131531.160495,-0.000274,-0.000003,0.000084,3.010330,-26.173552,-0.137165,-0.000592,-0.001007,0.002613,-0.000156,-0.001398,0.004521
1582131531.180530,-0.000287,-0.000035,0.000134,3.008719,-26.157975,-0.134807,0.000308,-0.001681,0.002868,0.001917,0.020836,0.000261
1582131531.195557,-0.000142,-0.000020,0.000067,3.007236,-26.147524,-0.134830,0.002940,-0.001618,0.000624,0.006231,-0.016242,0.004577
1582131531.210582,-0.000133,-0.000048,0.000079,3.009107,-26.164256,-0.133549,0.001146,-0.002013,0.000817,0.002001,-0.021508,0.002422
1582131531.230618,-0.000202,-0.000014,0.000080,3.010518,-26.164070,-0.136634,0.001319,-0.001561,0.000138,-0.004400,0.028372,-0.003005
1582131531.245644,-0.000188,-0.000042,0.000103,3.008436,-26.138139,-0.136905,0.001301,-0.001953,0.001299,-0.000228,0.021848,-0.002944
1582131531.260669,-0.000199,-0.000032,0.000036,3.007983,-26.131420,-0.139673,-0.001039,-0.001848,0.001058,-0.000215,-0.023576,-0.001984
1582131531.305154,-0.000204,-0.000042,0.000038,3.008628,-26.140844,-0.140482,-0.001296,-0.001980,0.001279,0.000888,-0.036465,-0.002938
1582131531.335207,-0.000254,-0.000011,0.000105,3.009102,-26.173864,-0.141122,0.001932,-0.001410,0.001502,-0.000186,0.015627,0.003492
1582131531.350233,-0.000238,-0.000036,0.000131,3.010103,-26.158114,-0.141304,0.001754,-0.001810,0.001197,-0.002255,0.013465,0.001237
1582131531.365259,-0.000197,-0.000010,0.000032,3.007054,-26.151680,-0.137821,0.000339,-0.000948,0.000712,0.000832,-0.013013,0.002345
1582131531.390304,-0.000239,0.000041,0.000044,3.007663,-26.170191,-0.134642,0.000227,0.000488,0.000656,-0.000197,0.001826,0.001274
1582131531.400320,-0.000248,0.000046,0.000056,3.006130,-26.166778,-0.135073,0.000111,0.000623,0.001201,-0.000245,0.013456,0.000184
1582131531.420355,-0.000210,0.000016,0.000056,3.008264,-26.146731,-0.136562,0.000184,-0.000658,0.001272,0.000865,0.008176,-0.000833
1582131531.455416,-0.000240,-0.000006,0.000070,3.011081,-26.159312,-0.135586,0.000667,-0.001904,0.001950,0.000904,-0.002454,-0.000733
1582131531.490479,-0.000270,0.000007,0.000045,3.010235,-26.152403,-0.135275,-0.000916,-0.001172,0.002121,0.001967,-0.011960,-0.000901
1582131531.530549,-0.000208,0.000024,0.000023,3.007190,-26.165727,-0.134383,0.002028,-0.000413,-0.000942,-0.002514,0.021952,-0.004039
1582131531.550582,-0.000180,0.000013,0.000063,3.007327,-26.138729,-0.137128,0.002663,-0.000531,0.001438,-0.001386,0.013461,-0.002027
1582131531.565610,-0.000227,-0.000002,0.000038,3.008331,-26.142495,-0.138188,-0.000219,-0.001117,0.000876,-0.000300,-0.015141,0.001302
1582131531.585644,-0.000250,-0.000037,0.000053,3.010959,-26.163772,-0.140511,-0.000255,-0.002131,0.001539,0.000816,-0.011916,-0.006204
1582131531.595661,-0.000294,-0.000011,0.000057,3.009855,-26.162144,-0.140010,-0.001538,-0.001988,0.001892,-0.002410,0.011415,0.003456
1582131531.615696,-0.000322,-0.000062,0.000093,3.007122,-26.141164,-0.139594,-0.000394,-0.002896,0.002627,-0.001268,0.009279,0.000168
1582131531.630722,-0.000191,-0.000047,0.000019,3.006701,-26.144113,-0.140154,0.000594,-0.002766,-0.000831,0.000835,-0.020533,-0.000880
1582131531.650759,-0.000195,-0.000082,0.000036,3.006547,-26.170664,-0.140072,0.000521,-0.002193,0.000583,-0.003407,-0.016198,0.002358
1582131531.665784,-0.000245,0.000025,0.000057,3.005009,-26.168433,-0.138300,0.001261,0.000123,0.000113,-0.002417,0.014509,-0.002000
1582131531.685820,-0.000221,0.000021,0.000089,3.004019,-26.149776,-0.137595,0.002445,0.000029,0.000998,-0.001335,0.010263,-0.001917
1582131531.690827,-0.000178,0.000028,0.000026,3.004963,-26.149680,-0.139915,0.001137,0.000206,-0.000869,-0.000275,-0.004522,-0.002005
1582131531.710864,-0.000149,0.000029,0.000034,3.006693,-26.159959,-0.137894,0.001686,-0.000025,-0.000122,-0.002338,-0.002372,0.001230
1582131531.725889,-0.000217,0.000029,0.000055,3.006487,-26.152643,-0.139922,0.000842,-0.000593,0.001016,-0.000327,0.019849,-0.005185
1582131531.725889,-0.000217,0.000029,0.000055,3.006487,-26.152643,-0.139922,0.000842,-0.000593,0.001016,-0.000327,0.019849,-0.005185
1582131531.755941,-0.000267,0.000015,0.000026,3.003472,-26.147026,-0.138347,-0.001150,-0.001173,0.000996,0.002890,-0.025799,0.002297
1582131531.814493,-0.000296,-0.000016,0.000059,3.005214,-26.172819,-0.137998,-0.000506,-0.001681,0.002756,0.002882,-0.007700,0.003348
1582131531.829519,-0.000251,0.000009,0.000054,3.004462,-26.160775,-0.137605,0.000746,-0.001260,0.000901,-0.001241,0.022957,-0.000922
1582131531.844546,-0.000253,-0.000001,0.000085,3.003437,-26.142114,-0.137401,0.000961,-0.000655,0.002072,-0.000311,0.008213,0.000118
1582131531.869589,-0.000238,0.000031,0.000036,3.003924,-26.171467,-0.134776,0.000288,0.000002,0.000616,0.006120,-0.022701,0.004394
1582131531.884615,-0.000224,0.000029,0.000042,3.005340,-26.177534,-0.135239,0.001814,-0.000287,-0.000617,0.000862,0.014599,-0.000866
1582131531.899642,-0.000187,0.000001,0.000103,3.004136,-26.150565,-0.137157,0.001778,-0.001093,0.001555,-0.002384,0.025155,-0.001985
1582131531.914668,-0.000177,-0.000020,0.000128,3.001778,-26.136654,-0.136887,0.001115,-0.001481,0.001289,0.001936,0.003813,-0.004137
1582131531.929694,-0.000238,0.000005,0.000057,3.003474,-26.149647,-0.139977,-0.000564,-0.001225,0.001125,0.001891,-0.015098,-0.003122
1582131531.944721,-0.000252,-0.000017,0.000057,3.006189,-26.162763,-0.142706,-0.001282,-0.001610,0.000391,0.001937,-0.004695,0.001171
1582131531.969764,-0.000257,0.000001,0.000002,3.002033,-26.152834,-0.141832,-0.000687,-0.001744,-0.000541,0.000684,0.001758,0.002208
1582131531.979782,-0.000272,-0.000018,0.000006,3.000893,-26.155350,-0.141200,-0.001201,-0.001938,0.001178,0.000679,-0.014133,-0.000991
1582131531.999817,-0.000251,0.000013,0.000056,3.004116,-26.169109,-0.143556,0.000894,-0.000628,0.000474,-0.001377,0.003929,0.004338
1582131532.014843,-0.000265,0.000005,0.000061,3.005521,-26.158983,-0.143708,-0.000597,-0.000423,0.000647,-0.001316,0.019874,-0.000925
1582131532.029869,-0.000199,0.000026,0.000050,3.006474,-26.147055,-0.144281,0.000825,-0.000154,0.001646,0.004049,-0.004582,0.001219
1582131532.049904,-0.000187,0.000015,0.000096,3.007085,-26.162579,-0.143647,0.001997,-0.000701,0.002197,0.001848,-0.020500,0.002240
1582131532.064930,-0.000226,0.000023,0.000050,3.006743,-26.168536,-0.143573,0.000869,-0.000898,0.000106,0.004000,0.011307,0.003329
1582131532.079956,-0.000227,0.000006,0.000065,3.004458,-26.147631,-0.142191,0.000326,-0.001285,0.001165,-0.005637,0.024060,0.004384
1582131532.094983,-0.000181,-0.000009,0.000026,3.005016,-26.141528,-0.141244,0.000902,-0.001968,-0.000902,-0.000306,-0.002459,-0.005205
1582131532.110009,-0.000167,-0.000040,0.000022,3.006720,-26.157106,-0.143411,0.000628,-0.002317,-0.000365,0.004048,-0.032143,0.000116
1582131532.110009,-0.000167,-0.000040,0.000022,3.006720,-26.157106,-0.143411,0.000628,-0.002317,-0.000365,0.004048,-0.032143,0.000116
1582131532.155088,-0.000281,-0.000036,0.000103,3.009488,-26.160482,-0.140525,-0.000361,-0.001459,0.001216,0.003052,-0.010929,0.002228
1582131532.175123,-0.000185,0.000003,0.000009,3.008519,-26.165812,-0.140788,0.000870,-0.000411,0.000126,0.005190,-0.006703,0.002277
1582131532.200167,-0.000219,0.000032,0.000057,3.008824,-26.152567,-0.142238,-0.000712,0.000460,-0.000239,-0.000247,0.013392,-0.000922
1582131532.230219,-0.000252,0.000018,0.000023,3.006985,-26.158928,-0.143695,-0.000421,-0.001353,0.000407,-0.006601,-0.012004,0.006454
1582131532.250254,-0.000257,-0.000018,0.000024,3.007871,-26.163041,-0.145102,-0.001037,-0.002268,-0.000256,-0.002268,0.007080,-0.002109
1582131532.265280,-0.000284,-0.000002,0.000009,3.008671,-26.148004,-0.146029,-0.001047,-0.001615,0.001344,0.002845,0.006053,-0.003019
1582131532.328936,-0.000328,-0.000044,-0.000021,3.009768,-26.160971,-0.146032,-0.001348,-0.001788,0.001514,0.000896,-0.018297,0.000159
1582131532.363997,-0.000201,0.000009,0.000027,3.006017,-26.161437,-0.144580,0.002442,-0.000722,-0.000626,-0.003467,0.014501,0.003342
1582131532.404067,-0.000177,0.000029,0.000028,3.005428,-26.159617,-0.144102,0.002722,-0.000907,-0.000642,0.004012,0.004991,0.000215
1582131532.439128,-0.000233,-0.000035,0.000085,3.007512,-26.149867,-0.140535,-0.000131,-0.002533,0.002293,-0.000238,-0.013049,0.003300
1582131532.474190,-0.000257,-0.000008,0.000016,3.006755,-26.159171,-0.142262,-0.000693,-0.001609,-0.000827,0.001927,0.008159,0.002245
1582131532.519268,-0.000148,0.000013,0.000084,3.007673,-26.171138,-0.139534,0.002269,-0.000091,0.000023,-0.003492,-0.002430,0.002246
1582131532.649496,-0.000233,0.000011,0.000090,3.009002,-26.177172,-0.141951,0.001946,-0.000419,0.001411,-0.002504,0.016671,-0.001959
1582131532.704592,-0.000240,0.000023,0.000035,3.006897,-26.166154,-0.138184,-0.000339,-0.000795,0.001125,-0.002460,-0.000301,-0.002019
1582131532.719618,-0.000252,0.000004,0.000055,3.006056,-26.156485,-0.138300,-0.000212,-0.001671,0.002008,0.002875,0.021923,0.000152
1582131532.739653,-0.000270,-0.000040,0.000093,3.005102,-26.144177,-0.137959,-0.001271,-0.002419,0.003155,0.001800,-0.009907,0.003304
1582131532.754679,-0.000308,-0.000079,0.000127,3.006697,-26.161896,-0.137305,-0.001093,-0.002562,0.003407,0.002903,-0.022641,-0.000927
1582131532.818173,-0.000266,0.000008,0.000061,3.010849,-26.170336,-0.137702,-0.000082,-0.000300,0.000890,-0.000252,0.009243,0.001167
1582131532.828191,-0.000267,0.000002,0.000077,3.009301,-26.161906,-0.136571,0.000705,-0.000513,0.001443,-0.000281,0.014578,-0.004125
1582131532.853234,-0.000184,0.000015,0.000013,3.010217,-26.166853,-0.140287,0.000823,-0.000404,-0.000777,0.002939,-0.015157,-0.002049
1582131532.873269,-0.000200,0.000009,0.000074,3.010561,-26.170825,-0.140978,0.001086,-0.000745,0.001503,-0.001385,0.013524,0.002234
1582131532.893304,-0.000190,-0.000013,0.000124,3.007219,-26.149368,-0.137610,0.001745,-0.001269,0.002429,-0.001342,0.016723,-0.000987
1582131532.918348,-0.000203,-0.000028,0.000056,3.006449,-26.157630,-0.139300,0.000099,-0.002065,0.001541,-0.000362,-0.018336,0.001174
1582131532.933374,-0.000215,-0.000066,0.000078,3.007151,-26.167941,-0.139770,-0.000121,-0.002747,0.002342,-0.003517,-0.006615,0.000073
1582131532.938383,-0.000280,0.000002,0.000051,3.006379,-26.165100,-0.140160,-0.001227,-0.001089,0.001694,-0.001421,0.003887,-0.002025
1582131532.968435,-0.000347,-0.000037,0.000095,3.008197,-26.158003,-0.136327,-0.001859,-0.001292,0.001850,0.001925,-0.008751,0.000018
1582131532.988470,-0.000184,-0.000001,0.000119,3.010203,-26.173616,-0.138522,0.002503,-0.000647,0.002141,0.002892,-0.007702,-0.002082
1582131533.008506,-0.000165,0.000018,0.000060,3.007977,-26.164353,-0.138683,0.001933,0.000051,0.000326,0.000663,0.018797,0.001098
1582131533.028540,-0.000142,0.000012,0.000106,3.005327,-26.150981,-0.136129,0.002260,-0.000215,0.001751,-0.000425,-0.000334,0.001111
1582131533.043567,-0.000194,0.000006,0.000062,3.003485,-26.160228,-0.135387,-0.000053,-0.000910,0.000905,0.002786,-0.010898,-0.001090
1582131533.063602,-0.000187,-0.000019,0.000064,3.003296,-26.163309,-0.133129,-0.000554,-0.001671,0.000763,-0.002468,0.008242,0.004198
1582131533.083637,-0.000185,-0.000044,0.000084,3.004006,-26.150220,-0.131573,0.000811,-0.002437,0.001493,0.000761,0.002826,-0.003244
1582131533.103672,-0.000261,-0.000003,0.000056,3.004466,-26.164425,-0.134764,-0.000286,-0.001415,0.002188,0.000694,-0.022519,0.000012
1582131533.118698,-0.000267,-0.000023,0.000084,3.006845,-26.179173,-0.137645,0.000414,-0.001370,0.002255,0.006001,-0.005600,-0.002235
1582131533.133724,-0.000291,-0.000044,0.000132,3.007922,-26.175551,-0.136311,0.000166,-0.001119,0.003983,0.002918,0.014452,0.000038
1582131533.153759,-0.000150,0.000016,0.000043,3.006077,-26.153589,-0.138175,0.002422,-0.000227,-0.000481,0.001719,0.007056,-0.000043
1582131533.168785,-0.000117,0.000013,0.000037,3.008653,-26.158059,-0.139144,0.002162,-0.000331,-0.001035,-0.003444,-0.012985,-0.003333
1582131533.188820,-0.000201,0.000004,0.000063,3.009795,-26.166773,-0.139255,0.000862,-0.000949,0.002401,-0.000352,0.007221,-0.002230
1582131533.208855,-0.000222,-0.000011,0.000098,3.006553,-26.151308,-0.138546,0.000342,-0.001613,0.002538,0.001733,0.010349,-0.003260
1582131533.228890,-0.000252,-0.000055,0.000137,3.009308,-26.156145,-0.141886,-0.001167,-0.002534,0.002620,-0.000332,-0.017205,-0.001142
1582131533.248925,-0.000309,-0.000026,0.000054,3.008271,-26.173384,-0.140198,-0.002072,-0.001962,0.001536,-0.001438,0.001829,0.001050
1582131533.307477,-0.000370,-0.000065,0.000061,3.010562,-26.162661,-0.144352,-0.002773,-0.001955,0.001179,-0.000291,0.007184,-0.002215
1582131533.357565,-0.000181,0.000035,0.000127,3.012624,-26.171784,-0.152197,0.002752,0.000100,0.002120,-0.005697,0.015669,-0.000073
1582131533.367583,-0.000162,0.000034,0.000168,3.012788,-26.159668,-0.153761,0.003764,0.000029,0.002714,-0.000311,0.022070,-0.001205
1582131533.402644,-0.000157,-0.000002,-0.000010,3.014710,-26.158691,-0.152118,0.000570,-0.001408,-0.002120,-0.000290,-0.013947,0.001068
1582131533.417670,-0.000280,0.000017,0.000057,3.010633,-26.168959,-0.148126,-0.000153,-0.001155,0.001589,0.000659,0.001912,-0.001077
1582131533.432697,-0.000299,-0.000004,0.000061,3.009280,-26.163444,-0.146709,-0.000857,-0.001559,0.000901,0.000660,0.010429,-0.003209
1582131533.447723,-0.000241,-0.000007,0.000038,3.011559,-26.156663,-0.148321,-0.000698,-0.001599,0.001054,0.002882,-0.008618,-0.001185
1582131533.462749,-0.000244,-0.000036,0.000061,3.011124,-26.167580,-0.149072,0.000510,-0.001994,0.001953,-0.001494,-0.014018,0.001138
1582131533.477775,-0.000260,-0.000064,0.000067,3.011959,-26.173546,-0.148126,-0.000835,-0.001966,0.000788,0.000647,0.001964,-0.002089
1582131533.492802,-0.000166,-0.000006,0.000091,3.011415,-26.164418,-0.149030,0.003142,-0.000536,0.001585,-0.000360,0.014721,-0.002198
1582131533.502819,-0.000145,-0.000013,0.000112,3.011367,-26.158827,-0.148159,0.003148,-0.000660,0.001289,-0.001415,0.003036,0.002116
1582131533.507828,-0.000205,0.000026,0.000056,3.010232,-26.159133,-0.146993,0.001197,-0.000136,0.001173,-0.000433,0.001938,-0.001059
1582131533.708178,-0.000268,0.000033,0.000034,3.007763,-26.157100,-0.148260,-0.000944,-0.000947,0.001154,0.000592,-0.005370,0.001126
1582131533.887032,-0.000213,-0.000002,0.000068,3.007166,-26.161499,-0.140546,-0.000185,-0.001316,0.001406,-0.001417,-0.001173,0.004277
1582131533.967172,-0.000212,-0.000012,0.000030,3.008120,-26.168822,-0.140741,-0.001057,-0.000885,-0.000285,0.001676,0.001903,0.000128
1582131533.997224,-0.000157,0.000013,0.000071,3.009738,-26.166380,-0.147033,0.001882,-0.000408,0.000237,0.002798,-0.001199,-0.000006
1582131534.032285,-0.000214,0.000012,0.000042,3.008034,-26.150364,-0.149337,-0.000333,-0.000888,0.000714,-0.002616,0.006194,-0.001997
1582131534.067347,-0.000226,-0.000038,0.000137,3.009523,-26.158499,-0.151231,0.000013,-0.002242,0.002640,-0.003672,-0.008524,-0.001066
1582131534.092390,-0.000270,-0.000006,-0.000016,3.006793,-26.158878,-0.148250,-0.001195,-0.001773,-0.000325,-0.008016,0.009392,0.002217
1582131534.112425,-0.000284,-0.000040,-0.000039,3.006009,-26.157734,-0.145921,-0.001145,-0.001805,-0.000654,0.000594,-0.002335,0.005419
1582131534.167521,-0.000196,0.000015,0.000046,3.006285,-26.152856,-0.146616,0.000465,-0.000414,-0.000183,0.001627,0.005173,-0.000996
1582131534.172530,-0.000195,0.000013,0.000048,3.006931,-26.151984,-0.147023,0.000410,-0.000445,-0.000025,-0.001497,-0.001144,-0.003106
1582131534.227627,-0.000203,0.000003,0.000042,3.003378,-26.149147,-0.152276,0.000319,-0.001058,-0.000633,0.000619,-0.007468,-0.001014
1582131534.257679,-0.000227,0.000002,0.000058,3.004694,-26.161912,-0.150838,0.000605,-0.001012,0.000510,0.002773,-0.001213,0.004352
1582131534.321367,-0.000212,0.000020,0.000059,3.005326,-26.155744,-0.149146,0.000493,-0.000452,0.000964,0.000589,0.004152,0.001208
1582131534.341401,-0.000202,0.000008,0.000090,3.003966,-26.157274,-0.146888,0.001210,-0.000579,0.001248,-0.000483,-0.002338,0.002285
1582131534.376462,-0.000172,0.000002,0.000086,3.002842,-26.153716,-0.142255,0.001798,-0.001093,0.001267,-0.003639,0.001990,0.002303
1582131534.411523,-0.000224,-0.000025,0.000086,3.001090,-26.155074,-0.139600,0.000500,-0.001400,0.002439,-0.002601,0.001902,-0.002997
1582131534.461612,-0.000169,-0.000009,0.000097,3.004645,-26.163858,-0.140270,0.002319,-0.001069,0.000450,-0.002558,-0.007554,0.002199
1582131534.491663,-0.000172,0.000013,0.000044,3.003081,-26.160759,-0.140585,0.001913,-0.000449,0.000056,-0.002572,0.006201,-0.001984
1582131534.506690,-0.000142,0.000005,0.000059,3.002943,-26.155245,-0.143405,0.002464,-0.000539,0.000110,0.003850,0.006157,-0.003054
1582131534.551768,-0.000220,-0.000015,0.000134,3.006695,-26.159196,-0.147145,0.001148,-0.001597,0.003148,0.001684,0.000920,-0.004112
1582131534.576813,-0.000247,-0.000032,0.000067,3.007826,-26.157082,-0.146318,-0.000052,-0.001510,0.001359,-0.000405,-0.001209,0.001089
1582131534.596847,-0.000198,-0.000001,0.000079,3.009738,-26.158887,-0.145566,0.001383,-0.000819,0.001390,0.002807,-0.001228,0.001168
1582131534.621890,-0.000189,0.000017,0.000061,3.008508,-26.159641,-0.148263,0.001229,-0.000401,0.001110,0.004933,-0.002276,-0.005171
1582131534.636918,-0.000164,0.000010,0.000085,3.010363,-26.161482,-0.148578,0.002536,-0.000506,0.000865,-0.002512,-0.001174,0.002227
1582131534.651944,-0.000217,0.000024,0.000058,3.012888,-26.163956,-0.147502,0.000273,-0.000255,0.001056,0.001726,0.004014,-0.002024
1582131534.671978,-0.000215,0.000012,0.000076,3.013283,-26.157653,-0.151085,0.000683,-0.000824,0.000777,0.001725,0.002974,-0.008438
1582131534.692014,-0.000223,0.000010,0.000065,3.012240,-26.152714,-0.150974,-0.000440,-0.000684,0.000784,0.006027,-0.011764,-0.004209
1582131534.707040,-0.000221,-0.000002,0.000082,3.009783,-26.156242,-0.151694,0.000497,-0.000789,0.000956,0.000516,-0.006602,0.000046
1582131534.727074,-0.000269,-0.000000,0.000042,3.010250,-26.159476,-0.154553,-0.001093,-0.001676,0.002400,-0.004729,0.006274,0.001221
1582131534.752119,-0.000220,0.000013,0.000049,3.010800,-26.155922,-0.153213,-0.000171,-0.000732,-0.000369,-0.001435,-0.000096,-0.000898
1582131534.772154,-0.000204,-0.000009,0.000049,3.011525,-26.160464,-0.151079,0.000952,-0.001394,-0.000115,-0.003556,-0.001070,0.006530
1582131534.830078,-0.000212,0.000012,0.000096,3.005706,-26.160370,-0.148043,0.001114,-0.000600,0.001269,-0.002527,0.006319,-0.006236
1582131534.845104,-0.000228,0.000002,0.000108,3.006093,-26.157926,-0.149758,-0.000334,-0.000697,0.000707,0.000642,0.000849,-0.000989
1582131534.865139,-0.000247,0.000020,0.000013,3.010411,-26.157045,-0.151068,-0.001529,-0.000714,-0.000150,0.002768,-0.003373,0.002236
1582131534.900200,-0.000202,-0.000009,0.000103,3.006970,-26.148804,-0.150173,0.001731,-0.001432,0.001915,-0.000453,0.007222,-0.003087
1582131534.925244,-0.000227,-0.000003,0.000087,3.007780,-26.157335,-0.150624,-0.000251,-0.001343,0.001522,0.000681,-0.006547,0.000127
1582131534.975331,-0.000233,0.000006,0.000025,3.003850,-26.153405,-0.146908,-0.000452,-0.000638,-0.000389,-0.001487,-0.003346,-0.001927
1582131535.000375,-0.000210,0.000012,0.000061,3.007192,-26.161421,-0.149691,0.000386,-0.000541,0.000659,0.000602,0.006140,0.001316
1582131535.015402,-0.000203,0.000001,0.000091,3.005041,-26.154079,-0.149194,0.001107,-0.000651,0.001603,-0.003613,0.012590,0.000237
1582131535.035436,-0.000209,0.000016,0.000093,3.006836,-26.148706,-0.148367,0.000582,-0.000801,0.002378,0.002864,-0.004490,-0.004063
1582131535.050463,-0.000213,-0.000002,0.000139,3.007696,-26.155282,-0.148552,0.001273,-0.001190,0.003209,0.000562,-0.009691,0.001192
1582131535.070498,-0.000278,-0.000013,0.000061,3.009518,-26.157278,-0.147526,-0.001614,-0.001520,0.001105,-0.000376,0.007234,-0.000854
1582131535.085524,-0.000301,-0.000040,0.000081,3.008883,-26.153148,-0.147874,-0.000470,-0.001911,0.002197,0.000592,-0.001274,-0.003941
1582131535.105559,-0.000181,-0.000016,0.000061,3.007926,-26.163675,-0.146311,0.002251,-0.001325,0.001142,-0.000458,-0.011906,-0.005000
1582131535.120585,-0.000177,-0.000036,0.000076,3.010177,-26.165925,-0.148992,0.000613,-0.001189,0.000812,0.000689,0.005127,0.004352
1582131535.140620,-0.000134,0.000014,0.000114,3.008815,-26.150759,-0.144866,0.003173,-0.000269,0.000965,0.000665,0.011499,0.002312
1582131535.180690,-0.000171,-0.000011,0.000104,3.009200,-26.160503,-0.142344,0.001457,-0.001382,0.001515,0.000640,0.004012,-0.004006
1582131535.200725,-0.000205,-0.000005,0.000056,3.008571,-26.146825,-0.144550,-0.000274,-0.001167,-0.000538,-0.001406,0.010382,0.000189
1582131535.220760,-0.000206,-0.000034,0.000077,3.008004,-26.149183,-0.142362,0.000764,-0.001680,0.001733,0.002879,-0.015071,-0.000829
1582131535.235786,-0.000202,-0.000010,0.000055,3.007620,-26.163369,-0.141379,0.000851,-0.001083,-0.000096,-0.002516,-0.008737,0.000155
1582131535.255821,-0.000197,-0.000032,0.000032,3.006830,-26.159404,-0.141364,-0.000601,-0.001227,-0.000957,0.000682,0.007240,0.001356
1582131535.270847,-0.000156,0.000002,0.000052,3.008772,-26.150796,-0.142996,0.002341,-0.000993,-0.000096,0.002701,0.001844,-0.001838
1582131535.325281,-0.000122,-0.000013,0.000081,3.009533,-26.156369,-0.142263,0.003391,-0.001036,0.001194,-0.002533,-0.009750,0.002302
1582131535.330290,-0.000228,0.000016,0.000022,3.006511,-26.162776,-0.141294,-0.001559,-0.000472,-0.000509,0.001622,-0.006623,-0.001853
1582131535.355334,-0.000242,0.000010,-0.000003,3.004965,-26.153978,-0.141604,-0.000840,-0.000611,-0.000113,0.002648,0.015727,-0.004002
1582131535.375368,-0.000207,-0.000006,0.000036,3.003808,-26.145106,-0.140629,0.000546,-0.001627,0.001161,-0.000541,-0.006547,0.001294
1582131535.395403,-0.000199,-0.000047,0.000023,3.006188,-26.155840,-0.141197,-0.000239,-0.002543,-0.000164,-0.002633,-0.004414,-0.001927
1582131535.410429,-0.000195,-0.000043,0.000095,3.007465,-26.156030,-0.142151,0.001160,-0.002107,0.001216,0.002768,0.010394,0.004514
1582131535.430464,-0.000199,-0.000006,0.000053,3.007029,-26.151529,-0.138212,0.000770,-0.001339,0.000977,0.000693,-0.005494,0.001240
1582131535.450500,-0.000179,-0.000031,0.000087,3.007937,-26.162666,-0.139070,0.002542,-0.001068,0.001585,0.003846,-0.009877,0.002301
1582131535.465526,-0.000194,0.000013,0.000080,3.006760,-26.156662,-0.137288,0.001017,-0.000277,0.000522,-0.002617,0.005167,0.000257
1582131535.490569,-0.000207,-0.000006,0.000109,3.004796,-26.145682,-0.135779,-0.000151,-0.000971,0.001672,0.002701,-0.001356,-0.003008
1582131535.510604,-0.000180,-0.000011,0.000087,3.006412,-26.156768,-0.137870,0.001126,-0.001052,0.000685,-0.003631,-0.003376,0.001278
1582131535.530639,-0.000196,0.000004,0.000025,3.005191,-26.152850,-0.139647,-0.000318,-0.001011,-0.001286,-0.003669,0.013509,0.001254
1582131535.550674,-0.000198,-0.000021,0.000011,3.006207,-26.153777,-0.140497,-0.000528,-0.001531,-0.000353,-0.001549,-0.004687,0.003385
1582131535.565701,-0.000216,0.000002,0.000080,3.005411,-26.161900,-0.138689,0.000425,-0.000699,0.001622,0.003778,-0.008711,0.001242
1582131535.575718,-0.000218,-0.000003,0.000103,3.003488,-26.163468,-0.136564,0.000893,-0.000429,0.002204,-0.004799,0.012428,0.002343
1582131535.600762,-0.000210,0.000022,0.000025,3.002537,-26.147507,-0.140512,-0.000630,-0.000134,-0.000396,-0.002636,0.003965,0.000184
1582131535.630814,-0.000209,0.000014,0.000069,3.004289,-26.166833,-0.143994,0.000097,-0.000453,0.000604,-0.000452,-0.003484,0.004336
1582131535.650849,-0.000229,-0.000006,0.000086,3.001110,-26.154924,-0.139967,-0.000504,-0.001111,0.001327,0.001629,0.020930,0.001152
1582131535.665875,-0.000224,0.000011,0.000052,3.001676,-26.148177,-0.138866,-0.000613,-0.000565,0.001092,-0.001423,-0.004605,0.000166
1582131535.680902,-0.000254,-0.000007,0.000087,3.002270,-26.158807,-0.139046,-0.000835,-0.001148,0.003200,0.002710,-0.015237,0.000097
1582131535.695928,-0.000206,0.000007,0.000069,3.002525,-26.167292,-0.139778,0.000314,-0.000610,0.000710,-0.004698,0.001843,0.001226
1582131535.700937,-0.000207,0.000001,0.000078,3.001076,-26.166540,-0.139495,0.000553,-0.000934,0.001395,-0.001564,0.007007,-0.000901
1582131535.700937,-0.000207,0.000001,0.000078,3.001076,-26.166540,-0.139495,0.000553,-0.000934,0.001395,-0.001564,0.007007,-0.000901
1582131535.741006,-0.000224,0.000001,0.000063,3.002121,-26.161610,-0.139675,0.000295,-0.000959,0.001007,0.000626,-0.009954,0.000202
1582131535.761042,-0.000215,-0.000019,0.000095,3.003165,-26.169353,-0.142525,0.001569,-0.001023,0.001448,0.000562,0.009169,-0.001924
1582131535.910174,-0.000228,-0.000005,0.000061,3.004946,-26.166815,-0.145405,-0.000479,-0.001324,0.001490,0.002768,-0.015219,-0.004122
1582131535.975288,-0.000194,0.000003,0.000082,3.003505,-26.168823,-0.146123,0.001492,-0.001079,0.000741,-0.000348,-0.009944,0.001232
1582131536.005340,-0.000166,0.000010,0.000016,3.001506,-26.150295,-0.145549,0.000881,-0.000733,-0.001954,-0.000416,0.014501,-0.003143
1582131536.035393,-0.000223,0.000019,0.000030,3.001477,-26.169759,-0.143443,-0.001158,-0.000361,-0.000873,-0.001413,-0.012103,0.002242
1582131536.055428,-0.000226,0.000005,0.000012,2.999326,-26.166020,-0.142775,-0.000419,-0.000980,-0.000850,-0.001459,0.015528,0.000117
1582131536.075463,-0.000210,0.000010,0.000061,2.999393,-26.148435,-0.141244,0.000670,-0.000813,0.000963,0.000711,-0.000355,-0.003019
1582131536.095498,-0.000238,-0.000013,0.000074,2.997789,-26.164747,-0.139709,-0.001184,-0.001319,0.001485,-0.002503,-0.011069,0.006634
1582131536.115532,-0.000191,-0.000012,0.000096,2.997760,-26.168069,-0.135123,0.001123,-0.001059,0.001576,-0.000385,0.013393,-0.002034
1582131536.140576,-0.000209,-0.000003,0.000039,2.995193,-26.151744,-0.135273,-0.000719,-0.001183,-0.000216,-0.003454,-0.007759,0.000134
1582131536.150594,-0.000223,-0.000016,0.000039,2.996344,-26.159282,-0.135292,-0.001416,-0.001425,0.000384,-0.000197,-0.016264,0.000161
1582131536.180646,-0.000230,-0.000015,0.000086,2.994254,-26.164195,-0.130236,-0.000181,-0.000989,0.001215,0.000751,0.019726,-0.002994
1582131536.205690,-0.000185,-0.000005,0.000027,2.998577,-26.152983,-0.134895,0.000915,-0.001189,-0.000992,-0.003448,-0.015109,0.001190
1582131536.225725,-0.000155,-0.000034,0.000035,3.000371,-26.170642,-0.137572,0.002051,-0.001681,0.000307,0.000815,-0.006726,-0.000976
1582131536.245760,-0.000184,-0.000020,0.000105,3.000416,-26.162471,-0.137926,0.001434,-0.001456,0.001898,-0.001403,0.017556,-0.002059
1582131536.255777,-0.000176,-0.000032,0.000114,3.000807,-26.154998,-0.137519,0.001273,-0.001320,0.000867,-0.000288,0.009050,0.002227
1582131536.285830,-0.000229,-0.000016,0.000074,2.997879,-26.170936,-0.132996,-0.001057,-0.001046,0.001382,0.003935,-0.008947,0.002135
1582131536.354724,-0.000192,-0.000000,0.000073,2.997530,-26.157688,-0.132844,0.001198,-0.000566,0.000735,0.000816,0.013274,-0.003117
1582131536.379768,-0.000201,0.000009,0.000071,2.997231,-26.168366,-0.133936,0.000042,-0.000353,0.001247,-0.001326,-0.010985,0.002024
1582131536.399803,-0.000226,-0.000008,0.000067,2.997800,-26.173239,-0.131250,-0.001359,-0.000996,0.000418,0.000799,0.004955,0.001021
1582131536.504987,-0.000264,-0.000009,0.000145,3.002857,-26.164832,-0.143347,-0.000681,-0.000620,0.004219,0.000899,-0.012087,-0.001073
1582131536.560083,-0.000244,0.000014,0.000064,3.002069,-26.163695,-0.146286,-0.001014,-0.000850,0.002124,0.002805,-0.014229,0.002088
1582131536.595144,-0.000260,-0.000017,0.000154,3.005395,-26.163368,-0.144435,0.000143,-0.001039,0.003593,-0.001310,0.015592,-0.004318
1582131536.615179,-0.000209,0.000015,0.000049,3.004181,-26.156693,-0.145913,-0.000129,-0.000478,0.000957,-0.003387,-0.014066,0.001009
1582131536.635214,-0.000207,0.000004,0.000040,3.004735,-26.178714,-0.148264,-0.000366,-0.000613,-0.000305,-0.002334,-0.010980,-0.001124
1582131536.660258,-0.000202,0.000011,0.000093,3.000177,-26.162961,-0.143517,0.001660,-0.000658,0.001612,-0.000334,0.017677,0.001078
1582131536.690310,-0.000209,-0.000007,0.000070,3.003665,-26.170349,-0.143232,0.000984,-0.001356,0.001702,0.002951,-0.021569,0.001071
1582131536.700328,-0.000205,-0.000023,0.000093,3.005856,-26.174104,-0.144883,0.001614,-0.001609,0.002261,-0.003410,0.002936,0.002053
1582131536.715354,-0.000230,-0.000009,0.000073,3.004223,-26.167566,-0.145545,0.000541,-0.001421,0.001700,-0.000205,0.015541,-0.002229
1582131536.725372,-0.000238,-0.000022,0.000083,3.002754,-26.157919,-0.145045,-0.000188,-0.001336,0.001467,0.000816,0.010279,0.000996
1582131536.760433,-0.000252,-0.000018,0.000055,3.003050,-26.176285,-0.146569,-0.001549,-0.001473,0.001450,0.002909,-0.003556,0.004164
1582131536.775459,-0.000201,0.000007,0.000060,3.004687,-26.164534,-0.144308,0.001447,-0.000741,0.000107,0.005104,0.011335,0.000988
1582131536.790485,-0.000194,-0.000010,0.000077,3.002914,-26.157040,-0.140300,0.000971,-0.001226,0.001041,-0.004524,0.001807,0.001067
1582131536.844333,-0.000178,-0.000028,0.000089,3.004388,-26.166575,-0.140401,0.001117,-0.001273,0.000725,0.003928,-0.017397,0.003134
1582131536.859359,-0.000225,0.000005,-0.000024,3.002450,-26.178256,-0.139332,-0.001279,-0.000996,-0.003043,0.005196,0.000802,0.002066
1582131536.874385,-0.000216,-0.000009,-0.000073,3.001607,-26.170863,-0.137815,-0.000806,-0.001133,-0.003244,-0.001291,0.018862,-0.003188
1582131536.894420,-0.000250,0.000001,0.000067,3.002821,-26.155154,-0.138544,-0.000777,-0.000653,0.002089,-0.000247,-0.003529,0.002018
1582131536.909446,-0.000295,-0.000018,0.000092,3.002528,-26.167718,-0.138932,-0.002128,-0.001425,0.003169,0.000866,-0.023602,0.004250
1582131536.919464,-0.000242,-0.000006,0.000077,3.004541,-26.181278,-0.142254,-0.000713,-0.001368,0.001694,-0.001260,-0.004488,-0.002248
1582131536.939499,-0.000277,-0.000043,0.000107,3.004020,-26.169349,-0.143321,-0.000231,-0.002171,0.002237,-0.001274,0.018749,-0.000011
1582131536.954525,-0.000266,-0.000015,0.000017,3.005201,-26.152190,-0.144200,-0.002094,-0.001209,0.000385,0.001952,-0.003449,-0.003308
1582131536.974560,-0.000305,-0.000040,-0.000008,3.007076,-26.171138,-0.145466,-0.002418,-0.001295,-0.000583,0.002933,-0.014067,0.003157
1582131536.979569,-0.000218,0.000015,0.000079,3.007592,-26.179006,-0.144271,0.000432,-0.000310,0.001748,-0.000153,-0.009853,-0.002205
1582131537.009621,-0.000252,-0.000006,0.000146,3.005536,-26.157921,-0.143130,-0.000757,-0.000950,0.002940,0.000842,0.013443,0.000019
1582131537.024647,-0.000166,0.000008,0.000099,3.008558,-26.158718,-0.143010,0.002826,-0.000686,0.001701,0.000924,-0.019348,0.003003
1582131537.039674,-0.000152,-0.000007,0.000120,3.007985,-26.175508,-0.140705,0.001077,-0.001141,0.000713,-0.002395,-0.009817,0.003211
1582131537.054700,-0.000197,-0.000002,0.000087,3.008258,-26.174550,-0.140239,0.001608,-0.001228,0.001220,-0.004462,0.014568,0.004159
1582131537.069726,-0.000193,-0.000024,0.000095,3.005931,-26.160561,-0.138778,0.000554,-0.001627,0.000579,0.000745,0.012393,-0.002112
1582131537.084752,-0.000210,-0.000009,0.000046,3.005666,-26.161867,-0.137266,0.000710,-0.001411,0.001635,0.003050,-0.015020,-0.001239
1582131537.099779,-0.000213,-0.000032,0.000062,3.007470,-26.178236,-0.138182,0.000828,-0.001507,0.002274,0.001806,-0.013052,-0.004304
1582131537.119814,-0.000189,-0.000003,0.000072,3.006672,-26.168851,-0.140316,0.001511,-0.000707,0.001320,0.000829,0.018855,-0.004371
1582131537.139849,-0.000175,-0.000021,0.000132,3.005228,-26.157210,-0.141177,0.002220,-0.000834,0.002831,-0.000307,-0.005583,-0.003268
1582131537.154875,-0.000204,0.000003,0.000121,3.008014,-26.172385,-0.144609,0.001057,-0.000877,0.003338,0.002910,-0.021443,-0.004417
1582131537.169901,-0.000195,-0.000008,0.000153,3.010213,-26.181222,-0.145807,0.001541,-0.000791,0.001947,-0.002281,0.000810,-0.002197
1582131537.189936,-0.000203,0.000002,0.000060,3.006242,-26.155303,-0.144984,0.000897,-0.001075,0.001016,-0.002314,0.016827,-0.002225
1582131537.204962,-0.000215,-0.000018,0.000080,3.004865,-26.152189,-0.144254,0.000167,-0.001462,0.001805,-0.000235,-0.009802,0.000884
1582131537.224997,-0.000250,-0.000010,0.000040,3.007349,-26.177615,-0.145801,-0.001207,-0.001190,0.000749,-0.005507,-0.012914,0.000955
1582131537.245032,-0.000304,-0.000038,0.000078,3.007403,-26.168879,-0.146433,-0.001794,-0.001308,0.003778,-0.000116,0.016853,-0.001167
1582131537.260058,-0.000203,0.000005,0.000034,3.005975,-26.151895,-0.145066,0.000115,-0.000631,-0.000080,-0.000246,-0.001293,-0.000070
1582131537.275085,-0.000198,-0.000005,0.000039,3.008162,-26.160624,-0.148009,-0.000352,-0.000731,0.000133,0.001916,-0.017131,0.002980
1582131537.290111,-0.000197,0.000017,0.000092,3.004661,-26.177013,-0.147633,0.002596,-0.000612,0.001409,0.002937,-0.002333,0.002138
1582131537.290111,-0.000197,0.000017,0.000092,3.004661,-26.177013,-0.147633,0.002596,-0.000612,0.001409,0.002937,-0.002333,0.002138
1582131537.290111,-0.000197,0.000017,0.000092,3.004661,-26.177013,-0.147633,0.002596,-0.000612,0.001409,0.002937,-0.002333,0.002138
1582131537.379051,-0.000269,0.000002,0.000086,3.007086,-26.166886,-0.147200,-0.000542,-0.000645,0.002061,0.005031,-0.010831,-0.005428
1582131537.394078,-0.000227,0.000018,0.000011,3.007458,-26.175058,-0.146090,-0.000721,-0.000705,-0.001797,0.000953,0.005156,0.000985
1582131537.409105,-0.000229,0.000006,-0.000015,3.006870,-26.164619,-0.145160,-0.001051,-0.001098,-0.001090,0.000794,0.016803,-0.002237
1582131537.424131,-0.000179,0.000001,0.000042,3.006902,-26.154592,-0.146356,0.001572,-0.001288,-0.000547,-0.001221,-0.003318,-0.000030
1582131537.439157,-0.000159,-0.000021,0.000045,3.008741,-26.164853,-0.147337,0.001267,-0.001683,-0.000180,0.001948,-0.019269,0.004136
1582131537.454184,-0.000214,0.000000,0.000043,3.008018,-26.177238,-0.145637,0.000581,-0.001067,0.000150,-0.002317,-0.004421,0.003139
1582131537.474217,-0.000210,-0.000024,0.000068,3.005200,-26.167555,-0.142737,0.001177,-0.001196,0.000593,-0.000197,0.017912,-0.001102
1582131537.489245,-0.000207,0.000014,0.000023,3.005642,-26.155382,-0.143353,-0.000172,-0.000497,-0.000575,-0.002291,0.004080,0.000974
1582131537.504271,-0.000210,0.000006,0.000019,3.005759,-26.160498,-0.141659,-0.000349,-0.000591,0.000123,-0.000203,-0.016053,0.004156
1582131537.509279,-0.000212,0.000003,0.000019,3.005127,-26.165345,-0.140255,-0.000265,-0.000622,0.000393,0.001905,-0.015026,0.002131
1582131537.534323,-0.000170,0.000006,0.000110,3.004956,-26.167697,-0.140039,0.002374,-0.000847,0.001908,-0.000266,0.013630,-0.001084
1582131537.549350,-0.000151,-0.000011,0.000139,3.004039,-26.155120,-0.138069,0.002465,-0.001238,0.001890,-0.000174,0.010383,0.002063
1582131537.559366,-0.000192,-0.000021,0.000072,3.000022,-26.154574,-0.133885,0.000900,-0.001993,0.001754,0.001920,-0.009781,0.005275
1582131537.569385,-0.000196,-0.000038,0.000089,3.000500,-26.163968,-0.132800,0.000487,-0.001778,0.002030,-0.000206,-0.019320,-0.002200
1582131537.604445,-0.000170,-0.000017,0.000107,3.004058,-26.164374,-0.135811,0.002266,-0.000861,0.001165,0.000814,0.015727,-0.001052
1582131537.624481,-0.000230,0.000010,0.000017,3.005462,-26.160874,-0.138909,-0.002209,-0.000381,0.000274,0.007181,-0.011795,-0.001162
1582131537.649525,-0.000245,-0.000002,0.000017,3.005906,-26.175576,-0.143153,-0.000962,-0.000549,-0.000235,-0.000161,0.006322,-0.002290
1582131537.654533,-0.000184,0.000020,0.000032,3.004144,-26.171380,-0.143418,0.001263,-0.000235,-0.000728,-0.003360,0.015738,0.001001
1582131537.699611,-0.000256,0.000010,0.000045,3.010017,-26.164225,-0.148770,-0.001174,-0.000554,0.001464,0.002982,-0.026623,0.001049
1582131537.729665,-0.000218,0.000015,0.000046,3.008055,-26.154458,-0.144643,0.000692,-0.000724,-0.000024,-0.003383,0.024326,0.002093
1582131537.759717,-0.000213,0.000001,0.000015,3.007497,-26.167550,-0.142520,-0.000734,-0.001021,-0.001370,-0.000068,-0.026627,0.004105
1582131537.784761,-0.000174,0.000019,0.000065,3.007399,-26.166186,-0.141029,0.002116,0.000043,0.000086,-0.001286,0.023181,-0.000016
1582131537.848341,-0.000165,0.000011,0.000088,3.004849,-26.144700,-0.138300,0.000480,-0.000325,0.000826,0.002985,-0.011883,-0.001111
1582131537.863367,-0.000230,0.000015,0.000072,3.009366,-26.165653,-0.142142,-0.000791,-0.000613,0.001982,0.000810,-0.022382,0.005199
1582131537.873384,-0.000244,0.000007,0.000088,3.010540,-26.172894,-0.142575,-0.000429,-0.000873,0.002345,0.005079,-0.001154,0.000873
1582131537.893420,-0.000241,0.000009,0.000046,3.009703,-26.145270,-0.145131,-0.001173,-0.000843,0.001391,0.000763,0.023279,-0.000170
1582131537.903438,-0.000251,-0.000001,0.000051,3.009830,-26.136609,-0.144594,-0.000893,-0.001109,0.001446,0.001833,0.005223,0.003029
1582131537.918463,-0.000257,-0.000016,0.000054,3.010116,-26.146709,-0.144655,-0.000438,-0.001074,0.000767,0.000912,-0.026650,0.003105
1582131537.933490,-0.000223,0.000004,0.000041,3.008640,-26.174896,-0.142208,-0.000963,-0.000664,0.000041,0.002920,-0.010727,0.002091
1582131537.948516,-0.000234,-0.000011,0.000049,3.009725,-26.168389,-0.142633,-0.000151,-0.001104,0.001131,-0.002290,0.022149,-0.003240
1582131537.963543,-0.000141,0.000002,0.000037,3.009203,-26.144059,-0.142232,0.003151,-0.001164,-0.001246,-0.001307,0.012559,-0.001223
1582131537.973560,-0.000145,-0.000005,0.000036,3.009516,-26.143776,-0.143388,0.001113,-0.000968,-0.000469,0.004019,-0.010785,-0.002261
1582131537.993594,-0.000195,0.000009,0.000098,3.010884,-26.172335,-0.142009,0.001793,-0.000458,0.002336,0.000828,-0.013975,-0.001120
1582131538.008621,-0.000184,-0.000005,0.000143,3.011027,-26.168292,-0.142670,0.002210,-0.000959,0.002667,-0.000249,0.022142,0.002105
1582131538.018638,-0.000174,-0.000017,0.000177,3.011994,-26.154835,-0.143197,0.002594,-0.001227,0.002890,-0.003395,0.021065,-0.005404
1582131538.033664,-0.000197,0.000001,0.000035,3.011884,-26.141183,-0.144320,-0.000640,-0.000765,-0.000482,0.003942,-0.006536,-0.003247
1582131538.048690,-0.000206,-0.000018,0.000016,3.014643,-26.158790,-0.144575,-0.001362,-0.001401,-0.000663,0.003050,-0.020293,-0.000050
1582131538.068726,-0.000217,-0.000015,0.000079,3.014377,-26.170638,-0.142921,0.000695,-0.001429,0.000871,-0.002355,0.018919,0.001037
1582131538.093770,-0.000211,-0.000004,-0.000001,3.013918,-26.145328,-0.141299,-0.000249,-0.001332,-0.000459,-0.001292,-0.000139,-0.001098
1582131538.103788,-0.000214,-0.000015,-0.000011,3.013646,-26.153576,-0.142367,-0.000546,-0.001270,-0.000482,0.002962,-0.023531,-0.000045
1582131538.108795,-0.000215,-0.000021,-0.000015,3.015111,-26.160433,-0.142809,-0.000530,-0.001309,-0.000520,0.004069,-0.026612,-0.001093
1582131538.148866,-0.000167,-0.000020,0.000068,3.013895,-26.147261,-0.140599,0.001345,-0.001594,0.000466,0.001882,0.010513,0.001011
1582131538.168900,-0.000204,-0.000023,0.000046,3.012262,-26.160672,-0.139025,-0.000495,-0.001479,0.000970,0.002934,-0.021375,0.002143
1582131538.188936,-0.000214,-0.000060,0.000064,3.013649,-26.173036,-0.138940,0.000506,-0.002022,0.001329,0.000883,0.008361,0.002099
1582131538.213979,-0.000189,-0.000040,0.000067,3.012945,-26.149181,-0.134176,0.001020,-0.001613,0.001028,0.005048,0.001922,0.000041
1582131538.234015,-0.000191,-0.000007,0.000076,3.013373,-26.170017,-0.135474,0.001017,-0.000780,0.000939,0.002890,-0.018171,-0.001129
1582131538.259058,-0.000228,0.000009,0.000058,3.014012,-26.159460,-0.137593,-0.001119,-0.000413,0.001085,-0.001335,0.023174,-0.002093
1582131538.347809,-0.000216,0.000001,-0.000076,3.014128,-26.172526,-0.139039,-0.001425,-0.000887,-0.001340,-0.002532,-0.001132,-0.003273
1582131538.362835,-0.000210,0.000006,0.000053,3.013808,-26.157620,-0.141232,0.000445,-0.000811,0.000596,0.000719,0.023155,-0.002202
1582131538.372853,-0.000205,-0.000004,0.000056,3.013384,-26.146097,-0.141283,0.000808,-0.001083,0.000328,-0.000358,0.008343,-0.000067
1582131538.412924,-0.000168,-0.000028,0.000064,3.013647,-26.172236,-0.144512,0.000666,-0.001692,0.000449,0.004969,0.008330,-0.005443
1582131538.432958,-0.000197,-0.000004,0.000082,3.015227,-26.150058,-0.145131,0.000886,-0.001201,0.002188,0.001758,0.014702,-0.000078
1582131538.458002,-0.000202,-0.000037,0.000156,3.017960,-26.161060,-0.144776,0.001529,-0.001300,0.003382,0.003845,-0.015041,0.002090
1582131538.473028,-0.000223,0.000000,0.000078,3.018684,-26.173799,-0.145350,0.000017,-0.000670,0.001993,0.000792,0.006211,0.000972
1582131538.498072,-0.000202,0.000015,0.000048,3.016706,-26.150042,-0.144802,0.000186,-0.000409,0.000875,0.002808,0.006232,0.002081
1582131538.513098,-0.000218,0.000002,0.000067,3.019632,-26.153753,-0.147701,-0.000551,-0.000937,0.001917,0.005025,-0.015053,-0.000073
1582131538.538141,-0.000205,-0.000009,0.000093,3.017903,-26.170625,-0.146762,0.001225,-0.001340,0.001199,0.004970,0.006213,-0.003216
1582131538.563185,-0.000196,-0.000001,0.000036,3.019578,-26.153146,-0.148792,0.000550,-0.001323,0.000432,-0.000410,0.000835,0.001074
1582131538.583220,-0.000174,-0.000034,0.000046,3.020591,-26.161410,-0.148698,0.001240,-0.001889,0.000101,0.004908,-0.019247,-0.005367
1582131538.598248,-0.000224,-0.000007,0.000074,3.017287,-26.168060,-0.147679,-0.000192,-0.001395,0.002050,-0.002531,0.007223,0.003182
1582131538.608265,-0.000231,-0.000019,0.000094,3.016064,-26.163759,-0.146312,0.000125,-0.001272,0.002394,0.002779,0.007200,-0.001082
1582131538.623291,-0.000240,-0.000044,0.000122,3.014927,-26.154173,-0.146073,0.000564,-0.001737,0.002248,-0.002666,0.003038,-0.002114
1582131538.638316,-0.000193,-0.000006,0.000032,3.016967,-26.160082,-0.146787,0.000281,-0.001358,0.000113,-0.001505,-0.008738,-0.001052
1582131538.653343,-0.000199,-0.000029,0.000050,3.016749,-26.167433,-0.146606,0.000236,-0.001523,0.001970,0.009041,-0.008651,-0.001065
1582131538.668370,-0.000212,0.000004,0.000035,3.014250,-26.162898,-0.146731,-0.000842,-0.000735,-0.001334,-0.003543,0.005177,-0.001130
1582131538.668370,-0.000212,0.000004,0.000035,3.014250,-26.162898,-0.146731,-0.000842,-0.000735,-0.001334,-0.003543,0.005177,-0.001130
1582131538.698421,-0.000201,0.000015,0.000028,3.013750,-26.162250,-0.146414,0.000476,-0.000673,0.000421,0.003698,-0.010779,-0.003203
1582131538.708439,-0.000195,0.000007,0.000023,3.014915,-26.167802,-0.147071,0.000568,-0.000949,0.000454,-0.001630,-0.008631,0.001087
1582131538.723465,-0.000185,-0.000009,0.000014,3.014610,-26.169607,-0.146224,0.000342,-0.001370,-0.000395,0.003804,0.004035,0.000022
1582131538.728474,-0.000203,0.000005,0.000072,3.013029,-26.164471,-0.145188,0.001265,-0.001114,0.001723,-0.000449,0.006251,0.004225
1582131538.753519,-0.000208,-0.000020,0.000116,3.011516,-26.157687,-0.142676,-0.000579,-0.001081,0.001395,-0.006982,-0.002333,0.002210
1582131538.768544,-0.000229,0.000008,0.000054,3.010123,-26.165293,-0.144049,-0.000573,-0.000550,0.001424,-0.002568,-0.006485,0.002054
1582131538.773553,-0.000236,0.000005,0.000056,3.008242,-26.167093,-0.142762,-0.000726,-0.000585,0.001559,0.000462,-0.002318,-0.000966
1582131538.803605,-0.000196,-0.000000,0.000060,3.004611,-26.159165,-0.142803,0.000940,-0.001111,0.000085,0.003647,0.006204,-0.000001
1582131538.852149,-0.000206,-0.000014,0.000089,3.004812,-26.160092,-0.143182,0.000597,-0.001353,0.003133,0.003579,-0.000244,0.001048
1582131538.867176,-0.000215,0.000009,0.000023,3.006878,-26.159786,-0.144798,-0.001024,-0.000737,-0.000081,-0.000580,-0.004314,0.005391
1582131538.887211,-0.000230,-0.000007,0.000020,3.008301,-26.160727,-0.143320,-0.000668,-0.000871,0.000489,0.001655,-0.001096,0.003259
1582131538.902237,-0.000237,0.000012,0.000039,3.005575,-26.164346,-0.142154,-0.001085,-0.000818,0.000812,-0.001598,-0.003382,0.002167
1582131538.912254,-0.000245,-0.000001,0.000048,3.003425,-26.163755,-0.140015,-0.000203,-0.001368,0.001354,-0.000542,-0.005399,0.001118
1582131538.927281,-0.000266,-0.000028,0.000068,3.004076,-26.165912,-0.140164,-0.000117,-0.002048,0.002235,0.000508,0.006185,-0.000055
1582131538.927281,-0.000266,-0.000028,0.000068,3.004076,-26.165912,-0.140164,-0.000117,-0.002048,0.002235,0.000508,0.006185,-0.000055
1582131538.962342,-0.000181,-0.000039,0.000126,3.007090,-26.151039,-0.141091,0.000794,-0.001461,0.002692,-0.000595,-0.006569,-0.000043
1582131538.977368,-0.000180,-0.000006,0.000043,3.006227,-26.159264,-0.141868,0.000548,-0.001221,0.000090,0.001548,-0.005574,-0.000013
1582131538.992395,-0.000166,-0.000026,0.000047,3.007260,-26.162617,-0.141070,0.001178,-0.001371,0.000008,-0.000536,-0.000126,0.000035
1582131539.002412,-0.000197,0.000006,0.000064,3.008044,-26.158208,-0.142401,0.000999,-0.000650,0.000592,-0.002678,0.008302,-0.000023
1582131539.007421,-0.000193,0.000002,0.000066,3.007646,-26.155498,-0.142211,0.001078,-0.000685,0.000502,0.002617,0.008363,-0.001065
1582131539.037473,-0.000224,0.000009,0.000079,3.009180,-26.153857,-0.143317,0.000120,-0.000532,0.002389,-0.000443,-0.006545,0.002049
1582131539.042482,-0.000223,0.000002,0.000103,3.007473,-26.155665,-0.141959,0.001072,-0.000873,0.003255,0.001459,-0.005464,0.001126
1582131539.072534,-0.000223,-0.000004,0.000080,3.004752,-26.156316,-0.140184,0.000045,-0.000994,0.001531,-0.000547,0.002007,0.001034
1582131539.082552,-0.000232,-0.000015,0.000097,3.005899,-26.156848,-0.140031,0.000013,-0.001059,0.001826,-0.000514,-0.005427,-0.003212
1582131539.087561,-0.000240,-0.000021,0.000108,3.006156,-26.158263,-0.141727,-0.000218,-0.001088,0.002230,0.001506,0.000805,-0.005385
1582131539.122622,-0.000194,-0.000014,0.000124,3.007148,-26.152153,-0.143607,0.001504,-0.001230,0.001832,0.003707,0.008315,-0.002152
1582131539.147666,-0.000186,-0.000014,0.000067,3.005383,-26.152607,-0.145383,0.000831,-0.001451,0.000431,0.000444,-0.010872,-0.000005
1582131539.172709,-0.000227,0.000005,0.000063,3.008318,-26.164725,-0.146212,0.000322,-0.000962,0.001209,-0.004784,0.000860,-0.000165
1582131539.192744,-0.000243,-0.000020,0.000069,3.007036,-26.155402,-0.146420,0.000339,-0.001479,0.001836,-0.000524,0.007310,-0.001131
1582131539.212779,-0.000194,-0.000015,0.000076,3.009349,-26.150327,-0.150796,0.001127,-0.001490,0.001272,-0.001703,-0.013915,0.002019
1582131539.242832,-0.000179,0.000015,0.000111,3.007903,-26.160273,-0.149573,0.001979,-0.000386,0.001439,0.001583,-0.003304,-0.004381
1582131539.277893,-0.000221,-0.000001,0.000041,3.009084,-26.157473,-0.147444,-0.000716,-0.001273,0.000686,0.000419,0.001944,0.003220
1582131539.351545,-0.000217,0.000006,0.000054,3.011946,-26.154320,-0.144906,-0.000381,-0.000661,0.001131,0.003602,0.000861,0.003162
1582131539.376589,-0.000248,0.000007,0.000082,3.012602,-26.165799,-0.147166,-0.000392,-0.000953,0.003456,0.000525,-0.006614,0.002118
1582131539.391614,-0.000271,-0.000007,0.000093,3.012427,-26.169731,-0.146800,-0.000951,-0.000927,0.001696,0.003714,-0.004435,-0.002107
1582131539.411650,-0.000191,0.000015,0.000007,3.011172,-26.154398,-0.144495,0.000036,-0.000494,-0.001987,0.003730,0.009301,0.002046
1582131539.426676,-0.000180,-0.000000,0.000023,3.008489,-26.149464,-0.142408,0.001007,-0.001108,0.000394,-0.002815,-0.005496,0.001095
1582131539.446711,-0.000225,-0.000004,0.000104,3.010641,-26.166618,-0.145579,0.000515,-0.000988,0.002793,-0.005985,-0.004417,0.006317
1582131539.461737,-0.000215,-0.000024,0.000164,3.011414,-26.169765,-0.143518,0.002041,-0.001338,0.003361,0.002585,0.002937,0.001111
1582131539.476764,-0.000212,-0.000004,0.000069,3.007419,-26.157266,-0.139914,-0.000442,-0.001220,0.000590,0.000545,0.008274,0.002125
1582131539.496799,-0.000226,-0.000035,0.000127,3.005782,-26.156540,-0.137802,-0.000007,-0.001498,0.001996,0.000520,-0.001260,-0.001122
1582131539.506817,-0.000204,0.000006,0.000074,3.007181,-26.163618,-0.142164,0.000666,-0.000664,0.001748,0.000438,-0.006620,-0.006414
1582131539.526850,-0.000201,-0.000009,0.000082,3.008584,-26.160457,-0.144344,0.000369,-0.000810,0.000206,-0.000543,0.005132,0.006342
1582131539.541878,-0.000233,0.000014,0.000028,3.003032,-26.158444,-0.140134,-0.000571,-0.000657,0.000665,0.002479,-0.000281,0.002196
1582131539.561913,-0.000239,-0.000004,-0.000003,3.004153,-26.168685,-0.140195,-0.000040,-0.001172,0.000970,0.001379,-0.009837,0.000045
1582131539.576939,-0.000225,-0.000001,0.000030,3.007281,-26.170673,-0.145231,-0.001095,-0.001241,-0.000275,0.002600,0.002935,0.000937
1582131539.596974,-0.000218,-0.000028,0.000028,3.005667,-26.156831,-0.144356,0.000887,-0.001425,-0.000004,0.001511,0.006094,-0.001167
1582131539.617009,-0.000211,-0.000000,0.000080,3.006503,-26.154319,-0.144917,-0.000004,-0.000694,0.001634,0.000442,-0.018223,-0.002198
1582131539.632035,-0.000208,-0.000018,0.000112,3.009085,-26.168318,-0.146788,0.001094,-0.001233,0.002267,-0.000602,-0.005595,-0.002138
1582131539.652070,-0.000221,-0.000009,0.000083,3.009485,-26.169170,-0.146342,0.000116,-0.001306,0.001179,-0.002744,0.013561,0.000007
1582131539.667096,-0.000231,-0.000025,0.000098,3.007594,-26.155413,-0.147810,-0.000130,-0.001180,0.001261,0.000434,-0.001267,-0.002164
1582131539.682122,-0.000217,0.000004,0.000034,3.007599,-26.152943,-0.148501,-0.000242,-0.001092,0.000855,-0.003850,-0.002311,0.002169
1582131539.692140,-0.000221,-0.000005,0.000040,3.008008,-26.158842,-0.148361,-0.000049,-0.000960,0.001061,0.003667,-0.019294,-0.005293
1582131539.712175,-0.000228,0.000021,0.000096,3.006444,-26.162952,-0.148436,0.000538,0.000071,0.001758,0.000386,0.006140,-0.002011
1582131539.732210,-0.000205,0.000006,0.000181,3.007021,-26.151970,-0.151446,0.003747,-0.000746,0.003918,0.002545,0.008199,-0.000069
1582131539.747236,-0.000253,0.000015,0.000096,3.010311,-26.159625,-0.151801,-0.001285,-0.000471,0.003434,-0.002799,-0.004514,0.000006
1582131539.767271,-0.000263,-0.000007,0.000101,3.012550,-26.169230,-0.150132,-0.000223,-0.001230,0.000781,0.002648,-0.000294,-0.002072
1582131539.782297,-0.000227,-0.000005,0.000074,3.006512,-26.154138,-0.148284,-0.000542,-0.001367,0.001386,-0.000611,0.009361,0.002036
1582131539.802332,-0.000241,-0.000036,0.000105,3.005948,-26.147012,-0.148498,-0.001266,-0.001600,0.000552,0.000542,-0.007637,0.000981
1582131539.861078,-0.000243,-0.000009,0.000126,3.008135,-26.167801,-0.148487,0.000010,-0.000871,0.003226,-0.003788,-0.008635,0.002138
1582131539.881113,-0.000210,0.000018,0.000075,3.010448,-26.163869,-0.149688,0.001346,-0.000334,0.001942,0.001660,0.012460,-0.001060
1582131539.896140,-0.000202,0.000003,0.000123,3.009170,-26.152386,-0.148951,0.002224,-0.000934,0.003011,-0.002853,0.003982,-0.001007
1582131539.916175,-0.000224,0.000006,0.000060,3.008739,-26.158230,-0.147865,-0.000222,-0.000872,0.001326,-0.001717,-0.004469,-0.000994
1582131539.936210,-0.000232,-0.000014,0.000070,3.009967,-26.162890,-0.150548,-0.000355,-0.001015,0.001389,-0.003875,0.009296,-0.002106
1582131539.951236,-0.000206,0.000015,0.000032,3.009869,-26.156471,-0.150498,-0.000310,-0.000504,-0.000120,0.000459,0.001883,-0.000010
1582131539.966262,-0.000198,0.000005,0.000045,3.009859,-26.151148,-0.150883,0.001506,-0.000845,0.000999,0.000347,0.000819,0.002329
1582131539.981288,-0.000233,0.000011,0.000041,3.013463,-26.159533,-0.152393,-0.000862,-0.001011,0.000128,-0.000613,-0.006581,0.001135
1582131539.996314,-0.000245,-0.000006,0.000047,3.011671,-26.162618,-0.152153,-0.000431,-0.001169,0.001047,0.006780,-0.002457,-0.003097
1582131540.016350,-0.000222,0.000005,0.000116,3.009548,-26.154399,-0.149881,0.001616,-0.000961,0.003668,0.001375,-0.001366,-0.003027
1582131540.026367,-0.000224,-0.000008,0.000156,3.012117,-26.156676,-0.151200,0.001723,-0.001227,0.003964,-0.001747,-0.005577,0.002285
1582131540.046402,-0.000197,0.000016,0.000024,3.009082,-26.167303,-0.148737,0.000015,-0.000573,-0.001659,0.003651,-0.004535,0.002263
1582131540.061428,-0.000179,0.000007,0.000021,3.007467,-26.165194,-0.147669,0.000944,-0.000675,-0.001082,0.000419,0.008272,-0.003049
1582131540.071446,-0.000171,0.000000,0.000015,3.009548,-26.159590,-0.150079,0.000973,-0.000745,-0.000944,0.000428,0.012478,-0.005186
1582131540.086472,-0.000184,0.000009,0.000058,3.008857,-26.152320,-0.147545,0.000572,-0.000631,-0.000017,0.002541,-0.001334,-0.002049
1582131540.091481,-0.000181,0.000006,0.000059,3.009414,-26.152977,-0.147752,0.000458,-0.000667,-0.000087,-0.000646,-0.002395,0.001198
1582131540.121533,-0.000242,-0.000005,0.000056,3.007046,-26.164392,-0.145725,-0.001442,-0.001323,0.001802,-0.004906,0.005025,-0.000755
1582131540.141568,-0.000311,-0.000030,0.000069,3.006981,-26.160298,-0.144667,-0.002268,-0.001483,0.002384,-0.006018,0.008127,0.004446
1582131540.161603,-0.000214,-0.000010,0.000082,3.006412,-26.157470,-0.144447,0.000573,-0.001029,0.000933,-0.008093,-0.001382,-0.000933
1582131540.181638,-0.000230,0.000009,0.000066,3.007489,-26.162646,-0.146363,-0.000220,-0.000529,0.001408,0.001514,-0.002477,0.003304
1582131540.196664,-0.000246,0.000000,0.000068,3.006704,-26.159201,-0.144158,-0.001088,-0.000632,0.000599,0.002514,0.004034,-0.001996
1582131540.211691,-0.000200,0.000020,0.000059,3.007023,-26.157299,-0.145697,0.000738,-0.000287,0.000591,-0.000692,-0.000269,0.001239
1582131540.231726,-0.000185,0.000006,0.000087,3.006671,-26.162659,-0.143579,0.001551,-0.000924,0.001249,-0.001764,-0.002325,0.004335
1582131540.246752,-0.000226,0.000013,0.000066,3.007033,-26.159752,-0.144177,0.000107,-0.000551,0.001187,0.003624,0.003962,-0.001943
1582131540.266787,-0.000253,-0.000001,0.000083,3.008401,-26.152984,-0.145614,-0.001058,-0.000686,0.001699,0.001506,0.005019,-0.000955
1582131540.286822,-0.000234,-0.000001,0.000044,3.006995,-26.159907,-0.143145,-0.000835,-0.001170,0.000663,0.000375,-0.006677,0.000129
1582131540.306857,-0.000244,-0.000030,0.000046,3.007410,-26.165873,-0.144925,-0.000186,-0.001698,0.000400,0.000327,0.000802,-0.002045
1582131540.365310,-0.000207,-0.000021,0.000072,3.010640,-26.157431,-0.149765,0.000300,-0.001595,0.001399,-0.001825,0.006096,0.002253
1582131540.385345,-0.000150,-0.000004,0.000056,3.004759,-26.158750,-0.144720,0.002609,-0.001348,-0.000491,0.000235,-0.002366,0.001181
1582131540.400371,-0.000095,-0.000025,0.000030,3.006644,-26.160434,-0.144728,0.002712,-0.001748,-0.002403,-0.002740,-0.002418,0.000139
1582131540.415397,-0.000053,-0.000054,0.000038,3.006669,-26.159016,-0.144496,0.002858,-0.002132,-0.000692,-0.000796,0.002888,0.000138
1582131540.435433,-0.000199,-0.000030,0.000046,3.007313,-26.157515,-0.147679,-0.000685,-0.001775,0.000609,-0.002878,-0.001335,0.001124
1582131540.450459,-0.000198,-0.000006,0.000044,3.008098,-26.162271,-0.145122,0.000396,-0.001621,-0.000119,-0.000673,-0.004586,0.000156
1582131540.450459,-0.000198,-0.000006,0.000044,3.008098,-26.162271,-0.145122,0.000396,-0.001621,-0.000119,-0.000673,-0.004586,0.000156
1582131540.485520,-0.000213,-0.000013,0.000111,3.004910,-26.147966,-0.145565,0.001250,-0.001484,0.003935,0.003447,0.005032,0.001211
1582131540.500546,-0.000231,-0.000032,0.000124,3.008416,-26.154700,-0.144898,-0.000730,-0.001421,0.001550,-0.004857,-0.007675,0.000098
1582131540.500546,-0.000231,-0.000032,0.000124,3.008416,-26.154700,-0.144898,-0.000730,-0.001421,0.001550,-0.004857,-0.007675,0.000098
1582131540.550633,-0.000217,0.000008,0.000064,3.003147,-26.152558,-0.142068,-0.000959,-0.000612,0.001435,-0.001759,0.014516,-0.001849
1582131540.570668,-0.000269,-0.000007,0.000088,3.004566,-26.155017,-0.145040,-0.001972,-0.000739,0.002832,0.001413,-0.006808,0.004509
1582131540.590703,-0.000186,0.000012,0.000082,3.006490,-26.164566,-0.147456,0.001671,-0.000421,0.000904,-0.001901,-0.001408,0.001161
1582131540.610739,-0.000152,-0.000008,0.000095,3.006496,-26.157963,-0.147090,0.001117,-0.001155,0.000530,-0.000740,0.004988,-0.000974
1582131540.635782,-0.000187,-0.000012,0.000083,3.004392,-26.159689,-0.146142,0.000691,-0.001037,0.000923,-0.003895,-0.006721,0.004508
1582131540.655817,-0.000183,0.000010,0.000111,3.006685,-26.164424,-0.150043,0.003140,-0.000503,0.002425,-0.001735,0.003886,-0.000924
1582131540.680861,-0.000145,0.000002,0.000188,3.003274,-26.156309,-0.149222,0.002449,-0.000301,0.002043,-0.005007,-0.003619,0.002374
1582131540.700896,-0.000216,0.000029,0.000013,3.002234,-26.169442,-0.147157,0.000051,-0.000158,-0.000950,-0.001810,-0.004666,0.005484
1582131540.725939,-0.000207,0.000013,0.000090,3.003223,-26.157261,-0.148415,0.001162,-0.000664,0.000478,-0.003814,0.014526,-0.002983
1582131540.750984,-0.000209,0.000021,-0.000009,3.004191,-26.156516,-0.148436,-0.001352,-0.000462,-0.002829,0.006774,-0.016267,0.003405
1582131540.771018,-0.000210,-0.000008,-0.000032,3.003649,-26.172721,-0.146899,-0.000628,-0.001791,-0.000768,0.000364,-0.014149,0.000241
1582131540.791054,-0.000226,-0.000017,0.000108,3.003621,-26.163768,-0.147892,0.000294,-0.001451,0.002778,-0.001754,0.015517,-0.005074
1582131540.854597,-0.000164,0.000014,0.000017,3.007052,-26.160191,-0.149151,0.001834,-0.000594,-0.002554,0.003526,-0.009925,-0.001966
1582131540.909693,-0.000164,0.000012,0.000099,3.007315,-26.152800,-0.150598,0.001937,-0.000754,0.001284,-0.004908,0.002806,0.001280
1582131540.944755,-0.000182,-0.000015,0.000056,3.007992,-26.170718,-0.150559,0.000591,-0.001580,0.000538,0.004597,0.003852,0.002346
1582131540.969799,-0.000189,-0.000015,0.000055,3.005350,-26.151464,-0.146272,0.001488,-0.001348,0.000059,-0.000641,-0.001432,0.003496
1582131540.989833,-0.000235,0.000011,0.000050,3.005216,-26.167311,-0.147926,-0.001289,-0.000613,0.000356,-0.000697,-0.018396,0.002353
1582131541.009869,-0.000260,-0.000003,0.000031,3.006229,-26.174773,-0.148778,-0.001935,-0.000748,-0.000654,-0.001816,0.010250,-0.003945
1582131541.029903,-0.000215,0.000008,0.000052,3.007558,-26.158311,-0.151187,0.000279,-0.000969,0.001494,-0.007077,0.010229,-0.002906
1582131541.049938,-0.000231,-0.000008,0.000074,3.006146,-26.163878,-0.152639,-0.000072,-0.000883,0.001725,-0.001774,-0.005669,0.001345
1582131541.064964,-0.000216,0.000016,0.000058,3.003779,-26.175868,-0.150331,0.001012,-0.000707,0.000292,0.004677,-0.008900,0.002479
1582131541.079991,-0.000214,0.000002,0.000069,3.002042,-26.169799,-0.148938,0.000568,-0.001092,0.000870,-0.003934,0.016517,-0.000810
1582131541.095017,-0.000237,0.000007,0.000088,3.002710,-26.156380,-0.149782,0.000261,-0.001123,0.002871,-0.004848,0.009205,0.002465
1582131541.115053,-0.000285,-0.000015,0.000140,3.001586,-26.162850,-0.149494,-0.001301,-0.001241,0.003243,0.001514,-0.016324,0.002376
1582131541.125069,-0.000198,0.000004,0.000075,2.996930,-26.172499,-0.145503,0.001234,-0.001135,0.001107,-0.000705,-0.005720,-0.001834
1582131541.145104,-0.000176,-0.000023,0.000104,2.997306,-26.171654,-0.146952,0.001787,-0.001385,0.001341,-0.003934,0.018602,-0.000734
1582131541.160130,-0.000226,0.000006,0.000053,3.001467,-26.158023,-0.146556,-0.000574,-0.000952,0.000096,-0.000490,-0.000372,-0.000765
1582131541.175158,-0.000245,-0.000013,0.000085,2.999388,-26.159857,-0.146735,-0.000546,-0.001325,0.001712,0.004502,-0.014171,-0.004938
1582131541.190184,-0.000221,0.000011,0.000118,3.007230,-26.173012,-0.151161,0.001578,-0.000506,0.004145,-0.001677,-0.004667,-0.001812
1582131541.200202,-0.000212,0.000005,0.000139,3.005307,-26.174528,-0.147758,0.002134,-0.000583,0.002513,0.000465,-0.000427,0.000437
1582131541.215228,-0.000184,-0.000003,0.000191,3.004249,-26.166494,-0.148938,0.003484,-0.000338,0.002234,-0.002804,0.017675,-0.000824
1582131541.225245,-0.000212,0.000028,0.000010,3.001315,-26.161388,-0.143840,-0.000863,-0.000261,-0.000341,0.003620,0.000622,0.001403
1582131541.245280,-0.000211,0.000018,0.000003,2.999867,-26.167222,-0.144377,-0.000108,-0.000771,-0.000254,0.000544,-0.012070,-0.000802
1582131541.255298,-0.000211,0.000005,0.000129,3.001703,-26.176367,-0.148173,0.001829,-0.001067,0.004550,-0.002631,-0.006832,0.002399
1582131541.260305,-0.000194,-0.000002,0.000162,2.999384,-26.175728,-0.146322,0.003647,-0.001190,0.004550,0.001402,0.009191,0.000479
1582131541.290359,-0.000189,-0.000011,0.000036,2.999412,-26.151291,-0.148249,0.000855,-0.001998,-0.000323,0.002552,-0.001360,-0.000722
1582131541.305384,-0.000178,-0.000039,0.000022,3.000285,-26.163343,-0.147237,0.000302,-0.002215,-0.001010,-0.003659,-0.024771,0.002527
1582131541.305384,-0.000178,-0.000039,0.000022,3.000285,-26.163343,-0.147237,0.000302,-0.002215,-0.001010,-0.003659,-0.024771,0.002527
1582131541.378976,-0.000182,-0.000033,0.000047,2.993799,-26.174577,-0.138027,0.000639,-0.001511,-0.000207,0.001513,0.018649,0.000464
1582131541.394003,-0.000207,0.000011,0.000050,2.997189,-26.160673,-0.138482,-0.000060,-0.000170,0.000661,-0.000561,0.002852,0.000409
1582131541.404020,-0.000212,0.000009,0.000057,2.998352,-26.165972,-0.138321,-0.000258,-0.000027,0.000896,-0.000513,-0.018402,-0.001712
1582131541.419046,-0.000236,0.000002,0.000072,2.999425,-26.182716,-0.138636,-0.001055,-0.000324,0.001704,-0.000538,-0.015188,-0.001729
1582131541.434073,-0.000197,0.000021,0.000061,2.999123,-26.181247,-0.138961,0.001129,-0.000130,0.000162,-0.002689,0.018706,-0.002834
1582131541.449099,-0.000192,0.000012,0.000076,2.997897,-26.156091,-0.140508,0.000985,-0.000706,0.000813,-0.000566,0.028285,-0.001754
1582131541.464125,-0.000217,0.000004,0.000051,2.999321,-26.141921,-0.141096,-0.000161,-0.001061,0.001152,0.002643,-0.000371,-0.001672
1582131541.484160,-0.000215,-0.000032,0.000089,3.000829,-26.159830,-0.141402,0.001104,-0.002095,0.002004,-0.001639,-0.022583,0.002512
1582131541.504195,-0.000269,-0.000039,0.000096,3.002599,-26.167186,-0.141256,-0.001749,-0.002115,0.002100,0.000560,0.011333,-0.002866
1582131541.529239,-0.000210,0.000001,0.000025,3.004783,-26.156653,-0.143469,-0.000246,-0.000802,-0.000486,0.001680,-0.009878,-0.000728
1582131541.549274,-0.000203,-0.000016,0.000034,3.006878,-26.176355,-0.141026,0.000789,-0.000925,0.000584,0.000551,-0.012007,-0.001764
1582131541.569309,-0.000166,0.000028,0.000100,3.003521,-26.170213,-0.140274,0.003338,0.000438,0.001179,-0.003729,0.019802,-0.000604
1582131541.584335,-0.000125,0.000033,0.000142,3.002964,-26.153757,-0.141475,0.003938,0.000393,0.001436,-0.000496,0.007112,0.000400
1582131541.599361,-0.000196,0.000028,0.000031,3.003522,-26.160136,-0.141601,-0.000440,-0.000044,-0.000041,0.001639,-0.010028,0.000337
1582131541.614387,-0.000205,0.000025,0.000032,3.004288,-26.169985,-0.139902,-0.000521,-0.000381,0.000660,-0.002640,-0.003463,0.000374
1582131541.629414,-0.000189,0.000005,0.000079,3.001046,-26.161260,-0.137856,0.001261,-0.000997,0.000924,-0.003722,0.015587,-0.001779
1582131541.644440,-0.000186,-0.000013,0.000095,3.001020,-26.147696,-0.137418,0.000871,-0.001377,0.000759,-0.002653,0.006024,-0.002823
1582131541.659466,-0.000217,-0.000015,0.000069,3.002581,-26.157678,-0.139457,-0.000354,-0.001893,0.001667,0.000551,-0.020552,0.001403
1582131541.669484,-0.000219,-0.000032,0.000083,3.002880,-26.169638,-0.138430,0.000273,-0.001933,0.001731,0.000568,-0.021571,0.000369
1582131541.679502,-0.000220,-0.000054,0.000101,3.002711,-26.179322,-0.138688,0.000799,-0.002189,0.001805,-0.001564,-0.009904,0.001439
1582131541.679502,-0.000220,-0.000054,0.000101,3.002711,-26.179322,-0.138688,0.000799,-0.002189,0.001805,-0.001564,-0.009904,0.001439
1582131541.679502,-0.000220,-0.000054,0.000101,3.002711,-26.179322,-0.138688,0.000799,-0.002189,0.001805,-0.001564,-0.009904,0.001439
1582131541.729589,-0.000202,0.000013,0.000051,3.003265,-26.166494,-0.141107,0.000056,-0.000357,0.000531,-0.002568,-0.017224,0.003528
1582131541.739606,-0.000203,0.000008,0.000054,3.002422,-26.173873,-0.139719,-0.000064,-0.000419,0.000564,0.002765,-0.009801,-0.000722
1582131541.749624,-0.000206,-0.000007,0.000070,3.002320,-26.175497,-0.138957,0.000177,-0.001050,0.001285,0.001633,0.005014,0.003566
1582131541.774668,-0.000189,-0.000015,0.000035,2.999676,-26.154992,-0.133752,0.000139,-0.001449,-0.000045,-0.000516,0.008199,0.005673
1582131541.774668,-0.000189,-0.000015,0.000035,2.999676,-26.154992,-0.133752,0.000139,-0.001449,-0.000045,-0.000516,0.008199,0.005673
1582131541.774668,-0.000189,-0.000015,0.000035,2.999676,-26.154992,-0.133752,0.000139,-0.001449,-0.000045,-0.000516,0.008199,0.005673
1582131541.779676,-0.000186,-0.000022,0.000034,2.999073,-26.153970,-0.132737,0.000247,-0.001575,-0.000058,-0.003639,0.004858,-0.003866
1582131541.779676,-0.000186,-0.000022,0.000034,2.999073,-26.153970,-0.132737,0.000247,-0.001575,-0.000058,-0.003639,0.004858,-0.003866
1582131541.888462,-0.000233,-0.000056,0.000061,2.999925,-26.165303,-0.130737,-0.000268,-0.002073,0.001235,0.001713,0.001729,0.000340
1582131541.888462,-0.000233,-0.000056,0.000061,2.999925,-26.165303,-0.130737,-0.000268,-0.002073,0.001235,0.001713,0.001729,0.000340
1582131541.923524,-0.000155,-0.000019,0.000058,3.003114,-26.170867,-0.137904,0.001663,-0.000414,0.000317,0.000601,0.002826,0.000322
1582131541.943559,-0.000163,0.000016,0.000084,3.000443,-26.160520,-0.136136,0.002739,-0.000402,0.000515,0.003769,0.004969,-0.000703
1582131541.983629,-0.000227,-0.000028,0.000165,2.998538,-26.167229,-0.136563,0.000451,-0.001899,0.004665,0.002703,-0.002470,0.001337
1582131542.008672,-0.000245,-0.000020,0.000024,2.997559,-26.155789,-0.136441,-0.002113,-0.001315,-0.000479,-0.002594,0.001821,0.001266
1582131542.028707,-0.000284,-0.000047,0.000008,2.995993,-26.162583,-0.134024,-0.001995,-0.001412,0.000849,0.000591,-0.016174,0.004478
1582131542.043734,-0.000231,0.000003,0.000029,2.996400,-26.182305,-0.132849,-0.000784,-0.000847,0.000246,-0.002547,-0.022617,0.003509
1582131542.058760,-0.000218,-0.000006,0.000018,2.995705,-26.192315,-0.132750,0.000787,-0.000535,-0.001119,0.001572,0.003775,-0.001977
1582131542.073786,-0.000187,0.000027,0.000085,2.993039,-26.172168,-0.131786,0.001581,0.000734,0.001153,-0.005799,0.018802,0.002380
1582131542.078795,-0.000182,0.000031,0.000092,2.992354,-26.168381,-0.131684,0.001724,0.000904,0.001036,0.004816,0.011261,-0.002989
1582131542.083804,-0.000175,0.000034,0.000095,2.994564,-26.164916,-0.132540,0.001659,0.000829,0.000618,0.001754,0.012374,-0.001945
1582131542.083804,-0.000175,0.000034,0.000095,2.994564,-26.164916,-0.132540,0.001659,0.000829,0.000618,0.001754,0.012374,-0.001945
1582131542.083804,-0.000175,0.000034,0.000095,2.994564,-26.164916,-0.132540,0.001659,0.000829,0.000618,0.001754,0.012374,-0.001945
1582131542.143909,-0.000219,-0.000053,0.000124,2.993047,-26.157490,-0.133870,0.000540,-0.002941,0.002799,0.002790,0.031463,-0.006246
1582131542.158935,-0.000252,-0.000107,0.000168,2.993049,-26.134583,-0.134388,-0.000696,-0.003890,0.004379,-0.002585,0.018744,-0.000912
1582131542.163944,-0.000263,-0.000125,0.000185,2.992509,-26.131876,-0.134432,-0.000798,-0.003719,0.004511,-0.000462,-0.004533,0.001194
1582131542.193996,-0.000314,-0.000096,0.000044,2.999934,-26.201274,-0.137498,-0.003546,-0.001909,0.001694,-0.003630,-0.025762,-0.001974
1582131542.209022,-0.000176,0.000016,0.000114,3.000145,-26.192353,-0.140640,0.002980,0.000358,0.000804,-0.002599,0.032529,0.000060
1582131542.224048,-0.000114,0.000023,0.000143,2.998796,-26.160321,-0.140866,0.005115,0.000563,-0.000115,0.001788,0.024032,0.002241
1582131542.239075,-0.000206,0.000094,-0.000007,2.999599,-26.159446,-0.139118,0.001148,0.001511,-0.001071,0.001776,-0.015188,-0.001943
1582131542.254101,-0.000196,0.000119,-0.000014,3.001142,-26.174674,-0.141217,0.000445,0.001717,-0.000773,-0.000433,-0.004586,-0.004163
1582131542.269127,-0.000228,0.000021,0.000082,2.999965,-26.159078,-0.142443,-0.000085,-0.000713,0.001774,-0.001423,0.033561,-0.002009
1582131542.284153,-0.000244,0.000001,0.000108,2.997399,-26.130608,-0.141066,-0.000193,-0.001509,0.002305,0.001733,0.015527,-0.000847
1582131542.294171,-0.000252,-0.000022,0.000140,2.999191,-26.133988,-0.142306,0.000348,-0.002440,0.003455,0.002791,-0.025864,-0.001937
1582131542.314206,-0.000291,-0.000081,0.000058,3.001929,-26.189416,-0.143756,-0.001892,-0.003948,0.001998,0.001727,-0.034336,0.001213
1582131542.368201,-0.000323,-0.000143,0.000083,3.001554,-26.186042,-0.143517,-0.000833,-0.004226,0.002683,-0.001383,0.037823,-0.003073
1582131542.383227,-0.000151,-0.000053,0.000090,3.000990,-26.134393,-0.143503,0.004121,-0.001837,-0.000080,-0.003491,0.035697,0.001394
1582131542.398254,-0.000115,-0.000080,0.000125,3.001994,-26.135288,-0.142942,0.002939,-0.001625,0.001582,0.003856,-0.039670,0.005449
1582131542.413280,-0.000248,0.000031,0.000026,3.002394,-26.201851,-0.141046,-0.001249,0.000507,0.000142,0.004989,-0.060858,0.003371
1582131542.443332,-0.000230,0.000076,0.000030,3.003043,-26.154194,-0.138755,0.001369,0.000485,-0.000024,-0.002442,0.073920,-0.005103
1582131542.463368,-0.000237,0.000077,0.000040,3.000046,-26.108635,-0.136136,-0.000694,-0.000366,0.001044,0.001800,-0.010947,0.001231
1582131542.483402,-0.000194,-0.000041,0.000064,3.001597,-26.174327,-0.135879,-0.000071,-0.002700,0.001126,0.001803,-0.038538,0.003422
1582131542.488411,-0.000197,-0.000055,0.000068,3.002042,-26.183554,-0.136290,-0.000175,-0.002924,0.001279,-0.000325,-0.022687,0.000133
1582131542.488411,-0.000197,-0.000055,0.000068,3.002042,-26.183554,-0.136290,-0.000175,-0.002924,0.001279,-0.000325,-0.022687,0.000133
1582131542.488411,-0.000197,-0.000055,0.000068,3.002042,-26.183554,-0.136290,-0.000175,-0.002924,0.001279,-0.000325,-0.022687,0.000133
1582131542.488411,-0.000197,-0.000055,0.000068,3.002042,-26.183554,-0.136290,-0.000175,-0.002924,0.001279,-0.000325,-0.022687,0.000133
1582131542.488411,-0.000197,-0.000055,0.000068,3.002042,-26.183554,-0.136290,-0.000175,-0.002924,0.001279,-0.000325,-0.022687,0.000133
1582131542.583578,-0.000165,0.000098,0.000066,3.001908,-26.148240,-0.133461,0.003837,0.002153,0.000529,-0.000242,-0.017329,0.001176
1582131542.608621,-0.000173,0.000012,0.000097,3.007369,-26.191833,-0.137535,0.002359,-0.001000,0.001241,0.002906,-0.000425,-0.001962
1582131542.608621,-0.000173,0.000012,0.000097,3.007369,-26.191833,-0.137535,0.002359,-0.001000,0.001241,0.002906,-0.000425,-0.001962
1582131542.638674,-0.000247,0.000016,0.000013,3.007157,-26.116989,-0.133502,-0.002181,-0.001623,0.001161,-0.001249,0.024077,0.002430
1582131542.658708,-0.000330,-0.000023,0.000028,3.006726,-26.139318,-0.132370,-0.004320,-0.002115,0.003270,0.004034,-0.058742,0.005552
1582131542.668726,-0.000376,-0.000047,0.000035,3.007578,-26.171361,-0.130437,-0.003912,-0.002380,0.002931,-0.001302,-0.043883,0.004487
1582131542.693770,-0.000179,-0.000054,-0.000050,3.006884,-26.179446,-0.129896,0.000673,-0.001947,0.000700,-0.006732,0.031382,0.001331
1582131542.708796,-0.000225,0.000035,0.000090,3.004079,-26.154834,-0.129664,0.002286,-0.000145,0.002840,0.000746,0.009156,-0.000885
1582131542.708796,-0.000225,0.000035,0.000090,3.004079,-26.154834,-0.129664,0.002286,-0.000145,0.002840,0.000746,0.009156,-0.000885
1582131542.748866,-0.000158,0.000032,0.000068,3.005653,-26.170539,-0.129917,0.001533,0.000433,-0.000557,-0.000300,0.017718,-0.003112
1582131542.758884,-0.000142,0.000036,0.000070,3.005644,-26.161249,-0.130442,0.001453,0.000365,-0.000706,-0.004559,0.017653,-0.003067
1582131542.773910,-0.000156,0.000003,0.000073,3.002575,-26.153982,-0.131442,0.001749,-0.000854,0.000505,0.003941,-0.012008,0.003230
1582131542.788936,-0.000141,-0.000026,0.000098,3.002123,-26.167261,-0.130346,0.001758,-0.002219,0.001333,-0.000334,-0.008908,-0.001972
1582131542.818988,-0.000195,-0.000081,0.000088,3.001595,-26.141810,-0.133775,-0.000016,-0.002985,0.001455,0.001746,0.018683,-0.007284
1582131542.877818,-0.000241,-0.000012,0.000055,3.002089,-26.160340,-0.135641,-0.002778,-0.000874,0.001212,-0.002466,-0.037583,-0.000990
1582131542.882827,-0.000252,-0.000017,0.000061,3.002240,-26.171955,-0.136445,-0.002365,-0.000902,0.001656,0.004930,-0.045965,0.002171
1582131542.887836,-0.000264,-0.000022,0.000060,3.003601,-26.185619,-0.136251,-0.002412,-0.000934,0.001486,-0.002378,-0.043950,0.001172
1582131542.887836,-0.000264,-0.000022,0.000060,3.003601,-26.185619,-0.136251,-0.002412,-0.000934,0.001486,-0.002378,-0.043950,0.001172
1582131542.947941,-0.000111,0.000033,0.000054,3.004604,-26.162226,-0.140382,0.003890,0.000261,-0.000072,0.000725,-0.015272,0.000164
1582131542.962967,-0.000069,0.000034,0.000070,3.005745,-26.172705,-0.141220,0.002439,-0.000087,-0.000461,0.002897,-0.004625,-0.003237
1582131542.998028,-0.000229,-0.000025,0.000084,3.003571,-26.157310,-0.140887,0.000334,-0.002064,0.001407,0.002839,-0.005759,0.000031
1582131543.018063,-0.000212,-0.000029,0.000077,3.003336,-26.170971,-0.141810,0.000527,-0.001924,0.001830,0.002812,-0.002507,0.000005
1582131543.038098,-0.000234,-0.000068,0.000116,3.004368,-26.163206,-0.142727,-0.000354,-0.001918,0.002709,0.000699,0.008163,0.003260
1582131543.058133,-0.000196,0.000006,0.000059,3.004895,-26.168418,-0.141165,0.000556,-0.000060,0.000855,-0.000345,-0.020551,-0.000055
1582131543.078168,-0.000196,0.000028,0.000071,3.010374,-26.191105,-0.147012,0.001133,0.000140,0.000904,-0.002416,-0.003565,-0.001090
1582131543.093194,-0.000184,0.000027,0.000123,3.008246,-26.177576,-0.146412,0.002650,0.000043,0.002908,-0.001548,0.029273,0.000058
1582131543.118238,-0.000238,0.000064,0.000006,3.008038,-26.139422,-0.140466,-0.000519,0.000274,0.000304,-0.002435,0.003902,0.004322
1582131543.143282,-0.000198,-0.000031,0.000116,3.010610,-26.168238,-0.143173,0.001018,-0.002638,0.003141,0.000742,-0.018336,0.001095
1582131543.153299,-0.000203,-0.000059,0.000142,3.008624,-26.175271,-0.142762,0.000693,-0.003002,0.002969,-0.001434,-0.005630,-0.002084
1582131543.178343,-0.000205,-0.000026,0.000042,3.009397,-26.162996,-0.144021,0.000023,-0.001892,-0.000037,0.000665,0.004951,-0.002124
1582131543.203387,-0.000211,-0.000079,0.000056,3.010263,-26.168492,-0.145020,0.000446,-0.002072,0.000924,-0.000320,-0.013083,0.000075
1582131543.218413,-0.000221,0.000010,0.000041,3.008175,-26.177151,-0.142072,-0.000743,-0.000030,0.000999,0.001723,-0.003487,0.000009
1582131543.243457,-0.000191,0.000028,0.000055,3.010201,-26.179536,-0.143921,0.001180,0.000063,0.000459,0.001726,0.001814,-0.002114
1582131543.263492,-0.000155,0.000018,0.000087,3.009909,-26.172279,-0.143572,0.002825,-0.000677,0.000498,-0.003583,0.011319,0.003204
1582131543.283527,-0.000206,-0.000006,0.000026,3.009097,-26.153339,-0.143287,-0.001321,-0.001630,-0.000674,0.002909,0.013514,0.005290
1582131543.303562,-0.000206,-0.000044,0.000018,3.008022,-26.155082,-0.144107,-0.000018,-0.002210,0.000099,-0.004635,-0.017263,0.005245
1582131543.318588,-0.000270,-0.000037,0.000069,3.007723,-26.171114,-0.141989,-0.003503,-0.002261,0.001573,-0.000416,-0.012033,-0.000929
1582131543.382569,-0.000225,0.000005,0.000053,3.009221,-26.176232,-0.144800,0.000367,-0.000677,0.001128,-0.001402,0.006109,0.002160
1582131543.402604,-0.000211,-0.000011,0.000111,3.008434,-26.171560,-0.142869,0.002288,-0.000570,0.002372,0.001721,0.006079,-0.000981
1582131543.412621,-0.000201,-0.000017,0.000143,3.008185,-26.169009,-0.141888,0.002520,-0.000446,0.002499,-0.003604,0.003935,-0.002009
1582131543.432656,-0.000183,0.000037,0.000079,3.008162,-26.171252,-0.142944,0.000977,0.000573,0.000968,-0.005706,-0.000272,0.001115
1582131543.452691,-0.000192,0.000029,0.000011,3.007438,-26.173822,-0.143275,0.000241,-0.000299,-0.001594,-0.001478,0.001833,0.003147
1582131543.462709,-0.000179,0.000026,-0.000004,3.005502,-26.171904,-0.141811,0.000862,-0.000565,-0.002132,0.004868,0.001854,-0.003221
1582131543.492761,-0.000190,-0.000034,0.000105,3.007386,-26.155034,-0.142576,0.000867,-0.002357,0.001682,-0.001456,0.005072,0.003214
1582131543.507788,-0.000201,-0.000069,0.000142,3.004523,-26.155494,-0.140170,0.000230,-0.002530,0.002710,0.003851,-0.018302,-0.003105
1582131543.527823,-0.000209,-0.000035,0.000052,3.004189,-26.177954,-0.139943,0.000809,-0.001883,0.000299,-0.001462,-0.018229,0.000091
1582131543.542849,-0.000197,-0.000067,0.000067,3.004632,-26.187214,-0.140639,0.001857,-0.002268,0.000725,-0.002542,-0.000265,0.000037
1582131543.557875,-0.000178,-0.000007,0.000054,3.006159,-26.175390,-0.143665,0.001390,-0.000868,-0.000179,-0.003547,0.008261,0.001087
1582131543.572901,-0.000154,-0.000015,0.000088,3.005236,-26.167480,-0.143824,0.002616,-0.000436,0.001068,0.002732,0.005067,0.003240
1582131543.587928,-0.000190,0.000034,0.000034,3.006456,-26.170680,-0.144255,-0.000066,0.000534,0.000092,-0.000350,-0.004457,0.000107
1582131543.602954,-0.000189,0.000037,0.000035,3.006657,-26.170294,-0.145455,0.000038,0.000228,0.000096,-0.001516,0.000805,0.003114
1582131543.617980,-0.000177,0.000018,0.000061,3.002220,-26.163610,-0.139968,0.001730,-0.000673,0.000640,0.001687,0.006162,-0.001923
1582131543.627997,-0.000177,0.000004,0.000076,3.001817,-26.161813,-0.139948,-0.000087,-0.001329,0.001025,-0.000473,-0.003373,0.002299
1582131543.638015,-0.000180,-0.000012,0.000096,3.002154,-26.163909,-0.140602,-0.000504,-0.001781,0.001661,0.001676,-0.004416,-0.002051
1582131543.663059,-0.000269,-0.000039,0.000075,3.002509,-26.165250,-0.146456,-0.001330,-0.002139,0.001878,-0.000426,0.007251,0.001149
1582131543.678085,-0.000299,-0.000072,0.000101,3.001546,-26.160568,-0.145114,-0.000995,-0.002178,0.003087,0.002766,-0.001325,0.002119
1582131543.678085,-0.000299,-0.000072,0.000101,3.001546,-26.160568,-0.145114,-0.000995,-0.002178,0.003087,0.002766,-0.001325,0.002119
1582131543.678085,-0.000299,-0.000072,0.000101,3.001546,-26.160568,-0.145114,-0.000995,-0.002178,0.003087,0.002766,-0.001325,0.002119
1582131543.723164,-0.000281,0.000021,0.000026,3.004508,-26.185886,-0.144476,-0.002657,0.000019,0.000873,-0.001509,0.007205,-0.002174
1582131543.738190,-0.000314,0.000020,0.000033,3.002868,-26.170569,-0.143785,-0.001042,-0.000022,0.001919,-0.002592,0.024213,-0.000952
1582131543.753216,-0.000185,0.000030,0.000025,3.002976,-26.154871,-0.144161,0.000484,-0.000050,-0.000271,-0.001453,0.011490,-0.002105
1582131543.768242,-0.000171,0.000027,0.000035,3.003297,-26.154810,-0.145185,0.001244,-0.000387,0.000434,-0.001476,-0.011833,0.003325
1582131543.778260,-0.000161,0.000021,0.000047,3.003583,-26.160938,-0.144013,0.001442,-0.000644,0.000994,-0.000355,-0.007576,-0.000963
1582131543.798295,-0.000252,-0.000013,0.000086,3.006645,-26.166726,-0.146292,-0.002029,-0.001401,0.002400,-0.000379,0.005022,-0.005329
1582131543.813321,-0.000263,-0.000052,0.000116,3.004756,-26.163513,-0.145120,0.000114,-0.002771,0.002663,0.000648,-0.002259,0.003269
1582131543.823338,-0.000269,-0.000041,0.000044,3.005523,-26.163938,-0.145997,-0.001437,-0.003016,0.001275,-0.000396,-0.005443,-0.003129
1582131543.881672,-0.000284,-0.000079,0.000076,3.006966,-26.169486,-0.145176,0.000119,-0.002321,0.001953,0.000738,-0.001161,0.002151
1582131543.896699,-0.000226,-0.000000,0.000030,3.006137,-26.169834,-0.143684,-0.000727,-0.000728,-0.000341,-0.000426,0.001891,0.005463
1582131543.911725,-0.000230,-0.000005,0.000023,3.007788,-26.170626,-0.145504,-0.000488,-0.000340,-0.000392,-0.000367,-0.009677,-0.002086
1582131543.916734,-0.000230,-0.000007,0.000023,3.007779,-26.174045,-0.145846,-0.000324,-0.000275,-0.000331,0.001709,-0.009783,-0.002004
1582131543.941777,-0.000150,0.000026,0.000080,3.009063,-26.175307,-0.147716,0.001987,-0.000125,0.000083,0.001676,0.011487,-0.005247
1582131543.961812,-0.000189,0.000012,0.000055,3.010791,-26.151535,-0.148863,0.000717,-0.000888,0.000139,0.002840,0.015753,-0.003167
1582131543.971830,-0.000188,0.000001,0.000073,3.010346,-26.145116,-0.149394,0.000903,-0.001154,0.001343,-0.000430,0.005155,-0.002063
1582131543.986856,-0.000231,-0.000003,0.000035,3.009424,-26.156899,-0.148093,-0.001867,-0.001708,0.000189,0.001721,-0.017161,0.001143
1582131544.006891,-0.000285,-0.000048,0.000029,3.008231,-26.173664,-0.145330,-0.002964,-0.002629,0.001544,-0.003573,-0.007550,0.003407
1582131544.016909,-0.000314,-0.000075,0.000030,3.008414,-26.174095,-0.145295,-0.002261,-0.002800,0.001010,0.000739,0.000963,0.002248
1582131544.036944,-0.000240,-0.000039,0.000101,3.004714,-26.166945,-0.141795,0.000869,-0.001624,0.002095,-0.001521,0.000878,0.000157
1582131544.051970,-0.000237,-0.000066,0.000144,3.005136,-26.168012,-0.142497,0.001664,-0.001716,0.002600,0.000710,-0.004403,0.000099
1582131544.066996,-0.000211,0.000015,0.000011,3.004510,-26.172116,-0.143530,0.000129,-0.000093,-0.000869,-0.001478,-0.000127,-0.005172
1582131544.077013,-0.000194,0.000015,0.000004,3.005619,-26.169652,-0.144983,0.001279,0.000036,-0.001309,0.000687,0.006256,0.004409
1582131544.077013,-0.000194,0.000015,0.000004,3.005619,-26.169652,-0.144983,0.001279,0.000036,-0.001309,0.000687,0.006256,0.004409
1582131544.077013,-0.000194,0.000015,0.000004,3.005619,-26.169652,-0.144983,0.001279,0.000036,-0.001309,0.000687,0.006256,0.004409
1582131544.127101,-0.000236,0.000010,0.000070,3.003066,-26.165851,-0.143190,-0.000895,-0.000908,0.001816,0.001679,0.007232,-0.000981
1582131544.147136,-0.000266,-0.000018,0.000090,3.004457,-26.155153,-0.145051,-0.000958,-0.001770,0.001535,-0.000388,0.004061,0.002247
1582131544.167171,-0.000252,-0.000036,0.000096,3.004175,-26.162310,-0.145277,-0.000864,-0.002002,0.002176,0.002804,-0.015057,-0.002085
1582131544.182197,-0.000274,-0.000070,0.000122,3.003258,-26.175768,-0.142766,-0.000481,-0.002386,0.002799,0.001741,-0.018214,0.001166
1582131544.197223,-0.000220,-0.000007,0.000038,3.002941,-26.180832,-0.140656,0.000551,-0.000706,-0.000220,0.000645,0.003022,0.001095
1582131544.207241,-0.000224,-0.000013,0.000039,3.001990,-26.177609,-0.140534,-0.000140,-0.000570,0.000384,-0.000453,0.006209,0.000042
1582131544.222267,-0.000188,0.000028,0.000048,3.000788,-26.169582,-0.137998,0.000830,0.000190,0.000129,-0.002558,0.007207,0.007522
1582131544.242302,-0.000150,0.000030,0.000083,3.000223,-26.167623,-0.136238,0.002928,0.000074,0.001057,-0.000401,0.006208,-0.001987
1582131544.252320,-0.000125,0.000030,0.000109,2.998784,-26.165809,-0.135170,0.004048,0.000019,0.001480,-0.003606,-0.000179,0.004441
1582131544.272355,-0.000251,0.000008,0.000037,3.000022,-26.162988,-0.134608,-0.001384,-0.000984,-0.001222,0.000850,-0.003234,0.001164
1582131544.287381,-0.000202,-0.000010,0.000058,2.995619,-26.171087,-0.134694,-0.000093,-0.001725,0.000340,-0.002572,-0.010798,-0.002041
